0001_0030_0064_0086_0086.jpg 1 30 64 86 86
0002_0432_0241_0029_0029.jpg 1 432 241 29 29
0003_0497_0262_0085_0085.jpg 1 497 262 85 85
0004_0366_0093_0063_0063.jpg 1 366 93 63 63
0005_0454_0303_0071_0071.jpg 1 454 303 71 71
0006_0471_0049_0083_0083.jpg 1 471 49 83 83
0007_0131_0216_0055_0055.jpg 1 131 216 55 55
0008_0219_0170_0069_0069.jpg 1 219 170 69 69
0009_0257_0287_0078_0078.jpg 1 257 287 78 78
0010_0258_0232_0044_0044.jpg 1 258 232 44 44
0011_0067_0121_0082_0082.jpg 1 67 121 82 82
0012_0288_0159_0079_0079.jpg 1 288 159 79 79
0013_0124_0180_0036_0036.jpg 1 124 180 36 36
0014_0229_0119_0060_0060.jpg 1 229 119 60 60
0015_0328_0314_0089_0089.jpg 1 328 314 89 89
0016_0028_0077_0085_0085.jpg 1 28 77 85 85
0017_0253_0059_0037_0037.jpg 1 253 59 37 37
0018_0458_0202_0049_0049.jpg 1 458 202 49 49
0019_0095_0067_0083_0083.jpg 1 95 67 83 83
0020_0143_0160_0033_0033.jpg 1 143 160 33 33
0021_0343_0066_0050_0050.jpg 1 343 66 50 50
0022_0085_0125_0052_0052.jpg 1 85 125 52 52
0023_0038_0107_0074_0074.jpg 1 38 107 74 74
0024_0155_0071_0029_0029.jpg 1 155 71 29 29
0025_0136_0030_0072_0072.jpg 1 136 30 72 72
0026_0119_0061_0080_0080.jpg 1 119 61 80 80
0027_0361_0135_0044_0044.jpg 1 361 135 44 44
0028_0047_0117_0053_0053.jpg 1 47 117 53 53
0029_0271_0438_0034_0034.jpg 1 271 438 34 34
0030_0093_0042_0067_0067.jpg 1 93 42 67 67
0031_0474_0104_0056_0056.jpg 1 474 104 56 56
0032_0143_0077_0089_0089.jpg 1 143 77 89 89
0033_0076_0129_0051_0051.jpg 1 76 129 51 51
0034_0075_0060_0068_0068.jpg 1 75 60 68 68
0035_0057_0119_0037_0037.jpg 1 57 119 37 37
0036_0094_0122_0087_0087.jpg 1 94 122 87 87
0037_0180_0252_0060_0060.jpg 1 180 252 60 60
0038_0108_0119_0026_0026.jpg 1 108 119 26 26
0039_0431_0341_0068_0068.jpg 1 431 341 68 68
0040_0309_0127_0046_0046.jpg 1 309 127 46 46
0041_0364_0268_0060_0060.jpg 1 364 268 60 60
0042_0329_0094_0053_0053.jpg 1 329 94 53 53
0043_0206_0231_0086_0086.jpg 1 206 231 86 86
0044_0214_0032_0078_0078.jpg 1 214 32 78 78
0045_0523_0359_0056_0056.jpg 1 523 359 56 56
0046_0308_0273_0054_0054.jpg 1 308 273 54 54
0047_0207_0169_0024_0024.jpg 1 207 169 24 24
0048_0362_0338_0031_0031.jpg 1 362 338 31 31
0049_0222_0128_0062_0062.jpg 1 222 128 62 62
0050_0068_0145_0025_0025.jpg 1 68 145 25 25
0051_0074_0243_0025_0025.jpg 1 74 243 25 25
0052_0064_0027_0067_0067.jpg 1 64 27 67 67
0053_0492_0234_0048_0048.jpg 1 492 234 48 48
0054_0464_0098_0040_0040.jpg 1 464 98 40 40
0055_0169_0438_0071_0071.jpg 1 169 438 71 71
0056_0167_0130_0037_0037.jpg 1 167 130 37 37
0057_0173_0221_0084_0084.jpg 1 173 221 84 84
0058_0127_0068_0069_0069.jpg 1 127 68 69 69
0059_0153_0390_0029_0029.jpg 1 153 390 29 29
0060_0215_0106_0046_0046.jpg 1 215 106 46 46
0061_0039_0087_0042_0042.jpg 1 39 87 42 42
0062_0073_0080_0076_0076.jpg 1 73 80 76 76
0063_0046_0076_0026_0026.jpg 1 46 76 26 26
0064_0263_0181_0058_0058.jpg 1 263 181 58 58
0065_0401_0309_0085_0085.jpg 1 401 309 85 85
0066_0193_0074_0084_0084.jpg 1 193 74 84 84
0067_0216_0099_0031_0031.jpg 1 216 99 31 31
0068_0394_0132_0072_0072.jpg 1 394 132 72 72
0069_0489_0178_0053_0053.jpg 1 489 178 53 53
0070_0200_0059_0065_0065.jpg 1 200 59 65 65
0071_0317_0182_0071_0071.jpg 1 317 182 71 71
0072_0175_0049_0065_0065.jpg 1 175 49 65 65
0073_0097_0051_0066_0066.jpg 1 97 51 66 66
0074_0209_0041_0041_0041.jpg 1 209 41 41 41
0075_0106_0018_0076_0076.jpg 1 106 18 76 76
0076_0198_0097_0039_0039.jpg 1 198 97 39 39
0077_0151_0354_0067_0067.jpg 1 151 354 67 67
0078_0063_0164_0085_0085.jpg 1 63 164 85 85
0079_0059_0112_0042_0042.jpg 1 59 112 42 42
0080_0291_0192_0067_0067.jpg 1 291 192 67 67
0081_0120_0342_0053_0053.jpg 1 120 342 53 53
0082_0028_0096_0082_0082.jpg 1 28 96 82 82
0083_0537_0277_0035_0035.jpg 1 537 277 35 35
0084_0160_0245_0030_0030.jpg 1 160 245 30 30
0085_0514_0297_0064_0064.jpg 1 514 297 64 64
0086_0160_0311_0052_0052.jpg 1 160 311 52 52
0087_0404_0250_0029_0029.jpg 1 404 250 29 29
0088_0313_0222_0030_0030.jpg 1 313 222 30 30
0089_0540_0239_0026_0026.jpg 1 540 239 26 26
0090_0244_0037_0081_0081.jpg 1 244 37 81 81
0091_0102_0168_0028_0028.jpg 1 102 168 28 28
0092_0109_0080_0083_0083.jpg 1 109 80 83 83
0093_0158_0259_0052_0052.jpg 1 158 259 52 52
0094_0140_0038_0077_0077.jpg 1 140 38 77 77
0095_0233_0226_0036_0036.jpg 1 233 226 36 36
0096_0104_0178_0033_0033.jpg 1 104 178 33 33
0097_0215_0086_0053_0053.jpg 1 215 86 53 53
0098_0274_0181_0065_0065.jpg 1 274 181 65 65
0099_0116_0079_0044_0044.jpg 1 116 79 44 44
0100_0149_0472_0030_0030.jpg 1 149 472 30 30
0101_0057_0116_0074_0074.jpg 1 57 116 74 74
0102_0238_0168_0081_0081.jpg 1 238 168 81 81
0103_0181_0033_0074_0074.jpg 1 181 33 74 74
0104_0412_0361_0078_0078.jpg 1 412 361 78 78
0105_0239_0324_0074_0074.jpg 1 239 324 74 74
0106_0109_0085_0037_0037.jpg 1 109 85 37 37
0107_0038_0114_0043_0043.jpg 1 38 114 43 43
0108_0256_0174_0048_0048.jpg 1 256 174 48 48
0109_0400_0159_0087_0087.jpg 1 400 159 87 87
0110_0349_0303_0060_0060.jpg 1 349 303 60 60
0111_0137_0278_0072_0072.jpg 1 137 278 72 72
0112_0319_0248_0088_0088.jpg 1 319 248 88 88
0113_0279_0288_0061_0061.jpg 1 279 288 61 61
0114_0195_0223_0073_0073.jpg 1 195 223 73 73
0115_0166_0079_0039_0039.jpg 1 166 79 39 39
0116_0274_0262_0040_0040.jpg 1 274 262 40 40
0117_0185_0054_0033_0033.jpg 1 185 54 33 33
0118_0320_0300_0060_0060.jpg 1 320 300 60 60
0119_0388_0046_0052_0052.jpg 1 388 46 52 52
0120_0193_0046_0081_0081.jpg 1 193 46 81 81
0121_0053_0102_0080_0080.jpg 1 53 102 80 80
0122_0079_0306_0077_0077.jpg 1 79 306 77 77
0123_0427_0330_0048_0048.jpg 1 427 330 48 48
0124_0081_0112_0083_0083.jpg 1 81 112 83 83
0125_0150_0097_0061_0061.jpg 1 150 97 61 61
0126_0057_0133_0056_0056.jpg 1 57 133 56 56
0127_0156_0041_0065_0065.jpg 1 156 41 65 65
0128_0058_0380_0076_0076.jpg 1 58 380 76 76
0129_0059_0189_0062_0062.jpg 1 59 189 62 62
0130_0028_0111_0031_0031.jpg 1 28 111 31 31
0131_0111_0077_0067_0067.jpg 1 111 77 67 67
0132_0124_0236_0086_0086.jpg 1 124 236 86 86
0133_0144_0373_0032_0032.jpg 1 144 373 32 32
0134_0456_0065_0025_0025.jpg 1 456 65 25 25
0135_0024_0119_0054_0054.jpg 1 24 119 54 54
0136_0063_0080_0025_0025.jpg 1 63 80 25 25
0137_0206_0090_0077_0077.jpg 1 206 90 77 77
0138_0037_0040_0085_0085.jpg 1 37 40 85 85
0139_0218_0089_0086_0086.jpg 1 218 89 86 86
0140_0067_0128_0083_0083.jpg 1 67 128 83 83
0141_0044_0054_0076_0076.jpg 1 44 54 76 76
0142_0203_0093_0069_0069.jpg 1 203 93 69 69
0143_0474_0103_0056_0056.jpg 1 474 103 56 56
0144_0298_0112_0054_0054.jpg 1 298 112 54 54
0145_0434_0043_0075_0075.jpg 1 434 43 75 75
0146_0340_0241_0077_0077.jpg 1 340 241 77 77
0147_0314_0437_0043_0043.jpg 1 314 437 43 43
0148_0244_0412_0072_0072.jpg 1 244 412 72 72
0149_0064_0074_0033_0033.jpg 1 64 74 33 33
0150_0132_0390_0025_0025.jpg 1 132 390 25 25
0151_0383_0303_0058_0058.jpg 1 383 303 58 58
0152_0343_0299_0059_0059.jpg 1 343 299 59 59
0153_0449_0313_0030_0030.jpg 1 449 313 30 30
0154_0288_0187_0072_0072.jpg 1 288 187 72 72
0155_0127_0082_0067_0067.jpg 1 127 82 67 67
0156_0152_0019_0084_0084.jpg 1 152 19 84 84
0157_0410_0309_0059_0059.jpg 1 410 309 59 59
0158_0035_0034_0074_0074.jpg 1 35 34 74 74
0159_0275_0141_0036_0036.jpg 1 275 141 36 36
0160_0524_0089_0026_0026.jpg 1 524 89 26 26
0161_0122_0399_0025_0025.jpg 1 122 399 25 25
0162_0424_0102_0033_0033.jpg 1 424 102 33 33
0163_0101_0143_0069_0069.jpg 1 101 143 69 69
0164_0202_0157_0032_0032.jpg 1 202 157 32 32
0165_0332_0048_0071_0071.jpg 1 332 48 71 71
0166_0070_0134_0073_0073.jpg 1 70 134 73 73
0167_0340_0212_0085_0085.jpg 1 340 212 85 85
0168_0504_0152_0030_0030.jpg 1 504 152 30 30
0169_0085_0123_0049_0049.jpg 1 85 123 49 49
0170_0071_0051_0077_0077.jpg 1 71 51 77 77
0171_0066_0079_0046_0046.jpg 1 66 79 46 46
0172_0260_0129_0075_0075.jpg 1 260 129 75 75
0173_0267_0086_0081_0081.jpg 1 267 86 81 81
0174_0031_0027_0088_0088.jpg 1 31 27 88 88
0175_0065_0117_0047_0047.jpg 1 65 117 47 47
0176_0382_0295_0049_0049.jpg 1 382 295 49 49
0177_0135_0388_0046_0046.jpg 1 135 388 46 46
0178_0262_0053_0028_0028.jpg 1 262 53 28 28
0179_0110_0098_0079_0079.jpg 1 110 98 79 79
0180_0131_0139_0078_0078.jpg 1 131 139 78 78
0181_0481_0175_0075_0075.jpg 1 481 175 75 75
0182_0230_0064_0063_0063.jpg 1 230 64 63 63
0183_0372_0160_0077_0077.jpg 1 372 160 77 77
0184_0136_0367_0042_0042.jpg 1 136 367 42 42
0185_0065_0132_0029_0029.jpg 1 65 132 29 29
0186_0122_0312_0059_0059.jpg 1 122 312 59 59
0187_0354_0111_0079_0079.jpg 1 354 111 79 79
0188_0047_0212_0063_0063.jpg 1 47 212 63 63
0189_0032_0116_0091_0091.jpg 1 32 116 91 91
0190_0134_0112_0084_0084.jpg 1 134 112 84 84
0191_0255_0128_0030_0030.jpg 1 255 128 30 30
0192_0294_0134_0033_0033.jpg 1 294 134 33 33
0193_0202_0149_0043_0043.jpg 1 202 149 43 43
0194_0162_0273_0082_0082.jpg 1 162 273 82 82
0195_0465_0140_0055_0055.jpg 1 465 140 55 55
0196_0174_0282_0083_0083.jpg 1 174 282 83 83
0197_0178_0252_0066_0066.jpg 1 178 252 66 66
0198_0261_0218_0039_0039.jpg 1 261 218 39 39
0199_0031_0119_0069_0069.jpg 1 31 119 69 69
0200_0155_0058_0039_0039.jpg 1 155 58 39 39
0201_0189_0094_0081_0081.jpg 1 189 94 81 81
0202_0051_0023_0091_0091.jpg 1 51 23 91 91
0203_0239_0295_0056_0056.jpg 1 239 295 56 56
0204_0111_0044_0090_0090.jpg 1 111 44 90 90
0205_0056_0061_0085_0085.jpg 1 56 61 85 85
0206_0115_0166_0027_0027.jpg 1 115 166 27 27
0207_0054_0039_0080_0080.jpg 1 54 39 80 80
0208_0317_0094_0034_0034.jpg 1 317 94 34 34
0209_0422_0206_0034_0034.jpg 1 422 206 34 34
0210_0057_0115_0057_0057.jpg 1 57 115 57 57
0211_0077_0108_0047_0047.jpg 1 77 108 47 47
0212_0139_0026_0080_0080.jpg 1 139 26 80 80
0213_0040_0110_0074_0074.jpg 1 40 110 74 74
0214_0022_0111_0085_0085.jpg 1 22 111 85 85
0215_0131_0034_0027_0027.jpg 1 131 34 27 27
0216_0107_0056_0068_0068.jpg 1 107 56 68 68
0217_0153_0030_0089_0089.jpg 1 153 30 89 89
0218_0173_0064_0074_0074.jpg 1 173 64 74 74
0219_0218_0358_0073_0073.jpg 1 218 358 73 73
0220_0201_0457_0077_0077.jpg 1 201 457 77 77
0221_0064_0058_0031_0031.jpg 1 64 58 31 31
0222_0078_0027_0056_0056.jpg 1 78 27 56 56
0223_0255_0277_0026_0026.jpg 1 255 277 26 26
0224_0415_0182_0056_0056.jpg 1 415 182 56 56
0225_0115_0356_0063_0063.jpg 1 115 356 63 63
0226_0024_0080_0091_0091.jpg 1 24 80 91 91
0227_0284_0287_0032_0032.jpg 1 284 287 32 32
0228_0081_0053_0052_0052.jpg 1 81 53 52 52
0229_0220_0350_0079_0079.jpg 1 220 350 79 79
0230_0284_0082_0045_0045.jpg 1 284 82 45 45
0231_0388_0263_0085_0085.jpg 1 388 263 85 85
0232_0032_0162_0031_0031.jpg 1 32 162 31 31
0233_0096_0352_0075_0075.jpg 1 96 352 75 75
0234_0075_0033_0027_0027.jpg 1 75 33 27 27
0235_0194_0080_0040_0040.jpg 1 194 80 40 40
0236_0068_0029_0051_0051.jpg 1 68 29 51 51
0237_0022_0043_0089_0089.jpg 1 22 43 89 89
0238_0341_0164_0065_0065.jpg 1 341 164 65 65
0239_0072_0187_0030_0030.jpg 1 72 187 30 30
0240_0178_0124_0049_0049.jpg 1 178 124 49 49
0241_0169_0162_0062_0062.jpg 1 169 162 62 62
0242_0245_0394_0076_0076.jpg 1 245 394 76 76
0243_0074_0129_0075_0075.jpg 1 74 129 75 75
0244_0449_0094_0041_0041.jpg 1 449 94 41 41
0245_0070_0077_0058_0058.jpg 1 70 77 58 58
0246_0033_0060_0077_0077.jpg 1 33 60 77 77
0247_0085_0038_0074_0074.jpg 1 85 38 74 74
0248_0129_0036_0087_0087.jpg 1 129 36 87 87
0249_0172_0079_0032_0032.jpg 1 172 79 32 32
0250_0082_0055_0084_0084.jpg 1 82 55 84 84
0251_0064_0028_0030_0030.jpg 1 64 28 30 30
0252_0282_0269_0047_0047.jpg 1 282 269 47 47
0253_0111_0045_0034_0034.jpg 1 111 45 34 34
0254_0097_0150_0027_0027.jpg 1 97 150 27 27
0255_0059_0027_0080_0080.jpg 1 59 27 80 80
0256_0082_0262_0033_0033.jpg 1 82 262 33 33
0257_0091_0116_0028_0028.jpg 1 91 116 28 28
0258_0065_0094_0064_0064.jpg 1 65 94 64 64
0259_0219_0105_0070_0070.jpg 1 219 105 70 70
0260_0292_0361_0030_0030.jpg 1 292 361 30 30
0261_0363_0254_0027_0027.jpg 1 363 254 27 27
0262_0298_0223_0039_0039.jpg 1 298 223 39 39
0263_0474_0250_0052_0052.jpg 1 474 250 52 52
0264_0078_0030_0065_0065.jpg 1 78 30 65 65
0265_0074_0223_0085_0085.jpg 1 74 223 85 85
0266_0031_0151_0043_0043.jpg 1 31 151 43 43
0267_0148_0043_0084_0084.jpg 1 148 43 84 84
0268_0343_0521_0049_0049.jpg 1 343 521 49 49
0269_0376_0196_0081_0081.jpg 1 376 196 81 81
0270_0140_0071_0026_0026.jpg 1 140 71 26 26
0271_0537_0307_0039_0039.jpg 1 537 307 39 39
0272_0091_0030_0040_0040.jpg 1 91 30 40 40
0273_0221_0241_0052_0052.jpg 1 221 241 52 52
0274_0111_0149_0067_0067.jpg 1 111 149 67 67
0275_0186_0083_0070_0070.jpg 1 186 83 70 70
0276_0186_0104_0038_0038.jpg 1 186 104 38 38
0277_0217_0170_0037_0037.jpg 1 217 170 37 37
0278_0048_0105_0071_0071.jpg 1 48 105 71 71
0279_0434_0336_0078_0078.jpg 1 434 336 78 78
0280_0058_0272_0078_0078.jpg 1 58 272 78 78
0281_0137_0352_0050_0050.jpg 1 137 352 50 50
0282_0339_0114_0030_0030.jpg 1 339 114 30 30
0283_0199_0095_0080_0080.jpg 1 199 95 80 80
0284_0143_0160_0045_0045.jpg 1 143 160 45 45
0285_0037_0025_0084_0084.jpg 1 37 25 84 84
0286_0290_0216_0039_0039.jpg 1 290 216 39 39
0287_0069_0020_0082_0082.jpg 1 69 20 82 82
0288_0197_0054_0042_0042.jpg 1 197 54 42 42
0289_0340_0311_0077_0077.jpg 1 340 311 77 77
0290_0168_0161_0057_0057.jpg 1 168 161 57 57
0291_0375_0141_0067_0067.jpg 1 375 141 67 67
0292_0172_0195_0086_0086.jpg 1 172 195 86 86
0293_0108_0035_0073_0073.jpg 1 108 35 73 73
0294_0036_0097_0067_0067.jpg 1 36 97 67 67
0295_0076_0142_0030_0030.jpg 1 76 142 30 30
0296_0453_0292_0060_0060.jpg 1 453 292 60 60
0297_0404_0257_0027_0027.jpg 1 404 257 27 27
0298_0117_0102_0045_0045.jpg 1 117 102 45 45
0299_0473_0062_0068_0068.jpg 1 473 62 68 68
0300_0240_0341_0035_0035.jpg 1 240 341 35 35
0301_0037_0125_0064_0064.jpg 1 37 125 64 64
0302_0094_0161_0038_0038.jpg 1 94 161 38 38
0303_0466_0128_0059_0059.jpg 1 466 128 59 59
0304_0469_0371_0049_0049.jpg 1 469 371 49 49
0305_0332_0213_0059_0059.jpg 1 332 213 59 59
0306_0222_0177_0039_0039.jpg 1 222 177 39 39
0307_0228_0314_0074_0074.jpg 1 228 314 74 74
0308_0348_0274_0047_0047.jpg 1 348 274 47 47
0309_0221_0042_0035_0035.jpg 1 221 42 35 35
0310_0166_0248_0049_0049.jpg 1 166 248 49 49
0311_0025_0142_0040_0040.jpg 1 25 142 40 40
0312_0081_0060_0052_0052.jpg 1 81 60 52 52
0313_0137_0209_0064_0064.jpg 1 137 209 64 64
0314_0553_0202_0025_0025.jpg 1 553 202 25 25
0315_0396_0272_0036_0036.jpg 1 396 272 36 36
0316_0017_0038_0088_0088.jpg 1 17 38 88 88
0317_0050_0042_0088_0088.jpg 1 50 42 88 88
0318_0408_0344_0081_0081.jpg 1 408 344 81 81
0319_0102_0090_0048_0048.jpg 1 102 90 48 48
0320_0034_0028_0043_0043.jpg 1 34 28 43 43
0321_0311_0349_0079_0079.jpg 1 311 349 79 79
0322_0192_0151_0055_0055.jpg 1 192 151 55 55
0323_0127_0343_0069_0069.jpg 1 127 343 69 69
0324_0075_0126_0043_0043.jpg 1 75 126 43 43
0325_0275_0199_0048_0048.jpg 1 275 199 48 48
0326_0078_0104_0067_0067.jpg 1 78 104 67 67
0327_0163_0079_0077_0077.jpg 1 163 79 77 77
0328_0114_0195_0077_0077.jpg 1 114 195 77 77
0329_0229_0127_0071_0071.jpg 1 229 127 71 71
0330_0098_0128_0047_0047.jpg 1 98 128 47 47
0331_0120_0159_0057_0057.jpg 1 120 159 57 57
0332_0494_0269_0042_0042.jpg 1 494 269 42 42
0333_0381_0120_0060_0060.jpg 1 381 120 60 60
0334_0110_0117_0069_0069.jpg 1 110 117 69 69
0335_0233_0365_0073_0073.jpg 1 233 365 73 73
0336_0302_0305_0051_0051.jpg 1 302 305 51 51
0337_0040_0127_0033_0033.jpg 1 40 127 33 33
0338_0100_0032_0074_0074.jpg 1 100 32 74 74
0339_0033_0137_0066_0066.jpg 1 33 137 66 66
0340_0185_0021_0069_0069.jpg 1 185 21 69 69
0341_0135_0285_0066_0066.jpg 1 135 285 66 66
0342_0175_0157_0031_0031.jpg 1 175 157 31 31
0343_0046_0059_0040_0040.jpg 1 46 59 40 40
0344_0053_0018_0087_0087.jpg 1 53 18 87 87
0345_0118_0087_0034_0034.jpg 1 118 87 34 34
0346_0139_0255_0089_0089.jpg 1 139 255 89 89
0347_0497_0193_0039_0039.jpg 1 497 193 39 39
0348_0513_0166_0028_0028.jpg 1 513 166 28 28
0349_0112_0105_0058_0058.jpg 1 112 105 58 58
0350_0141_0066_0074_0074.jpg 1 141 66 74 74
0351_0160_0059_0049_0049.jpg 1 160 59 49 49
0352_0154_0117_0041_0041.jpg 1 154 117 41 41
0353_0061_0082_0071_0071.jpg 1 61 82 71 71
0354_0490_0061_0031_0031.jpg 1 490 61 31 31
0355_0212_0214_0043_0043.jpg 1 212 214 43 43
0356_0133_0038_0079_0079.jpg 1 133 38 79 79
0357_0217_0023_0077_0077.jpg 1 217 23 77 77
0358_0067_0099_0049_0049.jpg 1 67 99 49 49
0359_0360_0186_0063_0063.jpg 1 360 186 63 63
0360_0405_0122_0064_0064.jpg 1 405 122 64 64
0361_0413_0108_0056_0056.jpg 1 413 108 56 56
0362_0168_0074_0051_0051.jpg 1 168 74 51 51
0363_0219_0225_0076_0076.jpg 1 219 225 76 76
0364_0324_0117_0086_0086.jpg 1 324 117 86 86
0365_0214_0340_0028_0028.jpg 1 214 340 28 28
0366_0078_0475_0064_0064.jpg 1 78 475 64 64
0367_0404_0191_0084_0084.jpg 1 404 191 84 84
0368_0120_0205_0076_0076.jpg 1 120 205 76 76
0369_0409_0234_0047_0047.jpg 1 409 234 47 47
0370_0264_0103_0058_0058.jpg 1 264 103 58 58
0371_0157_0142_0066_0066.jpg 1 157 142 66 66
0372_0060_0051_0076_0076.jpg 1 60 51 76 76
0373_0495_0118_0074_0074.jpg 1 495 118 74 74
0374_0041_0142_0058_0058.jpg 1 41 142 58 58
0375_0441_0234_0051_0051.jpg 1 441 234 51 51
0376_0029_0126_0078_0078.jpg 1 29 126 78 78
0377_0367_0087_0068_0068.jpg 1 367 87 68 68
0378_0213_0133_0047_0047.jpg 1 213 133 47 47
0379_0489_0134_0070_0070.jpg 1 489 134 70 70
0380_0076_0036_0067_0067.jpg 1 76 36 67 67
0381_0229_0217_0026_0026.jpg 1 229 217 26 26
0382_0153_0031_0046_0046.jpg 1 153 31 46 46
0383_0340_0392_0086_0086.jpg 1 340 392 86 86
0384_0234_0311_0069_0069.jpg 1 234 311 69 69
0385_0096_0076_0078_0078.jpg 1 96 76 78 78
0386_0324_0091_0077_0077.jpg 1 324 91 77 77
0387_0513_0280_0053_0053.jpg 1 513 280 53 53
0388_0376_0233_0046_0046.jpg 1 376 233 46 46
0389_0075_0060_0042_0042.jpg 1 75 60 42 42
0390_0162_0290_0034_0034.jpg 1 162 290 34 34
0391_0211_0124_0037_0037.jpg 1 211 124 37 37
0392_0189_0142_0062_0062.jpg 1 189 142 62 62
0393_0079_0529_0029_0029.jpg 1 79 529 29 29
0394_0115_0118_0040_0040.jpg 1 115 118 40 40
0395_0098_0343_0045_0045.jpg 1 98 343 45 45
0396_0226_0415_0071_0071.jpg 1 226 415 71 71
0397_0437_0333_0080_0080.jpg 1 437 333 80 80
0398_0334_0269_0077_0077.jpg 1 334 269 77 77
0399_0238_0035_0034_0034.jpg 1 238 35 34 34
0400_0252_0276_0088_0088.jpg 1 252 276 88 88
0401_0043_0113_0044_0044.jpg 1 43 113 44 44
0402_0105_0276_0046_0046.jpg 1 105 276 46 46
0403_0520_0109_0033_0033.jpg 1 520 109 33 33
0404_0076_0381_0032_0032.jpg 1 76 381 32 32
0405_0022_0038_0075_0075.jpg 1 22 38 75 75
0406_0253_0333_0040_0040.jpg 1 253 333 40 40
0407_0038_0112_0088_0088.jpg 1 38 112 88 88
0408_0299_0492_0063_0063.jpg 1 299 492 63 63
0409_0410_0051_0025_0025.jpg 1 410 51 25 25
0410_0091_0114_0048_0048.jpg 1 91 114 48 48
0411_0071_0136_0075_0075.jpg 1 71 136 75 75
0412_0473_0040_0078_0078.jpg 1 473 40 78 78
0413_0318_0328_0076_0076.jpg 1 318 328 76 76
0414_0350_0169_0048_0048.jpg 1 350 169 48 48
0415_0190_0174_0030_0030.jpg 1 190 174 30 30
0416_0031_0125_0038_0038.jpg 1 31 125 38 38
0417_0123_0435_0060_0060.jpg 1 123 435 60 60
0418_0105_0018_0090_0090.jpg 1 105 18 90 90
0419_0065_0039_0054_0054.jpg 1 65 39 54 54
0420_0061_0117_0072_0072.jpg 1 61 117 72 72
0421_0482_0366_0061_0061.jpg 1 482 366 61 61
0422_0453_0231_0054_0054.jpg 1 453 231 54 54
0423_0050_0048_0069_0069.jpg 1 50 48 69 69
0424_0055_0018_0090_0090.jpg 1 55 18 90 90
0425_0328_0282_0061_0061.jpg 1 328 282 61 61
0426_0531_0193_0045_0045.jpg 1 531 193 45 45
0427_0071_0069_0060_0060.jpg 1 71 69 60 60
0428_0201_0242_0086_0086.jpg 1 201 242 86 86
0429_0179_0019_0078_0078.jpg 1 179 19 78 78
0430_0466_0352_0054_0054.jpg 1 466 352 54 54
0431_0448_0148_0077_0077.jpg 1 448 148 77 77
0432_0075_0116_0071_0071.jpg 1 75 116 71 71
0433_0237_0107_0083_0083.jpg 1 237 107 83 83
0434_0171_0115_0031_0031.jpg 1 171 115 31 31
0435_0353_0066_0085_0085.jpg 1 353 66 85 85
0436_0152_0317_0043_0043.jpg 1 152 317 43 43
0437_0292_0366_0064_0064.jpg 1 292 366 64 64
0438_0505_0265_0024_0024.jpg 1 505 265 24 24
0439_0106_0094_0025_0025.jpg 1 106 94 25 25
0440_0130_0083_0038_0038.jpg 1 130 83 38 38
0441_0181_0125_0047_0047.jpg 1 181 125 47 47
0442_0312_0166_0031_0031.jpg 1 312 166 31 31
0443_0285_0194_0059_0059.jpg 1 285 194 59 59
0444_0123_0116_0075_0075.jpg 1 123 116 75 75
0445_0063_0127_0047_0047.jpg 1 63 127 47 47
0446_0246_0241_0051_0051.jpg 1 246 241 51 51
0447_0160_0039_0074_0074.jpg 1 160 39 74 74
0448_0152_0121_0032_0032.jpg 1 152 121 32 32
0449_0054_0197_0035_0035.jpg 1 54 197 35 35
0450_0243_0120_0038_0038.jpg 1 243 120 38 38
0451_0131_0113_0087_0087.jpg 1 131 113 87 87
0452_0121_0363_0030_0030.jpg 1 121 363 30 30
0453_0033_0041_0043_0043.jpg 1 33 41 43 43
0454_0188_0090_0047_0047.jpg 1 188 90 47 47
0455_0293_0135_0028_0028.jpg 1 293 135 28 28
0456_0419_0064_0078_0078.jpg 1 419 64 78 78
0457_0069_0293_0074_0074.jpg 1 69 293 74 74
0458_0156_0072_0049_0049.jpg 1 156 72 49 49
0459_0439_0368_0052_0052.jpg 1 439 368 52 52
0460_0463_0055_0084_0084.jpg 1 463 55 84 84
0461_0092_0118_0058_0058.jpg 1 92 118 58 58
0462_0060_0076_0052_0052.jpg 1 60 76 52 52
0463_0143_0085_0085_0085.jpg 1 143 85 85 85
0464_0218_0035_0067_0067.jpg 1 218 35 67 67
0465_0281_0354_0037_0037.jpg 1 281 354 37 37
0466_0036_0067_0048_0048.jpg 1 36 67 48 48
0467_0494_0082_0032_0032.jpg 1 494 82 32 32
0468_0152_0038_0032_0032.jpg 1 152 38 32 32
0469_0108_0096_0058_0058.jpg 1 108 96 58 58
0470_0417_0140_0069_0069.jpg 1 417 140 69 69
0471_0183_0024_0045_0045.jpg 1 183 24 45 45
0472_0072_0043_0057_0057.jpg 1 72 43 57 57
0473_0210_0017_0053_0053.jpg 1 210 17 53 53
0474_0280_0200_0077_0077.jpg 1 280 200 77 77
0475_0096_0041_0060_0060.jpg 1 96 41 60 60
0476_0146_0179_0032_0032.jpg 1 146 179 32 32
0477_0091_0038_0082_0082.jpg 1 91 38 82 82
0478_0337_0117_0090_0090.jpg 1 337 117 90 90
0479_0164_0304_0032_0032.jpg 1 164 304 32 32
0480_0063_0128_0074_0074.jpg 1 63 128 74 74
0481_0318_0344_0078_0078.jpg 1 318 344 78 78
0482_0287_0141_0058_0058.jpg 1 287 141 58 58
0483_0093_0299_0089_0089.jpg 1 93 299 89 89
0484_0472_0124_0057_0057.jpg 1 472 124 57 57
0485_0252_0279_0052_0052.jpg 1 252 279 52 52
0486_0445_0357_0057_0057.jpg 1 445 357 57 57
0487_0074_0138_0090_0090.jpg 1 74 138 90 90
0488_0447_0099_0090_0090.jpg 1 447 99 90 90
0489_0020_0138_0051_0051.jpg 1 20 138 51 51
0490_0203_0121_0026_0026.jpg 1 203 121 26 26
0491_0047_0063_0079_0079.jpg 1 47 63 79 79
0492_0028_0149_0057_0057.jpg 1 28 149 57 57
0493_0025_0117_0074_0074.jpg 1 25 117 74 74
0494_0196_0103_0037_0037.jpg 1 196 103 37 37
0495_0251_0072_0052_0052.jpg 1 251 72 52 52
0496_0024_0021_0077_0077.jpg 1 24 21 77 77
0497_0300_0287_0063_0063.jpg 1 300 287 63 63
0498_0065_0041_0064_0064.jpg 1 65 41 64 64
0499_0077_0253_0038_0038.jpg 1 77 253 38 38
0500_0172_0042_0069_0069.jpg 1 172 42 69 69
0501_0257_0296_0043_0043.jpg 1 257 296 43 43
0502_0143_0191_0072_0072.jpg 1 143 191 72 72
0503_0094_0021_0083_0083.jpg 1 94 21 83 83
0504_0044_0152_0031_0031.jpg 1 44 152 31 31
0505_0091_0265_0028_0028.jpg 1 91 265 28 28
0506_0134_0018_0064_0064.jpg 1 134 18 64 64
0507_0151_0274_0049_0049.jpg 1 151 274 49 49
0508_0067_0332_0080_0080.jpg 1 67 332 80 80
0509_0049_0058_0030_0030.jpg 1 49 58 30 30
0510_0329_0141_0029_0029.jpg 1 329 141 29 29
0511_0151_0289_0090_0090.jpg 1 151 289 90 90
0512_0081_0121_0088_0088.jpg 1 81 121 88 88
0513_0226_0038_0038_0038.jpg 1 226 38 38 38
0514_0130_0099_0036_0036.jpg 1 130 99 36 36
0515_0317_0246_0050_0050.jpg 1 317 246 50 50
0516_0128_0135_0069_0069.jpg 1 128 135 69 69
0517_0048_0151_0068_0068.jpg 1 48 151 68 68
0518_0100_0090_0050_0050.jpg 1 100 90 50 50
0519_0091_0118_0048_0048.jpg 1 91 118 48 48
0520_0151_0190_0029_0029.jpg 1 151 190 29 29
0521_0328_0140_0067_0067.jpg 1 328 140 67 67
0522_0083_0306_0035_0035.jpg 1 83 306 35 35
0523_0138_0343_0062_0062.jpg 1 138 343 62 62
0524_0189_0190_0065_0065.jpg 1 189 190 65 65
0525_0460_0321_0043_0043.jpg 1 460 321 43 43
0526_0105_0183_0035_0035.jpg 1 105 183 35 35
0527_0239_0093_0030_0030.jpg 1 239 93 30 30
0528_0114_0030_0056_0056.jpg 1 114 30 56 56
0529_0081_0020_0089_0089.jpg 1 81 20 89 89
0530_0202_0110_0024_0024.jpg 1 202 110 24 24
0531_0512_0152_0064_0064.jpg 1 512 152 64 64
0532_0240_0316_0085_0085.jpg 1 240 316 85 85
0533_0473_0327_0041_0041.jpg 1 473 327 41 41
0534_0028_0075_0048_0048.jpg 1 28 75 48 48
0535_0028_0042_0035_0035.jpg 1 28 42 35 35
0536_0120_0340_0066_0066.jpg 1 120 340 66 66
0537_0189_0145_0080_0080.jpg 1 189 145 80 80
0538_0204_0025_0052_0052.jpg 1 204 25 52 52
0539_0158_0058_0061_0061.jpg 1 158 58 61 61
0540_0114_0041_0062_0062.jpg 1 114 41 62 62
0541_0039_0059_0059_0059.jpg 1 39 59 59 59
0542_0261_0078_0028_0028.jpg 1 261 78 28 28
0543_0188_0120_0031_0031.jpg 1 188 120 31 31
0544_0221_0288_0059_0059.jpg 1 221 288 59 59
0545_0034_0122_0091_0091.jpg 1 34 122 91 91
0546_0110_0051_0081_0081.jpg 1 110 51 81 81
0547_0119_0058_0041_0041.jpg 1 119 58 41 41
0548_0487_0113_0066_0066.jpg 1 487 113 66 66
0549_0201_0173_0028_0028.jpg 1 201 173 28 28
0550_0044_0089_0035_0035.jpg 1 44 89 35 35
0551_0190_0058_0068_0068.jpg 1 190 58 68 68
0552_0011_0138_0076_0076.jpg 1 11 138 76 76
0553_0278_0069_0079_0079.jpg 1 278 69 79 79
0554_0308_0053_0089_0089.jpg 1 308 53 89 89
0555_0260_0088_0085_0085.jpg 1 260 88 85 85
0556_0106_0059_0032_0032.jpg 1 106 59 32 32
0557_0480_0198_0029_0029.jpg 1 480 198 29 29
0558_0035_0009_0058_0058.jpg 1 35 9 58 58
0559_0327_0129_0049_0049.jpg 1 327 129 49 49
0560_0139_0058_0081_0081.jpg 1 139 58 81 81
0561_0174_0013_0042_0042.jpg 1 174 13 42 42
0562_0085_0075_0049_0049.jpg 1 85 75 49 49
0563_0238_0050_0044_0044.jpg 1 238 50 44 44
0564_0034_0059_0038_0038.jpg 1 34 59 38 38
0565_0520_0343_0042_0042.jpg 1 520 343 42 42
0566_0092_0026_0053_0053.jpg 1 92 26 53 53
0567_0128_0113_0033_0033.jpg 1 128 113 33 33
0568_0034_0152_0054_0054.jpg 1 34 152 54 54
0569_0159_0165_0076_0076.jpg 1 159 165 76 76
0570_0130_0040_0061_0061.jpg 1 130 40 61 61
0571_0055_0316_0083_0083.jpg 1 55 316 83 83
0572_0138_0135_0059_0059.jpg 1 138 135 59 59
0573_0216_0296_0082_0082.jpg 1 216 296 82 82
0574_0238_0380_0062_0062.jpg 1 238 380 62 62
0575_0160_0356_0046_0046.jpg 1 160 356 46 46
0576_0155_0108_0079_0079.jpg 1 155 108 79 79
0577_0196_0064_0073_0073.jpg 1 196 64 73 73
0578_0089_0036_0083_0083.jpg 1 89 36 83 83
0579_0311_0165_0052_0052.jpg 1 311 165 52 52
0580_0096_0103_0040_0040.jpg 1 96 103 40 40
0581_0140_0058_0075_0075.jpg 1 140 58 75 75
0582_0377_0186_0058_0058.jpg 1 377 186 58 58
0583_0172_0145_0032_0032.jpg 1 172 145 32 32
0584_0048_0046_0039_0039.jpg 1 48 46 39 39
0585_0139_0113_0031_0031.jpg 1 139 113 31 31
0586_0405_0174_0032_0032.jpg 1 405 174 32 32
0587_0413_0308_0049_0049.jpg 1 413 308 49 49
0588_0102_0137_0031_0031.jpg 1 102 137 31 31
0589_0097_0027_0028_0028.jpg 1 97 27 28 28
0590_0043_0150_0041_0041.jpg 1 43 150 41 41
0591_0311_0253_0043_0043.jpg 1 311 253 43 43
0592_0088_0063_0041_0041.jpg 1 88 63 41 41
0593_0029_0036_0047_0047.jpg 1 29 36 47 47
0594_0126_0127_0027_0027.jpg 1 126 127 27 27
0595_0038_0032_0061_0061.jpg 1 38 32 61 61
0596_0091_0311_0038_0038.jpg 1 91 311 38 38
0597_0207_0140_0040_0040.jpg 1 207 140 40 40
0598_0155_0226_0041_0041.jpg 1 155 226 41 41
0599_0211_0036_0051_0051.jpg 1 211 36 51 51
0600_0129_0069_0074_0074.jpg 1 129 69 74 74
0601_0171_0133_0060_0060.jpg 1 171 133 60 60
0602_0070_0178_0041_0041.jpg 1 70 178 41 41
0603_0127_0169_0028_0028.jpg 1 127 169 28 28
0604_0252_0441_0088_0088.jpg 1 252 441 88 88
0605_0380_0391_0041_0041.jpg 1 380 391 41 41
0606_0370_0269_0062_0062.jpg 1 370 269 62 62
0607_0021_0078_0047_0047.jpg 1 21 78 47 47
0608_0259_0224_0074_0074.jpg 1 259 224 74 74
0609_0274_0255_0056_0056.jpg 1 274 255 56 56
0610_0493_0249_0029_0029.jpg 1 493 249 29 29
0611_0126_0070_0089_0089.jpg 1 126 70 89 89
0612_0430_0293_0032_0032.jpg 1 430 293 32 32
0613_0094_0126_0046_0046.jpg 1 94 126 46 46
0614_0510_0252_0025_0025.jpg 1 510 252 25 25
0615_0117_0223_0051_0051.jpg 1 117 223 51 51
0616_0198_0100_0065_0065.jpg 1 198 100 65 65
0617_0060_0052_0057_0057.jpg 1 60 52 57 57
0618_0186_0023_0054_0054.jpg 1 186 23 54 54
0619_0464_0130_0072_0072.jpg 1 464 130 72 72
0620_0184_0147_0067_0067.jpg 1 184 147 67 67
0621_0484_0301_0057_0057.jpg 1 484 301 57 57
0622_0113_0122_0042_0042.jpg 1 113 122 42 42
0623_0265_0170_0034_0034.jpg 1 265 170 34 34
0624_0104_0053_0038_0038.jpg 1 104 53 38 38
0625_0015_0085_0062_0062.jpg 1 15 85 62 62
0626_0156_0045_0073_0073.jpg 1 156 45 73 73
0627_0217_0388_0085_0085.jpg 1 217 388 85 85
0628_0029_0025_0060_0060.jpg 1 29 25 60 60
0629_0024_0128_0045_0045.jpg 1 24 128 45 45
0630_0201_0345_0079_0079.jpg 1 201 345 79 79
0631_0134_0125_0043_0043.jpg 1 134 125 43 43
0632_0375_0271_0079_0079.jpg 1 375 271 79 79
0633_0008_0042_0061_0061.jpg 1 8 42 61 61
0634_0385_0091_0076_0076.jpg 1 385 91 76 76
0635_0183_0167_0067_0067.jpg 1 183 167 67 67
0636_0058_0130_0040_0040.jpg 1 58 130 40 40
0637_0065_0154_0035_0035.jpg 1 65 154 35 35
0638_0478_0334_0079_0079.jpg 1 478 334 79 79
0639_0293_0165_0037_0037.jpg 1 293 165 37 37
0640_0107_0100_0044_0044.jpg 1 107 100 44 44
0641_0480_0209_0063_0063.jpg 1 480 209 63 63
0642_0064_0040_0057_0057.jpg 1 64 40 57 57
0643_0094_0052_0080_0080.jpg 1 94 52 80 80
0644_0193_0166_0066_0066.jpg 1 193 166 66 66
0645_0134_0347_0026_0026.jpg 1 134 347 26 26
0646_0022_0070_0087_0087.jpg 1 22 70 87 87
0647_0221_0049_0037_0037.jpg 1 221 49 37 37
0648_0465_0357_0025_0025.jpg 1 465 357 25 25
0649_0395_0358_0063_0063.jpg 1 395 358 63 63
0650_0191_0243_0032_0032.jpg 1 191 243 32 32
0651_0156_0153_0065_0065.jpg 1 156 153 65 65
0652_0132_0056_0075_0075.jpg 1 132 56 75 75
0653_0224_0116_0069_0069.jpg 1 224 116 69 69
0654_0057_0136_0060_0060.jpg 1 57 136 60 60
0655_0280_0244_0087_0087.jpg 1 280 244 87 87
0656_0241_0171_0068_0068.jpg 1 241 171 68 68
0657_0099_0302_0077_0077.jpg 1 99 302 77 77
0658_0088_0078_0050_0050.jpg 1 88 78 50 50
0659_0115_0115_0031_0031.jpg 1 115 115 31 31
0660_0229_0201_0062_0062.jpg 1 229 201 62 62
0661_0135_0140_0086_0086.jpg 1 135 140 86 86
0662_0198_0030_0059_0059.jpg 1 198 30 59 59
0663_0314_0328_0069_0069.jpg 1 314 328 69 69
0664_0147_0082_0077_0077.jpg 1 147 82 77 77
0665_0062_0045_0040_0040.jpg 1 62 45 40 40
0666_0240_0039_0029_0029.jpg 1 240 39 29 29
0667_0516_0326_0042_0042.jpg 1 516 326 42 42
0668_0246_0221_0082_0082.jpg 1 246 221 82 82
0669_0203_0126_0087_0087.jpg 1 203 126 87 87
0670_0111_0298_0088_0088.jpg 1 111 298 88 88
0671_0272_0346_0083_0083.jpg 1 272 346 83 83
0672_0522_0239_0035_0035.jpg 1 522 239 35 35
0673_0412_0301_0062_0062.jpg 1 412 301 62 62
0674_0042_0100_0061_0061.jpg 1 42 100 61 61
0675_0334_0043_0062_0062.jpg 1 334 43 62 62
0676_0302_0324_0027_0027.jpg 1 302 324 27 27
0677_0130_0129_0035_0035.jpg 1 130 129 35 35
0678_0386_0287_0081_0081.jpg 1 386 287 81 81
0679_0100_0047_0025_0025.jpg 1 100 47 25 25
0680_0166_0102_0078_0078.jpg 1 166 102 78 78
0681_0332_0087_0081_0081.jpg 1 332 87 81 81
0682_0161_0070_0075_0075.jpg 1 161 70 75 75
0683_0071_0079_0083_0083.jpg 1 71 79 83 83
0684_0230_0127_0051_0051.jpg 1 230 127 51 51
0685_0154_0378_0052_0052.jpg 1 154 378 52 52
0686_0273_0255_0077_0077.jpg 1 273 255 77 77
0687_0098_0077_0090_0090.jpg 1 98 77 90 90
0688_0083_0023_0034_0034.jpg 1 83 23 34 34
0689_0134_0074_0057_0057.jpg 1 134 74 57 57
0690_0112_0153_0036_0036.jpg 1 112 153 36 36
0691_0205_0127_0084_0084.jpg 1 205 127 84 84
0692_0145_0175_0070_0070.jpg 1 145 175 70 70
0693_0109_0055_0055_0055.jpg 1 109 55 55 55
0694_0099_0030_0045_0045.jpg 1 99 30 45 45
0695_0466_0090_0029_0029.jpg 1 466 90 29 29
0696_0430_0262_0061_0061.jpg 1 430 262 61 61
0697_0158_0055_0074_0074.jpg 1 158 55 74 74
0698_0094_0101_0044_0044.jpg 1 94 101 44 44
0699_0303_0144_0064_0064.jpg 1 303 144 64 64
0700_0220_0179_0026_0026.jpg 1 220 179 26 26
0701_0337_0190_0037_0037.jpg 1 337 190 37 37
0702_0096_0115_0062_0062.jpg 1 96 115 62 62
0703_0025_0095_0070_0070.jpg 1 25 95 70 70
0704_0248_0119_0032_0032.jpg 1 248 119 32 32
0705_0091_0026_0073_0073.jpg 1 91 26 73 73
0706_0363_0335_0049_0049.jpg 1 363 335 49 49
0707_0062_0082_0039_0039.jpg 1 62 82 39 39
0708_0129_0030_0033_0033.jpg 1 129 30 33 33
0709_0209_0338_0039_0039.jpg 1 209 338 39 39
0710_0038_0068_0060_0060.jpg 1 38 68 60 60
0711_0059_0146_0058_0058.jpg 1 59 146 58 58
0712_0170_0139_0051_0051.jpg 1 170 139 51 51
0713_0205_0173_0066_0066.jpg 1 205 173 66 66
0714_0243_0320_0071_0071.jpg 1 243 320 71 71
0715_0096_0060_0058_0058.jpg 1 96 60 58 58
0716_0378_0152_0024_0024.jpg 1 378 152 24 24
0717_0225_0162_0057_0057.jpg 1 225 162 57 57
0718_0512_0347_0041_0041.jpg 1 512 347 41 41
0719_0055_0107_0064_0064.jpg 1 55 107 64 64
0720_0199_0038_0040_0040.jpg 1 199 38 40 40
0721_0180_0199_0037_0037.jpg 1 180 199 37 37
0722_0201_0093_0065_0065.jpg 1 201 93 65 65
0723_0151_0039_0082_0082.jpg 1 151 39 82 82
0724_0046_0119_0088_0088.jpg 1 46 119 88 88
0725_0039_0072_0071_0071.jpg 1 39 72 71 71
0726_0053_0144_0034_0034.jpg 1 53 144 34 34
0727_0202_0069_0084_0084.jpg 1 202 69 84 84
0728_0128_0091_0068_0068.jpg 1 128 91 68 68
0729_0141_0128_0074_0074.jpg 1 141 128 74 74
0730_0258_0099_0064_0064.jpg 1 258 99 64 64
0731_0114_0073_0076_0076.jpg 1 114 73 76 76
0732_0268_0235_0090_0090.jpg 1 268 235 90 90
0733_0274_0241_0047_0047.jpg 1 274 241 47 47
0734_0181_0395_0034_0034.jpg 1 181 395 34 34
0735_0081_0094_0042_0042.jpg 1 81 94 42 42
0736_0397_0097_0071_0071.jpg 1 397 97 71 71
0737_0093_0033_0053_0053.jpg 1 93 33 53 53
0738_0116_0067_0040_0040.jpg 1 116 67 40 40
0739_0109_0053_0041_0041.jpg 1 109 53 41 41
0740_0185_0346_0038_0038.jpg 1 185 346 38 38
0741_0030_0101_0087_0087.jpg 1 30 101 87 87
0742_0171_0339_0033_0033.jpg 1 171 339 33 33
0743_0075_0184_0030_0030.jpg 1 75 184 30 30
0744_0150_0045_0044_0044.jpg 1 150 45 44 44
0745_0109_0040_0076_0076.jpg 1 109 40 76 76
0746_0203_0113_0068_0068.jpg 1 203 113 68 68
0747_0325_0309_0028_0028.jpg 1 325 309 28 28
0748_0191_0500_0026_0026.jpg 1 191 500 26 26
0749_0113_0112_0062_0062.jpg 1 113 112 62 62
0750_0137_0137_0082_0082.jpg 1 137 137 82 82
0751_0212_0107_0072_0072.jpg 1 212 107 72 72
0752_0403_0092_0040_0040.jpg 1 403 92 40 40
0753_0157_0041_0030_0030.jpg 1 157 41 30 30
0754_0122_0067_0040_0040.jpg 1 122 67 40 40
0755_0114_0115_0035_0035.jpg 1 114 115 35 35
0756_0342_0266_0081_0081.jpg 1 342 266 81 81
0757_0457_0123_0057_0057.jpg 1 457 123 57 57
0758_0218_0166_0078_0078.jpg 1 218 166 78 78
0759_0109_0121_0077_0077.jpg 1 109 121 77 77
0760_0156_0115_0067_0067.jpg 1 156 115 67 67
0761_0210_0043_0030_0030.jpg 1 210 43 30 30
0762_0076_0046_0035_0035.jpg 1 76 46 35 35
0763_0055_0130_0040_0040.jpg 1 55 130 40 40
0764_0093_0202_0031_0031.jpg 1 93 202 31 31
0765_0125_0116_0053_0053.jpg 1 125 116 53 53
0766_0168_0022_0048_0048.jpg 1 168 22 48 48
0767_0072_0138_0056_0056.jpg 1 72 138 56 56
0768_0122_0014_0081_0081.jpg 1 122 14 81 81
0769_0221_0113_0052_0052.jpg 1 221 113 52 52
0770_0124_0220_0087_0087.jpg 1 124 220 87 87
0771_0024_0094_0080_0080.jpg 1 24 94 80 80
0772_0226_0086_0036_0036.jpg 1 226 86 36 36
0773_0212_0109_0049_0049.jpg 1 212 109 49 49
0774_0150_0487_0035_0035.jpg 1 150 487 35 35
0775_0028_0120_0054_0054.jpg 1 28 120 54 54
0776_0025_0028_0081_0081.jpg 1 25 28 81 81
0777_0293_0294_0046_0046.jpg 1 293 294 46 46
0778_0188_0115_0083_0083.jpg 1 188 115 83 83
0779_0107_0072_0067_0067.jpg 1 107 72 67 67
0780_0069_0101_0059_0059.jpg 1 69 101 59 59
0781_0053_0055_0077_0077.jpg 1 53 55 77 77
0782_0256_0388_0041_0041.jpg 1 256 388 41 41
0783_0365_0331_0046_0046.jpg 1 365 331 46 46
0784_0376_0261_0033_0033.jpg 1 376 261 33 33
0785_0105_0154_0065_0065.jpg 1 105 154 65 65
0786_0406_0301_0084_0084.jpg 1 406 301 84 84
0787_0294_0140_0074_0074.jpg 1 294 140 74 74
0788_0022_0075_0064_0064.jpg 1 22 75 64 64
0789_0073_0114_0089_0089.jpg 1 73 114 89 89
0790_0069_0140_0028_0028.jpg 1 69 140 28 28
0791_0069_0039_0081_0081.jpg 1 69 39 81 81
0792_0068_0460_0060_0060.jpg 1 68 460 60 60
0793_0030_0146_0061_0061.jpg 1 30 146 61 61
0794_0525_0267_0027_0027.jpg 1 525 267 27 27
0795_0098_0033_0086_0086.jpg 1 98 33 86 86
0796_0095_0316_0035_0035.jpg 1 95 316 35 35
0797_0469_0072_0056_0056.jpg 1 469 72 56 56
0798_0108_0064_0062_0062.jpg 1 108 64 62 62
0799_0201_0057_0035_0035.jpg 1 201 57 35 35
0800_0126_0058_0055_0055.jpg 1 126 58 55 55
0801_0356_0297_0039_0039.jpg 1 356 297 39 39
0802_0118_0127_0085_0085.jpg 1 118 127 85 85
0803_0285_0210_0039_0039.jpg 1 285 210 39 39
0804_0113_0174_0030_0030.jpg 1 113 174 30 30
0805_0058_0111_0079_0079.jpg 1 58 111 79 79
0806_0018_0094_0088_0088.jpg 1 18 94 88 88
0807_0187_0183_0067_0067.jpg 1 187 183 67 67
0808_0057_0286_0053_0053.jpg 1 57 286 53 53
0809_0062_0141_0029_0029.jpg 1 62 141 29 29
0810_0038_0049_0036_0036.jpg 1 38 49 36 36
0811_0046_0086_0049_0049.jpg 1 46 86 49 49
0812_0052_0129_0029_0029.jpg 1 52 129 29 29
0813_0494_0175_0038_0038.jpg 1 494 175 38 38
0814_0361_0098_0065_0065.jpg 1 361 98 65 65
0815_0078_0073_0064_0064.jpg 1 78 73 64 64
0816_0210_0018_0076_0076.jpg 1 210 18 76 76
0817_0497_0314_0046_0046.jpg 1 497 314 46 46
0818_0489_0192_0090_0090.jpg 1 489 192 90 90
0819_0140_0021_0046_0046.jpg 1 140 21 46 46
0820_0124_0085_0063_0063.jpg 1 124 85 63 63
0821_0154_0043_0054_0054.jpg 1 154 43 54 54
0822_0043_0115_0055_0055.jpg 1 43 115 55 55
0823_0330_0101_0062_0062.jpg 1 330 101 62 62
0824_0204_0112_0058_0058.jpg 1 204 112 58 58
0825_0105_0106_0028_0028.jpg 1 105 106 28 28
0826_0418_0040_0076_0076.jpg 1 418 40 76 76
0827_0118_0039_0074_0074.jpg 1 118 39 74 74
0828_0057_0101_0048_0048.jpg 1 57 101 48 48
0829_0031_0061_0024_0024.jpg 1 31 61 24 24
0830_0511_0240_0041_0041.jpg 1 511 240 41 41
0831_0400_0133_0030_0030.jpg 1 400 133 30 30
0832_0132_0084_0031_0031.jpg 1 132 84 31 31
0833_0087_0115_0060_0060.jpg 1 87 115 60 60
0834_0115_0344_0039_0039.jpg 1 115 344 39 39
0835_0144_0200_0029_0029.jpg 1 144 200 29 29
0836_0091_0094_0083_0083.jpg 1 91 94 83 83
0837_0209_0096_0083_0083.jpg 1 209 96 83 83
0838_0036_0061_0067_0067.jpg 1 36 61 67 67
0839_0040_0038_0053_0053.jpg 1 40 38 53 53
0840_0063_0077_0075_0075.jpg 1 63 77 75 75
0841_0073_0063_0034_0034.jpg 1 73 63 34 34
0842_0228_0052_0028_0028.jpg 1 228 52 28 28
0843_0471_0273_0057_0057.jpg 1 471 273 57 57
0844_0108_0024_0036_0036.jpg 1 108 24 36 36
0845_0081_0170_0048_0048.jpg 1 81 170 48 48
0846_0083_0520_0025_0025.jpg 1 83 520 25 25
0847_0183_0027_0045_0045.jpg 1 183 27 45 45
0848_0023_0153_0065_0065.jpg 1 23 153 65 65
0849_0183_0069_0062_0062.jpg 1 183 69 62 62
0850_0474_0371_0063_0063.jpg 1 474 371 63 63
0851_0206_0237_0086_0086.jpg 1 206 237 86 86
0852_0206_0197_0080_0080.jpg 1 206 197 80 80
0853_0310_0091_0047_0047.jpg 1 310 91 47 47
0854_0415_0258_0069_0069.jpg 1 415 258 69 69
0855_0246_0242_0026_0026.jpg 1 246 242 26 26
0856_0150_0132_0041_0041.jpg 1 150 132 41 41
0857_0087_0157_0034_0034.jpg 1 87 157 34 34
0858_0046_0064_0085_0085.jpg 1 46 64 85 85
0859_0329_0136_0061_0061.jpg 1 329 136 61 61
0860_0094_0080_0067_0067.jpg 1 94 80 67 67
0861_0143_0102_0042_0042.jpg 1 143 102 42 42
0862_0226_0135_0054_0054.jpg 1 226 135 54 54
0863_0021_0150_0036_0036.jpg 1 21 150 36 36
0864_0186_0110_0042_0042.jpg 1 186 110 42 42
0865_0336_0256_0051_0051.jpg 1 336 256 51 51
0866_0192_0059_0028_0028.jpg 1 192 59 28 28
0867_0117_0243_0057_0057.jpg 1 117 243 57 57
0868_0330_0243_0072_0072.jpg 1 330 243 72 72
0869_0405_0070_0031_0031.jpg 1 405 70 31 31
0870_0232_0060_0031_0031.jpg 1 232 60 31 31
0871_0049_0120_0060_0060.jpg 1 49 120 60 60
0872_0166_0326_0052_0052.jpg 1 166 326 52 52
0873_0251_0087_0069_0069.jpg 1 251 87 69 69
0874_0085_0067_0073_0073.jpg 1 85 67 73 73
0875_0458_0063_0035_0035.jpg 1 458 63 35 35
0876_0271_0275_0046_0046.jpg 1 271 275 46 46
0877_0159_0136_0085_0085.jpg 1 159 136 85 85
0878_0143_0152_0061_0061.jpg 1 143 152 61 61
0879_0222_0309_0087_0087.jpg 1 222 309 87 87
0880_0360_0356_0026_0026.jpg 1 360 356 26 26
0881_0370_0222_0062_0062.jpg 1 370 222 62 62
0882_0456_0124_0055_0055.jpg 1 456 124 55 55
0883_0401_0295_0031_0031.jpg 1 401 295 31 31
0884_0112_0131_0090_0090.jpg 1 112 131 90 90
0885_0079_0050_0037_0037.jpg 1 79 50 37 37
0886_0292_0457_0043_0043.jpg 1 292 457 43 43
0887_0047_0118_0034_0034.jpg 1 47 118 34 34
0888_0114_0249_0066_0066.jpg 1 114 249 66 66
0889_0062_0128_0057_0057.jpg 1 62 128 57 57
0890_0204_0316_0071_0071.jpg 1 204 316 71 71
0891_0154_0053_0047_0047.jpg 1 154 53 47 47
0892_0167_0306_0054_0054.jpg 1 167 306 54 54
0893_0296_0274_0061_0061.jpg 1 296 274 61 61
0894_0147_0077_0032_0032.jpg 1 147 77 32 32
0895_0158_0126_0037_0037.jpg 1 158 126 37 37
0896_0380_0310_0086_0086.jpg 1 380 310 86 86
0897_0045_0069_0091_0091.jpg 1 45 69 91 91
0898_0114_0121_0065_0065.jpg 1 114 121 65 65
0899_0031_0039_0044_0044.jpg 1 31 39 44 44
0900_0445_0187_0057_0057.jpg 1 445 187 57 57
0901_0290_0269_0072_0072.jpg 1 290 269 72 72
0902_0207_0368_0061_0061.jpg 1 207 368 61 61
0903_0508_0396_0028_0028.jpg 1 508 396 28 28
0904_0271_0172_0039_0039.jpg 1 271 172 39 39
0905_0117_0145_0046_0046.jpg 1 117 145 46 46
0906_0302_0355_0036_0036.jpg 1 302 355 36 36
0907_0221_0081_0060_0060.jpg 1 221 81 60 60
0908_0160_0320_0040_0040.jpg 1 160 320 40 40
0909_0284_0081_0087_0087.jpg 1 284 81 87 87
0910_0093_0345_0084_0084.jpg 1 93 345 84 84
0911_0125_0395_0032_0032.jpg 1 125 395 32 32
0912_0438_0249_0025_0025.jpg 1 438 249 25 25
0913_0070_0059_0089_0089.jpg 1 70 59 89 89
0914_0186_0023_0030_0030.jpg 1 186 23 30 30
0915_0050_0107_0048_0048.jpg 1 50 107 48 48
0916_0029_0069_0062_0062.jpg 1 29 69 62 62
0917_0328_0185_0082_0082.jpg 1 328 185 82 82
0918_0480_0227_0059_0059.jpg 1 480 227 59 59
0919_0037_0109_0086_0086.jpg 1 37 109 86 86
0920_0069_0172_0053_0053.jpg 1 69 172 53 53
0921_0222_0082_0056_0056.jpg 1 222 82 56 56
0922_0420_0223_0059_0059.jpg 1 420 223 59 59
0923_0058_0120_0064_0064.jpg 1 58 120 64 64
0924_0140_0037_0029_0029.jpg 1 140 37 29 29
0925_0363_0471_0036_0036.jpg 1 363 471 36 36
0926_0240_0057_0029_0029.jpg 1 240 57 29 29
0927_0480_0270_0055_0055.jpg 1 480 270 55 55
0928_0117_0111_0066_0066.jpg 1 117 111 66 66
0929_0187_0102_0088_0088.jpg 1 187 102 88 88
0930_0451_0099_0050_0050.jpg 1 451 99 50 50
0931_0101_0045_0074_0074.jpg 1 101 45 74 74
0932_0061_0067_0064_0064.jpg 1 61 67 64 64
0933_0081_0094_0046_0046.jpg 1 81 94 46 46
0934_0165_0281_0053_0053.jpg 1 165 281 53 53
0935_0041_0150_0067_0067.jpg 1 41 150 67 67
0936_0065_0094_0091_0091.jpg 1 65 94 91 91
0937_0199_0271_0024_0024.jpg 1 199 271 24 24
0938_0136_0104_0041_0041.jpg 1 136 104 41 41
0939_0082_0045_0048_0048.jpg 1 82 45 48 48
0940_0360_0287_0037_0037.jpg 1 360 287 37 37
0941_0070_0049_0074_0074.jpg 1 70 49 74 74
0942_0253_0243_0034_0034.jpg 1 253 243 34 34
0943_0494_0045_0051_0051.jpg 1 494 45 51 51
0944_0397_0154_0063_0063.jpg 1 397 154 63 63
0945_0227_0038_0042_0042.jpg 1 227 38 42 42
0946_0307_0313_0062_0062.jpg 1 307 313 62 62
0947_0247_0291_0064_0064.jpg 1 247 291 64 64
0948_0382_0077_0075_0075.jpg 1 382 77 75 75
0949_0086_0092_0039_0039.jpg 1 86 92 39 39
0950_0165_0130_0065_0065.jpg 1 165 130 65 65
0951_0100_0063_0067_0067.jpg 1 100 63 67 67
0952_0130_0066_0039_0039.jpg 1 130 66 39 39
0953_0225_0035_0038_0038.jpg 1 225 35 38 38
0954_0036_0117_0053_0053.jpg 1 36 117 53 53
0955_0347_0175_0059_0059.jpg 1 347 175 59 59
0956_0045_0063_0042_0042.jpg 1 45 63 42 42
0957_0075_0174_0054_0054.jpg 1 75 174 54 54
0958_0051_0062_0083_0083.jpg 1 51 62 83 83
0959_0052_0181_0031_0031.jpg 1 52 181 31 31
0960_0530_0047_0038_0038.jpg 1 530 47 38 38
0961_0362_0107_0064_0064.jpg 1 362 107 64 64
0962_0147_0160_0073_0073.jpg 1 147 160 73 73
0963_0098_0158_0028_0028.jpg 1 98 158 28 28
0964_0534_0155_0037_0037.jpg 1 534 155 37 37
0965_0047_0024_0064_0064.jpg 1 47 24 64 64
0966_0149_0123_0051_0051.jpg 1 149 123 51 51
0967_0213_0030_0053_0053.jpg 1 213 30 53 53
0968_0106_0153_0062_0062.jpg 1 106 153 62 62
0969_0129_0245_0088_0088.jpg 1 129 245 88 88
0970_0308_0152_0057_0057.jpg 1 308 152 57 57
0971_0380_0257_0061_0061.jpg 1 380 257 61 61
0972_0229_0195_0037_0037.jpg 1 229 195 37 37
0973_0387_0468_0029_0029.jpg 1 387 468 29 29
0974_0204_0129_0047_0047.jpg 1 204 129 47 47
0975_0077_0037_0047_0047.jpg 1 77 37 47 47
0976_0176_0173_0035_0035.jpg 1 176 173 35 35
0977_0023_0122_0060_0060.jpg 1 23 122 60 60
0978_0138_0078_0054_0054.jpg 1 138 78 54 54
0979_0089_0027_0057_0057.jpg 1 89 27 57 57
0980_0106_0190_0027_0027.jpg 1 106 190 27 27
0981_0153_0137_0049_0049.jpg 1 153 137 49 49
0982_0139_0145_0082_0082.jpg 1 139 145 82 82
0983_0379_0278_0053_0053.jpg 1 379 278 53 53
0984_0158_0111_0077_0077.jpg 1 158 111 77 77
0985_0152_0051_0087_0087.jpg 1 152 51 87 87
0986_0505_0387_0047_0047.jpg 1 505 387 47 47
0987_0263_0159_0062_0062.jpg 1 263 159 62 62
0988_0165_0044_0047_0047.jpg 1 165 44 47 47
0989_0218_0211_0072_0072.jpg 1 218 211 72 72
0990_0125_0234_0040_0040.jpg 1 125 234 40 40
0991_0071_0049_0086_0086.jpg 1 71 49 86 86
0992_0373_0205_0055_0055.jpg 1 373 205 55 55
0993_0208_0152_0040_0040.jpg 1 208 152 40 40
0994_0052_0129_0070_0070.jpg 1 52 129 70 70
0995_0134_0114_0072_0072.jpg 1 134 114 72 72
0996_0200_0077_0044_0044.jpg 1 200 77 44 44
0997_0154_0170_0026_0026.jpg 1 154 170 26 26
0998_0384_0310_0085_0085.jpg 1 384 310 85 85
0999_0245_0412_0075_0075.jpg 1 245 412 75 75
1000_0235_0308_0038_0038.jpg 1 235 308 38 38
1001_0169_0064_0077_0077.jpg 1 169 64 77 77
1002_0326_0255_0089_0089.jpg 1 326 255 89 89
1003_0057_0162_0058_0058.jpg 1 57 162 58 58
1004_0257_0159_0033_0033.jpg 1 257 159 33 33
1005_0140_0089_0087_0087.jpg 1 140 89 87 87
1006_0170_0089_0048_0048.jpg 1 170 89 48 48
1007_0044_0043_0090_0090.jpg 1 44 43 90 90
1008_0116_0328_0041_0041.jpg 1 116 328 41 41
1009_0223_0044_0068_0068.jpg 1 223 44 68 68
1010_0068_0036_0051_0051.jpg 1 68 36 51 51
1011_0181_0066_0041_0041.jpg 1 181 66 41 41
1012_0095_0168_0028_0028.jpg 1 95 168 28 28
1013_0477_0244_0058_0058.jpg 1 477 244 58 58
1014_0047_0022_0057_0057.jpg 1 47 22 57 57
1015_0126_0086_0031_0031.jpg 1 126 86 31 31
1016_0050_0100_0074_0074.jpg 1 50 100 74 74
1017_0060_0127_0073_0073.jpg 1 60 127 73 73
1018_0363_0086_0024_0024.jpg 1 363 86 24 24
1019_0293_0253_0088_0088.jpg 1 293 253 88 88
1020_0095_0384_0040_0040.jpg 1 95 384 40 40
1021_0103_0108_0052_0052.jpg 1 103 108 52 52
1022_0009_0068_0063_0063.jpg 1 9 68 63 63
1023_0150_0302_0057_0057.jpg 1 150 302 57 57
1024_0089_0102_0040_0040.jpg 1 89 102 40 40
1025_0109_0038_0044_0044.jpg 1 109 38 44 44
1026_0056_0027_0075_0075.jpg 1 56 27 75 75
1027_0319_0375_0045_0045.jpg 1 319 375 45 45
1028_0130_0368_0038_0038.jpg 1 130 368 38 38
1029_0417_0079_0024_0024.jpg 1 417 79 24 24
1030_0048_0165_0041_0041.jpg 1 48 165 41 41
1031_0106_0071_0074_0074.jpg 1 106 71 74 74
1032_0152_0095_0047_0047.jpg 1 152 95 47 47
1033_0460_0106_0055_0055.jpg 1 460 106 55 55
1034_0218_0092_0025_0025.jpg 1 218 92 25 25
1035_0137_0036_0078_0078.jpg 1 137 36 78 78
1036_0027_0073_0082_0082.jpg 1 27 73 82 82
1037_0307_0374_0040_0040.jpg 1 307 374 40 40
1038_0034_0113_0084_0084.jpg 1 34 113 84 84
1039_0051_0065_0025_0025.jpg 1 51 65 25 25
1040_0060_0177_0091_0091.jpg 1 60 177 91 91
1041_0478_0128_0063_0063.jpg 1 478 128 63 63
1042_0222_0244_0033_0033.jpg 1 222 244 33 33
1043_0099_0077_0061_0061.jpg 1 99 77 61 61
1044_0221_0148_0050_0050.jpg 1 221 148 50 50
1045_0515_0297_0063_0063.jpg 1 515 297 63 63
1046_0093_0027_0073_0073.jpg 1 93 27 73 73
1047_0475_0148_0077_0077.jpg 1 475 148 77 77
1048_0005_0039_0082_0082.jpg 1 5 39 82 82
1049_0251_0358_0035_0035.jpg 1 251 358 35 35
1050_0290_0125_0052_0052.jpg 1 290 125 52 52
1051_0373_0104_0039_0039.jpg 1 373 104 39 39
1052_0437_0178_0075_0075.jpg 1 437 178 75 75
1053_0349_0068_0055_0055.jpg 1 349 68 55 55
1054_0022_0125_0067_0067.jpg 1 22 125 67 67
1055_0210_0135_0030_0030.jpg 1 210 135 30 30
1056_0227_0228_0085_0085.jpg 1 227 228 85 85
1057_0107_0127_0073_0073.jpg 1 107 127 73 73
1058_0096_0047_0035_0035.jpg 1 96 47 35 35
1059_0232_0315_0083_0083.jpg 1 232 315 83 83
1060_0065_0215_0057_0057.jpg 1 65 215 57 57
1061_0491_0348_0063_0063.jpg 1 491 348 63 63
1062_0147_0193_0042_0042.jpg 1 147 193 42 42
1063_0111_0128_0045_0045.jpg 1 111 128 45 45
1064_0116_0030_0087_0087.jpg 1 116 30 87 87
1065_0221_0099_0035_0035.jpg 1 221 99 35 35
1066_0112_0113_0026_0026.jpg 1 112 113 26 26
1067_0153_0067_0073_0073.jpg 1 153 67 73 73
1068_0060_0181_0032_0032.jpg 1 60 181 32 32
1069_0419_0107_0061_0061.jpg 1 419 107 61 61
1070_0183_0107_0086_0086.jpg 1 183 107 86 86
1071_0321_0064_0071_0071.jpg 1 321 64 71 71
1072_0110_0158_0024_0024.jpg 1 110 158 24 24
1073_0017_0143_0081_0081.jpg 1 17 143 81 81
1074_0104_0130_0059_0059.jpg 1 104 130 59 59
1075_0199_0204_0041_0041.jpg 1 199 204 41 41
1076_0055_0133_0069_0069.jpg 1 55 133 69 69
1077_0015_0090_0064_0064.jpg 1 15 90 64 64
1078_0315_0451_0030_0030.jpg 1 315 451 30 30
1079_0049_0104_0088_0088.jpg 1 49 104 88 88
1080_0096_0145_0041_0041.jpg 1 96 145 41 41
1081_0072_0093_0030_0030.jpg 1 72 93 30 30
1082_0143_0074_0072_0072.jpg 1 143 74 72 72
1083_0487_0160_0036_0036.jpg 1 487 160 36 36
1084_0024_0062_0038_0038.jpg 1 24 62 38 38
1085_0507_0366_0028_0028.jpg 1 507 366 28 28
1086_0088_0154_0033_0033.jpg 1 88 154 33 33
1087_0173_0141_0038_0038.jpg 1 173 141 38 38
1088_0214_0256_0081_0081.jpg 1 214 256 81 81
1089_0141_0049_0070_0070.jpg 1 141 49 70 70
1090_0368_0295_0067_0067.jpg 1 368 295 67 67
1091_0226_0091_0045_0045.jpg 1 226 91 45 45
1092_0099_0025_0087_0087.jpg 1 99 25 87 87
1093_0145_0138_0030_0030.jpg 1 145 138 30 30
1094_0049_0045_0032_0032.jpg 1 49 45 32 32
1095_0048_0086_0088_0088.jpg 1 48 86 88 88
1096_0130_0038_0068_0068.jpg 1 130 38 68 68
1097_0424_0275_0045_0045.jpg 1 424 275 45 45
1098_0077_0104_0076_0076.jpg 1 77 104 76 76
1099_0154_0094_0051_0051.jpg 1 154 94 51 51
1100_0164_0121_0042_0042.jpg 1 164 121 42 42
1101_0521_0254_0059_0059.jpg 1 521 254 59 59
1102_0034_0107_0037_0037.jpg 1 34 107 37 37
1103_0063_0054_0056_0056.jpg 1 63 54 56 56
1104_0239_0117_0035_0035.jpg 1 239 117 35 35
1105_0362_0352_0041_0041.jpg 1 362 352 41 41
1106_0039_0053_0025_0025.jpg 1 39 53 25 25
1107_0136_0285_0041_0041.jpg 1 136 285 41 41
1108_0265_0360_0027_0027.jpg 1 265 360 27 27
1109_0439_0145_0081_0081.jpg 1 439 145 81 81
1110_0504_0213_0064_0064.jpg 1 504 213 64 64
1111_0080_0094_0035_0035.jpg 1 80 94 35 35
1112_0364_0394_0033_0033.jpg 1 364 394 33 33
1113_0083_0143_0063_0063.jpg 1 83 143 63 63
1114_0046_0130_0064_0064.jpg 1 46 130 64 64
1115_0065_0134_0049_0049.jpg 1 65 134 49 49
1116_0521_0180_0028_0028.jpg 1 521 180 28 28
1117_0141_0116_0033_0033.jpg 1 141 116 33 33
1118_0155_0067_0068_0068.jpg 1 155 67 68 68
1119_0252_0079_0039_0039.jpg 1 252 79 39 39
1120_0024_0127_0038_0038.jpg 1 24 127 38 38
1121_0129_0038_0091_0091.jpg 1 129 38 91 91
1122_0089_0135_0086_0086.jpg 1 89 135 86 86
1123_0236_0065_0052_0052.jpg 1 236 65 52 52
1124_0054_0119_0083_0083.jpg 1 54 119 83 83
1125_0053_0156_0046_0046.jpg 1 53 156 46 46
1126_0328_0250_0052_0052.jpg 1 328 250 52 52
1127_0484_0289_0042_0042.jpg 1 484 289 42 42
1128_0078_0055_0038_0038.jpg 1 78 55 38 38
1129_0190_0274_0051_0051.jpg 1 190 274 51 51
1130_0194_0322_0066_0066.jpg 1 194 322 66 66
1131_0064_0089_0066_0066.jpg 1 64 89 66 66
1132_0051_0066_0083_0083.jpg 1 51 66 83 83
1133_0454_0254_0090_0090.jpg 1 454 254 90 90
1134_0400_0394_0031_0031.jpg 1 400 394 31 31
1135_0212_0142_0057_0057.jpg 1 212 142 57 57
1136_0049_0078_0039_0039.jpg 1 49 78 39 39
1137_0101_0136_0034_0034.jpg 1 101 136 34 34
1138_0180_0134_0034_0034.jpg 1 180 134 34 34
1139_0199_0102_0090_0090.jpg 1 199 102 90 90
1140_0109_0162_0035_0035.jpg 1 109 162 35 35
1141_0098_0071_0072_0072.jpg 1 98 71 72 72
1142_0118_0149_0027_0027.jpg 1 118 149 27 27
1143_0022_0158_0061_0061.jpg 1 22 158 61 61
1144_0205_0060_0082_0082.jpg 1 205 60 82 82
1145_0242_0275_0069_0069.jpg 1 242 275 69 69
1146_0140_0128_0024_0024.jpg 1 140 128 24 24
1147_0035_0131_0054_0054.jpg 1 35 131 54 54
1148_0136_0035_0033_0033.jpg 1 136 35 33 33
1149_0226_0306_0061_0061.jpg 1 226 306 61 61
1150_0483_0232_0045_0045.jpg 1 483 232 45 45
1151_0141_0131_0074_0074.jpg 1 141 131 74 74
1152_0438_0110_0049_0049.jpg 1 438 110 49 49
1153_0470_0190_0081_0081.jpg 1 470 190 81 81
1154_0187_0336_0070_0070.jpg 1 187 336 70 70
1155_0074_0075_0071_0071.jpg 1 74 75 71 71
1156_0095_0102_0088_0088.jpg 1 95 102 88 88
1157_0445_0230_0067_0067.jpg 1 445 230 67 67
1158_0187_0087_0036_0036.jpg 1 187 87 36 36
1159_0145_0161_0034_0034.jpg 1 145 161 34 34
1160_0043_0298_0042_0042.jpg 1 43 298 42 42
1161_0457_0344_0047_0047.jpg 1 457 344 47 47
1162_0055_0056_0048_0048.jpg 1 55 56 48 48
1163_0211_0030_0065_0065.jpg 1 211 30 65 65
1164_0141_0088_0075_0075.jpg 1 141 88 75 75
1165_0321_0166_0085_0085.jpg 1 321 166 85 85
1166_0391_0129_0027_0027.jpg 1 391 129 27 27
1167_0353_0252_0082_0082.jpg 1 353 252 82 82
1168_0310_0199_0045_0045.jpg 1 310 199 45 45
1169_0339_0269_0025_0025.jpg 1 339 269 25 25
1170_0146_0096_0059_0059.jpg 1 146 96 59 59
1171_0173_0107_0035_0035.jpg 1 173 107 35 35
1172_0516_0366_0024_0024.jpg 1 516 366 24 24
1173_0142_0082_0075_0075.jpg 1 142 82 75 75
1174_0122_0307_0025_0025.jpg 1 122 307 25 25
1175_0254_0242_0075_0075.jpg 1 254 242 75 75
1176_0300_0342_0026_0026.jpg 1 300 342 26 26
1177_0193_0159_0040_0040.jpg 1 193 159 40 40
1178_0023_0107_0086_0086.jpg 1 23 107 86 86
1179_0028_0047_0071_0071.jpg 1 28 47 71 71
1180_0252_0141_0079_0079.jpg 1 252 141 79 79
1181_0033_0116_0076_0076.jpg 1 33 116 76 76
1182_0340_0187_0069_0069.jpg 1 340 187 69 69
1183_0327_0337_0045_0045.jpg 1 327 337 45 45
1184_0201_0107_0044_0044.jpg 1 201 107 44 44
1185_0218_0194_0024_0024.jpg 1 218 194 24 24
1186_0183_0340_0087_0087.jpg 1 183 340 87 87
1187_0159_0150_0068_0068.jpg 1 159 150 68 68
1188_0063_0051_0086_0086.jpg 1 63 51 86 86
1189_0163_0080_0061_0061.jpg 1 163 80 61 61
1190_0119_0138_0028_0028.jpg 1 119 138 28 28
1191_0057_0295_0086_0086.jpg 1 57 295 86 86
1192_0521_0265_0060_0060.jpg 1 521 265 60 60
1193_0241_0229_0043_0043.jpg 1 241 229 43 43
1194_0220_0134_0084_0084.jpg 1 220 134 84 84
1195_0484_0110_0079_0079.jpg 1 484 110 79 79
1196_0137_0083_0071_0071.jpg 1 137 83 71 71
1197_0323_0209_0037_0037.jpg 1 323 209 37 37
1198_0293_0231_0082_0082.jpg 1 293 231 82 82
1199_0112_0379_0048_0048.jpg 1 112 379 48 48
1200_0314_0333_0089_0089.jpg 1 314 333 89 89
1201_0076_0121_0042_0042.jpg 1 76 121 42 42
1202_0081_0097_0030_0030.jpg 1 81 97 30 30
1203_0132_0064_0055_0055.jpg 1 132 64 55 55
1204_0140_0136_0075_0075.jpg 1 140 136 75 75
1205_0234_0328_0039_0039.jpg 1 234 328 39 39
1206_0126_0074_0091_0091.jpg 1 126 74 91 91
1207_0498_0314_0067_0067.jpg 1 498 314 67 67
1208_0160_0092_0064_0064.jpg 1 160 92 64 64
1209_0119_0038_0067_0067.jpg 1 119 38 67 67
1210_0088_0150_0035_0035.jpg 1 88 150 35 35
1211_0290_0500_0031_0031.jpg 1 290 500 31 31
1212_0062_0136_0081_0081.jpg 1 62 136 81 81
1213_0043_0065_0080_0080.jpg 1 43 65 80 80
1214_0475_0089_0030_0030.jpg 1 475 89 30 30
1215_0057_0037_0046_0046.jpg 1 57 37 46 46
1216_0425_0350_0086_0086.jpg 1 425 350 86 86
1217_0179_0410_0051_0051.jpg 1 179 410 51 51
1218_0286_0091_0061_0061.jpg 1 286 91 61 61
1219_0152_0293_0087_0087.jpg 1 152 293 87 87
1220_0230_0059_0032_0032.jpg 1 230 59 32 32
1221_0167_0313_0057_0057.jpg 1 167 313 57 57
1222_0063_0097_0068_0068.jpg 1 63 97 68 68
1223_0165_0070_0027_0027.jpg 1 165 70 27 27
1224_0229_0180_0037_0037.jpg 1 229 180 37 37
1225_0225_0090_0049_0049.jpg 1 225 90 49 49
1226_0449_0385_0040_0040.jpg 1 449 385 40 40
1227_0246_0074_0057_0057.jpg 1 246 74 57 57
1228_0511_0259_0068_0068.jpg 1 511 259 68 68
1229_0395_0147_0085_0085.jpg 1 395 147 85 85
1230_0056_0049_0082_0082.jpg 1 56 49 82 82
1231_0074_0113_0068_0068.jpg 1 74 113 68 68
1232_0142_0139_0059_0059.jpg 1 142 139 59 59
1233_0086_0049_0089_0089.jpg 1 86 49 89 89
1234_0028_0026_0059_0059.jpg 1 28 26 59 59
1235_0071_0186_0054_0054.jpg 1 71 186 54 54
1236_0129_0300_0031_0031.jpg 1 129 300 31 31
1237_0284_0230_0087_0087.jpg 1 284 230 87 87
1238_0109_0053_0067_0067.jpg 1 109 53 67 67
1239_0143_0160_0047_0047.jpg 1 143 160 47 47
1240_0226_0289_0029_0029.jpg 1 226 289 29 29
1241_0339_0208_0024_0024.jpg 1 339 208 24 24
1242_0503_0158_0027_0027.jpg 1 503 158 27 27
1243_0178_0121_0058_0058.jpg 1 178 121 58 58
1244_0121_0114_0082_0082.jpg 1 121 114 82 82
1245_0463_0218_0046_0046.jpg 1 463 218 46 46
1246_0178_0167_0057_0057.jpg 1 178 167 57 57
1247_0495_0240_0065_0065.jpg 1 495 240 65 65
1248_0546_0279_0028_0028.jpg 1 546 279 28 28
1249_0264_0318_0038_0038.jpg 1 264 318 38 38
1250_0073_0373_0035_0035.jpg 1 73 373 35 35
1251_0254_0166_0045_0045.jpg 1 254 166 45 45
1252_0106_0261_0052_0052.jpg 1 106 261 52 52
1253_0070_0062_0087_0087.jpg 1 70 62 87 87
1254_0412_0281_0067_0067.jpg 1 412 281 67 67
1255_0371_0057_0045_0045.jpg 1 371 57 45 45
1256_0027_0109_0068_0068.jpg 1 27 109 68 68
1257_0235_0085_0051_0051.jpg 1 235 85 51 51
1258_0494_0086_0047_0047.jpg 1 494 86 47 47
1259_0093_0125_0055_0055.jpg 1 93 125 55 55
1260_0280_0240_0040_0040.jpg 1 280 240 40 40
1261_0109_0099_0066_0066.jpg 1 109 99 66 66
1262_0166_0155_0067_0067.jpg 1 166 155 67 67
1263_0012_0027_0066_0066.jpg 1 12 27 66 66
1264_0298_0114_0029_0029.jpg 1 298 114 29 29
1265_0517_0212_0047_0047.jpg 1 517 212 47 47
1266_0151_0198_0076_0076.jpg 1 151 198 76 76
1267_0324_0301_0089_0089.jpg 1 324 301 89 89
1268_0209_0068_0081_0081.jpg 1 209 68 81 81
1269_0159_0091_0091_0091.jpg 1 159 91 91 91
1270_0060_0025_0049_0049.jpg 1 60 25 49 49
1271_0100_0159_0026_0026.jpg 1 100 159 26 26
1272_0059_0095_0075_0075.jpg 1 59 95 75 75
1273_0319_0168_0074_0074.jpg 1 319 168 74 74
1274_0342_0170_0051_0051.jpg 1 342 170 51 51
1275_0474_0098_0066_0066.jpg 1 474 98 66 66
1276_0061_0114_0088_0088.jpg 1 61 114 88 88
1277_0049_0164_0029_0029.jpg 1 49 164 29 29
1278_0337_0345_0053_0053.jpg 1 337 345 53 53
1279_0207_0328_0044_0044.jpg 1 207 328 44 44
1280_0202_0126_0039_0039.jpg 1 202 126 39 39
1281_0083_0291_0031_0031.jpg 1 83 291 31 31
1282_0115_0134_0056_0056.jpg 1 115 134 56 56
1283_0055_0123_0045_0045.jpg 1 55 123 45 45
1284_0328_0196_0034_0034.jpg 1 328 196 34 34
1285_0094_0118_0060_0060.jpg 1 94 118 60 60
1286_0088_0122_0071_0071.jpg 1 88 122 71 71
1287_0177_0112_0082_0082.jpg 1 177 112 82 82
1288_0178_0386_0024_0024.jpg 1 178 386 24 24
1289_0523_0388_0047_0047.jpg 1 523 388 47 47
1290_0158_0115_0044_0044.jpg 1 158 115 44 44
1291_0208_0018_0078_0078.jpg 1 208 18 78 78
1292_0082_0038_0057_0057.jpg 1 82 38 57 57
1293_0046_0045_0082_0082.jpg 1 46 45 82 82
1294_0171_0377_0039_0039.jpg 1 171 377 39 39
1295_0157_0235_0064_0064.jpg 1 157 235 64 64
1296_0400_0078_0078_0078.jpg 1 400 78 78 78
1297_0132_0031_0090_0090.jpg 1 132 31 90 90
1298_0103_0169_0030_0030.jpg 1 103 169 30 30
1299_0068_0159_0052_0052.jpg 1 68 159 52 52
1300_0512_0304_0057_0057.jpg 1 512 304 57 57
1301_0245_0140_0034_0034.jpg 1 245 140 34 34
1302_0163_0052_0038_0038.jpg 1 163 52 38 38
1303_0352_0087_0049_0049.jpg 1 352 87 49 49
1304_0503_0093_0059_0059.jpg 1 503 93 59 59
1305_0061_0330_0037_0037.jpg 1 61 330 37 37
1306_0496_0114_0025_0025.jpg 1 496 114 25 25
1307_0173_0026_0042_0042.jpg 1 173 26 42 42
1308_0105_0194_0024_0024.jpg 1 105 194 24 24
1309_0271_0091_0057_0057.jpg 1 271 91 57 57
1310_0106_0048_0036_0036.jpg 1 106 48 36 36
1311_0032_0088_0071_0071.jpg 1 32 88 71 71
1312_0184_0102_0025_0025.jpg 1 184 102 25 25
1313_0158_0122_0078_0078.jpg 1 158 122 78 78
1314_0354_0239_0056_0056.jpg 1 354 239 56 56
1315_0143_0048_0040_0040.jpg 1 143 48 40 40
1316_0190_0020_0039_0039.jpg 1 190 20 39 39
1317_0076_0155_0036_0036.jpg 1 76 155 36 36
1318_0159_0183_0025_0025.jpg 1 159 183 25 25
1319_0175_0347_0040_0040.jpg 1 175 347 40 40
1320_0209_0107_0058_0058.jpg 1 209 107 58 58
1321_0016_0041_0086_0086.jpg 1 16 41 86 86
1322_0319_0295_0076_0076.jpg 1 319 295 76 76
1323_0213_0032_0032_0032.jpg 1 213 32 32 32
1324_0386_0338_0068_0068.jpg 1 386 338 68 68
1325_0440_0151_0028_0028.jpg 1 440 151 28 28
1326_0206_0078_0061_0061.jpg 1 206 78 61 61
1327_0212_0469_0084_0084.jpg 1 212 469 84 84
1328_0185_0089_0063_0063.jpg 1 185 89 63 63
1329_0086_0025_0077_0077.jpg 1 86 25 77 77
1330_0073_0127_0089_0089.jpg 1 73 127 89 89
1331_0352_0097_0052_0052.jpg 1 352 97 52 52
1332_0413_0195_0051_0051.jpg 1 413 195 51 51
1333_0010_0127_0061_0061.jpg 1 10 127 61 61
1334_0056_0110_0042_0042.jpg 1 56 110 42 42
1335_0150_0191_0054_0054.jpg 1 150 191 54 54
1336_0039_0119_0052_0052.jpg 1 39 119 52 52
1337_0157_0156_0074_0074.jpg 1 157 156 74 74
1338_0134_0092_0081_0081.jpg 1 134 92 81 81
1339_0407_0177_0038_0038.jpg 1 407 177 38 38
1340_0041_0084_0055_0055.jpg 1 41 84 55 55
1341_0043_0123_0058_0058.jpg 1 43 123 58 58
1342_0357_0158_0085_0085.jpg 1 357 158 85 85
1343_0061_0107_0081_0081.jpg 1 61 107 81 81
1344_0276_0313_0084_0084.jpg 1 276 313 84 84
1345_0089_0182_0030_0030.jpg 1 89 182 30 30
1346_0059_0067_0045_0045.jpg 1 59 67 45 45
1347_0137_0275_0048_0048.jpg 1 137 275 48 48
1348_0144_0058_0042_0042.jpg 1 144 58 42 42
1349_0102_0103_0066_0066.jpg 1 102 103 66 66
1350_0051_0153_0052_0052.jpg 1 51 153 52 52
1351_0065_0120_0086_0086.jpg 1 65 120 86 86
1352_0332_0055_0044_0044.jpg 1 332 55 44 44
1353_0401_0300_0084_0084.jpg 1 401 300 84 84
1354_0488_0179_0077_0077.jpg 1 488 179 77 77
1355_0168_0095_0086_0086.jpg 1 168 95 86 86
1356_0102_0314_0035_0035.jpg 1 102 314 35 35
1357_0102_0074_0071_0071.jpg 1 102 74 71 71
1358_0068_0038_0061_0061.jpg 1 68 38 61 61
1359_0406_0226_0072_0072.jpg 1 406 226 72 72
1360_0470_0254_0087_0087.jpg 1 470 254 87 87
1361_0083_0159_0060_0060.jpg 1 83 159 60 60
1362_0226_0295_0043_0043.jpg 1 226 295 43 43
1363_0115_0181_0047_0047.jpg 1 115 181 47 47
1364_0110_0215_0074_0074.jpg 1 110 215 74 74
1365_0230_0283_0061_0061.jpg 1 230 283 61 61
1366_0076_0044_0033_0033.jpg 1 76 44 33 33
1367_0269_0127_0080_0080.jpg 1 269 127 80 80
1368_0465_0187_0065_0065.jpg 1 465 187 65 65
1369_0519_0183_0034_0034.jpg 1 519 183 34 34
1370_0456_0360_0061_0061.jpg 1 456 360 61 61
1371_0327_0261_0031_0031.jpg 1 327 261 31 31
1372_0379_0172_0084_0084.jpg 1 379 172 84 84
1373_0410_0157_0050_0050.jpg 1 410 157 50 50
1374_0128_0322_0080_0080.jpg 1 128 322 80 80
1375_0408_0136_0054_0054.jpg 1 408 136 54 54
1376_0034_0021_0071_0071.jpg 1 34 21 71 71
1377_0084_0027_0064_0064.jpg 1 84 27 64 64
1378_0391_0325_0050_0050.jpg 1 391 325 50 50
1379_0081_0244_0077_0077.jpg 1 81 244 77 77
1380_0042_0105_0080_0080.jpg 1 42 105 80 80
1381_0363_0067_0074_0074.jpg 1 363 67 74 74
1382_0299_0091_0045_0045.jpg 1 299 91 45 45
1383_0072_0293_0071_0071.jpg 1 72 293 71 71
1384_0093_0112_0057_0057.jpg 1 93 112 57 57
1385_0239_0015_0036_0036.jpg 1 239 15 36 36
1386_0229_0471_0024_0024.jpg 1 229 471 24 24
1387_0251_0149_0034_0034.jpg 1 251 149 34 34
1388_0277_0354_0059_0059.jpg 1 277 354 59 59
1389_0455_0165_0050_0050.jpg 1 455 165 50 50
1390_0244_0405_0047_0047.jpg 1 244 405 47 47
1391_0281_0121_0029_0029.jpg 1 281 121 29 29
1392_0086_0397_0061_0061.jpg 1 86 397 61 61
1393_0136_0054_0082_0082.jpg 1 136 54 82 82
1394_0123_0219_0027_0027.jpg 1 123 219 27 27
1395_0153_0263_0025_0025.jpg 1 153 263 25 25
1396_0336_0165_0064_0064.jpg 1 336 165 64 64
1397_0041_0147_0066_0066.jpg 1 41 147 66 66
1398_0366_0051_0039_0039.jpg 1 366 51 39 39
1399_0081_0134_0085_0085.jpg 1 81 134 85 85
1400_0024_0112_0084_0084.jpg 1 24 112 84 84
1401_0020_0084_0070_0070.jpg 1 20 84 70 70
1402_0423_0198_0090_0090.jpg 1 423 198 90 90
1403_0110_0343_0046_0046.jpg 1 110 343 46 46
1404_0078_0154_0026_0026.jpg 1 78 154 26 26
1405_0098_0282_0074_0074.jpg 1 98 282 74 74
1406_0470_0145_0056_0056.jpg 1 470 145 56 56
1407_0369_0143_0078_0078.jpg 1 369 143 78 78
1408_0027_0061_0078_0078.jpg 1 27 61 78 78
1409_0067_0026_0080_0080.jpg 1 67 26 80 80
1410_0103_0131_0062_0062.jpg 1 103 131 62 62
1411_0041_0092_0067_0067.jpg 1 41 92 67 67
1412_0163_0073_0047_0047.jpg 1 163 73 47 47
1413_0080_0078_0048_0048.jpg 1 80 78 48 48
1414_0096_0346_0045_0045.jpg 1 96 346 45 45
1415_0179_0103_0070_0070.jpg 1 179 103 70 70
1416_0291_0202_0084_0084.jpg 1 291 202 84 84
1417_0420_0308_0031_0031.jpg 1 420 308 31 31
1418_0038_0112_0050_0050.jpg 1 38 112 50 50
1419_0091_0179_0071_0071.jpg 1 91 179 71 71
1420_0088_0175_0081_0081.jpg 1 88 175 81 81
1421_0052_0022_0025_0025.jpg 1 52 22 25 25
1422_0170_0090_0072_0072.jpg 1 170 90 72 72
1423_0058_0137_0074_0074.jpg 1 58 137 74 74
1424_0311_0359_0045_0045.jpg 1 311 359 45 45
1425_0295_0295_0032_0032.jpg 1 295 295 32 32
1426_0119_0074_0076_0076.jpg 1 119 74 76 76
1427_0485_0134_0062_0062.jpg 1 485 134 62 62
1428_0103_0114_0058_0058.jpg 1 103 114 58 58
1429_0373_0072_0077_0077.jpg 1 373 72 77 77
1430_0357_0184_0061_0061.jpg 1 357 184 61 61
1431_0145_0172_0039_0039.jpg 1 145 172 39 39
1432_0022_0084_0061_0061.jpg 1 22 84 61 61
1433_0482_0304_0082_0082.jpg 1 482 304 82 82
1434_0200_0032_0084_0084.jpg 1 200 32 84 84
1435_0045_0179_0034_0034.jpg 1 45 179 34 34
1436_0068_0169_0034_0034.jpg 1 68 169 34 34
1437_0128_0020_0027_0027.jpg 1 128 20 27 27
1438_0014_0144_0055_0055.jpg 1 14 144 55 55
1439_0260_0381_0036_0036.jpg 1 260 381 36 36
1440_0160_0088_0091_0091.jpg 1 160 88 91 91
1441_0115_0042_0029_0029.jpg 1 115 42 29 29
1442_0138_0092_0053_0053.jpg 1 138 92 53 53
1443_0160_0013_0080_0080.jpg 1 160 13 80 80
1444_0056_0155_0027_0027.jpg 1 56 155 27 27
1445_0199_0075_0079_0079.jpg 1 199 75 79 79
1446_0107_0352_0063_0063.jpg 1 107 352 63 63
1447_0119_0069_0065_0065.jpg 1 119 69 65 65
1448_0135_0070_0051_0051.jpg 1 135 70 51 51
1449_0066_0015_0089_0089.jpg 1 66 15 89 89
1450_0017_0103_0084_0084.jpg 1 17 103 84 84
1451_0242_0125_0030_0030.jpg 1 242 125 30 30
1452_0099_0065_0085_0085.jpg 1 99 65 85 85
1453_0112_0078_0043_0043.jpg 1 112 78 43 43
1454_0163_0352_0033_0033.jpg 1 163 352 33 33
1455_0320_0172_0074_0074.jpg 1 320 172 74 74
1456_0480_0222_0042_0042.jpg 1 480 222 42 42
1457_0328_0213_0041_0041.jpg 1 328 213 41 41
1458_0246_0143_0034_0034.jpg 1 246 143 34 34
1459_0059_0072_0082_0082.jpg 1 59 72 82 82
1460_0037_0122_0060_0060.jpg 1 37 122 60 60
1461_0107_0265_0085_0085.jpg 1 107 265 85 85
1462_0350_0081_0076_0076.jpg 1 350 81 76 76
1463_0161_0144_0073_0073.jpg 1 161 144 73 73
1464_0314_0207_0071_0071.jpg 1 314 207 71 71
1465_0119_0077_0038_0038.jpg 1 119 77 38 38
1466_0261_0080_0058_0058.jpg 1 261 80 58 58
1467_0221_0320_0046_0046.jpg 1 221 320 46 46
1468_0405_0098_0085_0085.jpg 1 405 98 85 85
1469_0193_0049_0072_0072.jpg 1 193 49 72 72
1470_0335_0137_0060_0060.jpg 1 335 137 60 60
1471_0198_0083_0087_0087.jpg 1 198 83 87 87
1472_0400_0126_0034_0034.jpg 1 400 126 34 34
1473_0072_0101_0085_0085.jpg 1 72 101 85 85
1474_0125_0066_0056_0056.jpg 1 125 66 56 56
1475_0075_0384_0086_0086.jpg 1 75 384 86 86
1476_0061_0030_0089_0089.jpg 1 61 30 89 89
1477_0435_0370_0037_0037.jpg 1 435 370 37 37
1478_0063_0020_0050_0050.jpg 1 63 20 50 50
1479_0169_0138_0029_0029.jpg 1 169 138 29 29
1480_0192_0039_0050_0050.jpg 1 192 39 50 50
1481_0252_0492_0041_0041.jpg 1 252 492 41 41
1482_0341_0247_0048_0048.jpg 1 341 247 48 48
1483_0287_0202_0065_0065.jpg 1 287 202 65 65
1484_0542_0238_0027_0027.jpg 1 542 238 27 27
1485_0401_0360_0065_0065.jpg 1 401 360 65 65
1486_0051_0156_0042_0042.jpg 1 51 156 42 42
1487_0138_0102_0081_0081.jpg 1 138 102 81 81
1488_0237_0187_0079_0079.jpg 1 237 187 79 79
1489_0332_0383_0037_0037.jpg 1 332 383 37 37
1490_0117_0092_0062_0062.jpg 1 117 92 62 62
1491_0320_0182_0061_0061.jpg 1 320 182 61 61
1492_0288_0240_0062_0062.jpg 1 288 240 62 62
1493_0459_0128_0034_0034.jpg 1 459 128 34 34
1494_0124_0028_0046_0046.jpg 1 124 28 46 46
1495_0118_0057_0086_0086.jpg 1 118 57 86 86
1496_0081_0172_0046_0046.jpg 1 81 172 46 46
1497_0532_0195_0031_0031.jpg 1 532 195 31 31
1498_0349_0284_0068_0068.jpg 1 349 284 68 68
1499_0034_0041_0084_0084.jpg 1 34 41 84 84
1500_0509_0385_0029_0029.jpg 1 509 385 29 29
1501_0421_0129_0030_0030.jpg 1 421 129 30 30
1502_0160_0211_0088_0088.jpg 1 160 211 88 88
1503_0158_0238_0066_0066.jpg 1 158 238 66 66
1504_0019_0077_0069_0069.jpg 1 19 77 69 69
1505_0055_0056_0065_0065.jpg 1 55 56 65 65
1506_0364_0317_0058_0058.jpg 1 364 317 58 58
1507_0231_0263_0045_0045.jpg 1 231 263 45 45
1508_0115_0112_0084_0084.jpg 1 115 112 84 84
1509_0224_0232_0045_0045.jpg 1 224 232 45 45
1510_0041_0066_0062_0062.jpg 1 41 66 62 62
1511_0454_0235_0071_0071.jpg 1 454 235 71 71
1512_0190_0217_0063_0063.jpg 1 190 217 63 63
1513_0376_0343_0038_0038.jpg 1 376 343 38 38
1514_0103_0074_0074_0074.jpg 1 103 74 74 74
1515_0398_0119_0048_0048.jpg 1 398 119 48 48
1516_0178_0095_0029_0029.jpg 1 178 95 29 29
1517_0083_0144_0049_0049.jpg 1 83 144 49 49
1518_0292_0347_0087_0087.jpg 1 292 347 87 87
1519_0199_0021_0061_0061.jpg 1 199 21 61 61
1520_0331_0094_0054_0054.jpg 1 331 94 54 54
1521_0205_0062_0069_0069.jpg 1 205 62 69 69
1522_0068_0074_0037_0037.jpg 1 68 74 37 37
1523_0017_0072_0061_0061.jpg 1 17 72 61 61
1524_0154_0021_0053_0053.jpg 1 154 21 53 53
1525_0124_0048_0026_0026.jpg 1 124 48 26 26
1526_0115_0101_0045_0045.jpg 1 115 101 45 45
1527_0134_0027_0062_0062.jpg 1 134 27 62 62
1528_0508_0192_0032_0032.jpg 1 508 192 32 32
1529_0043_0082_0063_0063.jpg 1 43 82 63 63
1530_0193_0090_0028_0028.jpg 1 193 90 28 28
1531_0077_0085_0036_0036.jpg 1 77 85 36 36
1532_0142_0118_0091_0091.jpg 1 142 118 91 91
1533_0034_0101_0046_0046.jpg 1 34 101 46 46
1534_0290_0147_0072_0072.jpg 1 290 147 72 72
1535_0129_0132_0086_0086.jpg 1 129 132 86 86
1536_0443_0080_0064_0064.jpg 1 443 80 64 64
1537_0063_0105_0024_0024.jpg 1 63 105 24 24
1538_0145_0072_0033_0033.jpg 1 145 72 33 33
1539_0088_0045_0081_0081.jpg 1 88 45 81 81
1540_0119_0084_0089_0089.jpg 1 119 84 89 89
1541_0079_0137_0046_0046.jpg 1 79 137 46 46
1542_0068_0108_0057_0057.jpg 1 68 108 57 57
1543_0193_0107_0043_0043.jpg 1 193 107 43 43
1544_0062_0277_0091_0091.jpg 1 62 277 91 91
1545_0374_0153_0061_0061.jpg 1 374 153 61 61
1546_0380_0106_0082_0082.jpg 1 380 106 82 82
1547_0044_0131_0056_0056.jpg 1 44 131 56 56
1548_0070_0076_0025_0025.jpg 1 70 76 25 25
1549_0501_0075_0078_0078.jpg 1 501 75 78 78
1550_0061_0214_0024_0024.jpg 1 61 214 24 24
1551_0332_0238_0074_0074.jpg 1 332 238 74 74
1552_0054_0032_0089_0089.jpg 1 54 32 89 89
1553_0092_0062_0084_0084.jpg 1 92 62 84 84
1554_0080_0129_0073_0073.jpg 1 80 129 73 73
1555_0035_0187_0028_0028.jpg 1 35 187 28 28
1556_0096_0121_0071_0071.jpg 1 96 121 71 71
1557_0316_0452_0071_0071.jpg 1 316 452 71 71
1558_0029_0161_0053_0053.jpg 1 29 161 53 53
1559_0430_0364_0047_0047.jpg 1 430 364 47 47
1560_0351_0346_0081_0081.jpg 1 351 346 81 81
1561_0070_0052_0049_0049.jpg 1 70 52 49 49
1562_0468_0260_0055_0055.jpg 1 468 260 55 55
1563_0046_0175_0044_0044.jpg 1 46 175 44 44
1564_0298_0466_0065_0065.jpg 1 298 466 65 65
1565_0237_0323_0059_0059.jpg 1 237 323 59 59
1566_0273_0366_0047_0047.jpg 1 273 366 47 47
1567_0193_0088_0046_0046.jpg 1 193 88 46 46
1568_0081_0057_0070_0070.jpg 1 81 57 70 70
1569_0132_0121_0066_0066.jpg 1 132 121 66 66
1570_0452_0217_0091_0091.jpg 1 452 217 91 91
1571_0421_0291_0086_0086.jpg 1 421 291 86 86
1572_0126_0236_0038_0038.jpg 1 126 236 38 38
1573_0168_0074_0059_0059.jpg 1 168 74 59 59
1574_0160_0327_0085_0085.jpg 1 160 327 85 85
1575_0024_0062_0091_0091.jpg 1 24 62 91 91
1576_0143_0150_0036_0036.jpg 1 143 150 36 36
1577_0481_0129_0070_0070.jpg 1 481 129 70 70
1578_0278_0480_0031_0031.jpg 1 278 480 31 31
1579_0279_0155_0077_0077.jpg 1 279 155 77 77
1580_0111_0101_0070_0070.jpg 1 111 101 70 70
1581_0108_0133_0063_0063.jpg 1 108 133 63 63
1582_0031_0113_0078_0078.jpg 1 31 113 78 78
1583_0052_0045_0050_0050.jpg 1 52 45 50 50
1584_0178_0075_0059_0059.jpg 1 178 75 59 59
1585_0041_0142_0058_0058.jpg 1 41 142 58 58
1586_0457_0260_0048_0048.jpg 1 457 260 48 48
1587_0140_0285_0070_0070.jpg 1 140 285 70 70
1588_0015_0123_0084_0084.jpg 1 15 123 84 84
1589_0182_0081_0049_0049.jpg 1 182 81 49 49
1590_0117_0045_0060_0060.jpg 1 117 45 60 60
1591_0038_0128_0085_0085.jpg 1 38 128 85 85
1592_0052_0069_0042_0042.jpg 1 52 69 42 42
1593_0523_0296_0055_0055.jpg 1 523 296 55 55
1594_0352_0262_0067_0067.jpg 1 352 262 67 67
1595_0241_0140_0057_0057.jpg 1 241 140 57 57
1596_0148_0386_0083_0083.jpg 1 148 386 83 83
1597_0069_0344_0090_0090.jpg 1 69 344 90 90
1598_0042_0042_0032_0032.jpg 1 42 42 32 32
1599_0140_0053_0050_0050.jpg 1 140 53 50 50
1600_0203_0046_0074_0074.jpg 1 203 46 74 74
1601_0028_0020_0037_0037.jpg 1 28 20 37 37
1602_0496_0325_0083_0083.jpg 1 496 325 83 83
1603_0386_0181_0057_0057.jpg 1 386 181 57 57
1604_0245_0313_0079_0079.jpg 1 245 313 79 79
1605_0324_0278_0025_0025.jpg 1 324 278 25 25
1606_0095_0142_0051_0051.jpg 1 95 142 51 51
1607_0136_0126_0054_0054.jpg 1 136 126 54 54
1608_0463_0365_0025_0025.jpg 1 463 365 25 25
1609_0534_0065_0046_0046.jpg 1 534 65 46 46
1610_0198_0255_0033_0033.jpg 1 198 255 33 33
1611_0049_0146_0075_0075.jpg 1 49 146 75 75
1612_0123_0054_0041_0041.jpg 1 123 54 41 41
1613_0084_0084_0046_0046.jpg 1 84 84 46 46
1614_0253_0337_0037_0037.jpg 1 253 337 37 37
1615_0219_0112_0059_0059.jpg 1 219 112 59 59
1616_0195_0130_0065_0065.jpg 1 195 130 65 65
1617_0105_0029_0045_0045.jpg 1 105 29 45 45
1618_0080_0292_0052_0052.jpg 1 80 292 52 52
1619_0505_0089_0036_0036.jpg 1 505 89 36 36
1620_0085_0055_0052_0052.jpg 1 85 55 52 52
1621_0393_0262_0042_0042.jpg 1 393 262 42 42
1622_0042_0061_0091_0091.jpg 1 42 61 91 91
1623_0225_0078_0050_0050.jpg 1 225 78 50 50
1624_0392_0261_0027_0027.jpg 1 392 261 27 27
1625_0103_0021_0078_0078.jpg 1 103 21 78 78
1626_0084_0052_0059_0059.jpg 1 84 52 59 59
1627_0279_0223_0066_0066.jpg 1 279 223 66 66
1628_0188_0370_0056_0056.jpg 1 188 370 56 56
1629_0471_0172_0053_0053.jpg 1 471 172 53 53
1630_0018_0161_0045_0045.jpg 1 18 161 45 45
1631_0109_0069_0081_0081.jpg 1 109 69 81 81
1632_0358_0232_0052_0052.jpg 1 358 232 52 52
1633_0436_0172_0075_0075.jpg 1 436 172 75 75
1634_0247_0021_0037_0037.jpg 1 247 21 37 37
1635_0369_0273_0077_0077.jpg 1 369 273 77 77
1636_0056_0101_0025_0025.jpg 1 56 101 25 25
1637_0148_0156_0034_0034.jpg 1 148 156 34 34
1638_0072_0135_0025_0025.jpg 1 72 135 25 25
1639_0044_0086_0055_0055.jpg 1 44 86 55 55
1640_0479_0322_0025_0025.jpg 1 479 322 25 25
1641_0109_0270_0075_0075.jpg 1 109 270 75 75
1642_0097_0071_0053_0053.jpg 1 97 71 53 53
1643_0124_0324_0042_0042.jpg 1 124 324 42 42
1644_0138_0016_0035_0035.jpg 1 138 16 35 35
1645_0118_0280_0032_0032.jpg 1 118 280 32 32
1646_0127_0211_0069_0069.jpg 1 127 211 69 69
1647_0143_0098_0079_0079.jpg 1 143 98 79 79
1648_0318_0059_0057_0057.jpg 1 318 59 57 57
1649_0393_0169_0040_0040.jpg 1 393 169 40 40
1650_0485_0101_0025_0025.jpg 1 485 101 25 25
1651_0140_0114_0081_0081.jpg 1 140 114 81 81
1652_0338_0379_0031_0031.jpg 1 338 379 31 31
1653_0173_0145_0050_0050.jpg 1 173 145 50 50
1654_0160_0116_0075_0075.jpg 1 160 116 75 75
1655_0543_0075_0035_0035.jpg 1 543 75 35 35
1656_0046_0076_0091_0091.jpg 1 46 76 91 91
1657_0147_0021_0037_0037.jpg 1 147 21 37 37
1658_0196_0101_0047_0047.jpg 1 196 101 47 47
1659_0173_0065_0050_0050.jpg 1 173 65 50 50
1660_0224_0119_0032_0032.jpg 1 224 119 32 32
1661_0262_0157_0046_0046.jpg 1 262 157 46 46
1662_0052_0168_0031_0031.jpg 1 52 168 31 31
1663_0028_0051_0064_0064.jpg 1 28 51 64 64
1664_0214_0115_0050_0050.jpg 1 214 115 50 50
1665_0225_0048_0044_0044.jpg 1 225 48 44 44
1666_0106_0135_0063_0063.jpg 1 106 135 63 63
1667_0278_0205_0036_0036.jpg 1 278 205 36 36
1668_0137_0261_0054_0054.jpg 1 137 261 54 54
1669_0125_0140_0050_0050.jpg 1 125 140 50 50
1670_0039_0150_0040_0040.jpg 1 39 150 40 40
1671_0254_0202_0072_0072.jpg 1 254 202 72 72
1672_0183_0096_0069_0069.jpg 1 183 96 69 69
1673_0135_0538_0032_0032.jpg 1 135 538 32 32
1674_0047_0111_0038_0038.jpg 1 47 111 38 38
1675_0469_0050_0035_0035.jpg 1 469 50 35 35
1676_0045_0177_0024_0024.jpg 1 45 177 24 24
1677_0211_0054_0080_0080.jpg 1 211 54 80 80
1678_0245_0089_0046_0046.jpg 1 245 89 46 46
1679_0132_0068_0081_0081.jpg 1 132 68 81 81
1680_0378_0168_0045_0045.jpg 1 378 168 45 45
1681_0354_0297_0056_0056.jpg 1 354 297 56 56
1682_0197_0178_0027_0027.jpg 1 197 178 27 27
1683_0495_0397_0029_0029.jpg 1 495 397 29 29
1684_0109_0162_0041_0041.jpg 1 109 162 41 41
1685_0090_0084_0060_0060.jpg 1 90 84 60 60
1686_0332_0413_0060_0060.jpg 1 332 413 60 60
1687_0130_0354_0085_0085.jpg 1 130 354 85 85
1688_0180_0190_0053_0053.jpg 1 180 190 53 53
1689_0079_0028_0042_0042.jpg 1 79 28 42 42
1690_0133_0064_0057_0057.jpg 1 133 64 57 57
1691_0096_0096_0058_0058.jpg 1 96 96 58 58
1692_0268_0320_0065_0065.jpg 1 268 320 65 65
1693_0248_0118_0058_0058.jpg 1 248 118 58 58
1694_0111_0284_0046_0046.jpg 1 111 284 46 46
1695_0119_0111_0091_0091.jpg 1 119 111 91 91
1696_0032_0018_0064_0064.jpg 1 32 18 64 64
1697_0382_0200_0058_0058.jpg 1 382 200 58 58
1698_0298_0044_0065_0065.jpg 1 298 44 65 65
1699_0172_0106_0083_0083.jpg 1 172 106 83 83
1700_0430_0212_0049_0049.jpg 1 430 212 49 49
1701_0087_0074_0042_0042.jpg 1 87 74 42 42
1702_0077_0080_0035_0035.jpg 1 77 80 35 35
1703_0156_0150_0064_0064.jpg 1 156 150 64 64
1704_0184_0044_0058_0058.jpg 1 184 44 58 58
1705_0256_0347_0041_0041.jpg 1 256 347 41 41
1706_0093_0094_0090_0090.jpg 1 93 94 90 90
1707_0086_0099_0053_0053.jpg 1 86 99 53 53
1708_0431_0142_0067_0067.jpg 1 431 142 67 67
1709_0046_0124_0054_0054.jpg 1 46 124 54 54
1710_0256_0458_0077_0077.jpg 1 256 458 77 77
1711_0159_0033_0059_0059.jpg 1 159 33 59 59
1712_0053_0093_0067_0067.jpg 1 53 93 67 67
1713_0052_0136_0063_0063.jpg 1 52 136 63 63
1714_0289_0320_0059_0059.jpg 1 289 320 59 59
1715_0352_0229_0070_0070.jpg 1 352 229 70 70
1716_0367_0251_0071_0071.jpg 1 367 251 71 71
1717_0283_0163_0059_0059.jpg 1 283 163 59 59
1718_0523_0132_0051_0051.jpg 1 523 132 51 51
1719_0333_0154_0059_0059.jpg 1 333 154 59 59
1720_0239_0032_0031_0031.jpg 1 239 32 31 31
1721_0158_0038_0074_0074.jpg 1 158 38 74 74
1722_0193_0392_0028_0028.jpg 1 193 392 28 28
1723_0166_0460_0070_0070.jpg 1 166 460 70 70
1724_0257_0395_0034_0034.jpg 1 257 395 34 34
1725_0371_0347_0030_0030.jpg 1 371 347 30 30
1726_0119_0130_0028_0028.jpg 1 119 130 28 28
1727_0162_0162_0027_0027.jpg 1 162 162 27 27
1728_0199_0315_0038_0038.jpg 1 199 315 38 38
1729_0182_0294_0067_0067.jpg 1 182 294 67 67
1730_0061_0124_0076_0076.jpg 1 61 124 76 76
1731_0112_0236_0029_0029.jpg 1 112 236 29 29
1732_0274_0346_0040_0040.jpg 1 274 346 40 40
1733_0396_0072_0079_0079.jpg 1 396 72 79 79
1734_0256_0231_0032_0032.jpg 1 256 231 32 32
1735_0176_0243_0033_0033.jpg 1 176 243 33 33
1736_0133_0035_0030_0030.jpg 1 133 35 30 30
1737_0214_0086_0029_0029.jpg 1 214 86 29 29
1738_0085_0105_0084_0084.jpg 1 85 105 84 84
1739_0093_0093_0067_0067.jpg 1 93 93 67 67
1740_0131_0046_0034_0034.jpg 1 131 46 34 34
1741_0056_0107_0050_0050.jpg 1 56 107 50 50
1742_0050_0123_0055_0055.jpg 1 50 123 55 55
1743_0480_0360_0076_0076.jpg 1 480 360 76 76
1744_0465_0178_0044_0044.jpg 1 465 178 44 44
1745_0214_0224_0028_0028.jpg 1 214 224 28 28
1746_0091_0127_0088_0088.jpg 1 91 127 88 88
1747_0028_0129_0059_0059.jpg 1 28 129 59 59
1748_0298_0213_0090_0090.jpg 1 298 213 90 90
1749_0189_0349_0081_0081.jpg 1 189 349 81 81
1750_0070_0095_0039_0039.jpg 1 70 95 39 39
1751_0105_0334_0069_0069.jpg 1 105 334 69 69
1752_0129_0196_0042_0042.jpg 1 129 196 42 42
1753_0058_0029_0053_0053.jpg 1 58 29 53 53
1754_0203_0046_0075_0075.jpg 1 203 46 75 75
1755_0076_0116_0058_0058.jpg 1 76 116 58 58
1756_0017_0098_0032_0032.jpg 1 17 98 32 32
1757_0213_0082_0069_0069.jpg 1 213 82 69 69
1758_0238_0086_0064_0064.jpg 1 238 86 64 64
1759_0415_0174_0083_0083.jpg 1 415 174 83 83
1760_0537_0050_0033_0033.jpg 1 537 50 33 33
1761_0236_0247_0032_0032.jpg 1 236 247 32 32
1762_0110_0236_0091_0091.jpg 1 110 236 91 91
1763_0069_0108_0052_0052.jpg 1 69 108 52 52
1764_0061_0020_0078_0078.jpg 1 61 20 78 78
1765_0433_0313_0074_0074.jpg 1 433 313 74 74
1766_0181_0314_0058_0058.jpg 1 181 314 58 58
1767_0504_0041_0077_0077.jpg 1 504 41 77 77
1768_0233_0222_0025_0025.jpg 1 233 222 25 25
1769_0037_0023_0066_0066.jpg 1 37 23 66 66
1770_0093_0108_0041_0041.jpg 1 93 108 41 41
1771_0009_0141_0051_0051.jpg 1 9 141 51 51
1772_0030_0130_0046_0046.jpg 1 30 130 46 46
1773_0308_0194_0086_0086.jpg 1 308 194 86 86
1774_0271_0127_0032_0032.jpg 1 271 127 32 32
1775_0142_0230_0043_0043.jpg 1 142 230 43 43
1776_0421_0323_0027_0027.jpg 1 421 323 27 27
1777_0114_0124_0084_0084.jpg 1 114 124 84 84
1778_0031_0141_0066_0066.jpg 1 31 141 66 66
1779_0419_0322_0059_0059.jpg 1 419 322 59 59
1780_0399_0294_0065_0065.jpg 1 399 294 65 65
1781_0063_0103_0044_0044.jpg 1 63 103 44 44
1782_0357_0181_0035_0035.jpg 1 357 181 35 35
1783_0436_0298_0081_0081.jpg 1 436 298 81 81
1784_0324_0283_0047_0047.jpg 1 324 283 47 47
1785_0126_0074_0055_0055.jpg 1 126 74 55 55
1786_0032_0184_0028_0028.jpg 1 32 184 28 28
1787_0203_0051_0075_0075.jpg 1 203 51 75 75
1788_0093_0065_0038_0038.jpg 1 93 65 38 38
1789_0176_0133_0065_0065.jpg 1 176 133 65 65
1790_0240_0295_0066_0066.jpg 1 240 295 66 66
1791_0087_0326_0056_0056.jpg 1 87 326 56 56
1792_0111_0136_0049_0049.jpg 1 111 136 49 49
1793_0511_0368_0059_0059.jpg 1 511 368 59 59
1794_0095_0109_0052_0052.jpg 1 95 109 52 52
1795_0044_0109_0059_0059.jpg 1 44 109 59 59
1796_0167_0165_0075_0075.jpg 1 167 165 75 75
1797_0340_0237_0049_0049.jpg 1 340 237 49 49
1798_0115_0068_0090_0090.jpg 1 115 68 90 90
1799_0351_0314_0080_0080.jpg 1 351 314 80 80
1800_0113_0174_0069_0069.jpg 1 113 174 69 69
1801_0346_0064_0062_0062.jpg 1 346 64 62 62
1802_0362_0316_0029_0029.jpg 1 362 316 29 29
1803_0487_0046_0077_0077.jpg 1 487 46 77 77
1804_0285_0410_0032_0032.jpg 1 285 410 32 32
1805_0087_0090_0078_0078.jpg 1 87 90 78 78
1806_0096_0391_0029_0029.jpg 1 96 391 29 29
1807_0423_0245_0085_0085.jpg 1 423 245 85 85
1808_0239_0077_0025_0025.jpg 1 239 77 25 25
1809_0077_0087_0060_0060.jpg 1 77 87 60 60
1810_0231_0076_0059_0059.jpg 1 231 76 59 59
1811_0023_0118_0058_0058.jpg 1 23 118 58 58
1812_0199_0007_0069_0069.jpg 1 199 7 69 69
1813_0446_0249_0088_0088.jpg 1 446 249 88 88
1814_0289_0150_0063_0063.jpg 1 289 150 63 63
1815_0180_0031_0060_0060.jpg 1 180 31 60 60
1816_0507_0319_0061_0061.jpg 1 507 319 61 61
1817_0309_0079_0083_0083.jpg 1 309 79 83 83
1818_0386_0250_0039_0039.jpg 1 386 250 39 39
1819_0131_0168_0086_0086.jpg 1 131 168 86 86
1820_0030_0068_0044_0044.jpg 1 30 68 44 44
1821_0026_0108_0089_0089.jpg 1 26 108 89 89
1822_0057_0121_0055_0055.jpg 1 57 121 55 55
1823_0534_0299_0034_0034.jpg 1 534 299 34 34
1824_0160_0099_0026_0026.jpg 1 160 99 26 26
1825_0146_0143_0034_0034.jpg 1 146 143 34 34
1826_0124_0107_0059_0059.jpg 1 124 107 59 59
1827_0051_0450_0050_0050.jpg 1 51 450 50 50
1828_0010_0067_0070_0070.jpg 1 10 67 70 70
1829_0386_0266_0087_0087.jpg 1 386 266 87 87
1830_0119_0092_0035_0035.jpg 1 119 92 35 35
1831_0152_0526_0054_0054.jpg 1 152 526 54 54
1832_0029_0034_0078_0078.jpg 1 29 34 78 78
1833_0057_0040_0050_0050.jpg 1 57 40 50 50
1834_0447_0195_0060_0060.jpg 1 447 195 60 60
1835_0078_0070_0069_0069.jpg 1 78 70 69 69
1836_0075_0167_0070_0070.jpg 1 75 167 70 70
1837_0154_0224_0090_0090.jpg 1 154 224 90 90
1838_0408_0292_0050_0050.jpg 1 408 292 50 50
1839_0297_0039_0027_0027.jpg 1 297 39 27 27
1840_0144_0080_0050_0050.jpg 1 144 80 50 50
1841_0030_0048_0080_0080.jpg 1 30 48 80 80
1842_0354_0201_0044_0044.jpg 1 354 201 44 44
1843_0156_0033_0089_0089.jpg 1 156 33 89 89
1844_0126_0152_0047_0047.jpg 1 126 152 47 47
1845_0047_0163_0029_0029.jpg 1 47 163 29 29
1846_0100_0022_0048_0048.jpg 1 100 22 48 48
1847_0091_0026_0061_0061.jpg 1 91 26 61 61
1848_0033_0099_0039_0039.jpg 1 33 99 39 39
1849_0226_0151_0041_0041.jpg 1 226 151 41 41
1850_0344_0223_0060_0060.jpg 1 344 223 60 60
1851_0482_0291_0081_0081.jpg 1 482 291 81 81
1852_0451_0150_0061_0061.jpg 1 451 150 61 61
1853_0158_0035_0064_0064.jpg 1 158 35 64 64
1854_0066_0158_0061_0061.jpg 1 66 158 61 61
1855_0130_0142_0025_0025.jpg 1 130 142 25 25
1856_0318_0114_0082_0082.jpg 1 318 114 82 82
1857_0217_0284_0059_0059.jpg 1 217 284 59 59
1858_0041_0061_0027_0027.jpg 1 41 61 27 27
1859_0018_0076_0036_0036.jpg 1 18 76 36 36
1860_0169_0110_0047_0047.jpg 1 169 110 47 47
1861_0240_0483_0028_0028.jpg 1 240 483 28 28
1862_0022_0034_0086_0086.jpg 1 22 34 86 86
1863_0191_0064_0068_0068.jpg 1 191 64 68 68
1864_0090_0051_0049_0049.jpg 1 90 51 49 49
1865_0186_0295_0028_0028.jpg 1 186 295 28 28
1866_0100_0115_0047_0047.jpg 1 100 115 47 47
1867_0135_0076_0074_0074.jpg 1 135 76 74 74
1868_0128_0138_0042_0042.jpg 1 128 138 42 42
1869_0180_0111_0025_0025.jpg 1 180 111 25 25
1870_0032_0165_0046_0046.jpg 1 32 165 46 46
1871_0090_0109_0064_0064.jpg 1 90 109 64 64
1872_0286_0152_0057_0057.jpg 1 286 152 57 57
1873_0176_0071_0035_0035.jpg 1 176 71 35 35
1874_0297_0056_0044_0044.jpg 1 297 56 44 44
1875_0067_0116_0078_0078.jpg 1 67 116 78 78
1876_0078_0030_0090_0090.jpg 1 78 30 90 90
1877_0231_0222_0068_0068.jpg 1 231 222 68 68
1878_0051_0123_0071_0071.jpg 1 51 123 71 71
1879_0131_0093_0064_0064.jpg 1 131 93 64 64
1880_0065_0263_0063_0063.jpg 1 65 263 63 63
1881_0227_0301_0046_0046.jpg 1 227 301 46 46
1882_0099_0097_0055_0055.jpg 1 99 97 55 55
1883_0137_0032_0041_0041.jpg 1 137 32 41 41
1884_0220_0337_0073_0073.jpg 1 220 337 73 73
1885_0129_0376_0063_0063.jpg 1 129 376 63 63
1886_0080_0240_0048_0048.jpg 1 80 240 48 48
1887_0244_0055_0044_0044.jpg 1 244 55 44 44
1888_0062_0033_0062_0062.jpg 1 62 33 62 62
1889_0142_0020_0035_0035.jpg 1 142 20 35 35
1890_0256_0146_0062_0062.jpg 1 256 146 62 62
1891_0438_0052_0081_0081.jpg 1 438 52 81 81
1892_0181_0059_0090_0090.jpg 1 181 59 90 90
1893_0311_0164_0049_0049.jpg 1 311 164 49 49
1894_0253_0211_0047_0047.jpg 1 253 211 47 47
1895_0043_0033_0075_0075.jpg 1 43 33 75 75
1896_0281_0202_0042_0042.jpg 1 281 202 42 42
1897_0057_0158_0090_0090.jpg 1 57 158 90 90
1898_0270_0323_0037_0037.jpg 1 270 323 37 37
1899_0149_0096_0032_0032.jpg 1 149 96 32 32
1900_0455_0132_0030_0030.jpg 1 455 132 30 30
1901_0056_0366_0086_0086.jpg 1 56 366 86 86
1902_0161_0080_0069_0069.jpg 1 161 80 69 69
1903_0195_0363_0080_0080.jpg 1 195 363 80 80
1904_0267_0058_0066_0066.jpg 1 267 58 66 66
1905_0054_0082_0051_0051.jpg 1 54 82 51 51
1906_0076_0057_0042_0042.jpg 1 76 57 42 42
1907_0070_0084_0052_0052.jpg 1 70 84 52 52
1908_0147_0062_0029_0029.jpg 1 147 62 29 29
1909_0218_0312_0046_0046.jpg 1 218 312 46 46
1910_0065_0124_0064_0064.jpg 1 65 124 64 64
1911_0383_0241_0046_0046.jpg 1 383 241 46 46
1912_0151_0293_0031_0031.jpg 1 151 293 31 31
1913_0089_0176_0085_0085.jpg 1 89 176 85 85
1914_0349_0088_0039_0039.jpg 1 349 88 39 39
1915_0095_0092_0056_0056.jpg 1 95 92 56 56
1916_0085_0062_0040_0040.jpg 1 85 62 40 40
1917_0106_0348_0048_0048.jpg 1 106 348 48 48
1918_0095_0446_0043_0043.jpg 1 95 446 43 43
1919_0086_0048_0074_0074.jpg 1 86 48 74 74
1920_0439_0143_0077_0077.jpg 1 439 143 77 77
1921_0192_0128_0031_0031.jpg 1 192 128 31 31
1922_0128_0050_0047_0047.jpg 1 128 50 47 47
1923_0250_0135_0049_0049.jpg 1 250 135 49 49
1924_0151_0061_0053_0053.jpg 1 151 61 53 53
1925_0237_0106_0038_0038.jpg 1 237 106 38 38
1926_0207_0050_0033_0033.jpg 1 207 50 33 33
1927_0150_0353_0084_0084.jpg 1 150 353 84 84
1928_0089_0162_0046_0046.jpg 1 89 162 46 46
1929_0109_0204_0069_0069.jpg 1 109 204 69 69
1930_0086_0113_0053_0053.jpg 1 86 113 53 53
1931_0222_0036_0039_0039.jpg 1 222 36 39 39
1932_0147_0192_0043_0043.jpg 1 147 192 43 43
1933_0071_0028_0025_0025.jpg 1 71 28 25 25
1934_0082_0290_0054_0054.jpg 1 82 290 54 54
1935_0503_0270_0027_0027.jpg 1 503 270 27 27
1936_0330_0204_0078_0078.jpg 1 330 204 78 78
1937_0092_0089_0053_0053.jpg 1 92 89 53 53
1938_0454_0174_0035_0035.jpg 1 454 174 35 35
1939_0181_0209_0024_0024.jpg 1 181 209 24 24
1940_0063_0058_0043_0043.jpg 1 63 58 43 43
1941_0354_0187_0025_0025.jpg 1 354 187 25 25
1942_0499_0167_0038_0038.jpg 1 499 167 38 38
1943_0241_0379_0038_0038.jpg 1 241 379 38 38
1944_0264_0141_0078_0078.jpg 1 264 141 78 78
1945_0022_0074_0072_0072.jpg 1 22 74 72 72
1946_0341_0209_0079_0079.jpg 1 341 209 79 79
1947_0353_0142_0025_0025.jpg 1 353 142 25 25
1948_0298_0212_0090_0090.jpg 1 298 212 90 90
1949_0084_0080_0080_0080.jpg 1 84 80 80 80
1950_0186_0102_0053_0053.jpg 1 186 102 53 53
