0001_0062_0131_0075_0075.jpg 1 62 131 75 75
0002_0063_0157_0043_0043.jpg 1 63 157 43 43
0003_0223_0231_0108_0108.jpg 1 223 231 108 108
0004_0290_0048_0106_0106.jpg 1 290 48 106 106
0005_0087_0027_0106_0106.jpg 1 87 27 106 106
0006_0396_0100_0038_0038.jpg 1 396 100 38 38
0007_0325_0367_0081_0081.jpg 1 325 367 81 81
0008_0077_0055_0088_0088.jpg 1 77 55 88 88
0009_0436_0147_0069_0069.jpg 1 436 147 69 69
0010_0292_0106_0029_0029.jpg 1 292 106 29 29
0011_0238_0167_0082_0082.jpg 1 238 167 82 82
0012_0096_0110_0042_0042.jpg 1 96 110 42 42
0013_0087_0288_0046_0046.jpg 1 87 288 46 46
0014_0168_0062_0087_0087.jpg 1 168 62 87 87
0015_0043_0017_0065_0065.jpg 1 43 17 65 65
0016_0436_0202_0047_0047.jpg 1 436 202 47 47
0017_0440_0252_0069_0069.jpg 1 440 252 69 69
0018_0116_0048_0091_0091.jpg 1 116 48 91 91
0019_0206_0196_0036_0036.jpg 1 206 196 36 36
0020_0056_0067_0101_0101.jpg 1 56 67 101 101
0021_0104_0017_0101_0101.jpg 1 104 17 101 101
0022_0150_0080_0093_0093.jpg 1 150 80 93 93
0023_0118_0051_0108_0108.jpg 1 118 51 108 108
0024_0051_0020_0052_0052.jpg 1 51 20 52 52
0025_0317_0114_0065_0065.jpg 1 317 114 65 65
0026_0035_0031_0064_0064.jpg 1 35 31 64 64
0027_0383_0169_0074_0074.jpg 1 383 169 74 74
0028_0014_0118_0090_0090.jpg 1 14 118 90 90
0029_0420_0219_0077_0077.jpg 1 420 219 77 77
0030_0105_0110_0089_0089.jpg 1 105 110 89 89
0031_0101_0132_0038_0038.jpg 1 101 132 38 38
0032_0350_0234_0059_0059.jpg 1 350 234 59 59
0033_0028_0103_0083_0083.jpg 1 28 103 83 83
0034_0280_0226_0051_0051.jpg 1 280 226 51 51
0035_0040_0051_0031_0031.jpg 1 40 51 31 31
0036_0059_0059_0045_0045.jpg 1 59 59 45 45
0037_0372_0158_0114_0114.jpg 1 372 158 114 114
0038_0047_0054_0027_0027.jpg 1 47 54 27 27
0039_0044_0085_0049_0049.jpg 1 44 85 49 49
0040_0013_0042_0083_0083.jpg 1 13 42 83 83
0041_0097_0080_0032_0032.jpg 1 97 80 32 32
0042_0121_0074_0085_0085.jpg 1 121 74 85 85
0043_0097_0063_0060_0060.jpg 1 97 63 60 60
0044_0141_0060_0050_0050.jpg 1 141 60 50 50
0045_0077_0067_0081_0081.jpg 1 77 67 81 81
0046_0397_0094_0048_0048.jpg 1 397 94 48 48
0047_0106_0170_0035_0035.jpg 1 106 170 35 35
0048_0191_0276_0098_0098.jpg 1 191 276 98 98
0049_0273_0302_0079_0079.jpg 1 273 302 79 79
0050_0027_0062_0108_0108.jpg 1 27 62 108 108
0051_0151_0052_0053_0053.jpg 1 151 52 53 53
0052_0217_0246_0064_0064.jpg 1 217 246 64 64
0053_0073_0147_0029_0029.jpg 1 73 147 29 29
0054_0202_0105_0083_0083.jpg 1 202 105 83 83
0055_0246_0222_0060_0060.jpg 1 246 222 60 60
0056_0048_0045_0061_0061.jpg 1 48 45 61 61
0057_0154_0084_0047_0047.jpg 1 154 84 47 47
0058_0232_0185_0109_0109.jpg 1 232 185 109 109
0059_0062_0091_0043_0043.jpg 1 62 91 43 43
0060_0404_0133_0110_0110.jpg 1 404 133 110 110
0061_0155_0035_0036_0036.jpg 1 155 35 36 36
0062_0139_0098_0037_0037.jpg 1 139 98 37 37
0063_0413_0108_0037_0037.jpg 1 413 108 37 37
0064_0469_0055_0073_0073.jpg 1 469 55 73 73
0065_0159_0066_0041_0041.jpg 1 159 66 41 41
0066_0065_0069_0034_0034.jpg 1 65 69 34 34
0067_0060_0089_0057_0057.jpg 1 60 89 57 57
0068_0498_0292_0054_0054.jpg 1 498 292 54 54
0069_0178_0122_0036_0036.jpg 1 178 122 36 36
0070_0292_0331_0095_0095.jpg 1 292 331 95 95
0071_0059_0033_0024_0024.jpg 1 59 33 24 24
0072_0512_0146_0061_0061.jpg 1 512 146 61 61
0073_0072_0161_0028_0028.jpg 1 72 161 28 28
0074_0043_0158_0042_0042.jpg 1 43 158 42 42
0075_0032_0118_0081_0081.jpg 1 32 118 81 81
0076_0085_0110_0056_0056.jpg 1 85 110 56 56
0077_0036_0026_0099_0099.jpg 1 36 26 99 99
0078_0327_0222_0069_0069.jpg 1 327 222 69 69
0079_0363_0304_0095_0095.jpg 1 363 304 95 95
0080_0038_0127_0084_0084.jpg 1 38 127 84 84
0081_0102_0104_0102_0102.jpg 1 102 104 102 102
0082_0123_0102_0059_0059.jpg 1 123 102 59 59
0083_0292_0075_0091_0091.jpg 1 292 75 91 91
0084_0157_0260_0110_0110.jpg 1 157 260 110 110
0085_0241_0021_0026_0026.jpg 1 241 21 26 26
0086_0484_0293_0085_0085.jpg 1 484 293 85 85
0087_0160_0353_0064_0064.jpg 1 160 353 64 64
0088_0129_0199_0071_0071.jpg 1 129 199 71 71
0089_0166_0146_0062_0062.jpg 1 166 146 62 62
0090_0050_0109_0068_0068.jpg 1 50 109 68 68
0091_0142_0114_0056_0056.jpg 1 142 114 56 56
0092_0201_0135_0058_0058.jpg 1 201 135 58 58
0093_0224_0131_0097_0097.jpg 1 224 131 97 97
0094_0383_0225_0057_0057.jpg 1 383 225 57 57
0095_0095_0080_0035_0035.jpg 1 95 80 35 35
0096_0050_0110_0024_0024.jpg 1 50 110 24 24
0097_0224_0099_0048_0048.jpg 1 224 99 48 48
0098_0439_0093_0052_0052.jpg 1 439 93 52 52
0099_0258_0180_0102_0102.jpg 1 258 180 102 102
0100_0129_0130_0057_0057.jpg 1 129 130 57 57
0101_0052_0084_0079_0079.jpg 1 52 84 79 79
0102_0068_0061_0041_0041.jpg 1 68 61 41 41
0103_0308_0191_0106_0106.jpg 1 308 191 106 106
0104_0446_0192_0102_0102.jpg 1 446 192 102 102
0105_0135_0048_0027_0027.jpg 1 135 48 27 27
0106_0027_0151_0051_0051.jpg 1 27 151 51 51
0107_0076_0023_0064_0064.jpg 1 76 23 64 64
0108_0034_0072_0110_0110.jpg 1 34 72 110 110
0109_0229_0104_0049_0049.jpg 1 229 104 49 49
0110_0497_0362_0041_0041.jpg 1 497 362 41 41
0111_0060_0122_0074_0074.jpg 1 60 122 74 74
0112_0220_0119_0041_0041.jpg 1 220 119 41 41
0113_0204_0049_0026_0026.jpg 1 204 49 26 26
0114_0409_0275_0035_0035.jpg 1 409 275 35 35
0115_0444_0063_0097_0097.jpg 1 444 63 97 97
0116_0042_0125_0094_0094.jpg 1 42 125 94 94
0117_0177_0367_0039_0039.jpg 1 177 367 39 39
0118_0464_0119_0077_0077.jpg 1 464 119 77 77
0119_0202_0216_0104_0104.jpg 1 202 216 104 104
0120_0060_0097_0102_0102.jpg 1 60 97 102 102
0121_0361_0192_0113_0113.jpg 1 361 192 113 113
0122_0135_0073_0063_0063.jpg 1 135 73 63 63
0123_0209_0072_0064_0064.jpg 1 209 72 64 64
0124_0023_0112_0105_0105.jpg 1 23 112 105 105
0125_0037_0061_0073_0073.jpg 1 37 61 73 73
0126_0397_0240_0084_0084.jpg 1 397 240 84 84
0127_0283_0335_0042_0042.jpg 1 283 335 42 42
0128_0520_0212_0033_0033.jpg 1 520 212 33 33
0129_0465_0256_0100_0100.jpg 1 465 256 100 100
0130_0286_0364_0064_0064.jpg 1 286 364 64 64
0131_0044_0132_0093_0093.jpg 1 44 132 93 93
0132_0320_0143_0037_0037.jpg 1 320 143 37 37
0133_0204_0429_0051_0051.jpg 1 204 429 51 51
0134_0264_0137_0065_0065.jpg 1 264 137 65 65
0135_0038_0071_0072_0072.jpg 1 38 71 72 72
0136_0517_0133_0064_0064.jpg 1 517 133 64 64
0137_0025_0067_0113_0113.jpg 1 25 67 113 113
0138_0180_0023_0083_0083.jpg 1 180 23 83 83
0139_0175_0071_0036_0036.jpg 1 175 71 36 36
0140_0450_0304_0042_0042.jpg 1 450 304 42 42
0141_0048_0074_0053_0053.jpg 1 48 74 53 53
0142_0492_0382_0044_0044.jpg 1 492 382 44 44
0143_0442_0176_0031_0031.jpg 1 442 176 31 31
0144_0025_0047_0070_0070.jpg 1 25 47 70 70
0145_0220_0133_0063_0063.jpg 1 220 133 63 63
0146_0347_0076_0043_0043.jpg 1 347 76 43 43
0147_0128_0148_0045_0045.jpg 1 128 148 45 45
0148_0299_0283_0026_0026.jpg 1 299 283 26 26
0149_0090_0315_0045_0045.jpg 1 90 315 45 45
0150_0155_0042_0080_0080.jpg 1 155 42 80 80
0151_0436_0136_0079_0079.jpg 1 436 136 79 79
0152_0054_0150_0056_0056.jpg 1 54 150 56 56
0153_0111_0065_0044_0044.jpg 1 111 65 44 44
0154_0126_0107_0045_0045.jpg 1 126 107 45 45
0155_0039_0105_0044_0044.jpg 1 39 105 44 44
0156_0374_0126_0094_0094.jpg 1 374 126 94 94
0157_0053_0080_0064_0064.jpg 1 53 80 64 64
0158_0341_0477_0088_0088.jpg 1 341 477 88 88
0159_0467_0353_0067_0067.jpg 1 467 353 67 67
0160_0066_0266_0088_0088.jpg 1 66 266 88 88
0161_0157_0097_0055_0055.jpg 1 157 97 55 55
0162_0165_0065_0059_0059.jpg 1 165 65 59 59
0163_0091_0320_0094_0094.jpg 1 91 320 94 94
0164_0070_0086_0072_0072.jpg 1 70 86 72 72
0165_0009_0131_0070_0070.jpg 1 9 131 70 70
0166_0054_0049_0113_0113.jpg 1 54 49 113 113
0167_0029_0026_0094_0094.jpg 1 29 26 94 94
0168_0065_0035_0060_0060.jpg 1 65 35 60 60
0169_0538_0382_0035_0035.jpg 1 538 382 35 35
0170_0132_0079_0079_0079.jpg 1 132 79 79 79
0171_0235_0095_0068_0068.jpg 1 235 95 68 68
0172_0162_0025_0067_0067.jpg 1 162 25 67 67
0173_0244_0524_0027_0027.jpg 1 244 524 27 27
0174_0121_0359_0040_0040.jpg 1 121 359 40 40
0175_0334_0236_0110_0110.jpg 1 334 236 110 110
0176_0025_0086_0105_0105.jpg 1 25 86 105 105
0177_0092_0023_0113_0113.jpg 1 92 23 113 113
0178_0028_0047_0091_0091.jpg 1 28 47 91 91
0179_0181_0155_0041_0041.jpg 1 181 155 41 41
0180_0344_0343_0069_0069.jpg 1 344 343 69 69
0181_0074_0281_0060_0060.jpg 1 74 281 60 60
0182_0175_0240_0107_0107.jpg 1 175 240 107 107
0183_0037_0074_0059_0059.jpg 1 37 74 59 59
0184_0495_0186_0037_0037.jpg 1 495 186 37 37
0185_0238_0355_0060_0060.jpg 1 238 355 60 60
0186_0033_0123_0065_0065.jpg 1 33 123 65 65
0187_0123_0111_0055_0055.jpg 1 123 111 55 55
0188_0117_0031_0072_0072.jpg 1 117 31 72 72
0189_0072_0086_0045_0045.jpg 1 72 86 45 45
0190_0138_0076_0046_0046.jpg 1 138 76 46 46
0191_0115_0116_0081_0081.jpg 1 115 116 81 81
0192_0123_0308_0080_0080.jpg 1 123 308 80 80
0193_0044_0114_0067_0067.jpg 1 44 114 67 67
0194_0187_0105_0069_0069.jpg 1 187 105 69 69
0195_0159_0019_0101_0101.jpg 1 159 19 101 101
0196_0371_0136_0105_0105.jpg 1 371 136 105 105
0197_0030_0061_0087_0087.jpg 1 30 61 87 87
0198_0069_0116_0049_0049.jpg 1 69 116 49 49
0199_0390_0152_0065_0065.jpg 1 390 152 65 65
0200_0150_0067_0049_0049.jpg 1 150 67 49 49
0201_0086_0055_0093_0093.jpg 1 86 55 93 93
0202_0217_0062_0111_0111.jpg 1 217 62 111 111
0203_0275_0254_0057_0057.jpg 1 275 254 57 57
0204_0245_0251_0037_0037.jpg 1 245 251 37 37
0205_0491_0332_0041_0041.jpg 1 491 332 41 41
0206_0374_0094_0078_0078.jpg 1 374 94 78 78
0207_0121_0050_0107_0107.jpg 1 121 50 107 107
0208_0142_0075_0064_0064.jpg 1 142 75 64 64
0209_0418_0325_0067_0067.jpg 1 418 325 67 67
0210_0395_0355_0060_0060.jpg 1 395 355 60 60
0211_0048_0036_0083_0083.jpg 1 48 36 83 83
0212_0055_0082_0053_0053.jpg 1 55 82 53 53
0213_0438_0105_0078_0078.jpg 1 438 105 78 78
0214_0066_0021_0098_0098.jpg 1 66 21 98 98
0215_0429_0263_0066_0066.jpg 1 429 263 66 66
0216_0148_0046_0109_0109.jpg 1 148 46 109 109
0217_0127_0318_0053_0053.jpg 1 127 318 53 53
0218_0171_0094_0111_0111.jpg 1 171 94 111 111
0219_0068_0389_0032_0032.jpg 1 68 389 32 32
0220_0119_0098_0051_0051.jpg 1 119 98 51 51
0221_0441_0045_0036_0036.jpg 1 441 45 36 36
0222_0204_0112_0069_0069.jpg 1 204 112 69 69
0223_0217_0058_0047_0047.jpg 1 217 58 47 47
0224_0127_0040_0042_0042.jpg 1 127 40 42 42
0225_0110_0141_0075_0075.jpg 1 110 141 75 75
0226_0052_0061_0099_0099.jpg 1 52 61 99 99
0227_0262_0257_0069_0069.jpg 1 262 257 69 69
0228_0149_0089_0069_0069.jpg 1 149 89 69 69
0229_0022_0062_0073_0073.jpg 1 22 62 73 73
0230_0492_0348_0071_0071.jpg 1 492 348 71 71
0231_0116_0114_0060_0060.jpg 1 116 114 60 60
0232_0112_0194_0106_0106.jpg 1 112 194 106 106
0233_0018_0109_0078_0078.jpg 1 18 109 78 78
0234_0193_0064_0068_0068.jpg 1 193 64 68 68
0235_0094_0240_0094_0094.jpg 1 94 240 94 94
0236_0430_0141_0032_0032.jpg 1 430 141 32 32
0237_0122_0078_0095_0095.jpg 1 122 78 95 95
0238_0149_0147_0067_0067.jpg 1 149 147 67 67
0239_0209_0118_0047_0047.jpg 1 209 118 47 47
0240_0037_0096_0062_0062.jpg 1 37 96 62 62
0241_0426_0109_0082_0082.jpg 1 426 109 82 82
0242_0157_0186_0065_0065.jpg 1 157 186 65 65
0243_0191_0072_0106_0106.jpg 1 191 72 106 106
0244_0246_0339_0101_0101.jpg 1 246 339 101 101
0245_0089_0171_0048_0048.jpg 1 89 171 48 48
0246_0072_0103_0039_0039.jpg 1 72 103 39 39
0247_0186_0464_0099_0099.jpg 1 186 464 99 99
0248_0102_0061_0026_0026.jpg 1 102 61 26 26
0249_0091_0109_0091_0091.jpg 1 91 109 91 91
0250_0157_0068_0094_0094.jpg 1 157 68 94 94
0251_0197_0128_0087_0087.jpg 1 197 128 87 87
0252_0015_0115_0086_0086.jpg 1 15 115 86 86
0253_0083_0103_0057_0057.jpg 1 83 103 57 57
0254_0010_0025_0110_0110.jpg 1 10 25 110 110
0255_0391_0269_0105_0105.jpg 1 391 269 105 105
0256_0153_0087_0078_0078.jpg 1 153 87 78 78
0257_0469_0079_0097_0097.jpg 1 469 79 97 97
0258_0082_0282_0065_0065.jpg 1 82 282 65 65
0259_0395_0055_0077_0077.jpg 1 395 55 77 77
0260_0113_0035_0054_0054.jpg 1 113 35 54 54
0261_0067_0118_0048_0048.jpg 1 67 118 48 48
0262_0446_0258_0064_0064.jpg 1 446 258 64 64
0263_0168_0076_0043_0043.jpg 1 168 76 43 43
0264_0010_0082_0107_0107.jpg 1 10 82 107 107
0265_0078_0016_0092_0092.jpg 1 78 16 92 92
0266_0131_0062_0038_0038.jpg 1 131 62 38 38
0267_0118_0300_0111_0111.jpg 1 118 300 111 111
0268_0372_0211_0027_0027.jpg 1 372 211 27 27
0269_0130_0061_0077_0077.jpg 1 130 61 77 77
0270_0012_0041_0072_0072.jpg 1 12 41 72 72
0271_0420_0209_0043_0043.jpg 1 420 209 43 43
0272_0479_0144_0106_0106.jpg 1 479 144 106 106
0273_0081_0017_0033_0033.jpg 1 81 17 33 33
0274_0287_0068_0111_0111.jpg 1 287 68 111 111
0275_0095_0110_0062_0062.jpg 1 95 110 62 62
0276_0173_0216_0106_0106.jpg 1 173 216 106 106
0277_0154_0164_0113_0113.jpg 1 154 164 113 113
0278_0060_0041_0088_0088.jpg 1 60 41 88 88
0279_0146_0260_0027_0027.jpg 1 146 260 27 27
0280_0190_0150_0027_0027.jpg 1 190 150 27 27
0281_0186_0197_0086_0086.jpg 1 186 197 86 86
0282_0349_0168_0081_0081.jpg 1 349 168 81 81
0283_0040_0044_0083_0083.jpg 1 40 44 83 83
0284_0075_0039_0080_0080.jpg 1 75 39 80 80
0285_0316_0172_0074_0074.jpg 1 316 172 74 74
0286_0394_0357_0024_0024.jpg 1 394 357 24 24
0287_0018_0031_0093_0093.jpg 1 18 31 93 93
0288_0061_0045_0029_0029.jpg 1 61 45 29 29
0289_0073_0111_0113_0113.jpg 1 73 111 113 113
0290_0061_0148_0084_0084.jpg 1 61 148 84 84
0291_0436_0216_0079_0079.jpg 1 436 216 79 79
0292_0095_0279_0033_0033.jpg 1 95 279 33 33
0293_0169_0127_0049_0049.jpg 1 169 127 49 49
0294_0148_0090_0054_0054.jpg 1 148 90 54 54
0295_0478_0084_0033_0033.jpg 1 478 84 33 33
0296_0317_0223_0106_0106.jpg 1 317 223 106 106
0297_0162_0240_0091_0091.jpg 1 162 240 91 91
0298_0118_0076_0087_0087.jpg 1 118 76 87 87
0299_0161_0161_0030_0030.jpg 1 161 161 30 30
0300_0036_0092_0087_0087.jpg 1 36 92 87 87
0301_0101_0054_0038_0038.jpg 1 101 54 38 38
0302_0283_0284_0066_0066.jpg 1 283 284 66 66
0303_0066_0027_0044_0044.jpg 1 66 27 44 44
0304_0343_0120_0064_0064.jpg 1 343 120 64 64
0305_0085_0049_0071_0071.jpg 1 85 49 71 71
0306_0102_0307_0075_0075.jpg 1 102 307 75 75
0307_0494_0338_0049_0049.jpg 1 494 338 49 49
0308_0054_0101_0067_0067.jpg 1 54 101 67 67
0309_0011_0134_0063_0063.jpg 1 11 134 63 63
0310_0282_0062_0108_0108.jpg 1 282 62 108 108
0311_0056_0169_0031_0031.jpg 1 56 169 31 31
0312_0231_0081_0059_0059.jpg 1 231 81 59 59
0313_0130_0178_0037_0037.jpg 1 130 178 37 37
0314_0074_0132_0040_0040.jpg 1 74 132 40 40
0315_0050_0147_0068_0068.jpg 1 50 147 68 68
0316_0139_0146_0032_0032.jpg 1 139 146 32 32
0317_0145_0103_0027_0027.jpg 1 145 103 27 27
0318_0081_0484_0042_0042.jpg 1 81 484 42 42
0319_0437_0123_0075_0075.jpg 1 437 123 75 75
0320_0217_0419_0048_0048.jpg 1 217 419 48 48
0321_0102_0072_0106_0106.jpg 1 102 72 106 106
0322_0144_0081_0111_0111.jpg 1 144 81 111 111
0323_0074_0139_0113_0113.jpg 1 74 139 113 113
0324_0123_0019_0080_0080.jpg 1 123 19 80 80
0325_0292_0240_0077_0077.jpg 1 292 240 77 77
0326_0171_0135_0033_0033.jpg 1 171 135 33 33
0327_0135_0055_0111_0111.jpg 1 135 55 111 111
0328_0137_0134_0030_0030.jpg 1 137 134 30 30
0329_0187_0468_0058_0058.jpg 1 187 468 58 58
0330_0116_0347_0050_0050.jpg 1 116 347 50 50
0331_0164_0134_0047_0047.jpg 1 164 134 47 47
0332_0310_0370_0058_0058.jpg 1 310 370 58 58
0333_0160_0287_0083_0083.jpg 1 160 287 83 83
0334_0208_0047_0066_0066.jpg 1 208 47 66 66
0335_0037_0032_0091_0091.jpg 1 37 32 91 91
0336_0026_0122_0101_0101.jpg 1 26 122 101 101
0337_0528_0047_0044_0044.jpg 1 528 47 44 44
0338_0037_0154_0057_0057.jpg 1 37 154 57 57
0339_0285_0239_0099_0099.jpg 1 285 239 99 99
0340_0444_0347_0085_0085.jpg 1 444 347 85 85
0341_0293_0161_0043_0043.jpg 1 293 161 43 43
0342_0182_0085_0079_0079.jpg 1 182 85 79 79
0343_0262_0328_0062_0062.jpg 1 262 328 62 62
0344_0289_0310_0084_0084.jpg 1 289 310 84 84
0345_0081_0140_0044_0044.jpg 1 81 140 44 44
0346_0309_0209_0087_0087.jpg 1 309 209 87 87
0347_0125_0112_0043_0043.jpg 1 125 112 43 43
0348_0452_0074_0040_0040.jpg 1 452 74 40 40
0349_0010_0051_0073_0073.jpg 1 10 51 73 73
0350_0153_0126_0065_0065.jpg 1 153 126 65 65
0351_0337_0181_0038_0038.jpg 1 337 181 38 38
0352_0355_0052_0084_0084.jpg 1 355 52 84 84
0353_0070_0059_0097_0097.jpg 1 70 59 97 97
0354_0337_0143_0032_0032.jpg 1 337 143 32 32
0355_0468_0196_0102_0102.jpg 1 468 196 102 102
0356_0109_0318_0037_0037.jpg 1 109 318 37 37
0357_0154_0047_0088_0088.jpg 1 154 47 88 88
0358_0045_0088_0104_0104.jpg 1 45 88 104 104
0359_0100_0308_0081_0081.jpg 1 100 308 81 81
0360_0160_0317_0104_0104.jpg 1 160 317 104 104
0361_0121_0043_0104_0104.jpg 1 121 43 104 104
0362_0176_0071_0058_0058.jpg 1 176 71 58 58
0363_0279_0358_0039_0039.jpg 1 279 358 39 39
0364_0183_0041_0052_0052.jpg 1 183 41 52 52
0365_0457_0263_0105_0105.jpg 1 457 263 105 105
0366_0060_0131_0093_0093.jpg 1 60 131 93 93
0367_0105_0030_0103_0103.jpg 1 105 30 103 103
0368_0102_0067_0086_0086.jpg 1 102 67 86 86
0369_0464_0111_0055_0055.jpg 1 464 111 55 55
0370_0032_0113_0081_0081.jpg 1 32 113 81 81
0371_0391_0116_0062_0062.jpg 1 391 116 62 62
0372_0084_0049_0040_0040.jpg 1 84 49 40 40
0373_0092_0044_0074_0074.jpg 1 92 44 74 74
0374_0057_0050_0112_0112.jpg 1 57 50 112 112
0375_0061_0063_0036_0036.jpg 1 61 63 36 36
0376_0253_0152_0077_0077.jpg 1 253 152 77 77
0377_0104_0285_0110_0110.jpg 1 104 285 110 110
0378_0239_0083_0033_0033.jpg 1 239 83 33 33
0379_0110_0159_0100_0100.jpg 1 110 159 100 100
0380_0352_0310_0114_0114.jpg 1 352 310 114 114
0381_0154_0089_0085_0085.jpg 1 154 89 85 85
0382_0231_0487_0057_0057.jpg 1 231 487 57 57
0383_0084_0065_0056_0056.jpg 1 84 65 56 56
0384_0485_0308_0033_0033.jpg 1 485 308 33 33
0385_0073_0251_0049_0049.jpg 1 73 251 49 49
0386_0158_0056_0095_0095.jpg 1 158 56 95 95
0387_0335_0203_0069_0069.jpg 1 335 203 69 69
0388_0071_0095_0105_0105.jpg 1 71 95 105 105
0389_0102_0104_0059_0059.jpg 1 102 104 59 59
0390_0140_0062_0106_0106.jpg 1 140 62 106 106
0391_0055_0110_0081_0081.jpg 1 55 110 81 81
0392_0147_0061_0081_0081.jpg 1 147 61 81 81
0393_0014_0095_0088_0088.jpg 1 14 95 88 88
0394_0243_0065_0032_0032.jpg 1 243 65 32 32
0395_0489_0332_0031_0031.jpg 1 489 332 31 31
0396_0190_0148_0070_0070.jpg 1 190 148 70 70
0397_0375_0400_0033_0033.jpg 1 375 400 33 33
0398_0044_0093_0107_0107.jpg 1 44 93 107 107
0399_0233_0217_0072_0072.jpg 1 233 217 72 72
0400_0172_0127_0063_0063.jpg 1 172 127 63 63
0401_0153_0111_0112_0112.jpg 1 153 111 112 112
0402_0063_0194_0096_0096.jpg 1 63 194 96 96
0403_0060_0067_0069_0069.jpg 1 60 67 69 69
0404_0168_0134_0032_0032.jpg 1 168 134 32 32
0405_0090_0105_0054_0054.jpg 1 90 105 54 54
0406_0271_0148_0099_0099.jpg 1 271 148 99 99
0407_0352_0258_0041_0041.jpg 1 352 258 41 41
0408_0492_0138_0047_0047.jpg 1 492 138 47 47
0409_0097_0046_0088_0088.jpg 1 97 46 88 88
0410_0258_0096_0024_0024.jpg 1 258 96 24 24
0411_0162_0224_0103_0103.jpg 1 162 224 103 103
0412_0084_0472_0041_0041.jpg 1 84 472 41 41
0413_0141_0018_0083_0083.jpg 1 141 18 83 83
0414_0043_0100_0105_0105.jpg 1 43 100 105 105
0415_0181_0219_0093_0093.jpg 1 181 219 93 93
0416_0090_0118_0101_0101.jpg 1 90 118 101 101
0417_0108_0029_0104_0104.jpg 1 108 29 104 104
0418_0476_0265_0109_0109.jpg 1 476 265 109 109
0419_0084_0175_0088_0088.jpg 1 84 175 88 88
0420_0058_0045_0058_0058.jpg 1 58 45 58 58
0421_0153_0148_0067_0067.jpg 1 153 148 67 67
0422_0027_0133_0088_0088.jpg 1 27 133 88 88
0423_0166_0181_0075_0075.jpg 1 166 181 75 75
0424_0115_0048_0100_0100.jpg 1 115 48 100 100
0425_0103_0303_0060_0060.jpg 1 103 303 60 60
0426_0009_0061_0051_0051.jpg 1 9 61 51 51
0427_0178_0101_0062_0062.jpg 1 178 101 62 62
0428_0252_0272_0091_0091.jpg 1 252 272 91 91
0429_0045_0103_0114_0114.jpg 1 45 103 114 114
0430_0193_0144_0067_0067.jpg 1 193 144 67 67
0431_0241_0177_0077_0077.jpg 1 241 177 77 77
0432_0282_0104_0094_0094.jpg 1 282 104 94 94
0433_0028_0086_0112_0112.jpg 1 28 86 112 112
0434_0058_0173_0041_0041.jpg 1 58 173 41 41
0435_0089_0300_0101_0101.jpg 1 89 300 101 101
0436_0259_0179_0095_0095.jpg 1 259 179 95 95
0437_0063_0082_0026_0026.jpg 1 63 82 26 26
0438_0307_0234_0083_0083.jpg 1 307 234 83 83
0439_0458_0245_0073_0073.jpg 1 458 245 73 73
0440_0164_0118_0094_0094.jpg 1 164 118 94 94
0441_0059_0385_0072_0072.jpg 1 59 385 72 72
0442_0129_0295_0062_0062.jpg 1 129 295 62 62
0443_0120_0314_0111_0111.jpg 1 120 314 111 111
0444_0064_0148_0101_0101.jpg 1 64 148 101 101
0445_0210_0289_0037_0037.jpg 1 210 289 37 37
0446_0461_0317_0043_0043.jpg 1 461 317 43 43
0447_0252_0190_0092_0092.jpg 1 252 190 92 92
0448_0061_0030_0056_0056.jpg 1 61 30 56 56
0449_0194_0111_0091_0091.jpg 1 194 111 91 91
0450_0023_0058_0111_0111.jpg 1 23 58 111 111
0451_0356_0089_0101_0101.jpg 1 356 89 101 101
0452_0112_0044_0097_0097.jpg 1 112 44 97 97
0453_0165_0147_0054_0054.jpg 1 165 147 54 54
0454_0381_0499_0050_0050.jpg 1 381 499 50 50
0455_0101_0273_0055_0055.jpg 1 101 273 55 55
0456_0094_0018_0068_0068.jpg 1 94 18 68 68
0457_0188_0040_0096_0096.jpg 1 188 40 96 96
0458_0113_0056_0097_0097.jpg 1 113 56 97 97
0459_0273_0333_0048_0048.jpg 1 273 333 48 48
0460_0160_0095_0074_0074.jpg 1 160 95 74 74
0461_0026_0103_0065_0065.jpg 1 26 103 65 65
0462_0467_0325_0086_0086.jpg 1 467 325 86 86
0463_0225_0092_0048_0048.jpg 1 225 92 48 48
0464_0356_0173_0027_0027.jpg 1 356 173 27 27
0465_0186_0093_0110_0110.jpg 1 186 93 110 110
0466_0425_0188_0030_0030.jpg 1 425 188 30 30
0467_0106_0225_0086_0086.jpg 1 106 225 86 86
0468_0100_0124_0034_0034.jpg 1 100 124 34 34
0469_0012_0014_0099_0099.jpg 1 12 14 99 99
0470_0036_0096_0112_0112.jpg 1 36 96 112 112
0471_0388_0056_0105_0105.jpg 1 388 56 105 105
0472_0092_0072_0109_0109.jpg 1 92 72 109 109
0473_0153_0535_0045_0045.jpg 1 153 535 45 45
0474_0082_0041_0034_0034.jpg 1 82 41 34 34
0475_0021_0106_0037_0037.jpg 1 21 106 37 37
0476_0134_0035_0072_0072.jpg 1 134 35 72 72
0477_0305_0308_0033_0033.jpg 1 305 308 33 33
0478_0089_0105_0037_0037.jpg 1 89 105 37 37
0479_0161_0188_0024_0024.jpg 1 161 188 24 24
0480_0114_0061_0064_0064.jpg 1 114 61 64 64
0481_0535_0364_0030_0030.jpg 1 535 364 30 30
0482_0281_0068_0042_0042.jpg 1 281 68 42 42
0483_0238_0377_0094_0094.jpg 1 238 377 94 94
0484_0045_0137_0043_0043.jpg 1 45 137 43 43
0485_0180_0173_0039_0039.jpg 1 180 173 39 39
0486_0370_0347_0025_0025.jpg 1 370 347 25 25
0487_0463_0206_0086_0086.jpg 1 463 206 86 86
0488_0126_0308_0070_0070.jpg 1 126 308 70 70
0489_0060_0478_0053_0053.jpg 1 60 478 53 53
0490_0290_0107_0066_0066.jpg 1 290 107 66 66
0491_0180_0057_0113_0113.jpg 1 180 57 113 113
0492_0021_0152_0066_0066.jpg 1 21 152 66 66
0493_0476_0084_0102_0102.jpg 1 476 84 102 102
0494_0337_0113_0100_0100.jpg 1 337 113 100 100
0495_0306_0256_0094_0094.jpg 1 306 256 94 94
0496_0409_0252_0092_0092.jpg 1 409 252 92 92
0497_0124_0077_0113_0113.jpg 1 124 77 113 113
0498_0072_0130_0068_0068.jpg 1 72 130 68 68
0499_0484_0226_0074_0074.jpg 1 484 226 74 74
0500_0041_0026_0050_0050.jpg 1 41 26 50 50
0501_0061_0155_0027_0027.jpg 1 61 155 27 27
0502_0132_0067_0060_0060.jpg 1 132 67 60 60
0503_0067_0102_0026_0026.jpg 1 67 102 26 26
0504_0412_0131_0092_0092.jpg 1 412 131 92 92
0505_0026_0119_0100_0100.jpg 1 26 119 100 100
0506_0039_0096_0102_0102.jpg 1 39 96 102 102
0507_0173_0196_0033_0033.jpg 1 173 196 33 33
0508_0446_0162_0086_0086.jpg 1 446 162 86 86
0509_0090_0025_0100_0100.jpg 1 90 25 100 100
0510_0215_0250_0082_0082.jpg 1 215 250 82 82
0511_0469_0229_0031_0031.jpg 1 469 229 31 31
0512_0208_0367_0063_0063.jpg 1 208 367 63 63
0513_0097_0284_0107_0107.jpg 1 97 284 107 107
0514_0217_0281_0090_0090.jpg 1 217 281 90 90
0515_0230_0295_0105_0105.jpg 1 230 295 105 105
0516_0105_0039_0097_0097.jpg 1 105 39 97 97
0517_0136_0167_0028_0028.jpg 1 136 167 28 28
0518_0164_0224_0108_0108.jpg 1 164 224 108 108
0519_0140_0142_0067_0067.jpg 1 140 142 67 67
0520_0048_0025_0069_0069.jpg 1 48 25 69 69
0521_0084_0068_0041_0041.jpg 1 84 68 41 41
0522_0026_0091_0053_0053.jpg 1 26 91 53 53
0523_0465_0173_0079_0079.jpg 1 465 173 79 79
0524_0023_0143_0052_0052.jpg 1 23 143 52 52
0525_0267_0181_0086_0086.jpg 1 267 181 86 86
0526_0380_0145_0082_0082.jpg 1 380 145 82 82
0527_0142_0078_0065_0065.jpg 1 142 78 65 65
0528_0488_0057_0038_0038.jpg 1 488 57 38 38
0529_0170_0015_0095_0095.jpg 1 170 15 95 95
0530_0281_0049_0104_0104.jpg 1 281 49 104 104
0531_0125_0096_0106_0106.jpg 1 125 96 106 106
0532_0190_0318_0029_0029.jpg 1 190 318 29 29
0533_0374_0088_0063_0063.jpg 1 374 88 63 63
0534_0202_0071_0036_0036.jpg 1 202 71 36 36
0535_0285_0196_0103_0103.jpg 1 285 196 103 103
0536_0078_0348_0067_0067.jpg 1 78 348 67 67
0537_0096_0031_0082_0082.jpg 1 96 31 82 82
0538_0337_0279_0045_0045.jpg 1 337 279 45 45
0539_0474_0260_0037_0037.jpg 1 474 260 37 37
0540_0369_0249_0025_0025.jpg 1 369 249 25 25
0541_0112_0017_0070_0070.jpg 1 112 17 70 70
0542_0069_0167_0050_0050.jpg 1 69 167 50 50
0543_0196_0036_0097_0097.jpg 1 196 36 97 97
0544_0216_0269_0079_0079.jpg 1 216 269 79 79
0545_0445_0376_0024_0024.jpg 1 445 376 24 24
0546_0043_0030_0049_0049.jpg 1 43 30 49 49
0547_0166_0111_0082_0082.jpg 1 166 111 82 82
0548_0128_0134_0085_0085.jpg 1 128 134 85 85
0549_0147_0313_0093_0093.jpg 1 147 313 93 93
0550_0102_0110_0091_0091.jpg 1 102 110 91 91
0551_0041_0091_0074_0074.jpg 1 41 91 74 74
0552_0052_0096_0059_0059.jpg 1 52 96 59 59
0553_0137_0289_0105_0105.jpg 1 137 289 105 105
0554_0451_0143_0109_0109.jpg 1 451 143 109 109
0555_0051_0036_0075_0075.jpg 1 51 36 75 75
0556_0111_0085_0079_0079.jpg 1 111 85 79 79
0557_0353_0156_0025_0025.jpg 1 353 156 25 25
0558_0078_0132_0080_0080.jpg 1 78 132 80 80
0559_0090_0120_0037_0037.jpg 1 90 120 37 37
0560_0157_0079_0063_0063.jpg 1 157 79 63 63
0561_0407_0149_0094_0094.jpg 1 407 149 94 94
0562_0056_0075_0045_0045.jpg 1 56 75 45 45
0563_0048_0034_0097_0097.jpg 1 48 34 97 97
0564_0137_0168_0024_0024.jpg 1 137 168 24 24
0565_0528_0190_0030_0030.jpg 1 528 190 30 30
0566_0109_0084_0046_0046.jpg 1 109 84 46 46
0567_0207_0013_0076_0076.jpg 1 207 13 76 76
0568_0074_0122_0056_0056.jpg 1 74 122 56 56
0569_0059_0037_0038_0038.jpg 1 59 37 38 38
0570_0143_0134_0079_0079.jpg 1 143 134 79 79
0571_0234_0020_0049_0049.jpg 1 234 20 49 49
0572_0393_0182_0081_0081.jpg 1 393 182 81 81
0573_0064_0035_0045_0045.jpg 1 64 35 45 45
0574_0168_0044_0081_0081.jpg 1 168 44 81 81
0575_0118_0097_0047_0047.jpg 1 118 97 47 47
0576_0288_0314_0065_0065.jpg 1 288 314 65 65
0577_0176_0056_0110_0110.jpg 1 176 56 110 110
0578_0379_0319_0068_0068.jpg 1 379 319 68 68
0579_0020_0055_0101_0101.jpg 1 20 55 101 101
0580_0131_0035_0034_0034.jpg 1 131 35 34 34
0581_0034_0084_0084_0084.jpg 1 34 84 84 84
0582_0012_0020_0046_0046.jpg 1 12 20 46 46
0583_0478_0237_0100_0100.jpg 1 478 237 100 100
0584_0251_0056_0026_0026.jpg 1 251 56 26 26
0585_0409_0181_0074_0074.jpg 1 409 181 74 74
0586_0134_0160_0024_0024.jpg 1 134 160 24 24
0587_0256_0087_0060_0060.jpg 1 256 87 60 60
0588_0320_0275_0049_0049.jpg 1 320 275 49 49
0589_0442_0125_0067_0067.jpg 1 442 125 67 67
0590_0090_0033_0099_0099.jpg 1 90 33 99 99
0591_0010_0049_0100_0100.jpg 1 10 49 100 100
0592_0390_0235_0062_0062.jpg 1 390 235 62 62
0593_0466_0196_0088_0088.jpg 1 466 196 88 88
0594_0075_0061_0089_0089.jpg 1 75 61 89 89
0595_0044_0095_0032_0032.jpg 1 44 95 32 32
0596_0058_0122_0085_0085.jpg 1 58 122 85 85
0597_0214_0145_0040_0040.jpg 1 214 145 40 40
0598_0172_0038_0100_0100.jpg 1 172 38 100 100
0599_0113_0105_0077_0077.jpg 1 113 105 77 77
0600_0104_0106_0043_0043.jpg 1 104 106 43 43
0601_0412_0346_0057_0057.jpg 1 412 346 57 57
0602_0269_0050_0056_0056.jpg 1 269 50 56 56
0603_0299_0063_0053_0053.jpg 1 299 63 53 53
0604_0050_0058_0093_0093.jpg 1 50 58 93 93
0605_0063_0230_0087_0087.jpg 1 63 230 87 87
0606_0069_0032_0112_0112.jpg 1 69 32 112 112
0607_0171_0256_0062_0062.jpg 1 171 256 62 62
0608_0366_0160_0081_0081.jpg 1 366 160 81 81
0609_0061_0070_0084_0084.jpg 1 61 70 84 84
0610_0091_0178_0084_0084.jpg 1 91 178 84 84
0611_0399_0152_0082_0082.jpg 1 399 152 82 82
0612_0167_0069_0082_0082.jpg 1 167 69 82 82
0613_0065_0142_0034_0034.jpg 1 65 142 34 34
0614_0149_0032_0084_0084.jpg 1 149 32 84 84
0615_0253_0232_0045_0045.jpg 1 253 232 45 45
0616_0065_0115_0037_0037.jpg 1 65 115 37 37
0617_0283_0115_0113_0113.jpg 1 283 115 113 113
0618_0144_0066_0033_0033.jpg 1 144 66 33 33
0619_0034_0080_0051_0051.jpg 1 34 80 51 51
0620_0046_0026_0043_0043.jpg 1 46 26 43 43
0621_0156_0081_0111_0111.jpg 1 156 81 111 111
0622_0145_0070_0091_0091.jpg 1 145 70 91 91
0623_0233_0165_0027_0027.jpg 1 233 165 27 27
0624_0045_0110_0092_0092.jpg 1 45 110 92 92
0625_0163_0031_0113_0113.jpg 1 163 31 113 113
0626_0160_0095_0063_0063.jpg 1 160 95 63 63
0627_0116_0324_0062_0062.jpg 1 116 324 62 62
0628_0120_0102_0040_0040.jpg 1 120 102 40 40
0629_0380_0094_0029_0029.jpg 1 380 94 29 29
0630_0063_0118_0075_0075.jpg 1 63 118 75 75
0631_0197_0170_0032_0032.jpg 1 197 170 32 32
0632_0133_0059_0067_0067.jpg 1 133 59 67 67
0633_0246_0151_0051_0051.jpg 1 246 151 51 51
0634_0214_0371_0055_0055.jpg 1 214 371 55 55
0635_0354_0205_0084_0084.jpg 1 354 205 84 84
0636_0032_0143_0065_0065.jpg 1 32 143 65 65
0637_0140_0089_0050_0050.jpg 1 140 89 50 50
0638_0364_0458_0024_0024.jpg 1 364 458 24 24
0639_0076_0106_0066_0066.jpg 1 76 106 66 66
0640_0090_0152_0062_0062.jpg 1 90 152 62 62
0641_0064_0119_0087_0087.jpg 1 64 119 87 87
0642_0181_0093_0100_0100.jpg 1 181 93 100 100
0643_0177_0238_0075_0075.jpg 1 177 238 75 75
0644_0109_0294_0054_0054.jpg 1 109 294 54 54
0645_0308_0077_0033_0033.jpg 1 308 77 33 33
0646_0090_0144_0045_0045.jpg 1 90 144 45 45
0647_0126_0246_0094_0094.jpg 1 126 246 94 94
0648_0038_0099_0046_0046.jpg 1 38 99 46 46
0649_0386_0078_0038_0038.jpg 1 386 78 38 38
0650_0049_0026_0069_0069.jpg 1 49 26 69 69
0651_0065_0153_0061_0061.jpg 1 65 153 61 61
0652_0174_0034_0105_0105.jpg 1 174 34 105 105
0653_0032_0092_0111_0111.jpg 1 32 92 111 111
0654_0037_0118_0101_0101.jpg 1 37 118 101 101
0655_0231_0110_0044_0044.jpg 1 231 110 44 44
0656_0177_0279_0058_0058.jpg 1 177 279 58 58
0657_0236_0276_0046_0046.jpg 1 236 276 46 46
0658_0089_0287_0108_0108.jpg 1 89 287 108 108
0659_0433_0107_0113_0113.jpg 1 433 107 113 113
0660_0513_0376_0052_0052.jpg 1 513 376 52 52
0661_0130_0146_0050_0050.jpg 1 130 146 50 50
0662_0081_0138_0027_0027.jpg 1 81 138 27 27
0663_0114_0107_0028_0028.jpg 1 114 107 28 28
0664_0189_0020_0102_0102.jpg 1 189 20 102 102
0665_0125_0088_0029_0029.jpg 1 125 88 29 29
0666_0039_0055_0067_0067.jpg 1 39 55 67 67
0667_0183_0280_0047_0047.jpg 1 183 280 47 47
0668_0133_0037_0087_0087.jpg 1 133 37 87 87
0669_0487_0257_0047_0047.jpg 1 487 257 47 47
0670_0238_0042_0048_0048.jpg 1 238 42 48 48
0671_0049_0088_0110_0110.jpg 1 49 88 110 110
0672_0057_0106_0088_0088.jpg 1 57 106 88 88
0673_0104_0067_0059_0059.jpg 1 104 67 59 59
0674_0053_0101_0069_0069.jpg 1 53 101 69 69
0675_0110_0133_0077_0077.jpg 1 110 133 77 77
0676_0377_0116_0094_0094.jpg 1 377 116 94 94
0677_0022_0123_0103_0103.jpg 1 22 123 103 103
0678_0037_0114_0048_0048.jpg 1 37 114 48 48
0679_0193_0274_0077_0077.jpg 1 193 274 77 77
0680_0128_0076_0075_0075.jpg 1 128 76 75 75
0681_0114_0052_0101_0101.jpg 1 114 52 101 101
0682_0289_0191_0054_0054.jpg 1 289 191 54 54
0683_0084_0025_0039_0039.jpg 1 84 25 39 39
0684_0148_0107_0036_0036.jpg 1 148 107 36 36
0685_0205_0071_0046_0046.jpg 1 205 71 46 46
0686_0163_0062_0103_0103.jpg 1 163 62 103 103
0687_0139_0256_0112_0112.jpg 1 139 256 112 112
0688_0067_0056_0039_0039.jpg 1 67 56 39 39
0689_0486_0374_0048_0048.jpg 1 486 374 48 48
0690_0067_0094_0029_0029.jpg 1 67 94 29 29
0691_0191_0050_0091_0091.jpg 1 191 50 91 91
0692_0078_0020_0099_0099.jpg 1 78 20 99 99
0693_0029_0029_0096_0096.jpg 1 29 29 96 96
0694_0169_0067_0056_0056.jpg 1 169 67 56 56
0695_0110_0018_0045_0045.jpg 1 110 18 45 45
0696_0477_0072_0055_0055.jpg 1 477 72 55 55
0697_0143_0072_0096_0096.jpg 1 143 72 96 96
0698_0184_0030_0055_0055.jpg 1 184 30 55 55
0699_0421_0257_0098_0098.jpg 1 421 257 98 98
0700_0262_0239_0095_0095.jpg 1 262 239 95 95
0701_0376_0201_0049_0049.jpg 1 376 201 49 49
0702_0028_0032_0083_0083.jpg 1 28 32 83 83
0703_0064_0073_0073_0073.jpg 1 64 73 73 73
0704_0469_0053_0077_0077.jpg 1 469 53 77 77
0705_0239_0089_0056_0056.jpg 1 239 89 56 56
0706_0088_0396_0093_0093.jpg 1 88 396 93 93
0707_0075_0170_0029_0029.jpg 1 75 170 29 29
0708_0036_0027_0082_0082.jpg 1 36 27 82 82
0709_0047_0129_0067_0067.jpg 1 47 129 67 67
0710_0377_0171_0057_0057.jpg 1 377 171 57 57
0711_0017_0049_0102_0102.jpg 1 17 49 102 102
0712_0129_0081_0063_0063.jpg 1 129 81 63 63
0713_0470_0267_0081_0081.jpg 1 470 267 81 81
0714_0083_0089_0063_0063.jpg 1 83 89 63 63
0715_0145_0073_0073_0073.jpg 1 145 73 73 73
0716_0155_0232_0055_0055.jpg 1 155 232 55 55
0717_0350_0216_0043_0043.jpg 1 350 216 43 43
0718_0187_0051_0024_0024.jpg 1 187 51 24 24
0719_0083_0054_0082_0082.jpg 1 83 54 82 82
0720_0197_0127_0095_0095.jpg 1 197 127 95 95
0721_0277_0292_0064_0064.jpg 1 277 292 64 64
0722_0483_0369_0069_0069.jpg 1 483 369 69 69
0723_0023_0045_0113_0113.jpg 1 23 45 113 113
0724_0127_0342_0027_0027.jpg 1 127 342 27 27
0725_0244_0230_0113_0113.jpg 1 244 230 113 113
0726_0112_0107_0079_0079.jpg 1 112 107 79 79
0727_0282_0175_0077_0077.jpg 1 282 175 77 77
0728_0182_0365_0109_0109.jpg 1 182 365 109 109
0729_0326_0122_0092_0092.jpg 1 326 122 92 92
0730_0183_0093_0066_0066.jpg 1 183 93 66 66
0731_0193_0161_0073_0073.jpg 1 193 161 73 73
0732_0216_0149_0028_0028.jpg 1 216 149 28 28
0733_0239_0088_0087_0087.jpg 1 239 88 87 87
0734_0051_0110_0075_0075.jpg 1 51 110 75 75
0735_0313_0137_0103_0103.jpg 1 313 137 103 103
0736_0101_0337_0049_0049.jpg 1 101 337 49 49
0737_0063_0134_0071_0071.jpg 1 63 134 71 71
0738_0302_0143_0080_0080.jpg 1 302 143 80 80
0739_0097_0047_0095_0095.jpg 1 97 47 95 95
0740_0400_0209_0072_0072.jpg 1 400 209 72 72
0741_0275_0120_0089_0089.jpg 1 275 120 89 89
0742_0137_0335_0104_0104.jpg 1 137 335 104 104
0743_0069_0069_0106_0106.jpg 1 69 69 106 106
0744_0468_0135_0105_0105.jpg 1 468 135 105 105
0745_0062_0230_0087_0087.jpg 1 62 230 87 87
0746_0063_0376_0108_0108.jpg 1 63 376 108 108
0747_0125_0287_0104_0104.jpg 1 125 287 104 104
0748_0199_0402_0099_0099.jpg 1 199 402 99 99
0749_0011_0050_0075_0075.jpg 1 11 50 75 75
0750_0237_0470_0043_0043.jpg 1 237 470 43 43
0751_0170_0055_0099_0099.jpg 1 170 55 99 99
0752_0034_0049_0105_0105.jpg 1 34 49 105 105
0753_0055_0015_0091_0091.jpg 1 55 15 91 91
0754_0193_0169_0041_0041.jpg 1 193 169 41 41
0755_0094_0016_0082_0082.jpg 1 94 16 82 82
0756_0061_0135_0077_0077.jpg 1 61 135 77 77
0757_0476_0301_0067_0067.jpg 1 476 301 67 67
0758_0375_0319_0027_0027.jpg 1 375 319 27 27
0759_0219_0270_0062_0062.jpg 1 219 270 62 62
0760_0019_0087_0111_0111.jpg 1 19 87 111 111
0761_0128_0080_0063_0063.jpg 1 128 80 63 63
0762_0325_0472_0103_0103.jpg 1 325 472 103 103
0763_0065_0197_0070_0070.jpg 1 65 197 70 70
0764_0026_0112_0065_0065.jpg 1 26 112 65 65
0765_0065_0152_0035_0035.jpg 1 65 152 35 35
0766_0358_0176_0026_0026.jpg 1 358 176 26 26
0767_0320_0283_0103_0103.jpg 1 320 283 103 103
0768_0163_0162_0035_0035.jpg 1 163 162 35 35
0769_0464_0128_0087_0087.jpg 1 464 128 87 87
0770_0327_0090_0057_0057.jpg 1 327 90 57 57
0771_0079_0247_0056_0056.jpg 1 79 247 56 56
0772_0140_0054_0101_0101.jpg 1 140 54 101 101
0773_0144_0069_0075_0075.jpg 1 144 69 75 75
0774_0428_0234_0092_0092.jpg 1 428 234 92 92
0775_0061_0022_0086_0086.jpg 1 61 22 86 86
0776_0080_0340_0070_0070.jpg 1 80 340 70 70
0777_0094_0138_0035_0035.jpg 1 94 138 35 35
0778_0247_0311_0043_0043.jpg 1 247 311 43 43
0779_0059_0085_0108_0108.jpg 1 59 85 108 108
0780_0120_0135_0098_0098.jpg 1 120 135 98 98
0781_0164_0368_0048_0048.jpg 1 164 368 48 48
0782_0174_0301_0031_0031.jpg 1 174 301 31 31
0783_0246_0332_0060_0060.jpg 1 246 332 60 60
0784_0188_0278_0080_0080.jpg 1 188 278 80 80
0785_0367_0134_0073_0073.jpg 1 367 134 73 73
0786_0035_0033_0054_0054.jpg 1 35 33 54 54
0787_0096_0052_0046_0046.jpg 1 96 52 46 46
0788_0101_0104_0098_0098.jpg 1 101 104 98 98
0789_0461_0099_0056_0056.jpg 1 461 99 56 56
0790_0052_0088_0074_0074.jpg 1 52 88 74 74
0791_0214_0066_0025_0025.jpg 1 214 66 25 25
0792_0156_0150_0076_0076.jpg 1 156 150 76 76
0793_0115_0096_0071_0071.jpg 1 115 96 71 71
0794_0211_0046_0045_0045.jpg 1 211 46 45 45
0795_0029_0050_0067_0067.jpg 1 29 50 67 67
0796_0020_0171_0031_0031.jpg 1 20 171 31 31
0797_0341_0142_0033_0033.jpg 1 341 142 33 33
0798_0027_0037_0101_0101.jpg 1 27 37 101 101
0799_0167_0032_0050_0050.jpg 1 167 32 50 50
0800_0185_0065_0108_0108.jpg 1 185 65 108 108
0801_0527_0320_0035_0035.jpg 1 527 320 35 35
0802_0065_0077_0064_0064.jpg 1 65 77 64 64
0803_0159_0176_0030_0030.jpg 1 159 176 30 30
0804_0079_0024_0074_0074.jpg 1 79 24 74 74
0805_0111_0276_0113_0113.jpg 1 111 276 113 113
0806_0217_0225_0050_0050.jpg 1 217 225 50 50
0807_0376_0374_0027_0027.jpg 1 376 374 27 27
0808_0381_0187_0077_0077.jpg 1 381 187 77 77
0809_0449_0352_0033_0033.jpg 1 449 352 33 33
0810_0072_0127_0027_0027.jpg 1 72 127 27 27
0811_0244_0178_0063_0063.jpg 1 244 178 63 63
0812_0243_0151_0046_0046.jpg 1 243 151 46 46
0813_0092_0042_0085_0085.jpg 1 92 42 85 85
0814_0453_0174_0064_0064.jpg 1 453 174 64 64
0815_0228_0041_0044_0044.jpg 1 228 41 44 44
0816_0065_0031_0086_0086.jpg 1 65 31 86 86
0817_0538_0189_0029_0029.jpg 1 538 189 29 29
0818_0187_0144_0051_0051.jpg 1 187 144 51 51
0819_0396_0057_0033_0033.jpg 1 396 57 33 33
0820_0302_0131_0091_0091.jpg 1 302 131 91 91
0821_0397_0188_0026_0026.jpg 1 397 188 26 26
0822_0084_0053_0085_0085.jpg 1 84 53 85 85
0823_0221_0323_0099_0099.jpg 1 221 323 99 99
0824_0223_0157_0046_0046.jpg 1 223 157 46 46
0825_0296_0162_0032_0032.jpg 1 296 162 32 32
0826_0203_0043_0090_0090.jpg 1 203 43 90 90
0827_0026_0044_0111_0111.jpg 1 26 44 111 111
0828_0329_0169_0076_0076.jpg 1 329 169 76 76
0829_0037_0039_0113_0113.jpg 1 37 39 113 113
0830_0044_0094_0099_0099.jpg 1 44 94 99 99
0831_0089_0119_0027_0027.jpg 1 89 119 27 27
0832_0102_0036_0089_0089.jpg 1 102 36 89 89
0833_0016_0156_0062_0062.jpg 1 16 156 62 62
0834_0451_0283_0099_0099.jpg 1 451 283 99 99
0835_0084_0067_0025_0025.jpg 1 84 67 25 25
0836_0139_0078_0084_0084.jpg 1 139 78 84 84
0837_0505_0110_0075_0075.jpg 1 505 110 75 75
0838_0079_0048_0049_0049.jpg 1 79 48 49 49
0839_0235_0377_0088_0088.jpg 1 235 377 88 88
0840_0078_0044_0056_0056.jpg 1 78 44 56 56
0841_0170_0029_0064_0064.jpg 1 170 29 64 64
0842_0080_0035_0071_0071.jpg 1 80 35 71 71
0843_0284_0124_0099_0099.jpg 1 284 124 99 99
0844_0124_0238_0089_0089.jpg 1 124 238 89 89
0845_0282_0096_0101_0101.jpg 1 282 96 101 101
0846_0151_0274_0113_0113.jpg 1 151 274 113 113
0847_0122_0135_0080_0080.jpg 1 122 135 80 80
0848_0463_0302_0106_0106.jpg 1 463 302 106 106
0849_0356_0132_0083_0083.jpg 1 356 132 83 83
0850_0390_0204_0084_0084.jpg 1 390 204 84 84
0851_0309_0118_0042_0042.jpg 1 309 118 42 42
0852_0167_0068_0077_0077.jpg 1 167 68 77 77
0853_0029_0061_0082_0082.jpg 1 29 61 82 82
0854_0343_0115_0073_0073.jpg 1 343 115 73 73
0855_0136_0234_0082_0082.jpg 1 136 234 82 82
0856_0136_0058_0070_0070.jpg 1 136 58 70 70
0857_0345_0073_0064_0064.jpg 1 345 73 64 64
0858_0034_0092_0036_0036.jpg 1 34 92 36 36
0859_0184_0077_0087_0087.jpg 1 184 77 87 87
0860_0035_0137_0024_0024.jpg 1 35 137 24 24
0861_0153_0085_0082_0082.jpg 1 153 85 82 82
0862_0318_0177_0040_0040.jpg 1 318 177 40 40
0863_0262_0215_0035_0035.jpg 1 262 215 35 35
0864_0244_0110_0040_0040.jpg 1 244 110 40 40
0865_0038_0146_0038_0038.jpg 1 38 146 38 38
0866_0315_0262_0067_0067.jpg 1 315 262 67 67
0867_0269_0048_0026_0026.jpg 1 269 48 26 26
0868_0370_0175_0046_0046.jpg 1 370 175 46 46
0869_0150_0091_0106_0106.jpg 1 150 91 106 106
0870_0054_0071_0051_0051.jpg 1 54 71 51 51
0871_0194_0212_0099_0099.jpg 1 194 212 99 99
0872_0049_0079_0059_0059.jpg 1 49 79 59 59
0873_0472_0089_0110_0110.jpg 1 472 89 110 110
0874_0313_0170_0074_0074.jpg 1 313 170 74 74
0875_0064_0129_0052_0052.jpg 1 64 129 52 52
0876_0125_0193_0070_0070.jpg 1 125 193 70 70
0877_0121_0047_0055_0055.jpg 1 121 47 55 55
0878_0329_0108_0112_0112.jpg 1 329 108 112 112
0879_0069_0169_0046_0046.jpg 1 69 169 46 46
0880_0195_0108_0112_0112.jpg 1 195 108 112 112
0881_0209_0108_0092_0092.jpg 1 209 108 92 92
0882_0039_0169_0045_0045.jpg 1 39 169 45 45
0883_0121_0113_0077_0077.jpg 1 121 113 77 77
0884_0186_0140_0024_0024.jpg 1 186 140 24 24
0885_0011_0125_0083_0083.jpg 1 11 125 83 83
0886_0068_0021_0099_0099.jpg 1 68 21 99 99
0887_0480_0170_0091_0091.jpg 1 480 170 91 91
0888_0152_0215_0088_0088.jpg 1 152 215 88 88
0889_0419_0383_0051_0051.jpg 1 419 383 51 51
0890_0066_0155_0050_0050.jpg 1 66 155 50 50
0891_0088_0050_0038_0038.jpg 1 88 50 38 38
0892_0237_0055_0060_0060.jpg 1 237 55 60 60
0893_0437_0344_0097_0097.jpg 1 437 344 97 97
0894_0150_0087_0028_0028.jpg 1 150 87 28 28
0895_0074_0078_0068_0068.jpg 1 74 78 68 68
0896_0146_0108_0098_0098.jpg 1 146 108 98 98
0897_0108_0102_0071_0071.jpg 1 108 102 71 71
0898_0410_0155_0067_0067.jpg 1 410 155 67 67
0899_0244_0114_0049_0049.jpg 1 244 114 49 49
0900_0276_0315_0039_0039.jpg 1 276 315 39 39
0901_0080_0034_0048_0048.jpg 1 80 34 48 48
0902_0142_0265_0081_0081.jpg 1 142 265 81 81
0903_0048_0017_0077_0077.jpg 1 48 17 77 77
0904_0380_0240_0086_0086.jpg 1 380 240 86 86
0905_0071_0140_0050_0050.jpg 1 71 140 50 50
0906_0354_0223_0037_0037.jpg 1 354 223 37 37
0907_0310_0294_0106_0106.jpg 1 310 294 106 106
0908_0169_0267_0112_0112.jpg 1 169 267 112 112
0909_0097_0159_0056_0056.jpg 1 97 159 56 56
0910_0049_0103_0058_0058.jpg 1 49 103 58 58
0911_0091_0016_0075_0075.jpg 1 91 16 75 75
0912_0118_0104_0064_0064.jpg 1 118 104 64 64
0913_0032_0024_0102_0102.jpg 1 32 24 102 102
0914_0152_0083_0093_0093.jpg 1 152 83 93 93
0915_0081_0069_0103_0103.jpg 1 81 69 103 103
0916_0288_0094_0063_0063.jpg 1 288 94 63 63
0917_0288_0118_0099_0099.jpg 1 288 118 99 99
0918_0097_0055_0055_0055.jpg 1 97 55 55 55
0919_0059_0126_0113_0113.jpg 1 59 126 113 113
0920_0200_0423_0045_0045.jpg 1 200 423 45 45
0921_0470_0115_0044_0044.jpg 1 470 115 44 44
0922_0311_0150_0108_0108.jpg 1 311 150 108 108
0923_0028_0022_0082_0082.jpg 1 28 22 82 82
0924_0214_0075_0075_0075.jpg 1 214 75 75 75
0925_0072_0051_0064_0064.jpg 1 72 51 64 64
0926_0220_0129_0045_0045.jpg 1 220 129 45 45
0927_0179_0035_0059_0059.jpg 1 179 35 59 59
0928_0049_0121_0035_0035.jpg 1 49 121 35 35
0929_0137_0129_0040_0040.jpg 1 137 129 40 40
0930_0444_0056_0095_0095.jpg 1 444 56 95 95
0931_0099_0050_0100_0100.jpg 1 99 50 100 100
0932_0110_0026_0080_0080.jpg 1 110 26 80 80
0933_0292_0126_0036_0036.jpg 1 292 126 36 36
0934_0096_0054_0069_0069.jpg 1 96 54 69 69
0935_0299_0341_0084_0084.jpg 1 299 341 84 84
0936_0166_0152_0070_0070.jpg 1 166 152 70 70
0937_0259_0114_0110_0110.jpg 1 259 114 110 110
0938_0241_0034_0049_0049.jpg 1 241 34 49 49
0939_0017_0107_0032_0032.jpg 1 17 107 32 32
0940_0290_0316_0086_0086.jpg 1 290 316 86 86
0941_0165_0054_0112_0112.jpg 1 165 54 112 112
0942_0165_0113_0086_0086.jpg 1 165 113 86 86
0943_0115_0050_0099_0099.jpg 1 115 50 99 99
0944_0437_0336_0050_0050.jpg 1 437 336 50 50
0945_0080_0127_0026_0026.jpg 1 80 127 26 26
0946_0255_0372_0091_0091.jpg 1 255 372 91 91
0947_0286_0164_0083_0083.jpg 1 286 164 83 83
0948_0244_0335_0037_0037.jpg 1 244 335 37 37
0949_0464_0346_0050_0050.jpg 1 464 346 50 50
0950_0457_0237_0085_0085.jpg 1 457 237 85 85
0951_0073_0328_0026_0026.jpg 1 73 328 26 26
0952_0161_0312_0093_0093.jpg 1 161 312 93 93
0953_0138_0180_0069_0069.jpg 1 138 180 69 69
0954_0139_0071_0101_0101.jpg 1 139 71 101 101
0955_0179_0044_0080_0080.jpg 1 179 44 80 80
0956_0262_0160_0107_0107.jpg 1 262 160 107 107
0957_0325_0175_0081_0081.jpg 1 325 175 81 81
0958_0077_0096_0036_0036.jpg 1 77 96 36 36
0959_0141_0051_0066_0066.jpg 1 141 51 66 66
0960_0098_0065_0054_0054.jpg 1 98 65 54 54
0961_0129_0137_0055_0055.jpg 1 129 137 55 55
0962_0161_0475_0083_0083.jpg 1 161 475 83 83
0963_0456_0121_0096_0096.jpg 1 456 121 96 96
0964_0364_0122_0091_0091.jpg 1 364 122 91 91
0965_0032_0042_0109_0109.jpg 1 32 42 109 109
0966_0129_0093_0065_0065.jpg 1 129 93 65 65
0967_0482_0150_0074_0074.jpg 1 482 150 74 74
0968_0205_0119_0084_0084.jpg 1 205 119 84 84
0969_0155_0101_0032_0032.jpg 1 155 101 32 32
0970_0098_0072_0030_0030.jpg 1 98 72 30 30
0971_0117_0151_0111_0111.jpg 1 117 151 111 111
0972_0174_0277_0043_0043.jpg 1 174 277 43 43
0973_0125_0285_0079_0079.jpg 1 125 285 79 79
0974_0087_0390_0041_0041.jpg 1 87 390 41 41
0975_0123_0072_0099_0099.jpg 1 123 72 99 99
0976_0234_0056_0048_0048.jpg 1 234 56 48 48
0977_0393_0205_0068_0068.jpg 1 393 205 68 68
0978_0071_0153_0101_0101.jpg 1 71 153 101 101
0979_0362_0391_0068_0068.jpg 1 362 391 68 68
0980_0028_0080_0111_0111.jpg 1 28 80 111 111
0981_0150_0072_0042_0042.jpg 1 150 72 42 42
0982_0096_0034_0037_0037.jpg 1 96 34 37 37
0983_0068_0131_0035_0035.jpg 1 68 131 35 35
0984_0112_0308_0056_0056.jpg 1 112 308 56 56
0985_0416_0329_0066_0066.jpg 1 416 329 66 66
0986_0500_0396_0026_0026.jpg 1 500 396 26 26
0987_0295_0211_0101_0101.jpg 1 295 211 101 101
0988_0109_0089_0090_0090.jpg 1 109 89 90 90
0989_0094_0151_0059_0059.jpg 1 94 151 59 59
0990_0349_0181_0072_0072.jpg 1 349 181 72 72
0991_0274_0491_0042_0042.jpg 1 274 491 42 42
0992_0059_0098_0056_0056.jpg 1 59 98 56 56
0993_0047_0117_0052_0052.jpg 1 47 117 52 52
0994_0230_0277_0099_0099.jpg 1 230 277 99 99
0995_0118_0043_0091_0091.jpg 1 118 43 91 91
0996_0454_0352_0030_0030.jpg 1 454 352 30 30
0997_0116_0059_0045_0045.jpg 1 116 59 45 45
0998_0154_0009_0083_0083.jpg 1 154 9 83 83
0999_0159_0077_0058_0058.jpg 1 159 77 58 58
1000_0127_0544_0026_0026.jpg 1 127 544 26 26
1001_0222_0377_0056_0056.jpg 1 222 377 56 56
1002_0235_0135_0061_0061.jpg 1 235 135 61 61
1003_0106_0386_0030_0030.jpg 1 106 386 30 30
1004_0365_0119_0104_0104.jpg 1 365 119 104 104
1005_0056_0057_0091_0091.jpg 1 56 57 91 91
1006_0038_0087_0099_0099.jpg 1 38 87 99 99
1007_0139_0282_0110_0110.jpg 1 139 282 110 110
1008_0164_0223_0099_0099.jpg 1 164 223 99 99
1009_0267_0098_0036_0036.jpg 1 267 98 36 36
1010_0032_0030_0087_0087.jpg 1 32 30 87 87
1011_0123_0036_0086_0086.jpg 1 123 36 86 86
1012_0249_0311_0067_0067.jpg 1 249 311 67 67
1013_0025_0126_0058_0058.jpg 1 25 126 58 58
1014_0489_0113_0038_0038.jpg 1 489 113 38 38
1015_0530_0183_0039_0039.jpg 1 530 183 39 39
1016_0162_0035_0106_0106.jpg 1 162 35 106 106
1017_0301_0257_0109_0109.jpg 1 301 257 109 109
1018_0321_0312_0092_0092.jpg 1 321 312 92 92
1019_0040_0031_0054_0054.jpg 1 40 31 54 54
1020_0336_0362_0034_0034.jpg 1 336 362 34 34
1021_0205_0247_0103_0103.jpg 1 205 247 103 103
1022_0166_0101_0037_0037.jpg 1 166 101 37 37
1023_0341_0169_0055_0055.jpg 1 341 169 55 55
1024_0097_0138_0047_0047.jpg 1 97 138 47 47
1025_0410_0097_0108_0108.jpg 1 410 97 108 108
1026_0258_0073_0088_0088.jpg 1 258 73 88 88
1027_0324_0070_0077_0077.jpg 1 324 70 77 77
1028_0162_0326_0112_0112.jpg 1 162 326 112 112
1029_0288_0086_0080_0080.jpg 1 288 86 80 80
1030_0213_0097_0071_0071.jpg 1 213 97 71 71
1031_0121_0113_0037_0037.jpg 1 121 113 37 37
1032_0126_0116_0026_0026.jpg 1 126 116 26 26
1033_0118_0031_0054_0054.jpg 1 118 31 54 54
1034_0398_0240_0084_0084.jpg 1 398 240 84 84
1035_0172_0126_0026_0026.jpg 1 172 126 26 26
1036_0255_0499_0068_0068.jpg 1 255 499 68 68
1037_0223_0408_0091_0091.jpg 1 223 408 91 91
1038_0131_0320_0093_0093.jpg 1 131 320 93 93
1039_0336_0106_0045_0045.jpg 1 336 106 45 45
1040_0485_0046_0095_0095.jpg 1 485 46 95 95
1041_0405_0171_0029_0029.jpg 1 405 171 29 29
1042_0216_0097_0050_0050.jpg 1 216 97 50 50
1043_0076_0103_0101_0101.jpg 1 76 103 101 101
1044_0079_0337_0084_0084.jpg 1 79 337 84 84
1045_0027_0156_0041_0041.jpg 1 27 156 41 41
1046_0419_0166_0050_0050.jpg 1 419 166 50 50
1047_0019_0124_0099_0099.jpg 1 19 124 99 99
1048_0039_0172_0037_0037.jpg 1 39 172 37 37
1049_0125_0027_0098_0098.jpg 1 125 27 98 98
1050_0132_0040_0067_0067.jpg 1 132 40 67 67
1051_0181_0049_0039_0039.jpg 1 181 49 39 39
1052_0302_0431_0066_0066.jpg 1 302 431 66 66
1053_0187_0059_0061_0061.jpg 1 187 59 61 61
1054_0247_0327_0043_0043.jpg 1 247 327 43 43
1055_0203_0169_0024_0024.jpg 1 203 169 24 24
1056_0051_0020_0070_0070.jpg 1 51 20 70 70
1057_0398_0326_0038_0038.jpg 1 398 326 38 38
1058_0439_0122_0100_0100.jpg 1 439 122 100 100
1059_0269_0190_0039_0039.jpg 1 269 190 39 39
1060_0229_0096_0102_0102.jpg 1 229 96 102 102
1061_0199_0096_0048_0048.jpg 1 199 96 48 48
1062_0088_0135_0054_0054.jpg 1 88 135 54 54
1063_0081_0104_0095_0095.jpg 1 81 104 95 95
1064_0155_0034_0113_0113.jpg 1 155 34 113 113
1065_0164_0064_0070_0070.jpg 1 164 64 70 70
1066_0189_0073_0034_0034.jpg 1 189 73 34 34
1067_0322_0342_0090_0090.jpg 1 322 342 90 90
1068_0349_0230_0112_0112.jpg 1 349 230 112 112
1069_0102_0029_0080_0080.jpg 1 102 29 80 80
1070_0042_0024_0110_0110.jpg 1 42 24 110 110
1071_0038_0078_0057_0057.jpg 1 38 78 57 57
1072_0220_0130_0064_0064.jpg 1 220 130 64 64
1073_0202_0270_0107_0107.jpg 1 202 270 107 107
1074_0073_0163_0046_0046.jpg 1 73 163 46 46
1075_0188_0066_0097_0097.jpg 1 188 66 97 97
1076_0245_0148_0028_0028.jpg 1 245 148 28 28
1077_0092_0063_0049_0049.jpg 1 92 63 49 49
1078_0351_0241_0045_0045.jpg 1 351 241 45 45
1079_0281_0287_0070_0070.jpg 1 281 287 70 70
1080_0359_0073_0112_0112.jpg 1 359 73 112 112
1081_0030_0068_0064_0064.jpg 1 30 68 64 64
1082_0100_0026_0053_0053.jpg 1 100 26 53 53
1083_0229_0367_0031_0031.jpg 1 229 367 31 31
1084_0084_0053_0083_0083.jpg 1 84 53 83 83
1085_0028_0017_0076_0076.jpg 1 28 17 76 76
1086_0331_0293_0078_0078.jpg 1 331 293 78 78
1087_0057_0018_0109_0109.jpg 1 57 18 109 109
1088_0033_0080_0096_0096.jpg 1 33 80 96 96
1089_0252_0308_0092_0092.jpg 1 252 308 92 92
1090_0406_0046_0095_0095.jpg 1 406 46 95 95
1091_0158_0270_0054_0054.jpg 1 158 270 54 54
1092_0165_0061_0113_0113.jpg 1 165 61 113 113
1093_0022_0101_0072_0072.jpg 1 22 101 72 72
1094_0404_0309_0113_0113.jpg 1 404 309 113 113
1095_0097_0070_0059_0059.jpg 1 97 70 59 59
1096_0034_0058_0074_0074.jpg 1 34 58 74 74
1097_0026_0054_0066_0066.jpg 1 26 54 66 66
1098_0399_0231_0088_0088.jpg 1 399 231 88 88
1099_0086_0147_0050_0050.jpg 1 86 147 50 50
1100_0131_0188_0024_0024.jpg 1 131 188 24 24
1101_0105_0124_0024_0024.jpg 1 105 124 24 24
1102_0098_0183_0108_0108.jpg 1 98 183 108 108
1103_0061_0078_0036_0036.jpg 1 61 78 36 36
1104_0035_0041_0095_0095.jpg 1 35 41 95 95
1105_0018_0072_0034_0034.jpg 1 18 72 34 34
1106_0121_0316_0042_0042.jpg 1 121 316 42 42
1107_0218_0108_0086_0086.jpg 1 218 108 86 86
1108_0021_0114_0073_0073.jpg 1 21 114 73 73
1109_0091_0077_0095_0095.jpg 1 91 77 95 95
1110_0074_0025_0060_0060.jpg 1 74 25 60 60
1111_0408_0061_0092_0092.jpg 1 408 61 92 92
1112_0046_0099_0105_0105.jpg 1 46 99 105 105
1113_0338_0321_0078_0078.jpg 1 338 321 78 78
1114_0341_0084_0089_0089.jpg 1 341 84 89 89
1115_0480_0127_0059_0059.jpg 1 480 127 59 59
1116_0192_0050_0057_0057.jpg 1 192 50 57 57
1117_0092_0190_0095_0095.jpg 1 92 190 95 95
1118_0056_0079_0104_0104.jpg 1 56 79 104 104
1119_0128_0320_0052_0052.jpg 1 128 320 52 52
1120_0228_0345_0105_0105.jpg 1 228 345 105 105
1121_0146_0147_0071_0071.jpg 1 146 147 71 71
1122_0541_0131_0029_0029.jpg 1 541 131 29 29
1123_0066_0383_0047_0047.jpg 1 66 383 47 47
1124_0402_0163_0077_0077.jpg 1 402 163 77 77
1125_0271_0173_0042_0042.jpg 1 271 173 42 42
1126_0057_0134_0045_0045.jpg 1 57 134 45 45
1127_0015_0068_0072_0072.jpg 1 15 68 72 72
1128_0233_0123_0103_0103.jpg 1 233 123 103 103
1129_0274_0159_0097_0097.jpg 1 274 159 97 97
1130_0132_0040_0103_0103.jpg 1 132 40 103 103
1131_0387_0147_0086_0086.jpg 1 387 147 86 86
1132_0025_0104_0067_0067.jpg 1 25 104 67 67
1133_0164_0124_0092_0092.jpg 1 164 124 92 92
1134_0046_0032_0057_0057.jpg 1 46 32 57 57
1135_0143_0146_0058_0058.jpg 1 143 146 58 58
1136_0338_0055_0082_0082.jpg 1 338 55 82 82
1137_0188_0118_0070_0070.jpg 1 188 118 70 70
1138_0370_0230_0114_0114.jpg 1 370 230 114 114
1139_0411_0166_0086_0086.jpg 1 411 166 86 86
1140_0303_0121_0044_0044.jpg 1 303 121 44 44
1141_0174_0048_0078_0078.jpg 1 174 48 78 78
1142_0096_0221_0056_0056.jpg 1 96 221 56 56
1143_0102_0185_0091_0091.jpg 1 102 185 91 91
1144_0433_0167_0077_0077.jpg 1 433 167 77 77
1145_0069_0104_0048_0048.jpg 1 69 104 48 48
1146_0106_0284_0052_0052.jpg 1 106 284 52 52
1147_0192_0272_0106_0106.jpg 1 192 272 106 106
1148_0261_0273_0081_0081.jpg 1 261 273 81 81
1149_0244_0354_0034_0034.jpg 1 244 354 34 34
1150_0128_0032_0030_0030.jpg 1 128 32 30 30
1151_0346_0331_0047_0047.jpg 1 346 331 47 47
1152_0081_0057_0046_0046.jpg 1 81 57 46 46
1153_0154_0146_0055_0055.jpg 1 154 146 55 55
1154_0032_0019_0077_0077.jpg 1 32 19 77 77
1155_0480_0183_0030_0030.jpg 1 480 183 30 30
1156_0020_0142_0057_0057.jpg 1 20 142 57 57
1157_0320_0343_0081_0081.jpg 1 320 343 81 81
1158_0196_0119_0066_0066.jpg 1 196 119 66 66
1159_0403_0203_0098_0098.jpg 1 403 203 98 98
1160_0034_0122_0081_0081.jpg 1 34 122 81 81
1161_0240_0149_0069_0069.jpg 1 240 149 69 69
1162_0024_0018_0095_0095.jpg 1 24 18 95 95
1163_0248_0369_0080_0080.jpg 1 248 369 80 80
1164_0208_0089_0054_0054.jpg 1 208 89 54 54
1165_0123_0077_0082_0082.jpg 1 123 77 82 82
1166_0043_0047_0076_0076.jpg 1 43 47 76 76
1167_0199_0061_0053_0053.jpg 1 199 61 53 53
1168_0307_0071_0098_0098.jpg 1 307 71 98 98
1169_0187_0067_0029_0029.jpg 1 187 67 29 29
1170_0496_0066_0086_0086.jpg 1 496 66 86 86
1171_0270_0322_0057_0057.jpg 1 270 322 57 57
1172_0031_0117_0100_0100.jpg 1 31 117 100 100
1173_0237_0179_0096_0096.jpg 1 237 179 96 96
1174_0509_0053_0073_0073.jpg 1 509 53 73 73
1175_0290_0066_0035_0035.jpg 1 290 66 35 35
1176_0128_0102_0099_0099.jpg 1 128 102 99 99
1177_0072_0050_0080_0080.jpg 1 72 50 80 80
1178_0188_0232_0092_0092.jpg 1 188 232 92 92
1179_0216_0259_0032_0032.jpg 1 216 259 32 32
1180_0168_0256_0058_0058.jpg 1 168 256 58 58
1181_0130_0053_0080_0080.jpg 1 130 53 80 80
1182_0180_0072_0040_0040.jpg 1 180 72 40 40
1183_0046_0134_0063_0063.jpg 1 46 134 63 63
1184_0043_0050_0102_0102.jpg 1 43 50 102 102
1185_0159_0144_0047_0047.jpg 1 159 144 47 47
1186_0108_0093_0029_0029.jpg 1 108 93 29 29
1187_0298_0277_0038_0038.jpg 1 298 277 38 38
1188_0062_0163_0077_0077.jpg 1 62 163 77 77
1189_0169_0478_0074_0074.jpg 1 169 478 74 74
1190_0155_0327_0067_0067.jpg 1 155 327 67 67
1191_0122_0081_0068_0068.jpg 1 122 81 68 68
1192_0139_0098_0063_0063.jpg 1 139 98 63 63
1193_0294_0491_0051_0051.jpg 1 294 491 51 51
1194_0446_0327_0063_0063.jpg 1 446 327 63 63
1195_0392_0115_0047_0047.jpg 1 392 115 47 47
1196_0088_0229_0099_0099.jpg 1 88 229 99 99
1197_0050_0057_0106_0106.jpg 1 50 57 106 106
1198_0521_0157_0046_0046.jpg 1 521 157 46 46
1199_0129_0071_0065_0065.jpg 1 129 71 65 65
1200_0199_0082_0043_0043.jpg 1 199 82 43 43
1201_0385_0296_0084_0084.jpg 1 385 296 84 84
1202_0375_0149_0093_0093.jpg 1 375 149 93 93
1203_0249_0175_0111_0111.jpg 1 249 175 111 111
1204_0259_0104_0029_0029.jpg 1 259 104 29 29
1205_0120_0066_0058_0058.jpg 1 120 66 58 58
1206_0133_0379_0030_0030.jpg 1 133 379 30 30
1207_0022_0125_0035_0035.jpg 1 22 125 35 35
1208_0449_0119_0076_0076.jpg 1 449 119 76 76
1209_0397_0157_0027_0027.jpg 1 397 157 27 27
1210_0027_0107_0110_0110.jpg 1 27 107 110 110
1211_0226_0121_0095_0095.jpg 1 226 121 95 95
1212_0371_0137_0068_0068.jpg 1 371 137 68 68
1213_0205_0104_0060_0060.jpg 1 205 104 60 60
1214_0294_0227_0072_0072.jpg 1 294 227 72 72
1215_0246_0437_0084_0084.jpg 1 246 437 84 84
1216_0197_0132_0082_0082.jpg 1 197 132 82 82
1217_0254_0073_0112_0112.jpg 1 254 73 112 112
1218_0364_0209_0108_0108.jpg 1 364 209 108 108
1219_0168_0218_0030_0030.jpg 1 168 218 30 30
1220_0093_0366_0043_0043.jpg 1 93 366 43 43
1221_0169_0072_0027_0027.jpg 1 169 72 27 27
1222_0027_0148_0024_0024.jpg 1 27 148 24 24
1223_0332_0351_0049_0049.jpg 1 332 351 49 49
1224_0255_0348_0073_0073.jpg 1 255 348 73 73
1225_0213_0287_0047_0047.jpg 1 213 287 47 47
1226_0217_0281_0058_0058.jpg 1 217 281 58 58
1227_0106_0018_0075_0075.jpg 1 106 18 75 75
1228_0021_0130_0074_0074.jpg 1 21 130 74 74
1229_0050_0064_0030_0030.jpg 1 50 64 30 30
1230_0229_0238_0103_0103.jpg 1 229 238 103 103
1231_0094_0335_0091_0091.jpg 1 94 335 91 91
1232_0077_0142_0050_0050.jpg 1 77 142 50 50
1233_0431_0088_0062_0062.jpg 1 431 88 62 62
1234_0477_0192_0027_0027.jpg 1 477 192 27 27
1235_0465_0055_0107_0107.jpg 1 465 55 107 107
1236_0054_0109_0103_0103.jpg 1 54 109 103 103
1237_0178_0065_0083_0083.jpg 1 178 65 83 83
1238_0113_0095_0113_0113.jpg 1 113 95 113 113
1239_0442_0107_0050_0050.jpg 1 442 107 50 50
1240_0173_0093_0057_0057.jpg 1 173 93 57 57
1241_0222_0227_0090_0090.jpg 1 222 227 90 90
1242_0106_0075_0037_0037.jpg 1 106 75 37 37
1243_0120_0083_0056_0056.jpg 1 120 83 56 56
1244_0151_0330_0079_0079.jpg 1 151 330 79 79
1245_0387_0237_0066_0066.jpg 1 387 237 66 66
1246_0088_0078_0103_0103.jpg 1 88 78 103 103
1247_0202_0125_0076_0076.jpg 1 202 125 76 76
1248_0463_0284_0096_0096.jpg 1 463 284 96 96
1249_0363_0273_0049_0049.jpg 1 363 273 49 49
1250_0206_0088_0063_0063.jpg 1 206 88 63 63
1251_0030_0090_0049_0049.jpg 1 30 90 49 49
1252_0203_0139_0062_0062.jpg 1 203 139 62 62
1253_0125_0029_0032_0032.jpg 1 125 29 32 32
1254_0260_0236_0094_0094.jpg 1 260 236 94 94
1255_0395_0066_0079_0079.jpg 1 395 66 79 79
1256_0140_0099_0050_0050.jpg 1 140 99 50 50
1257_0513_0118_0067_0067.jpg 1 513 118 67 67
1258_0084_0058_0112_0112.jpg 1 84 58 112 112
1259_0318_0200_0101_0101.jpg 1 318 200 101 101
1260_0040_0085_0095_0095.jpg 1 40 85 95 95
1261_0139_0011_0101_0101.jpg 1 139 11 101 101
1262_0118_0101_0069_0069.jpg 1 118 101 69 69
1263_0522_0288_0028_0028.jpg 1 522 288 28 28
1264_0219_0166_0100_0100.jpg 1 219 166 100 100
1265_0158_0117_0067_0067.jpg 1 158 117 67 67
1266_0538_0133_0037_0037.jpg 1 538 133 37 37
1267_0421_0075_0095_0095.jpg 1 421 75 95 95
1268_0090_0015_0107_0107.jpg 1 90 15 107 107
1269_0091_0224_0110_0110.jpg 1 91 224 110 110
1270_0418_0069_0085_0085.jpg 1 418 69 85 85
1271_0419_0328_0048_0048.jpg 1 419 328 48 48
1272_0106_0028_0043_0043.jpg 1 106 28 43 43
1273_0303_0064_0074_0074.jpg 1 303 64 74 74
1274_0209_0143_0053_0053.jpg 1 209 143 53 53
1275_0186_0242_0038_0038.jpg 1 186 242 38 38
1276_0031_0030_0062_0062.jpg 1 31 30 62 62
1277_0147_0213_0036_0036.jpg 1 147 213 36 36
1278_0130_0097_0098_0098.jpg 1 130 97 98 98
1279_0160_0165_0042_0042.jpg 1 160 165 42 42
1280_0229_0098_0030_0030.jpg 1 229 98 30 30
1281_0309_0227_0075_0075.jpg 1 309 227 75 75
1282_0155_0083_0094_0094.jpg 1 155 83 94 94
1283_0080_0041_0071_0071.jpg 1 80 41 71 71
1284_0243_0199_0050_0050.jpg 1 243 199 50 50
1285_0176_0097_0032_0032.jpg 1 176 97 32 32
1286_0210_0119_0042_0042.jpg 1 210 119 42 42
1287_0218_0260_0088_0088.jpg 1 218 260 88 88
1288_0258_0308_0070_0070.jpg 1 258 308 70 70
1289_0244_0158_0057_0057.jpg 1 244 158 57 57
1290_0156_0074_0063_0063.jpg 1 156 74 63 63
1291_0047_0131_0036_0036.jpg 1 47 131 36 36
1292_0301_0393_0039_0039.jpg 1 301 393 39 39
1293_0411_0052_0067_0067.jpg 1 411 52 67 67
1294_0480_0141_0087_0087.jpg 1 480 141 87 87
1295_0067_0104_0064_0064.jpg 1 67 104 64 64
1296_0167_0148_0051_0051.jpg 1 167 148 51 51
1297_0474_0372_0054_0054.jpg 1 474 372 54 54
1298_0047_0081_0073_0073.jpg 1 47 81 73 73
1299_0166_0316_0050_0050.jpg 1 166 316 50 50
1300_0063_0016_0103_0103.jpg 1 63 16 103 103
1301_0125_0031_0034_0034.jpg 1 125 31 34 34
1302_0236_0053_0057_0057.jpg 1 236 53 57 57
1303_0061_0036_0076_0076.jpg 1 61 36 76 76
1304_0094_0127_0059_0059.jpg 1 94 127 59 59
1305_0144_0116_0031_0031.jpg 1 144 116 31 31
1306_0038_0037_0057_0057.jpg 1 38 37 57 57
1307_0065_0127_0097_0097.jpg 1 65 127 97 97
1308_0170_0349_0073_0073.jpg 1 170 349 73 73
1309_0404_0268_0110_0110.jpg 1 404 268 110 110
1310_0433_0304_0045_0045.jpg 1 433 304 45 45
1311_0472_0323_0060_0060.jpg 1 472 323 60 60
1312_0027_0079_0085_0085.jpg 1 27 79 85 85
1313_0089_0054_0111_0111.jpg 1 89 54 111 111
1314_0233_0056_0031_0031.jpg 1 233 56 31 31
1315_0151_0100_0054_0054.jpg 1 151 100 54 54
1316_0139_0215_0062_0062.jpg 1 139 215 62 62
1317_0456_0305_0085_0085.jpg 1 456 305 85 85
1318_0089_0182_0047_0047.jpg 1 89 182 47 47
1319_0293_0193_0086_0086.jpg 1 293 193 86 86
1320_0429_0078_0038_0038.jpg 1 429 78 38 38
1321_0493_0206_0055_0055.jpg 1 493 206 55 55
1322_0062_0295_0069_0069.jpg 1 62 295 69 69
1323_0427_0174_0092_0092.jpg 1 427 174 92 92
1324_0131_0415_0111_0111.jpg 1 131 415 111 111
1325_0041_0062_0085_0085.jpg 1 41 62 85 85
1326_0301_0267_0099_0099.jpg 1 301 267 99 99
1327_0118_0180_0025_0025.jpg 1 118 180 25 25
1328_0226_0116_0080_0080.jpg 1 226 116 80 80
1329_0147_0032_0106_0106.jpg 1 147 32 106 106
1330_0438_0136_0036_0036.jpg 1 438 136 36 36
1331_0025_0073_0090_0090.jpg 1 25 73 90 90
1332_0122_0068_0074_0074.jpg 1 122 68 74 74
1333_0292_0259_0024_0024.jpg 1 292 259 24 24
1334_0191_0214_0083_0083.jpg 1 191 214 83 83
1335_0095_0123_0043_0043.jpg 1 95 123 43 43
1336_0484_0061_0055_0055.jpg 1 484 61 55 55
1337_0435_0145_0098_0098.jpg 1 435 145 98 98
1338_0222_0082_0070_0070.jpg 1 222 82 70 70
1339_0385_0264_0068_0068.jpg 1 385 264 68 68
1340_0068_0126_0076_0076.jpg 1 68 126 76 76
1341_0291_0346_0092_0092.jpg 1 291 346 92 92
1342_0046_0107_0112_0112.jpg 1 46 107 112 112
1343_0361_0143_0072_0072.jpg 1 361 143 72 72
1344_0436_0123_0081_0081.jpg 1 436 123 81 81
1345_0062_0076_0098_0098.jpg 1 62 76 98 98
1346_0468_0272_0066_0066.jpg 1 468 272 66 66
1347_0049_0062_0089_0089.jpg 1 49 62 89 89
1348_0118_0111_0088_0088.jpg 1 118 111 88 88
1349_0025_0076_0052_0052.jpg 1 25 76 52 52
1350_0325_0139_0042_0042.jpg 1 325 139 42 42
1351_0048_0021_0077_0077.jpg 1 48 21 77 77
1352_0152_0104_0073_0073.jpg 1 152 104 73 73
1353_0040_0042_0107_0107.jpg 1 40 42 107 107
1354_0045_0140_0067_0067.jpg 1 45 140 67 67
1355_0080_0042_0099_0099.jpg 1 80 42 99 99
1356_0299_0234_0096_0096.jpg 1 299 234 96 96
1357_0278_0084_0053_0053.jpg 1 278 84 53 53
1358_0069_0038_0086_0086.jpg 1 69 38 86 86
1359_0194_0031_0053_0053.jpg 1 194 31 53 53
1360_0066_0318_0102_0102.jpg 1 66 318 102 102
1361_0139_0047_0057_0057.jpg 1 139 47 57 57
1362_0107_0104_0101_0101.jpg 1 107 104 101 101
1363_0064_0324_0084_0084.jpg 1 64 324 84 84
1364_0050_0109_0084_0084.jpg 1 50 109 84 84
1365_0106_0197_0053_0053.jpg 1 106 197 53 53
1366_0149_0315_0077_0077.jpg 1 149 315 77 77
1367_0186_0016_0100_0100.jpg 1 186 16 100 100
1368_0167_0067_0061_0061.jpg 1 167 67 61 61
1369_0094_0113_0062_0062.jpg 1 94 113 62 62
1370_0233_0163_0113_0113.jpg 1 233 163 113 113
1371_0406_0281_0048_0048.jpg 1 406 281 48 48
1372_0371_0356_0080_0080.jpg 1 371 356 80 80
1373_0039_0030_0068_0068.jpg 1 39 30 68 68
1374_0111_0024_0101_0101.jpg 1 111 24 101 101
1375_0225_0106_0055_0055.jpg 1 225 106 55 55
1376_0308_0165_0092_0092.jpg 1 308 165 92 92
1377_0226_0396_0025_0025.jpg 1 226 396 25 25
1378_0105_0079_0059_0059.jpg 1 105 79 59 59
1379_0134_0395_0069_0069.jpg 1 134 395 69 69
1380_0096_0015_0113_0113.jpg 1 96 15 113 113
1381_0205_0123_0070_0070.jpg 1 205 123 70 70
1382_0388_0135_0036_0036.jpg 1 388 135 36 36
1383_0057_0034_0045_0045.jpg 1 57 34 45 45
1384_0308_0132_0041_0041.jpg 1 308 132 41 41
1385_0286_0308_0062_0062.jpg 1 286 308 62 62
1386_0049_0060_0069_0069.jpg 1 49 60 69 69
1387_0417_0159_0112_0112.jpg 1 417 159 112 112
1388_0058_0295_0090_0090.jpg 1 58 295 90 90
1389_0060_0113_0069_0069.jpg 1 60 113 69 69
1390_0193_0033_0074_0074.jpg 1 193 33 74 74
1391_0056_0026_0111_0111.jpg 1 56 26 111 111
1392_0140_0088_0055_0055.jpg 1 140 88 55 55
1393_0214_0100_0080_0080.jpg 1 214 100 80 80
1394_0339_0077_0113_0113.jpg 1 339 77 113 113
1395_0053_0137_0045_0045.jpg 1 53 137 45 45
1396_0448_0176_0065_0065.jpg 1 448 176 65 65
1397_0172_0290_0107_0107.jpg 1 172 290 107 107
1398_0020_0136_0086_0086.jpg 1 20 136 86 86
1399_0141_0074_0096_0096.jpg 1 141 74 96 96
1400_0154_0197_0072_0072.jpg 1 154 197 72 72
1401_0087_0122_0084_0084.jpg 1 87 122 84 84
1402_0373_0174_0080_0080.jpg 1 373 174 80 80
1403_0038_0043_0103_0103.jpg 1 38 43 103 103
1404_0216_0213_0088_0088.jpg 1 216 213 88 88
1405_0055_0101_0052_0052.jpg 1 55 101 52 52
1406_0145_0158_0058_0058.jpg 1 145 158 58 58
1407_0084_0133_0066_0066.jpg 1 84 133 66 66
1408_0046_0059_0057_0057.jpg 1 46 59 57 57
1409_0057_0305_0083_0083.jpg 1 57 305 83 83
1410_0269_0150_0073_0073.jpg 1 269 150 73 73
1411_0251_0273_0038_0038.jpg 1 251 273 38 38
1412_0082_0112_0108_0108.jpg 1 82 112 108 108
1413_0353_0442_0077_0077.jpg 1 353 442 77 77
1414_0031_0127_0087_0087.jpg 1 31 127 87 87
1415_0043_0118_0087_0087.jpg 1 43 118 87 87
1416_0078_0045_0085_0085.jpg 1 78 45 85 85
1417_0051_0036_0049_0049.jpg 1 51 36 49 49
1418_0345_0222_0077_0077.jpg 1 345 222 77 77
1419_0315_0157_0093_0093.jpg 1 315 157 93 93
1420_0222_0149_0040_0040.jpg 1 222 149 40 40
1421_0170_0167_0077_0077.jpg 1 170 167 77 77
1422_0079_0067_0026_0026.jpg 1 79 67 26 26
1423_0045_0099_0104_0104.jpg 1 45 99 104 104
1424_0188_0065_0078_0078.jpg 1 188 65 78 78
1425_0224_0325_0048_0048.jpg 1 224 325 48 48
1426_0031_0062_0067_0067.jpg 1 31 62 67 67
1427_0166_0218_0083_0083.jpg 1 166 218 83 83
1428_0198_0252_0106_0106.jpg 1 198 252 106 106
1429_0491_0283_0091_0091.jpg 1 491 283 91 91
1430_0123_0109_0070_0070.jpg 1 123 109 70 70
1431_0079_0079_0055_0055.jpg 1 79 79 55 55
1432_0044_0087_0044_0044.jpg 1 44 87 44 44
1433_0367_0140_0038_0038.jpg 1 367 140 38 38
1434_0124_0013_0110_0110.jpg 1 124 13 110 110
1435_0152_0132_0083_0083.jpg 1 152 132 83 83
1436_0054_0225_0105_0105.jpg 1 54 225 105 105
1437_0061_0145_0033_0033.jpg 1 61 145 33 33
1438_0053_0103_0109_0109.jpg 1 53 103 109 109
1439_0021_0147_0032_0032.jpg 1 21 147 32 32
1440_0267_0457_0078_0078.jpg 1 267 457 78 78
1441_0082_0126_0047_0047.jpg 1 82 126 47 47
1442_0289_0281_0106_0106.jpg 1 289 281 106 106
1443_0095_0221_0068_0068.jpg 1 95 221 68 68
1444_0234_0385_0040_0040.jpg 1 234 385 40 40
1445_0210_0272_0059_0059.jpg 1 210 272 59 59
1446_0129_0034_0109_0109.jpg 1 129 34 109 109
1447_0200_0429_0111_0111.jpg 1 200 429 111 111
1448_0089_0097_0112_0112.jpg 1 89 97 112 112
1449_0070_0247_0112_0112.jpg 1 70 247 112 112
1450_0104_0055_0059_0059.jpg 1 104 55 59 59
1451_0112_0054_0082_0082.jpg 1 112 54 82 82
1452_0054_0177_0047_0047.jpg 1 54 177 47 47
1453_0111_0042_0107_0107.jpg 1 111 42 107 107
1454_0366_0244_0074_0074.jpg 1 366 244 74 74
1455_0059_0359_0067_0067.jpg 1 59 359 67 67
1456_0127_0037_0038_0038.jpg 1 127 37 38 38
1457_0184_0022_0085_0085.jpg 1 184 22 85 85
1458_0022_0095_0065_0065.jpg 1 22 95 65 65
1459_0148_0018_0076_0076.jpg 1 148 18 76 76
1460_0159_0142_0078_0078.jpg 1 159 142 78 78
1461_0225_0165_0033_0033.jpg 1 225 165 33 33
1462_0357_0303_0066_0066.jpg 1 357 303 66 66
1463_0333_0313_0061_0061.jpg 1 333 313 61 61
1464_0152_0095_0025_0025.jpg 1 152 95 25 25
1465_0113_0047_0067_0067.jpg 1 113 47 67 67
1466_0124_0183_0028_0028.jpg 1 124 183 28 28
1467_0118_0115_0044_0044.jpg 1 118 115 44 44
1468_0109_0083_0027_0027.jpg 1 109 83 27 27
1469_0053_0051_0058_0058.jpg 1 53 51 58 58
1470_0230_0166_0025_0025.jpg 1 230 166 25 25
1471_0291_0346_0042_0042.jpg 1 291 346 42 42
1472_0059_0112_0069_0069.jpg 1 59 112 69 69
1473_0241_0274_0068_0068.jpg 1 241 274 68 68
1474_0040_0123_0083_0083.jpg 1 40 123 83 83
1475_0058_0094_0111_0111.jpg 1 58 94 111 111
1476_0339_0064_0089_0089.jpg 1 339 64 89 89
1477_0185_0039_0066_0066.jpg 1 185 39 66 66
1478_0084_0051_0104_0104.jpg 1 84 51 104 104
1479_0370_0325_0029_0029.jpg 1 370 325 29 29
1480_0446_0223_0076_0076.jpg 1 446 223 76 76
1481_0028_0167_0038_0038.jpg 1 28 167 38 38
1482_0223_0124_0041_0041.jpg 1 223 124 41 41
1483_0145_0096_0110_0110.jpg 1 145 96 110 110
1484_0154_0146_0090_0090.jpg 1 154 146 90 90
1485_0176_0058_0083_0083.jpg 1 176 58 83 83
1486_0078_0242_0035_0035.jpg 1 78 242 35 35
1487_0213_0127_0045_0045.jpg 1 213 127 45 45
1488_0093_0134_0030_0030.jpg 1 93 134 30 30
1489_0270_0189_0056_0056.jpg 1 270 189 56 56
1490_0417_0291_0067_0067.jpg 1 417 291 67 67
1491_0033_0046_0066_0066.jpg 1 33 46 66 66
1492_0234_0407_0067_0067.jpg 1 234 407 67 67
1493_0436_0261_0091_0091.jpg 1 436 261 91 91
1494_0070_0016_0113_0113.jpg 1 70 16 113 113
1495_0156_0261_0061_0061.jpg 1 156 261 61 61
1496_0154_0149_0053_0053.jpg 1 154 149 53 53
1497_0068_0095_0026_0026.jpg 1 68 95 26 26
1498_0124_0023_0108_0108.jpg 1 124 23 108 108
1499_0129_0402_0068_0068.jpg 1 129 402 68 68
1500_0228_0291_0102_0102.jpg 1 228 291 102 102
1501_0229_0069_0108_0108.jpg 1 229 69 108 108
1502_0160_0134_0044_0044.jpg 1 160 134 44 44
1503_0374_0120_0026_0026.jpg 1 374 120 26 26
1504_0197_0262_0087_0087.jpg 1 197 262 87 87
1505_0087_0333_0026_0026.jpg 1 87 333 26 26
1506_0358_0207_0053_0053.jpg 1 358 207 53 53
1507_0228_0344_0111_0111.jpg 1 228 344 111 111
1508_0223_0092_0049_0049.jpg 1 223 92 49 49
1509_0069_0131_0038_0038.jpg 1 69 131 38 38
1510_0191_0055_0107_0107.jpg 1 191 55 107 107
1511_0258_0379_0059_0059.jpg 1 258 379 59 59
1512_0337_0373_0032_0032.jpg 1 337 373 32 32
1513_0027_0100_0111_0111.jpg 1 27 100 111 111
1514_0329_0281_0051_0051.jpg 1 329 281 51 51
1515_0141_0156_0050_0050.jpg 1 141 156 50 50
1516_0226_0271_0026_0026.jpg 1 226 271 26 26
1517_0089_0484_0050_0050.jpg 1 89 484 50 50
1518_0161_0126_0030_0030.jpg 1 161 126 30 30
1519_0452_0255_0049_0049.jpg 1 452 255 49 49
1520_0136_0142_0049_0049.jpg 1 136 142 49 49
1521_0070_0109_0077_0077.jpg 1 70 109 77 77
1522_0404_0363_0075_0075.jpg 1 404 363 75 75
1523_0073_0355_0067_0067.jpg 1 73 355 67 67
1524_0026_0041_0049_0049.jpg 1 26 41 49 49
1525_0081_0055_0074_0074.jpg 1 81 55 74 74
1526_0208_0161_0109_0109.jpg 1 208 161 109 109
1527_0201_0091_0085_0085.jpg 1 201 91 85 85
1528_0432_0131_0044_0044.jpg 1 432 131 44 44
1529_0101_0107_0080_0080.jpg 1 101 107 80 80
1530_0047_0113_0098_0098.jpg 1 47 113 98 98
1531_0084_0026_0075_0075.jpg 1 84 26 75 75
1532_0052_0018_0096_0096.jpg 1 52 18 96 96
1533_0104_0087_0103_0103.jpg 1 104 87 103 103
1534_0127_0085_0062_0062.jpg 1 127 85 62 62
1535_0188_0080_0075_0075.jpg 1 188 80 75 75
1536_0327_0108_0033_0033.jpg 1 327 108 33 33
1537_0139_0095_0052_0052.jpg 1 139 95 52 52
1538_0083_0071_0080_0080.jpg 1 83 71 80 80
1539_0082_0202_0065_0065.jpg 1 82 202 65 65
1540_0007_0050_0104_0104.jpg 1 7 50 104 104
1541_0338_0503_0047_0047.jpg 1 338 503 47 47
1542_0384_0226_0030_0030.jpg 1 384 226 30 30
1543_0132_0375_0084_0084.jpg 1 132 375 84 84
1544_0100_0145_0024_0024.jpg 1 100 145 24 24
1545_0075_0025_0060_0060.jpg 1 75 25 60 60
1546_0055_0066_0068_0068.jpg 1 55 66 68 68
1547_0315_0245_0029_0029.jpg 1 315 245 29 29
1548_0011_0159_0054_0054.jpg 1 11 159 54 54
1549_0192_0080_0090_0090.jpg 1 192 80 90 90
1550_0408_0204_0089_0089.jpg 1 408 204 89 89
1551_0094_0092_0058_0058.jpg 1 94 92 58 58
1552_0143_0108_0040_0040.jpg 1 143 108 40 40
1553_0047_0060_0033_0033.jpg 1 47 60 33 33
1554_0070_0082_0046_0046.jpg 1 70 82 46 46
1555_0296_0277_0113_0113.jpg 1 296 277 113 113
1556_0407_0346_0086_0086.jpg 1 407 346 86 86
1557_0319_0339_0083_0083.jpg 1 319 339 83 83
1558_0036_0064_0108_0108.jpg 1 36 64 108 108
1559_0455_0287_0100_0100.jpg 1 455 287 100 100
1560_0080_0056_0112_0112.jpg 1 80 56 112 112
1561_0278_0406_0034_0034.jpg 1 278 406 34 34
1562_0089_0326_0093_0093.jpg 1 89 326 93 93
1563_0349_0391_0025_0025.jpg 1 349 391 25 25
1564_0048_0016_0099_0099.jpg 1 48 16 99 99
1565_0078_0104_0097_0097.jpg 1 78 104 97 97
1566_0084_0089_0046_0046.jpg 1 84 89 46 46
1567_0104_0079_0061_0061.jpg 1 104 79 61 61
1568_0135_0019_0060_0060.jpg 1 135 19 60 60
1569_0513_0144_0050_0050.jpg 1 513 144 50 50
1570_0294_0269_0052_0052.jpg 1 294 269 52 52
1571_0490_0086_0082_0082.jpg 1 490 86 82 82
1572_0076_0172_0040_0040.jpg 1 76 172 40 40
1573_0082_0245_0039_0039.jpg 1 82 245 39 39
1574_0075_0088_0100_0100.jpg 1 75 88 100 100
1575_0410_0133_0040_0040.jpg 1 410 133 40 40
1576_0147_0333_0086_0086.jpg 1 147 333 86 86
1577_0209_0031_0057_0057.jpg 1 209 31 57 57
1578_0507_0212_0039_0039.jpg 1 507 212 39 39
1579_0373_0339_0072_0072.jpg 1 373 339 72 72
1580_0019_0071_0096_0096.jpg 1 19 71 96 96
1581_0513_0058_0046_0046.jpg 1 513 58 46 46
1582_0110_0028_0076_0076.jpg 1 110 28 76 76
1583_0084_0214_0105_0105.jpg 1 84 214 105 105
1584_0038_0035_0039_0039.jpg 1 38 35 39 39
1585_0373_0264_0035_0035.jpg 1 373 264 35 35
1586_0227_0249_0092_0092.jpg 1 227 249 92 92
1587_0402_0173_0049_0049.jpg 1 402 173 49 49
1588_0118_0335_0041_0041.jpg 1 118 335 41 41
1589_0392_0308_0059_0059.jpg 1 392 308 59 59
1590_0139_0077_0055_0055.jpg 1 139 77 55 55
1591_0424_0169_0096_0096.jpg 1 424 169 96 96
1592_0025_0034_0075_0075.jpg 1 25 34 75 75
1593_0245_0360_0041_0041.jpg 1 245 360 41 41
1594_0369_0277_0104_0104.jpg 1 369 277 104 104
1595_0168_0141_0060_0060.jpg 1 168 141 60 60
1596_0042_0093_0045_0045.jpg 1 42 93 45 45
1597_0216_0177_0032_0032.jpg 1 216 177 32 32
1598_0160_0439_0078_0078.jpg 1 160 439 78 78
1599_0222_0241_0066_0066.jpg 1 222 241 66 66
1600_0137_0105_0076_0076.jpg 1 137 105 76 76
1601_0204_0289_0097_0097.jpg 1 204 289 97 97
1602_0018_0053_0099_0099.jpg 1 18 53 99 99
1603_0058_0012_0096_0096.jpg 1 58 12 96 96
1604_0488_0071_0032_0032.jpg 1 488 71 32 32
1605_0125_0052_0046_0046.jpg 1 125 52 46 46
1606_0196_0021_0037_0037.jpg 1 196 21 37 37
1607_0070_0101_0032_0032.jpg 1 70 101 32 32
1608_0294_0231_0111_0111.jpg 1 294 231 111 111
1609_0070_0113_0098_0098.jpg 1 70 113 98 98
1610_0168_0155_0041_0041.jpg 1 168 155 41 41
1611_0438_0123_0060_0060.jpg 1 438 123 60 60
1612_0128_0088_0102_0102.jpg 1 128 88 102 102
1613_0041_0038_0024_0024.jpg 1 41 38 24 24
1614_0391_0060_0096_0096.jpg 1 391 60 96 96
1615_0050_0148_0063_0063.jpg 1 50 148 63 63
1616_0373_0293_0035_0035.jpg 1 373 293 35 35
1617_0487_0105_0027_0027.jpg 1 487 105 27 27
1618_0140_0120_0077_0077.jpg 1 140 120 77 77
1619_0423_0226_0106_0106.jpg 1 423 226 106 106
1620_0397_0342_0050_0050.jpg 1 397 342 50 50
1621_0030_0103_0106_0106.jpg 1 30 103 106 106
1622_0222_0063_0040_0040.jpg 1 222 63 40 40
1623_0273_0081_0099_0099.jpg 1 273 81 99 99
1624_0210_0031_0076_0076.jpg 1 210 31 76 76
1625_0080_0080_0095_0095.jpg 1 80 80 95 95
1626_0287_0307_0037_0037.jpg 1 287 307 37 37
1627_0125_0052_0094_0094.jpg 1 125 52 94 94
1628_0143_0024_0056_0056.jpg 1 143 24 56 56
1629_0137_0142_0078_0078.jpg 1 137 142 78 78
1630_0026_0016_0106_0106.jpg 1 26 16 106 106
1631_0184_0349_0086_0086.jpg 1 184 349 86 86
1632_0121_0119_0067_0067.jpg 1 121 119 67 67
1633_0214_0185_0092_0092.jpg 1 214 185 92 92
1634_0230_0054_0063_0063.jpg 1 230 54 63 63
1635_0102_0112_0024_0024.jpg 1 102 112 24 24
1636_0161_0094_0064_0064.jpg 1 161 94 64 64
1637_0129_0459_0088_0088.jpg 1 129 459 88 88
1638_0011_0125_0079_0079.jpg 1 11 125 79 79
1639_0168_0123_0101_0101.jpg 1 168 123 101 101
1640_0480_0169_0038_0038.jpg 1 480 169 38 38
1641_0203_0057_0079_0079.jpg 1 203 57 79 79
1642_0063_0107_0098_0098.jpg 1 63 107 98 98
1643_0165_0114_0102_0102.jpg 1 165 114 102 102
1644_0301_0173_0080_0080.jpg 1 301 173 80 80
1645_0341_0255_0092_0092.jpg 1 341 255 92 92
1646_0286_0386_0049_0049.jpg 1 286 386 49 49
1647_0212_0108_0041_0041.jpg 1 212 108 41 41
1648_0070_0087_0050_0050.jpg 1 70 87 50 50
1649_0151_0160_0052_0052.jpg 1 151 160 52 52
1650_0037_0143_0055_0055.jpg 1 37 143 55 55
1651_0412_0247_0085_0085.jpg 1 412 247 85 85
1652_0100_0075_0087_0087.jpg 1 100 75 87 87
1653_0119_0097_0027_0027.jpg 1 119 97 27 27
1654_0102_0155_0061_0061.jpg 1 102 155 61 61
1655_0247_0219_0108_0108.jpg 1 247 219 108 108
1656_0061_0056_0046_0046.jpg 1 61 56 46 46
1657_0095_0113_0061_0061.jpg 1 95 113 61 61
1658_0032_0173_0078_0078.jpg 1 32 173 78 78
1659_0064_0138_0074_0074.jpg 1 64 138 74 74
1660_0125_0244_0072_0072.jpg 1 125 244 72 72
1661_0143_0085_0043_0043.jpg 1 143 85 43 43
1662_0273_0099_0079_0079.jpg 1 273 99 79 79
1663_0361_0270_0103_0103.jpg 1 361 270 103 103
1664_0203_0271_0098_0098.jpg 1 203 271 98 98
1665_0457_0184_0065_0065.jpg 1 457 184 65 65
1666_0183_0076_0076_0076.jpg 1 183 76 76 76
1667_0120_0051_0048_0048.jpg 1 120 51 48 48
1668_0124_0093_0087_0087.jpg 1 124 93 87 87
1669_0151_0051_0069_0069.jpg 1 151 51 69 69
1670_0053_0040_0081_0081.jpg 1 53 40 81 81
1671_0157_0149_0053_0053.jpg 1 157 149 53 53
1672_0082_0111_0033_0033.jpg 1 82 111 33 33
1673_0252_0062_0027_0027.jpg 1 252 62 27 27
1674_0088_0067_0034_0034.jpg 1 88 67 34 34
1675_0374_0352_0073_0073.jpg 1 374 352 73 73
1676_0122_0174_0024_0024.jpg 1 122 174 24 24
1677_0103_0018_0069_0069.jpg 1 103 18 69 69
1678_0129_0131_0051_0051.jpg 1 129 131 51 51
1679_0058_0117_0072_0072.jpg 1 58 117 72 72
1680_0147_0020_0085_0085.jpg 1 147 20 85 85
1681_0279_0337_0098_0098.jpg 1 279 337 98 98
1682_0387_0162_0095_0095.jpg 1 387 162 95 95
1683_0295_0251_0041_0041.jpg 1 295 251 41 41
1684_0491_0355_0078_0078.jpg 1 491 355 78 78
1685_0075_0023_0111_0111.jpg 1 75 23 111 111
1686_0344_0187_0057_0057.jpg 1 344 187 57 57
1687_0170_0120_0058_0058.jpg 1 170 120 58 58
1688_0080_0072_0085_0085.jpg 1 80 72 85 85
1689_0361_0062_0109_0109.jpg 1 361 62 109 109
1690_0288_0362_0063_0063.jpg 1 288 362 63 63
1691_0175_0162_0106_0106.jpg 1 175 162 106 106
1692_0171_0389_0053_0053.jpg 1 171 389 53 53
1693_0018_0099_0061_0061.jpg 1 18 99 61 61
1694_0364_0279_0030_0030.jpg 1 364 279 30 30
1695_0132_0069_0073_0073.jpg 1 132 69 73 73
1696_0224_0285_0111_0111.jpg 1 224 285 111 111
1697_0453_0053_0055_0055.jpg 1 453 53 55 55
1698_0385_0237_0111_0111.jpg 1 385 237 111 111
1699_0142_0137_0045_0045.jpg 1 142 137 45 45
1700_0033_0102_0060_0060.jpg 1 33 102 60 60
1701_0119_0115_0049_0049.jpg 1 119 115 49 49
1702_0140_0034_0061_0061.jpg 1 140 34 61 61
1703_0122_0056_0072_0072.jpg 1 122 56 72 72
1704_0132_0081_0084_0084.jpg 1 132 81 84 84
1705_0095_0030_0109_0109.jpg 1 95 30 109 109
1706_0310_0260_0100_0100.jpg 1 310 260 100 100
1707_0234_0083_0038_0038.jpg 1 234 83 38 38
1708_0031_0102_0077_0077.jpg 1 31 102 77 77
1709_0077_0055_0075_0075.jpg 1 77 55 75 75
1710_0158_0312_0065_0065.jpg 1 158 312 65 65
1711_0342_0180_0028_0028.jpg 1 342 180 28 28
1712_0136_0016_0082_0082.jpg 1 136 16 82 82
1713_0066_0114_0047_0047.jpg 1 66 114 47 47
1714_0094_0071_0038_0038.jpg 1 94 71 38 38
1715_0371_0156_0067_0067.jpg 1 371 156 67 67
1716_0112_0221_0086_0086.jpg 1 112 221 86 86
1717_0008_0086_0097_0097.jpg 1 8 86 97 97
1718_0121_0030_0034_0034.jpg 1 121 30 34 34
1719_0176_0044_0112_0112.jpg 1 176 44 112 112
1720_0501_0059_0037_0037.jpg 1 501 59 37 37
1721_0066_0111_0077_0077.jpg 1 66 111 77 77
1722_0122_0089_0063_0063.jpg 1 122 89 63 63
1723_0468_0278_0034_0034.jpg 1 468 278 34 34
1724_0137_0127_0039_0039.jpg 1 137 127 39 39
1725_0148_0304_0025_0025.jpg 1 148 304 25 25
1726_0367_0106_0094_0094.jpg 1 367 106 94 94
1727_0143_0266_0092_0092.jpg 1 143 266 92 92
1728_0091_0178_0038_0038.jpg 1 91 178 38 38
1729_0032_0063_0027_0027.jpg 1 32 63 27 27
1730_0190_0078_0092_0092.jpg 1 190 78 92 92
1731_0238_0136_0073_0073.jpg 1 238 136 73 73
1732_0083_0098_0105_0105.jpg 1 83 98 105 105
1733_0263_0085_0054_0054.jpg 1 263 85 54 54
1734_0067_0043_0075_0075.jpg 1 67 43 75 75
1735_0156_0064_0043_0043.jpg 1 156 64 43 43
1736_0131_0082_0096_0096.jpg 1 131 82 96 96
1737_0466_0173_0096_0096.jpg 1 466 173 96 96
1738_0428_0182_0032_0032.jpg 1 428 182 32 32
1739_0069_0155_0037_0037.jpg 1 69 155 37 37
1740_0109_0098_0103_0103.jpg 1 109 98 103 103
1741_0038_0135_0050_0050.jpg 1 38 135 50 50
1742_0044_0158_0050_0050.jpg 1 44 158 50 50
1743_0056_0053_0085_0085.jpg 1 56 53 85 85
1744_0421_0055_0063_0063.jpg 1 421 55 63 63
1745_0472_0181_0037_0037.jpg 1 472 181 37 37
1746_0506_0189_0059_0059.jpg 1 506 189 59 59
1747_0372_0205_0104_0104.jpg 1 372 205 104 104
1748_0064_0085_0045_0045.jpg 1 64 85 45 45
1749_0406_0230_0065_0065.jpg 1 406 230 65 65
1750_0040_0098_0109_0109.jpg 1 40 98 109 109
1751_0141_0164_0057_0057.jpg 1 141 164 57 57
1752_0326_0276_0031_0031.jpg 1 326 276 31 31
1753_0037_0076_0109_0109.jpg 1 37 76 109 109
1754_0340_0181_0103_0103.jpg 1 340 181 103 103
1755_0042_0022_0046_0046.jpg 1 42 22 46 46
1756_0032_0077_0056_0056.jpg 1 32 77 56 56
1757_0342_0371_0028_0028.jpg 1 342 371 28 28
1758_0075_0358_0074_0074.jpg 1 75 358 74 74
1759_0419_0128_0100_0100.jpg 1 419 128 100 100
1760_0158_0057_0091_0091.jpg 1 158 57 91 91
1761_0194_0317_0048_0048.jpg 1 194 317 48 48
1762_0087_0170_0041_0041.jpg 1 87 170 41 41
1763_0030_0039_0090_0090.jpg 1 30 39 90 90
1764_0121_0364_0027_0027.jpg 1 121 364 27 27
1765_0332_0349_0052_0052.jpg 1 332 349 52 52
1766_0014_0032_0040_0040.jpg 1 14 32 40 40
1767_0118_0108_0036_0036.jpg 1 118 108 36 36
1768_0253_0338_0074_0074.jpg 1 253 338 74 74
1769_0263_0169_0101_0101.jpg 1 263 169 101 101
1770_0046_0145_0053_0053.jpg 1 46 145 53 53
1771_0398_0267_0067_0067.jpg 1 398 267 67 67
1772_0096_0082_0044_0044.jpg 1 96 82 44 44
1773_0195_0356_0082_0082.jpg 1 195 356 82 82
1774_0061_0113_0046_0046.jpg 1 61 113 46 46
1775_0218_0079_0074_0074.jpg 1 218 79 74 74
1776_0189_0109_0099_0099.jpg 1 189 109 99 99
1777_0044_0135_0083_0083.jpg 1 44 135 83 83
1778_0350_0329_0048_0048.jpg 1 350 329 48 48
1779_0098_0237_0068_0068.jpg 1 98 237 68 68
1780_0458_0351_0074_0074.jpg 1 458 351 74 74
1781_0076_0059_0093_0093.jpg 1 76 59 93 93
1782_0375_0266_0046_0046.jpg 1 375 266 46 46
1783_0049_0100_0104_0104.jpg 1 49 100 104 104
1784_0285_0150_0096_0096.jpg 1 285 150 96 96
1785_0131_0074_0042_0042.jpg 1 131 74 42 42
1786_0060_0048_0083_0083.jpg 1 60 48 83 83
1787_0047_0123_0061_0061.jpg 1 47 123 61 61
1788_0191_0363_0039_0039.jpg 1 191 363 39 39
1789_0073_0034_0108_0108.jpg 1 73 34 108 108
1790_0323_0259_0108_0108.jpg 1 323 259 108 108
1791_0071_0049_0093_0093.jpg 1 71 49 93 93
1792_0302_0304_0057_0057.jpg 1 302 304 57 57
1793_0076_0061_0071_0071.jpg 1 76 61 71 71
1794_0120_0126_0050_0050.jpg 1 120 126 50 50
1795_0394_0304_0092_0092.jpg 1 394 304 92 92
1796_0028_0027_0092_0092.jpg 1 28 27 92 92
1797_0069_0065_0067_0067.jpg 1 69 65 67 67
1798_0443_0147_0052_0052.jpg 1 443 147 52 52
1799_0161_0145_0029_0029.jpg 1 161 145 29 29
1800_0143_0273_0037_0037.jpg 1 143 273 37 37
1801_0425_0049_0058_0058.jpg 1 425 49 58 58
1802_0169_0217_0113_0113.jpg 1 169 217 113 113
1803_0516_0270_0028_0028.jpg 1 516 270 28 28
1804_0050_0050_0069_0069.jpg 1 50 50 69 69
1805_0513_0217_0046_0046.jpg 1 513 217 46 46
1806_0515_0163_0065_0065.jpg 1 515 163 65 65
1807_0542_0179_0026_0026.jpg 1 542 179 26 26
1808_0027_0043_0050_0050.jpg 1 27 43 50 50
1809_0130_0377_0108_0108.jpg 1 130 377 108 108
1810_0052_0125_0031_0031.jpg 1 52 125 31 31
1811_0213_0287_0102_0102.jpg 1 213 287 102 102
1812_0070_0102_0088_0088.jpg 1 70 102 88 88
1813_0125_0145_0092_0092.jpg 1 125 145 92 92
1814_0196_0085_0082_0082.jpg 1 196 85 82 82
1815_0353_0277_0058_0058.jpg 1 353 277 58 58
1816_0169_0050_0026_0026.jpg 1 169 50 26 26
1817_0077_0098_0054_0054.jpg 1 77 98 54 54
1818_0147_0065_0059_0059.jpg 1 147 65 59 59
1819_0526_0223_0045_0045.jpg 1 526 223 45 45
1820_0104_0102_0034_0034.jpg 1 104 102 34 34
1821_0168_0074_0046_0046.jpg 1 168 74 46 46
1822_0226_0217_0101_0101.jpg 1 226 217 101 101
1823_0120_0391_0063_0063.jpg 1 120 391 63 63
1824_0217_0210_0073_0073.jpg 1 217 210 73 73
1825_0112_0022_0065_0065.jpg 1 112 22 65 65
1826_0143_0192_0101_0101.jpg 1 143 192 101 101
1827_0045_0080_0028_0028.jpg 1 45 80 28 28
1828_0053_0059_0106_0106.jpg 1 53 59 106 106
1829_0035_0042_0080_0080.jpg 1 35 42 80 80
1830_0030_0101_0108_0108.jpg 1 30 101 108 108
1831_0089_0051_0109_0109.jpg 1 89 51 109 109
1832_0092_0069_0110_0110.jpg 1 92 69 110 110
1833_0080_0064_0088_0088.jpg 1 80 64 88 88
1834_0012_0078_0088_0088.jpg 1 12 78 88 88
1835_0466_0388_0033_0033.jpg 1 466 388 33 33
1836_0110_0077_0103_0103.jpg 1 110 77 103 103
1837_0497_0235_0048_0048.jpg 1 497 235 48 48
1838_0196_0269_0098_0098.jpg 1 196 269 98 98
1839_0107_0062_0060_0060.jpg 1 107 62 60 60
1840_0137_0041_0111_0111.jpg 1 137 41 111 111
1841_0031_0053_0112_0112.jpg 1 31 53 112 112
1842_0105_0276_0054_0054.jpg 1 105 276 54 54
1843_0018_0108_0109_0109.jpg 1 18 108 109 109
1844_0044_0025_0063_0063.jpg 1 44 25 63 63
1845_0326_0105_0031_0031.jpg 1 326 105 31 31
1846_0270_0276_0070_0070.jpg 1 270 276 70 70
1847_0083_0034_0050_0050.jpg 1 83 34 50 50
1848_0222_0285_0113_0113.jpg 1 222 285 113 113
1849_0097_0134_0040_0040.jpg 1 97 134 40 40
1850_0360_0360_0049_0049.jpg 1 360 360 49 49
1851_0092_0031_0037_0037.jpg 1 92 31 37 37
1852_0197_0080_0096_0096.jpg 1 197 80 96 96
1853_0045_0055_0074_0074.jpg 1 45 55 74 74
1854_0467_0175_0060_0060.jpg 1 467 175 60 60
1855_0097_0107_0040_0040.jpg 1 97 107 40 40
1856_0188_0141_0064_0064.jpg 1 188 141 64 64
1857_0097_0161_0042_0042.jpg 1 97 161 42 42
1858_0247_0114_0055_0055.jpg 1 247 114 55 55
1859_0082_0377_0033_0033.jpg 1 82 377 33 33
1860_0185_0197_0056_0056.jpg 1 185 197 56 56
1861_0488_0285_0054_0054.jpg 1 488 285 54 54
1862_0126_0340_0037_0037.jpg 1 126 340 37 37
1863_0167_0124_0073_0073.jpg 1 167 124 73 73
1864_0273_0066_0090_0090.jpg 1 273 66 90 90
1865_0049_0123_0072_0072.jpg 1 49 123 72 72
1866_0147_0060_0033_0033.jpg 1 147 60 33 33
1867_0115_0053_0056_0056.jpg 1 115 53 56 56
1868_0472_0140_0113_0113.jpg 1 472 140 113 113
1869_0202_0280_0035_0035.jpg 1 202 280 35 35
1870_0169_0023_0035_0035.jpg 1 169 23 35 35
1871_0307_0405_0077_0077.jpg 1 307 405 77 77
1872_0049_0069_0111_0111.jpg 1 49 69 111 111
1873_0186_0061_0096_0096.jpg 1 186 61 96 96
1874_0035_0099_0094_0094.jpg 1 35 99 94 94
1875_0312_0113_0064_0064.jpg 1 312 113 64 64
1876_0160_0132_0075_0075.jpg 1 160 132 75 75
1877_0382_0270_0079_0079.jpg 1 382 270 79 79
1878_0505_0236_0075_0075.jpg 1 505 236 75 75
1879_0114_0167_0050_0050.jpg 1 114 167 50 50
1880_0065_0057_0059_0059.jpg 1 65 57 59 59
1881_0258_0206_0091_0091.jpg 1 258 206 91 91
1882_0055_0110_0110_0110.jpg 1 55 110 110 110
1883_0292_0268_0067_0067.jpg 1 292 268 67 67
1884_0040_0084_0113_0113.jpg 1 40 84 113 113
1885_0055_0172_0096_0096.jpg 1 55 172 96 96
1886_0470_0312_0038_0038.jpg 1 470 312 38 38
1887_0066_0120_0103_0103.jpg 1 66 120 103 103
1888_0326_0214_0098_0098.jpg 1 326 214 98 98
1889_0058_0081_0061_0061.jpg 1 58 81 61 61
1890_0102_0074_0084_0084.jpg 1 102 74 84 84
1891_0138_0053_0100_0100.jpg 1 138 53 100 100
1892_0257_0199_0034_0034.jpg 1 257 199 34 34
1893_0131_0115_0077_0077.jpg 1 131 115 77 77
1894_0111_0034_0096_0096.jpg 1 111 34 96 96
1895_0260_0259_0100_0100.jpg 1 260 259 100 100
1896_0144_0039_0094_0094.jpg 1 144 39 94 94
1897_0059_0235_0111_0111.jpg 1 59 235 111 111
1898_0417_0084_0090_0090.jpg 1 417 84 90 90
1899_0206_0351_0049_0049.jpg 1 206 351 49 49
1900_0533_0193_0033_0033.jpg 1 533 193 33 33
1901_0047_0088_0062_0062.jpg 1 47 88 62 62
1902_0076_0135_0024_0024.jpg 1 76 135 24 24
1903_0052_0087_0089_0089.jpg 1 52 87 89 89
1904_0045_0021_0093_0093.jpg 1 45 21 93 93
1905_0409_0145_0025_0025.jpg 1 409 145 25 25
1906_0235_0481_0058_0058.jpg 1 235 481 58 58
1907_0098_0024_0072_0072.jpg 1 98 24 72 72
1908_0154_0016_0090_0090.jpg 1 154 16 90 90
1909_0468_0204_0081_0081.jpg 1 468 204 81 81
1910_0164_0073_0067_0067.jpg 1 164 73 67 67
1911_0113_0050_0031_0031.jpg 1 113 50 31 31
1912_0130_0061_0072_0072.jpg 1 130 61 72 72
1913_0066_0068_0043_0043.jpg 1 66 68 43 43
1914_0066_0089_0053_0053.jpg 1 66 89 53 53
1915_0007_0084_0109_0109.jpg 1 7 84 109 109
1916_0203_0461_0040_0040.jpg 1 203 461 40 40
1917_0065_0124_0087_0087.jpg 1 65 124 87 87
1918_0471_0102_0056_0056.jpg 1 471 102 56 56
1919_0044_0147_0052_0052.jpg 1 44 147 52 52
1920_0042_0074_0111_0111.jpg 1 42 74 111 111
1921_0083_0086_0089_0089.jpg 1 83 86 89 89
1922_0093_0359_0041_0041.jpg 1 93 359 41 41
1923_0066_0070_0081_0081.jpg 1 66 70 81 81
1924_0460_0142_0026_0026.jpg 1 460 142 26 26
1925_0148_0044_0070_0070.jpg 1 148 44 70 70
1926_0055_0033_0051_0051.jpg 1 55 33 51 51
1927_0113_0154_0034_0034.jpg 1 113 154 34 34
1928_0261_0183_0087_0087.jpg 1 261 183 87 87
1929_0065_0068_0082_0082.jpg 1 65 68 82 82
1930_0108_0275_0084_0084.jpg 1 108 275 84 84
1931_0510_0285_0059_0059.jpg 1 510 285 59 59
1932_0281_0317_0024_0024.jpg 1 281 317 24 24
1933_0111_0132_0112_0112.jpg 1 111 132 112 112
1934_0166_0308_0047_0047.jpg 1 166 308 47 47
1935_0072_0198_0112_0112.jpg 1 72 198 112 112
1936_0189_0058_0041_0041.jpg 1 189 58 41 41
1937_0140_0108_0058_0058.jpg 1 140 108 58 58
1938_0486_0390_0037_0037.jpg 1 486 390 37 37
1939_0085_0027_0080_0080.jpg 1 85 27 80 80
1940_0161_0038_0077_0077.jpg 1 161 38 77 77
1941_0037_0122_0071_0071.jpg 1 37 122 71 71
1942_0075_0030_0030_0030.jpg 1 75 30 30 30
1943_0121_0275_0060_0060.jpg 1 121 275 60 60
1944_0025_0113_0053_0053.jpg 1 25 113 53 53
1945_0215_0111_0089_0089.jpg 1 215 111 89 89
1946_0404_0170_0032_0032.jpg 1 404 170 32 32
1947_0087_0103_0108_0108.jpg 1 87 103 108 108
1948_0200_0090_0063_0063.jpg 1 200 90 63 63
1949_0386_0206_0099_0099.jpg 1 386 206 99 99
1950_0353_0229_0050_0050.jpg 1 353 229 50 50
