0001_0015_0108_0114_0114.jpg 1 15 108 114 114
0002_0277_0318_0091_0091.jpg 1 277 318 91 91
0003_0193_0326_0042_0042.jpg 1 193 326 42 42
0004_0060_0321_0090_0090.jpg 1 60 321 90 90
0005_0262_0219_0086_0086.jpg 1 262 219 86 86
0006_0506_0319_0039_0039.jpg 1 506 319 39 39
0007_0025_0052_0094_0094.jpg 1 25 52 94 94
0008_0333_0320_0075_0075.jpg 1 333 320 75 75
0009_0018_0045_0054_0054.jpg 1 18 45 54 54
0010_0299_0352_0025_0025.jpg 1 299 352 25 25
0011_0333_0479_0104_0104.jpg 1 333 479 104 104
0012_0079_0034_0087_0087.jpg 1 79 34 87 87
0013_0063_0151_0082_0082.jpg 1 63 151 82 82
0014_0121_0104_0082_0082.jpg 1 121 104 82 82
0015_0168_0327_0052_0052.jpg 1 168 327 52 52
0016_0084_0291_0043_0043.jpg 1 84 291 43 43
0017_0129_0154_0071_0071.jpg 1 129 154 71 71
0018_0328_0293_0113_0113.jpg 1 328 293 113 113
0019_0226_0371_0061_0061.jpg 1 226 371 61 61
0020_0268_0201_0080_0080.jpg 1 268 201 80 80
0021_0081_0293_0077_0077.jpg 1 81 293 77 77
0022_0100_0171_0057_0057.jpg 1 100 171 57 57
0023_0023_0068_0066_0066.jpg 1 23 68 66 66
0024_0201_0290_0097_0097.jpg 1 201 290 97 97
0025_0456_0207_0032_0032.jpg 1 456 207 32 32
0026_0103_0150_0039_0039.jpg 1 103 150 39 39
0027_0117_0141_0049_0049.jpg 1 117 141 49 49
0028_0035_0056_0102_0102.jpg 1 35 56 102 102
0029_0174_0304_0065_0065.jpg 1 174 304 65 65
0030_0144_0069_0082_0082.jpg 1 144 69 82 82
0031_0324_0359_0028_0028.jpg 1 324 359 28 28
0032_0096_0057_0075_0075.jpg 1 96 57 75 75
0033_0177_0072_0093_0093.jpg 1 177 72 93 93
0034_0038_0092_0083_0083.jpg 1 38 92 83 83
0035_0399_0061_0095_0095.jpg 1 399 61 95 95
0036_0243_0261_0090_0090.jpg 1 243 261 90 90
0037_0368_0136_0032_0032.jpg 1 368 136 32 32
0038_0124_0078_0088_0088.jpg 1 124 78 88 88
0039_0039_0122_0025_0025.jpg 1 39 122 25 25
0040_0057_0082_0048_0048.jpg 1 57 82 48 48
0041_0017_0032_0111_0111.jpg 1 17 32 111 111
0042_0112_0076_0028_0028.jpg 1 112 76 28 28
0043_0118_0329_0061_0061.jpg 1 118 329 61 61
0044_0168_0101_0106_0106.jpg 1 168 101 106 106
0045_0141_0064_0038_0038.jpg 1 141 64 38 38
0046_0148_0104_0050_0050.jpg 1 148 104 50 50
0047_0256_0289_0072_0072.jpg 1 256 289 72 72
0048_0039_0051_0102_0102.jpg 1 39 51 102 102
0049_0051_0090_0057_0057.jpg 1 51 90 57 57
0050_0210_0085_0086_0086.jpg 1 210 85 86 86
0051_0056_0036_0062_0062.jpg 1 56 36 62 62
0052_0064_0150_0031_0031.jpg 1 64 150 31 31
0053_0134_0148_0051_0051.jpg 1 134 148 51 51
0054_0111_0051_0053_0053.jpg 1 111 51 53 53
0055_0279_0435_0091_0091.jpg 1 279 435 91 91
0056_0170_0087_0093_0093.jpg 1 170 87 93 93
0057_0041_0042_0115_0115.jpg 1 41 42 115 115
0058_0084_0087_0067_0067.jpg 1 84 87 67 67
0059_0244_0415_0080_0080.jpg 1 244 415 80 80
0060_0132_0221_0039_0039.jpg 1 132 221 39 39
0061_0300_0185_0039_0039.jpg 1 300 185 39 39
0062_0149_0174_0075_0075.jpg 1 149 174 75 75
0063_0255_0077_0085_0085.jpg 1 255 77 85 85
0064_0167_0071_0066_0066.jpg 1 167 71 66 66
0065_0221_0137_0041_0041.jpg 1 221 137 41 41
0066_0044_0096_0031_0031.jpg 1 44 96 31 31
0067_0161_0164_0046_0046.jpg 1 161 164 46 46
0068_0352_0207_0089_0089.jpg 1 352 207 89 89
0069_0131_0109_0025_0025.jpg 1 131 109 25 25
0070_0389_0291_0043_0043.jpg 1 389 291 43 43
0071_0386_0118_0082_0082.jpg 1 386 118 82 82
0072_0245_0014_0040_0040.jpg 1 245 14 40 40
0073_0103_0125_0068_0068.jpg 1 103 125 68 68
0074_0089_0185_0033_0033.jpg 1 89 185 33 33
0075_0167_0060_0075_0075.jpg 1 167 60 75 75
0076_0088_0214_0104_0104.jpg 1 88 214 104 104
0077_0390_0267_0027_0027.jpg 1 390 267 27 27
0078_0222_0187_0033_0033.jpg 1 222 187 33 33
0079_0193_0240_0025_0025.jpg 1 193 240 25 25
0080_0094_0091_0084_0084.jpg 1 94 91 84 84
0081_0082_0084_0090_0090.jpg 1 82 84 90 90
0082_0100_0031_0104_0104.jpg 1 100 31 104 104
0083_0153_0263_0061_0061.jpg 1 153 263 61 61
0084_0054_0124_0040_0040.jpg 1 54 124 40 40
0085_0059_0079_0111_0111.jpg 1 59 79 111 111
0086_0309_0063_0030_0030.jpg 1 309 63 30 30
0087_0265_0287_0046_0046.jpg 1 265 287 46 46
0088_0113_0088_0027_0027.jpg 1 113 88 27 27
0089_0065_0115_0049_0049.jpg 1 65 115 49 49
0090_0445_0174_0072_0072.jpg 1 445 174 72 72
0091_0190_0031_0083_0083.jpg 1 190 31 83 83
0092_0031_0026_0105_0105.jpg 1 31 26 105 105
0093_0038_0069_0088_0088.jpg 1 38 69 88 88
0094_0474_0058_0049_0049.jpg 1 474 58 49 49
0095_0221_0083_0103_0103.jpg 1 221 83 103 103
0096_0498_0233_0071_0071.jpg 1 498 233 71 71
0097_0162_0197_0064_0064.jpg 1 162 197 64 64
0098_0059_0028_0048_0048.jpg 1 59 28 48 48
0099_0278_0322_0074_0074.jpg 1 278 322 74 74
0100_0151_0109_0115_0115.jpg 1 151 109 115 115
0101_0151_0094_0028_0028.jpg 1 151 94 28 28
0102_0531_0083_0032_0032.jpg 1 531 83 32 32
0103_0230_0147_0097_0097.jpg 1 230 147 97 97
0104_0074_0013_0109_0109.jpg 1 74 13 109 109
0105_0153_0304_0108_0108.jpg 1 153 304 108 108
0106_0090_0116_0044_0044.jpg 1 90 116 44 44
0107_0048_0077_0057_0057.jpg 1 48 77 57 57
0108_0122_0064_0024_0024.jpg 1 122 64 24 24
0109_0065_0349_0104_0104.jpg 1 65 349 104 104
0110_0060_0038_0090_0090.jpg 1 60 38 90 90
0111_0025_0030_0099_0099.jpg 1 25 30 99 99
0112_0202_0094_0105_0105.jpg 1 202 94 105 105
0113_0075_0115_0099_0099.jpg 1 75 115 99 99
0114_0398_0143_0065_0065.jpg 1 398 143 65 65
0115_0349_0064_0064_0064.jpg 1 349 64 64 64
0116_0098_0082_0039_0039.jpg 1 98 82 39 39
0117_0255_0059_0066_0066.jpg 1 255 59 66 66
0118_0085_0091_0050_0050.jpg 1 85 91 50 50
0119_0226_0155_0024_0024.jpg 1 226 155 24 24
0120_0132_0059_0089_0089.jpg 1 132 59 89 89
0121_0416_0054_0085_0085.jpg 1 416 54 85 85
0122_0153_0110_0037_0037.jpg 1 153 110 37 37
0123_0137_0262_0106_0106.jpg 1 137 262 106 106
0124_0025_0100_0086_0086.jpg 1 25 100 86 86
0125_0294_0271_0028_0028.jpg 1 294 271 28 28
0126_0221_0123_0049_0049.jpg 1 221 123 49 49
0127_0383_0148_0092_0092.jpg 1 383 148 92 92
0128_0058_0127_0092_0092.jpg 1 58 127 92 92
0129_0288_0047_0037_0037.jpg 1 288 47 37 37
0130_0161_0213_0073_0073.jpg 1 161 213 73 73
0131_0150_0395_0028_0028.jpg 1 150 395 28 28
0132_0350_0322_0046_0046.jpg 1 350 322 46 46
0133_0134_0440_0099_0099.jpg 1 134 440 99 99
0134_0393_0189_0104_0104.jpg 1 393 189 104 104
0135_0052_0077_0110_0110.jpg 1 52 77 110 110
0136_0391_0274_0032_0032.jpg 1 391 274 32 32
0137_0116_0097_0113_0113.jpg 1 116 97 113 113
0138_0391_0319_0048_0048.jpg 1 391 319 48 48
0139_0069_0108_0090_0090.jpg 1 69 108 90 90
0140_0284_0406_0025_0025.jpg 1 284 406 25 25
0141_0026_0032_0059_0059.jpg 1 26 32 59 59
0142_0146_0136_0037_0037.jpg 1 146 136 37 37
0143_0099_0146_0060_0060.jpg 1 99 146 60 60
0144_0132_0329_0092_0092.jpg 1 132 329 92 92
0145_0258_0072_0027_0027.jpg 1 258 72 27 27
0146_0026_0100_0067_0067.jpg 1 26 100 67 67
0147_0095_0107_0034_0034.jpg 1 95 107 34 34
0148_0044_0022_0038_0038.jpg 1 44 22 38 38
0149_0425_0048_0037_0037.jpg 1 425 48 37 37
0150_0050_0134_0056_0056.jpg 1 50 134 56 56
0151_0060_0058_0113_0113.jpg 1 60 58 113 113
0152_0346_0252_0056_0056.jpg 1 346 252 56 56
0153_0296_0285_0053_0053.jpg 1 296 285 53 53
0154_0135_0018_0061_0061.jpg 1 135 18 61 61
0155_0169_0076_0069_0069.jpg 1 169 76 69 69
0156_0428_0198_0085_0085.jpg 1 428 198 85 85
0157_0139_0081_0077_0077.jpg 1 139 81 77 77
0158_0087_0095_0051_0051.jpg 1 87 95 51 51
0159_0354_0088_0084_0084.jpg 1 354 88 84 84
0160_0460_0149_0024_0024.jpg 1 460 149 24 24
0161_0189_0263_0033_0033.jpg 1 189 263 33 33
0162_0031_0048_0113_0113.jpg 1 31 48 113 113
0163_0100_0107_0039_0039.jpg 1 100 107 39 39
0164_0245_0070_0045_0045.jpg 1 245 70 45 45
0165_0050_0155_0043_0043.jpg 1 50 155 43 43
0166_0164_0128_0038_0038.jpg 1 164 128 38 38
0167_0044_0154_0042_0042.jpg 1 44 154 42 42
0168_0033_0115_0072_0072.jpg 1 33 115 72 72
0169_0061_0142_0033_0033.jpg 1 61 142 33 33
0170_0060_0071_0089_0089.jpg 1 60 71 89 89
0171_0447_0327_0069_0069.jpg 1 447 327 69 69
0172_0329_0067_0031_0031.jpg 1 329 67 31 31
0173_0118_0162_0053_0053.jpg 1 118 162 53 53
0174_0023_0148_0068_0068.jpg 1 23 148 68 68
0175_0081_0138_0030_0030.jpg 1 81 138 30 30
0176_0168_0366_0034_0034.jpg 1 168 366 34 34
0177_0119_0143_0028_0028.jpg 1 119 143 28 28
0178_0053_0099_0112_0112.jpg 1 53 99 112 112
0179_0341_0306_0082_0082.jpg 1 341 306 82 82
0180_0028_0027_0062_0062.jpg 1 28 27 62 62
0181_0077_0325_0094_0094.jpg 1 77 325 94 94
0182_0174_0021_0031_0031.jpg 1 174 21 31 31
0183_0425_0072_0090_0090.jpg 1 425 72 90 90
0184_0463_0182_0100_0100.jpg 1 463 182 100 100
0185_0381_0180_0087_0087.jpg 1 381 180 87 87
0186_0069_0160_0061_0061.jpg 1 69 160 61 61
0187_0055_0035_0028_0028.jpg 1 55 35 28 28
0188_0041_0140_0052_0052.jpg 1 41 140 52 52
0189_0032_0045_0107_0107.jpg 1 32 45 107 107
0190_0174_0390_0106_0106.jpg 1 174 390 106 106
0191_0169_0056_0085_0085.jpg 1 169 56 85 85
0192_0212_0112_0068_0068.jpg 1 212 112 68 68
0193_0412_0233_0041_0041.jpg 1 412 233 41 41
0194_0181_0100_0098_0098.jpg 1 181 100 98 98
0195_0244_0181_0111_0111.jpg 1 244 181 111 111
0196_0292_0044_0038_0038.jpg 1 292 44 38 38
0197_0281_0070_0045_0045.jpg 1 281 70 45 45
0198_0484_0051_0036_0036.jpg 1 484 51 36 36
0199_0123_0057_0045_0045.jpg 1 123 57 45 45
0200_0116_0214_0110_0110.jpg 1 116 214 110 110
0201_0036_0051_0096_0096.jpg 1 36 51 96 96
0202_0121_0104_0047_0047.jpg 1 121 104 47 47
0203_0018_0054_0069_0069.jpg 1 18 54 69 69
0204_0073_0097_0097_0097.jpg 1 73 97 97 97
0205_0422_0070_0081_0081.jpg 1 422 70 81 81
0206_0051_0110_0086_0086.jpg 1 51 110 86 86
0207_0182_0037_0086_0086.jpg 1 182 37 86 86
0208_0390_0193_0076_0076.jpg 1 390 193 76 76
0209_0027_0116_0101_0101.jpg 1 27 116 101 101
0210_0059_0327_0050_0050.jpg 1 59 327 50 50
0211_0035_0170_0025_0025.jpg 1 35 170 25 25
0212_0192_0058_0092_0092.jpg 1 192 58 92 92
0213_0099_0038_0030_0030.jpg 1 99 38 30 30
0214_0128_0180_0069_0069.jpg 1 128 180 69 69
0215_0183_0022_0029_0029.jpg 1 183 22 29 29
0216_0031_0020_0106_0106.jpg 1 31 20 106 106
0217_0076_0134_0051_0051.jpg 1 76 134 51 51
0218_0202_0108_0114_0114.jpg 1 202 108 114 114
0219_0139_0145_0035_0035.jpg 1 139 145 35 35
0220_0170_0129_0059_0059.jpg 1 170 129 59 59
0221_0099_0046_0076_0076.jpg 1 99 46 76 76
0222_0135_0407_0076_0076.jpg 1 135 407 76 76
0223_0150_0156_0050_0050.jpg 1 150 156 50 50
0224_0370_0099_0067_0067.jpg 1 370 99 67 67
0225_0178_0291_0073_0073.jpg 1 178 291 73 73
0226_0152_0172_0113_0113.jpg 1 152 172 113 113
0227_0433_0250_0065_0065.jpg 1 433 250 65 65
0228_0206_0333_0056_0056.jpg 1 206 333 56 56
0229_0059_0216_0068_0068.jpg 1 59 216 68 68
0230_0065_0105_0046_0046.jpg 1 65 105 46 46
0231_0299_0308_0067_0067.jpg 1 299 308 67 67
0232_0037_0121_0031_0031.jpg 1 37 121 31 31
0233_0202_0119_0077_0077.jpg 1 202 119 77 77
0234_0087_0085_0048_0048.jpg 1 87 85 48 48
0235_0172_0079_0110_0110.jpg 1 172 79 110 110
0236_0081_0155_0053_0053.jpg 1 81 155 53 53
0237_0091_0073_0034_0034.jpg 1 91 73 34 34
0238_0085_0104_0031_0031.jpg 1 85 104 31 31
0239_0156_0143_0059_0059.jpg 1 156 143 59 59
0240_0166_0050_0086_0086.jpg 1 166 50 86 86
0241_0181_0095_0050_0050.jpg 1 181 95 50 50
0242_0071_0117_0100_0100.jpg 1 71 117 100 100
0243_0083_0085_0051_0051.jpg 1 83 85 51 51
0244_0034_0111_0101_0101.jpg 1 34 111 101 101
0245_0139_0066_0087_0087.jpg 1 139 66 87 87
0246_0438_0355_0083_0083.jpg 1 438 355 83 83
0247_0064_0120_0032_0032.jpg 1 64 120 32 32
0248_0263_0300_0080_0080.jpg 1 263 300 80 80
0249_0421_0210_0053_0053.jpg 1 421 210 53 53
0250_0206_0235_0104_0104.jpg 1 206 235 104 104
0251_0073_0072_0092_0092.jpg 1 73 72 92 92
0252_0313_0295_0104_0104.jpg 1 313 295 104 104
0253_0343_0083_0058_0058.jpg 1 343 83 58 58
0254_0116_0023_0053_0053.jpg 1 116 23 53 53
0255_0056_0109_0062_0062.jpg 1 56 109 62 62
0256_0424_0098_0108_0108.jpg 1 424 98 108 108
0257_0074_0122_0038_0038.jpg 1 74 122 38 38
0258_0042_0254_0088_0088.jpg 1 42 254 88 88
0259_0138_0057_0047_0047.jpg 1 138 57 47 47
0260_0279_0356_0038_0038.jpg 1 279 356 38 38
0261_0155_0177_0040_0040.jpg 1 155 177 40 40
0262_0059_0044_0027_0027.jpg 1 59 44 27 27
0263_0213_0203_0071_0071.jpg 1 213 203 71 71
0264_0136_0076_0101_0101.jpg 1 136 76 101 101
0265_0498_0162_0043_0043.jpg 1 498 162 43 43
0266_0093_0057_0027_0027.jpg 1 93 57 27 27
0267_0066_0074_0055_0055.jpg 1 66 74 55 55
0268_0105_0111_0109_0109.jpg 1 105 111 109 109
0269_0168_0065_0073_0073.jpg 1 168 65 73 73
0270_0424_0154_0066_0066.jpg 1 424 154 66 66
0271_0187_0260_0096_0096.jpg 1 187 260 96 96
0272_0192_0330_0073_0073.jpg 1 192 330 73 73
0273_0233_0049_0088_0088.jpg 1 233 49 88 88
0274_0418_0224_0083_0083.jpg 1 418 224 83 83
0275_0044_0113_0065_0065.jpg 1 44 113 65 65
0276_0176_0182_0047_0047.jpg 1 176 182 47 47
0277_0353_0231_0067_0067.jpg 1 353 231 67 67
0278_0077_0100_0098_0098.jpg 1 77 100 98 98
0279_0465_0385_0028_0028.jpg 1 465 385 28 28
0280_0230_0355_0074_0074.jpg 1 230 355 74 74
0281_0228_0094_0039_0039.jpg 1 228 94 39 39
0282_0167_0079_0043_0043.jpg 1 167 79 43 43
0283_0413_0334_0093_0093.jpg 1 413 334 93 93
0284_0283_0053_0060_0060.jpg 1 283 53 60 60
0285_0200_0022_0049_0049.jpg 1 200 22 49 49
0286_0171_0018_0114_0114.jpg 1 171 18 114 114
0287_0482_0407_0025_0025.jpg 1 482 407 25 25
0288_0454_0275_0093_0093.jpg 1 454 275 93 93
0289_0438_0116_0084_0084.jpg 1 438 116 84 84
0290_0120_0133_0026_0026.jpg 1 120 133 26 26
0291_0121_0019_0108_0108.jpg 1 121 19 108 108
0292_0059_0094_0090_0090.jpg 1 59 94 90 90
0293_0050_0143_0054_0054.jpg 1 50 143 54 54
0294_0071_0037_0040_0040.jpg 1 71 37 40 40
0295_0039_0136_0061_0061.jpg 1 39 136 61 61
0296_0085_0031_0113_0113.jpg 1 85 31 113 113
0297_0140_0347_0046_0046.jpg 1 140 347 46 46
0298_0381_0325_0108_0108.jpg 1 381 325 108 108
0299_0088_0041_0025_0025.jpg 1 88 41 25 25
0300_0207_0257_0114_0114.jpg 1 207 257 114 114
0301_0053_0027_0103_0103.jpg 1 53 27 103 103
0302_0339_0201_0072_0072.jpg 1 339 201 72 72
0303_0162_0109_0045_0045.jpg 1 162 109 45 45
0304_0106_0055_0060_0060.jpg 1 106 55 60 60
0305_0155_0056_0061_0061.jpg 1 155 56 61 61
0306_0091_0066_0071_0071.jpg 1 91 66 71 71
0307_0038_0020_0096_0096.jpg 1 38 20 96 96
0308_0092_0342_0056_0056.jpg 1 92 342 56 56
0309_0108_0049_0062_0062.jpg 1 108 49 62 62
0310_0119_0117_0064_0064.jpg 1 119 117 64 64
0311_0448_0115_0090_0090.jpg 1 448 115 90 90
0312_0078_0035_0098_0098.jpg 1 78 35 98 98
0313_0212_0234_0108_0108.jpg 1 212 234 108 108
0314_0167_0094_0046_0046.jpg 1 167 94 46 46
0315_0070_0101_0039_0039.jpg 1 70 101 39 39
0316_0195_0176_0077_0077.jpg 1 195 176 77 77
0317_0416_0105_0105_0105.jpg 1 416 105 105 105
0318_0521_0326_0035_0035.jpg 1 521 326 35 35
0319_0180_0054_0069_0069.jpg 1 180 54 69 69
0320_0487_0223_0077_0077.jpg 1 487 223 77 77
0321_0210_0124_0058_0058.jpg 1 210 124 58 58
0322_0143_0052_0089_0089.jpg 1 143 52 89 89
0323_0084_0020_0058_0058.jpg 1 84 20 58 58
0324_0094_0031_0027_0027.jpg 1 94 31 27 27
0325_0198_0032_0057_0057.jpg 1 198 32 57 57
0326_0032_0047_0111_0111.jpg 1 32 47 111 111
0327_0247_0156_0025_0025.jpg 1 247 156 25 25
0328_0061_0082_0027_0027.jpg 1 61 82 27 27
0329_0319_0140_0081_0081.jpg 1 319 140 81 81
0330_0312_0121_0049_0049.jpg 1 312 121 49 49
0331_0087_0194_0096_0096.jpg 1 87 194 96 96
0332_0119_0080_0061_0061.jpg 1 119 80 61 61
0333_0044_0023_0082_0082.jpg 1 44 23 82 82
0334_0199_0077_0078_0078.jpg 1 199 77 78 78
0335_0245_0161_0096_0096.jpg 1 245 161 96 96
0336_0431_0053_0055_0055.jpg 1 431 53 55 55
0337_0196_0044_0026_0026.jpg 1 196 44 26 26
0338_0498_0085_0036_0036.jpg 1 498 85 36 36
0339_0105_0108_0032_0032.jpg 1 105 108 32 32
0340_0373_0406_0026_0026.jpg 1 373 406 26 26
0341_0091_0108_0092_0092.jpg 1 91 108 92 92
0342_0495_0131_0072_0072.jpg 1 495 131 72 72
0343_0077_0141_0030_0030.jpg 1 77 141 30 30
0344_0148_0137_0034_0034.jpg 1 148 137 34 34
0345_0158_0045_0032_0032.jpg 1 158 45 32 32
0346_0105_0215_0099_0099.jpg 1 105 215 99 99
0347_0036_0117_0052_0052.jpg 1 36 117 52 52
0348_0493_0150_0065_0065.jpg 1 493 150 65 65
0349_0061_0107_0114_0114.jpg 1 61 107 114 114
0350_0078_0214_0101_0101.jpg 1 78 214 101 101
0351_0094_0242_0107_0107.jpg 1 94 242 107 107
0352_0072_0035_0107_0107.jpg 1 72 35 107 107
0353_0243_0127_0044_0044.jpg 1 243 127 44 44
0354_0445_0312_0063_0063.jpg 1 445 312 63 63
0355_0106_0097_0084_0084.jpg 1 106 97 84 84
0356_0222_0278_0067_0067.jpg 1 222 278 67 67
0357_0399_0299_0107_0107.jpg 1 399 299 107 107
0358_0103_0072_0055_0055.jpg 1 103 72 55 55
0359_0404_0323_0074_0074.jpg 1 404 323 74 74
0360_0255_0293_0085_0085.jpg 1 255 293 85 85
0361_0407_0145_0044_0044.jpg 1 407 145 44 44
0362_0087_0043_0091_0091.jpg 1 87 43 91 91
0363_0120_0051_0100_0100.jpg 1 120 51 100 100
0364_0089_0079_0084_0084.jpg 1 89 79 84 84
0365_0220_0092_0050_0050.jpg 1 220 92 50 50
0366_0481_0335_0037_0037.jpg 1 481 335 37 37
0367_0147_0154_0038_0038.jpg 1 147 154 38 38
0368_0486_0112_0094_0094.jpg 1 486 112 94 94
0369_0025_0059_0082_0082.jpg 1 25 59 82 82
0370_0352_0278_0029_0029.jpg 1 352 278 29 29
0371_0194_0070_0078_0078.jpg 1 194 70 78 78
0372_0081_0423_0088_0088.jpg 1 81 423 88 88
0373_0310_0385_0028_0028.jpg 1 310 385 28 28
0374_0188_0093_0085_0085.jpg 1 188 93 85 85
0375_0274_0378_0036_0036.jpg 1 274 378 36 36
0376_0020_0019_0080_0080.jpg 1 20 19 80 80
0377_0151_0060_0072_0072.jpg 1 151 60 72 72
0378_0099_0031_0090_0090.jpg 1 99 31 90 90
0379_0125_0092_0030_0030.jpg 1 125 92 30 30
0380_0280_0309_0095_0095.jpg 1 280 309 95 95
0381_0059_0080_0076_0076.jpg 1 59 80 76 76
0382_0110_0072_0057_0057.jpg 1 110 72 57 57
0383_0193_0093_0089_0089.jpg 1 193 93 89 89
0384_0335_0193_0105_0105.jpg 1 335 193 105 105
0385_0357_0058_0109_0109.jpg 1 357 58 109 109
0386_0475_0147_0065_0065.jpg 1 475 147 65 65
0387_0346_0238_0094_0094.jpg 1 346 238 94 94
0388_0208_0135_0068_0068.jpg 1 208 135 68 68
0389_0481_0086_0068_0068.jpg 1 481 86 68 68
0390_0443_0072_0038_0038.jpg 1 443 72 38 38
0391_0067_0026_0054_0054.jpg 1 67 26 54 54
0392_0052_0089_0115_0115.jpg 1 52 89 115 115
0393_0285_0264_0098_0098.jpg 1 285 264 98 98
0394_0282_0327_0029_0029.jpg 1 282 327 29 29
0395_0438_0222_0026_0026.jpg 1 438 222 26 26
0396_0113_0019_0067_0067.jpg 1 113 19 67 67
0397_0141_0035_0056_0056.jpg 1 141 35 56 56
0398_0077_0070_0096_0096.jpg 1 77 70 96 96
0399_0033_0023_0062_0062.jpg 1 33 23 62 62
0400_0292_0227_0072_0072.jpg 1 292 227 72 72
0401_0341_0054_0064_0064.jpg 1 341 54 64 64
0402_0047_0140_0045_0045.jpg 1 47 140 45 45
0403_0316_0170_0082_0082.jpg 1 316 170 82 82
0404_0181_0082_0046_0046.jpg 1 181 82 46 46
0405_0204_0069_0090_0090.jpg 1 204 69 90 90
0406_0209_0399_0039_0039.jpg 1 209 399 39 39
0407_0215_0184_0060_0060.jpg 1 215 184 60 60
0408_0188_0125_0045_0045.jpg 1 188 125 45 45
0409_0157_0043_0109_0109.jpg 1 157 43 109 109
0410_0169_0362_0084_0084.jpg 1 169 362 84 84
0411_0112_0068_0089_0089.jpg 1 112 68 89 89
0412_0132_0150_0054_0054.jpg 1 132 150 54 54
0413_0196_0194_0067_0067.jpg 1 196 194 67 67
0414_0107_0124_0093_0093.jpg 1 107 124 93 93
0415_0078_0257_0072_0072.jpg 1 78 257 72 72
0416_0014_0056_0107_0107.jpg 1 14 56 107 107
0417_0083_0066_0075_0075.jpg 1 83 66 75 75
0418_0186_0041_0091_0091.jpg 1 186 41 91 91
0419_0185_0108_0041_0041.jpg 1 185 108 41 41
0420_0101_0041_0073_0073.jpg 1 101 41 73 73
0421_0095_0095_0077_0077.jpg 1 95 95 77 77
0422_0256_0077_0038_0038.jpg 1 256 77 38 38
0423_0102_0029_0112_0112.jpg 1 102 29 112 112
0424_0035_0031_0091_0091.jpg 1 35 31 91 91
0425_0342_0252_0051_0051.jpg 1 342 252 51 51
0426_0034_0014_0103_0103.jpg 1 34 14 103 103
0427_0102_0118_0037_0037.jpg 1 102 118 37 37
0428_0028_0027_0078_0078.jpg 1 28 27 78 78
0429_0078_0147_0074_0074.jpg 1 78 147 74 74
0430_0258_0368_0062_0062.jpg 1 258 368 62 62
0431_0101_0116_0092_0092.jpg 1 101 116 92 92
0432_0065_0035_0090_0090.jpg 1 65 35 90 90
0433_0066_0041_0098_0098.jpg 1 66 41 98 98
0434_0403_0060_0077_0077.jpg 1 403 60 77 77
0435_0277_0289_0087_0087.jpg 1 277 289 87 87
0436_0455_0044_0039_0039.jpg 1 455 44 39 39
0437_0327_0169_0083_0083.jpg 1 327 169 83 83
0438_0024_0083_0049_0049.jpg 1 24 83 49 49
0439_0104_0099_0072_0072.jpg 1 104 99 72 72
0440_0229_0130_0103_0103.jpg 1 229 130 103 103
0441_0404_0126_0114_0114.jpg 1 404 126 114 114
0442_0170_0076_0046_0046.jpg 1 170 76 46 46
0443_0193_0044_0104_0104.jpg 1 193 44 104 104
0444_0241_0116_0047_0047.jpg 1 241 116 47 47
0445_0102_0017_0105_0105.jpg 1 102 17 105 105
0446_0034_0108_0093_0093.jpg 1 34 108 93 93
0447_0074_0070_0042_0042.jpg 1 74 70 42 42
0448_0338_0354_0044_0044.jpg 1 338 354 44 44
0449_0091_0152_0038_0038.jpg 1 91 152 38 38
0450_0512_0153_0040_0040.jpg 1 512 153 40 40
0451_0050_0119_0066_0066.jpg 1 50 119 66 66
0452_0481_0068_0068_0068.jpg 1 481 68 68 68
0453_0107_0040_0078_0078.jpg 1 107 40 78 78
0454_0198_0052_0079_0079.jpg 1 198 52 79 79
0455_0120_0078_0082_0082.jpg 1 120 78 82 82
0456_0043_0091_0077_0077.jpg 1 43 91 77 77
0457_0363_0046_0090_0090.jpg 1 363 46 90 90
0458_0065_0205_0081_0081.jpg 1 65 205 81 81
0459_0071_0111_0107_0107.jpg 1 71 111 107 107
0460_0091_0038_0067_0067.jpg 1 91 38 67 67
0461_0240_0405_0079_0079.jpg 1 240 405 79 79
0462_0072_0302_0089_0089.jpg 1 72 302 89 89
0463_0393_0126_0058_0058.jpg 1 393 126 58 58
0464_0148_0185_0051_0051.jpg 1 148 185 51 51
0465_0386_0069_0036_0036.jpg 1 386 69 36 36
0466_0094_0056_0100_0100.jpg 1 94 56 100 100
0467_0160_0117_0059_0059.jpg 1 160 117 59 59
0468_0124_0036_0064_0064.jpg 1 124 36 64 64
0469_0058_0045_0066_0066.jpg 1 58 45 66 66
0470_0132_0526_0026_0026.jpg 1 132 526 26 26
0471_0474_0295_0077_0077.jpg 1 474 295 77 77
0472_0039_0137_0036_0036.jpg 1 39 137 36 36
0473_0114_0058_0112_0112.jpg 1 114 58 112 112
0474_0177_0113_0086_0086.jpg 1 177 113 86 86
0475_0424_0118_0051_0051.jpg 1 424 118 51 51
0476_0209_0214_0110_0110.jpg 1 209 214 110 110
0477_0407_0160_0069_0069.jpg 1 407 160 69 69
0478_0327_0386_0027_0027.jpg 1 327 386 27 27
0479_0511_0056_0031_0031.jpg 1 511 56 31 31
0480_0167_0063_0105_0105.jpg 1 167 63 105 105
0481_0084_0489_0026_0026.jpg 1 84 489 26 26
0482_0466_0308_0066_0066.jpg 1 466 308 66 66
0483_0147_0143_0052_0052.jpg 1 147 143 52 52
0484_0023_0076_0081_0081.jpg 1 23 76 81 81
0485_0339_0239_0103_0103.jpg 1 339 239 103 103
0486_0369_0092_0092_0092.jpg 1 369 92 92 92
0487_0065_0139_0101_0101.jpg 1 65 139 101 101
0488_0116_0084_0051_0051.jpg 1 116 84 51 51
0489_0112_0081_0084_0084.jpg 1 112 81 84 84
0490_0108_0120_0094_0094.jpg 1 108 120 94 94
0491_0155_0076_0041_0041.jpg 1 155 76 41 41
0492_0126_0074_0033_0033.jpg 1 126 74 33 33
0493_0044_0106_0064_0064.jpg 1 44 106 64 64
0494_0190_0105_0091_0091.jpg 1 190 105 91 91
0495_0476_0303_0095_0095.jpg 1 476 303 95 95
0496_0051_0063_0107_0107.jpg 1 51 63 107 107
0497_0198_0130_0037_0037.jpg 1 198 130 37 37
0498_0249_0284_0024_0024.jpg 1 249 284 24 24
0499_0109_0102_0080_0080.jpg 1 109 102 80 80
0500_0041_0017_0112_0112.jpg 1 41 17 112 112
0501_0255_0292_0078_0078.jpg 1 255 292 78 78
0502_0312_0063_0073_0073.jpg 1 312 63 73 73
0503_0046_0396_0027_0027.jpg 1 46 396 27 27
0504_0541_0104_0031_0031.jpg 1 541 104 31 31
0505_0184_0132_0048_0048.jpg 1 184 132 48 48
0506_0068_0102_0074_0074.jpg 1 68 102 74 74
0507_0163_0111_0051_0051.jpg 1 163 111 51 51
0508_0265_0238_0110_0110.jpg 1 265 238 110 110
0509_0197_0054_0047_0047.jpg 1 197 54 47 47
0510_0189_0076_0104_0104.jpg 1 189 76 104 104
0511_0044_0045_0106_0106.jpg 1 44 45 106 106
0512_0073_0105_0082_0082.jpg 1 73 105 82 82
0513_0046_0027_0047_0047.jpg 1 46 27 47 47
0514_0069_0082_0069_0069.jpg 1 69 82 69 69
0515_0271_0390_0081_0081.jpg 1 271 390 81 81
0516_0460_0092_0092_0092.jpg 1 460 92 92 92
0517_0126_0066_0087_0087.jpg 1 126 66 87 87
0518_0451_0303_0073_0073.jpg 1 451 303 73 73
0519_0019_0098_0085_0085.jpg 1 19 98 85 85
0520_0014_0121_0077_0077.jpg 1 14 121 77 77
0521_0161_0379_0056_0056.jpg 1 161 379 56 56
0522_0027_0165_0031_0031.jpg 1 27 165 31 31
0523_0100_0155_0034_0034.jpg 1 100 155 34 34
0524_0207_0329_0071_0071.jpg 1 207 329 71 71
0525_0060_0172_0048_0048.jpg 1 60 172 48 48
0526_0077_0142_0076_0076.jpg 1 77 142 76 76
0527_0009_0107_0085_0085.jpg 1 9 107 85 85
0528_0113_0136_0080_0080.jpg 1 113 136 80 80
0529_0090_0355_0066_0066.jpg 1 90 355 66 66
0530_0204_0154_0107_0107.jpg 1 204 154 107 107
0531_0418_0111_0050_0050.jpg 1 418 111 50 50
0532_0130_0104_0046_0046.jpg 1 130 104 46 46
0533_0081_0116_0090_0090.jpg 1 81 116 90 90
0534_0156_0369_0040_0040.jpg 1 156 369 40 40
0535_0466_0214_0050_0050.jpg 1 466 214 50 50
0536_0208_0155_0057_0057.jpg 1 208 155 57 57
0537_0152_0301_0089_0089.jpg 1 152 301 89 89
0538_0411_0261_0086_0086.jpg 1 411 261 86 86
0539_0080_0073_0086_0086.jpg 1 80 73 86 86
0540_0401_0132_0052_0052.jpg 1 401 132 52 52
0541_0208_0100_0087_0087.jpg 1 208 100 87 87
0542_0513_0360_0029_0029.jpg 1 513 360 29 29
0543_0267_0045_0106_0106.jpg 1 267 45 106 106
0544_0390_0285_0060_0060.jpg 1 390 285 60 60
0545_0055_0092_0089_0089.jpg 1 55 92 89 89
0546_0222_0176_0042_0042.jpg 1 222 176 42 42
0547_0388_0161_0087_0087.jpg 1 388 161 87 87
0548_0463_0327_0099_0099.jpg 1 463 327 99 99
0549_0045_0078_0101_0101.jpg 1 45 78 101 101
0550_0070_0129_0038_0038.jpg 1 70 129 38 38
0551_0431_0045_0113_0113.jpg 1 431 45 113 113
0552_0229_0125_0108_0108.jpg 1 229 125 108 108
0553_0213_0176_0032_0032.jpg 1 213 176 32 32
0554_0093_0027_0068_0068.jpg 1 93 27 68 68
0555_0313_0374_0031_0031.jpg 1 313 374 31 31
0556_0146_0051_0049_0049.jpg 1 146 51 49 49
0557_0152_0083_0035_0035.jpg 1 152 83 35 35
0558_0350_0106_0046_0046.jpg 1 350 106 46 46
0559_0124_0055_0075_0075.jpg 1 124 55 75 75
0560_0195_0484_0026_0026.jpg 1 195 484 26 26
0561_0284_0148_0062_0062.jpg 1 284 148 62 62
0562_0052_0023_0092_0092.jpg 1 52 23 92 92
0563_0192_0175_0114_0114.jpg 1 192 175 114 114
0564_0223_0068_0098_0098.jpg 1 223 68 98 98
0565_0033_0029_0085_0085.jpg 1 33 29 85 85
0566_0092_0063_0074_0074.jpg 1 92 63 74 74
0567_0096_0144_0046_0046.jpg 1 96 144 46 46
0568_0050_0021_0107_0107.jpg 1 50 21 107 107
0569_0256_0071_0093_0093.jpg 1 256 71 93 93
0570_0173_0377_0050_0050.jpg 1 173 377 50 50
0571_0041_0153_0061_0061.jpg 1 41 153 61 61
0572_0211_0094_0083_0083.jpg 1 211 94 83 83
0573_0192_0126_0060_0060.jpg 1 192 126 60 60
0574_0352_0305_0079_0079.jpg 1 352 305 79 79
0575_0517_0174_0031_0031.jpg 1 517 174 31 31
0576_0393_0063_0050_0050.jpg 1 393 63 50 50
0577_0501_0120_0049_0049.jpg 1 501 120 49 49
0578_0370_0277_0072_0072.jpg 1 370 277 72 72
0579_0067_0110_0114_0114.jpg 1 67 110 114 114
0580_0346_0157_0083_0083.jpg 1 346 157 83 83
0581_0128_0040_0052_0052.jpg 1 128 40 52 52
0582_0100_0047_0074_0074.jpg 1 100 47 74 74
0583_0047_0079_0033_0033.jpg 1 47 79 33 33
0584_0019_0086_0105_0105.jpg 1 19 86 105 105
0585_0344_0350_0025_0025.jpg 1 344 350 25 25
0586_0072_0067_0038_0038.jpg 1 72 67 38 38
0587_0386_0227_0094_0094.jpg 1 386 227 94 94
0588_0380_0252_0099_0099.jpg 1 380 252 99 99
0589_0285_0097_0034_0034.jpg 1 285 97 34 34
0590_0181_0387_0024_0024.jpg 1 181 387 24 24
0591_0335_0074_0069_0069.jpg 1 335 74 69 69
0592_0047_0166_0039_0039.jpg 1 47 166 39 39
0593_0047_0078_0095_0095.jpg 1 47 78 95 95
0594_0069_0170_0059_0059.jpg 1 69 170 59 59
0595_0415_0116_0075_0075.jpg 1 415 116 75 75
0596_0104_0137_0064_0064.jpg 1 104 137 64 64
0597_0066_0065_0101_0101.jpg 1 66 65 101 101
0598_0081_0256_0111_0111.jpg 1 81 256 111 111
0599_0199_0143_0108_0108.jpg 1 199 143 108 108
0600_0369_0292_0061_0061.jpg 1 369 292 61 61
0601_0240_0162_0041_0041.jpg 1 240 162 41 41
0602_0236_0021_0036_0036.jpg 1 236 21 36 36
0603_0140_0080_0115_0115.jpg 1 140 80 115 115
0604_0478_0192_0053_0053.jpg 1 478 192 53 53
0605_0121_0069_0114_0114.jpg 1 121 69 114 114
0606_0032_0066_0084_0084.jpg 1 32 66 84 84
0607_0178_0234_0080_0080.jpg 1 178 234 80 80
0608_0221_0052_0067_0067.jpg 1 221 52 67 67
0609_0426_0064_0099_0099.jpg 1 426 64 99 99
0610_0011_0027_0094_0094.jpg 1 11 27 94 94
0611_0227_0192_0084_0084.jpg 1 227 192 84 84
0612_0034_0063_0074_0074.jpg 1 34 63 74 74
0613_0224_0289_0054_0054.jpg 1 224 289 54 54
0614_0335_0048_0034_0034.jpg 1 335 48 34 34
0615_0389_0382_0042_0042.jpg 1 389 382 42 42
0616_0215_0092_0058_0058.jpg 1 215 92 58 58
0617_0055_0263_0102_0102.jpg 1 55 263 102 102
0618_0095_0044_0099_0099.jpg 1 95 44 99 99
0619_0090_0047_0049_0049.jpg 1 90 47 49 49
0620_0020_0015_0086_0086.jpg 1 20 15 86 86
0621_0070_0016_0090_0090.jpg 1 70 16 90 90
0622_0098_0134_0070_0070.jpg 1 98 134 70 70
0623_0090_0119_0026_0026.jpg 1 90 119 26 26
0624_0407_0257_0035_0035.jpg 1 407 257 35 35
0625_0152_0152_0062_0062.jpg 1 152 152 62 62
0626_0141_0106_0079_0079.jpg 1 141 106 79 79
0627_0220_0508_0063_0063.jpg 1 220 508 63 63
0628_0161_0312_0070_0070.jpg 1 161 312 70 70
0629_0466_0167_0056_0056.jpg 1 466 167 56 56
0630_0082_0113_0089_0089.jpg 1 82 113 89 89
0631_0096_0057_0078_0078.jpg 1 96 57 78 78
0632_0386_0040_0071_0071.jpg 1 386 40 71 71
0633_0119_0035_0092_0092.jpg 1 119 35 92 92
0634_0266_0346_0066_0066.jpg 1 266 346 66 66
0635_0066_0050_0029_0029.jpg 1 66 50 29 29
0636_0030_0046_0059_0059.jpg 1 30 46 59 59
0637_0049_0015_0109_0109.jpg 1 49 15 109 109
0638_0083_0126_0059_0059.jpg 1 83 126 59 59
0639_0191_0186_0073_0073.jpg 1 191 186 73 73
0640_0351_0045_0084_0084.jpg 1 351 45 84 84
0641_0014_0139_0072_0072.jpg 1 14 139 72 72
0642_0120_0316_0030_0030.jpg 1 120 316 30 30
0643_0374_0277_0050_0050.jpg 1 374 277 50 50
0644_0035_0175_0029_0029.jpg 1 35 175 29 29
0645_0244_0078_0091_0091.jpg 1 244 78 91 91
0646_0468_0168_0097_0097.jpg 1 468 168 97 97
0647_0418_0057_0114_0114.jpg 1 418 57 114 114
0648_0063_0056_0103_0103.jpg 1 63 56 103 103
0649_0473_0313_0104_0104.jpg 1 473 313 104 104
0650_0119_0021_0074_0074.jpg 1 119 21 74 74
0651_0274_0346_0071_0071.jpg 1 274 346 71 71
0652_0135_0123_0064_0064.jpg 1 135 123 64 64
0653_0153_0126_0102_0102.jpg 1 153 126 102 102
0654_0319_0383_0039_0039.jpg 1 319 383 39 39
0655_0083_0264_0055_0055.jpg 1 83 264 55 55
0656_0298_0244_0055_0055.jpg 1 298 244 55 55
0657_0058_0098_0083_0083.jpg 1 58 98 83 83
0658_0036_0116_0087_0087.jpg 1 36 116 87 87
0659_0217_0063_0032_0032.jpg 1 217 63 32 32
0660_0479_0058_0024_0024.jpg 1 479 58 24 24
0661_0040_0049_0067_0067.jpg 1 40 49 67 67
0662_0039_0058_0101_0101.jpg 1 39 58 101 101
0663_0443_0247_0086_0086.jpg 1 443 247 86 86
0664_0002_0055_0104_0104.jpg 1 2 55 104 104
0665_0352_0274_0062_0062.jpg 1 352 274 62 62
0666_0345_0044_0059_0059.jpg 1 345 44 59 59
0667_0139_0326_0026_0026.jpg 1 139 326 26 26
0668_0132_0156_0109_0109.jpg 1 132 156 109 109
0669_0232_0296_0085_0085.jpg 1 232 296 85 85
0670_0197_0104_0094_0094.jpg 1 197 104 94 94
0671_0292_0170_0027_0027.jpg 1 292 170 27 27
0672_0254_0205_0047_0047.jpg 1 254 205 47 47
0673_0053_0024_0053_0053.jpg 1 53 24 53 53
0674_0216_0090_0052_0052.jpg 1 216 90 52 52
0675_0491_0164_0038_0038.jpg 1 491 164 38 38
0676_0005_0086_0112_0112.jpg 1 5 86 112 112
0677_0545_0299_0031_0031.jpg 1 545 299 31 31
0678_0338_0228_0114_0114.jpg 1 338 228 114 114
0679_0262_0342_0070_0070.jpg 1 262 342 70 70
0680_0027_0053_0101_0101.jpg 1 27 53 101 101
0681_0115_0038_0114_0114.jpg 1 115 38 114 114
0682_0252_0389_0050_0050.jpg 1 252 389 50 50
0683_0140_0073_0068_0068.jpg 1 140 73 68 68
0684_0229_0185_0038_0038.jpg 1 229 185 38 38
0685_0288_0260_0098_0098.jpg 1 288 260 98 98
0686_0028_0073_0079_0079.jpg 1 28 73 79 79
0687_0039_0034_0028_0028.jpg 1 39 34 28 28
0688_0061_0294_0068_0068.jpg 1 61 294 68 68
0689_0106_0052_0115_0115.jpg 1 106 52 115 115
0690_0218_0058_0110_0110.jpg 1 218 58 110 110
0691_0262_0104_0028_0028.jpg 1 262 104 28 28
0692_0244_0059_0027_0027.jpg 1 244 59 27 27
0693_0052_0109_0055_0055.jpg 1 52 109 55 55
0694_0228_0054_0057_0057.jpg 1 228 54 57 57
0695_0493_0143_0080_0080.jpg 1 493 143 80 80
0696_0059_0130_0092_0092.jpg 1 59 130 92 92
0697_0210_0320_0077_0077.jpg 1 210 320 77 77
0698_0118_0027_0100_0100.jpg 1 118 27 100 100
0699_0530_0228_0035_0035.jpg 1 530 228 35 35
0700_0086_0057_0110_0110.jpg 1 86 57 110 110
0701_0049_0113_0042_0042.jpg 1 49 113 42 42
0702_0179_0044_0098_0098.jpg 1 179 44 98 98
0703_0336_0118_0084_0084.jpg 1 336 118 84 84
0704_0029_0156_0047_0047.jpg 1 29 156 47 47
0705_0148_0212_0062_0062.jpg 1 148 212 62 62
0706_0068_0193_0038_0038.jpg 1 68 193 38 38
0707_0477_0154_0064_0064.jpg 1 477 154 64 64
0708_0170_0289_0027_0027.jpg 1 170 289 27 27
0709_0337_0192_0071_0071.jpg 1 337 192 71 71
0710_0128_0152_0033_0033.jpg 1 128 152 33 33
0711_0199_0213_0056_0056.jpg 1 199 213 56 56
0712_0074_0118_0096_0096.jpg 1 74 118 96 96
0713_0033_0123_0078_0078.jpg 1 33 123 78 78
0714_0064_0090_0098_0098.jpg 1 64 90 98 98
0715_0150_0127_0090_0090.jpg 1 150 127 90 90
0716_0282_0092_0113_0113.jpg 1 282 92 113 113
0717_0187_0107_0106_0106.jpg 1 187 107 106 106
0718_0361_0096_0096_0096.jpg 1 361 96 96 96
0719_0040_0046_0081_0081.jpg 1 40 46 81 81
0720_0147_0295_0083_0083.jpg 1 147 295 83 83
0721_0362_0384_0059_0059.jpg 1 362 384 59 59
0722_0132_0135_0041_0041.jpg 1 132 135 41 41
0723_0096_0066_0059_0059.jpg 1 96 66 59 59
0724_0027_0038_0048_0048.jpg 1 27 38 48 48
0725_0036_0144_0049_0049.jpg 1 36 144 49 49
0726_0040_0027_0107_0107.jpg 1 40 27 107 107
0727_0061_0085_0099_0099.jpg 1 61 85 99 99
0728_0088_0122_0071_0071.jpg 1 88 122 71 71
0729_0432_0100_0112_0112.jpg 1 432 100 112 112
0730_0103_0229_0088_0088.jpg 1 103 229 88 88
0731_0051_0031_0024_0024.jpg 1 51 31 24 24
0732_0013_0043_0086_0086.jpg 1 13 43 86 86
0733_0321_0217_0040_0040.jpg 1 321 217 40 40
0734_0132_0147_0060_0060.jpg 1 132 147 60 60
0735_0113_0300_0066_0066.jpg 1 113 300 66 66
0736_0068_0009_0097_0097.jpg 1 68 9 97 97
0737_0089_0050_0101_0101.jpg 1 89 50 101 101
0738_0035_0086_0100_0100.jpg 1 35 86 100 100
0739_0321_0382_0100_0100.jpg 1 321 382 100 100
0740_0320_0282_0089_0089.jpg 1 320 282 89 89
0741_0081_0160_0037_0037.jpg 1 81 160 37 37
0742_0034_0100_0038_0038.jpg 1 34 100 38 38
0743_0294_0121_0046_0046.jpg 1 294 121 46 46
0744_0258_0192_0101_0101.jpg 1 258 192 101 101
0745_0304_0395_0035_0035.jpg 1 304 395 35 35
0746_0044_0173_0059_0059.jpg 1 44 173 59 59
0747_0186_0025_0095_0095.jpg 1 186 25 95 95
0748_0235_0171_0027_0027.jpg 1 235 171 27 27
0749_0039_0136_0033_0033.jpg 1 39 136 33 33
0750_0475_0100_0035_0035.jpg 1 475 100 35 35
0751_0437_0181_0094_0094.jpg 1 437 181 94 94
0752_0116_0308_0085_0085.jpg 1 116 308 85 85
0753_0135_0177_0035_0035.jpg 1 135 177 35 35
0754_0335_0217_0057_0057.jpg 1 335 217 57 57
0755_0099_0089_0097_0097.jpg 1 99 89 97 97
0756_0188_0074_0083_0083.jpg 1 188 74 83 83
0757_0146_0110_0076_0076.jpg 1 146 110 76 76
0758_0094_0265_0111_0111.jpg 1 94 265 111 111
0759_0177_0109_0075_0075.jpg 1 177 109 75 75
0760_0098_0083_0058_0058.jpg 1 98 83 58 58
0761_0114_0109_0070_0070.jpg 1 114 109 70 70
0762_0221_0106_0085_0085.jpg 1 221 106 85 85
0763_0062_0000_0090_0090.jpg 1 62 0 90 90
0764_0113_0042_0042_0042.jpg 1 113 42 42 42
0765_0237_0143_0049_0049.jpg 1 237 143 49 49
0766_0060_0028_0064_0064.jpg 1 60 28 64 64
0767_0179_0162_0039_0039.jpg 1 179 162 39 39
0768_0090_0057_0078_0078.jpg 1 90 57 78 78
0769_0059_0069_0095_0095.jpg 1 59 69 95 95
0770_0029_0019_0098_0098.jpg 1 29 19 98 98
0771_0048_0163_0100_0100.jpg 1 48 163 100 100
0772_0399_0340_0075_0075.jpg 1 399 340 75 75
0773_0025_0069_0048_0048.jpg 1 25 69 48 48
0774_0432_0164_0098_0098.jpg 1 432 164 98 98
0775_0031_0022_0071_0071.jpg 1 31 22 71 71
0776_0218_0359_0055_0055.jpg 1 218 359 55 55
0777_0123_0012_0100_0100.jpg 1 123 12 100 100
0778_0429_0213_0078_0078.jpg 1 429 213 78 78
0779_0060_0163_0050_0050.jpg 1 60 163 50 50
0780_0432_0069_0038_0038.jpg 1 432 69 38 38
0781_0044_0026_0048_0048.jpg 1 44 26 48 48
0782_0468_0228_0080_0080.jpg 1 468 228 80 80
0783_0178_0289_0041_0041.jpg 1 178 289 41 41
0784_0529_0275_0037_0037.jpg 1 529 275 37 37
0785_0178_0141_0096_0096.jpg 1 178 141 96 96
0786_0434_0144_0078_0078.jpg 1 434 144 78 78
0787_0127_0075_0032_0032.jpg 1 127 75 32 32
0788_0088_0102_0079_0079.jpg 1 88 102 79 79
0789_0058_0070_0085_0085.jpg 1 58 70 85 85
0790_0286_0096_0080_0080.jpg 1 286 96 80 80
0791_0056_0011_0109_0109.jpg 1 56 11 109 109
0792_0391_0336_0090_0090.jpg 1 391 336 90 90
0793_0192_0070_0057_0057.jpg 1 192 70 57 57
0794_0217_0079_0028_0028.jpg 1 217 79 28 28
0795_0071_0055_0045_0045.jpg 1 71 55 45 45
0796_0424_0217_0087_0087.jpg 1 424 217 87 87
0797_0104_0306_0062_0062.jpg 1 104 306 62 62
0798_0107_0031_0029_0029.jpg 1 107 31 29 29
0799_0051_0022_0100_0100.jpg 1 51 22 100 100
0800_0221_0085_0047_0047.jpg 1 221 85 47 47
0801_0125_0283_0060_0060.jpg 1 125 283 60 60
0802_0125_0020_0074_0074.jpg 1 125 20 74 74
0803_0103_0288_0090_0090.jpg 1 103 288 90 90
0804_0057_0121_0038_0038.jpg 1 57 121 38 38
0805_0095_0063_0068_0068.jpg 1 95 63 68 68
0806_0538_0245_0024_0024.jpg 1 538 245 24 24
0807_0447_0338_0053_0053.jpg 1 447 338 53 53
0808_0189_0081_0040_0040.jpg 1 189 81 40 40
0809_0295_0374_0045_0045.jpg 1 295 374 45 45
0810_0173_0010_0095_0095.jpg 1 173 10 95 95
0811_0111_0031_0043_0043.jpg 1 111 31 43 43
0812_0186_0153_0111_0111.jpg 1 186 153 111 111
0813_0211_0161_0029_0029.jpg 1 211 161 29 29
0814_0167_0037_0027_0027.jpg 1 167 37 27 27
0815_0109_0118_0034_0034.jpg 1 109 118 34 34
0816_0181_0139_0084_0084.jpg 1 181 139 84 84
0817_0339_0059_0027_0027.jpg 1 339 59 27 27
0818_0190_0166_0029_0029.jpg 1 190 166 29 29
0819_0071_0307_0027_0027.jpg 1 71 307 27 27
0820_0200_0136_0030_0030.jpg 1 200 136 30 30
0821_0061_0042_0043_0043.jpg 1 61 42 43 43
0822_0343_0266_0099_0099.jpg 1 343 266 99 99
0823_0084_0072_0109_0109.jpg 1 84 72 109 109
0824_0444_0220_0033_0033.jpg 1 444 220 33 33
0825_0133_0124_0063_0063.jpg 1 133 124 63 63
0826_0168_0087_0038_0038.jpg 1 168 87 38 38
0827_0037_0061_0075_0075.jpg 1 37 61 75 75
0828_0067_0106_0043_0043.jpg 1 67 106 43 43
0829_0162_0256_0115_0115.jpg 1 162 256 115 115
0830_0066_0181_0074_0074.jpg 1 66 181 74 74
0831_0532_0061_0035_0035.jpg 1 532 61 35 35
0832_0430_0390_0043_0043.jpg 1 430 390 43 43
0833_0246_0225_0044_0044.jpg 1 246 225 44 44
0834_0127_0082_0041_0041.jpg 1 127 82 41 41
0835_0135_0090_0053_0053.jpg 1 135 90 53 53
0836_0514_0294_0036_0036.jpg 1 514 294 36 36
0837_0120_0067_0077_0077.jpg 1 120 67 77 77
0838_0067_0100_0109_0109.jpg 1 67 100 109 109
0839_0083_0021_0099_0099.jpg 1 83 21 99 99
0840_0039_0023_0067_0067.jpg 1 39 23 67 67
0841_0052_0068_0046_0046.jpg 1 52 68 46 46
0842_0199_0132_0058_0058.jpg 1 199 132 58 58
0843_0475_0283_0108_0108.jpg 1 475 283 108 108
0844_0111_0054_0091_0091.jpg 1 111 54 91 91
0845_0538_0116_0036_0036.jpg 1 538 116 36 36
0846_0039_0117_0097_0097.jpg 1 39 117 97 97
0847_0158_0069_0073_0073.jpg 1 158 69 73 73
0848_0424_0291_0026_0026.jpg 1 424 291 26 26
0849_0332_0115_0102_0102.jpg 1 332 115 102 102
0850_0456_0069_0064_0064.jpg 1 456 69 64 64
0851_0197_0163_0083_0083.jpg 1 197 163 83 83
0852_0106_0114_0024_0024.jpg 1 106 114 24 24
0853_0074_0147_0056_0056.jpg 1 74 147 56 56
0854_0139_0104_0094_0094.jpg 1 139 104 94 94
0855_0215_0038_0056_0056.jpg 1 215 38 56 56
0856_0213_0109_0041_0041.jpg 1 213 109 41 41
0857_0120_0119_0070_0070.jpg 1 120 119 70 70
0858_0462_0286_0086_0086.jpg 1 462 286 86 86
0859_0481_0183_0036_0036.jpg 1 481 183 36 36
0860_0275_0229_0087_0087.jpg 1 275 229 87 87
0861_0073_0124_0060_0060.jpg 1 73 124 60 60
0862_0264_0168_0025_0025.jpg 1 264 168 25 25
0863_0109_0049_0068_0068.jpg 1 109 49 68 68
0864_0198_0121_0111_0111.jpg 1 198 121 111 111
0865_0466_0060_0091_0091.jpg 1 466 60 91 91
0866_0249_0116_0036_0036.jpg 1 249 116 36 36
0867_0343_0177_0100_0100.jpg 1 343 177 100 100
0868_0085_0295_0068_0068.jpg 1 85 295 68 68
0869_0241_0298_0062_0062.jpg 1 241 298 62 62
0870_0184_0223_0081_0081.jpg 1 184 223 81 81
0871_0474_0121_0100_0100.jpg 1 474 121 100 100
0872_0256_0081_0077_0077.jpg 1 256 81 77 77
0873_0083_0107_0048_0048.jpg 1 83 107 48 48
0874_0087_0193_0045_0045.jpg 1 87 193 45 45
0875_0060_0078_0078_0078.jpg 1 60 78 78 78
0876_0278_0306_0037_0037.jpg 1 278 306 37 37
0877_0094_0101_0048_0048.jpg 1 94 101 48 48
0878_0028_0059_0076_0076.jpg 1 28 59 76 76
0879_0492_0196_0030_0030.jpg 1 492 196 30 30
0880_0292_0268_0028_0028.jpg 1 292 268 28 28
0881_0020_0104_0102_0102.jpg 1 20 104 102 102
0882_0457_0077_0049_0049.jpg 1 457 77 49 49
0883_0090_0243_0114_0114.jpg 1 90 243 114 114
0884_0177_0087_0071_0071.jpg 1 177 87 71 71
0885_0105_0051_0113_0113.jpg 1 105 51 113 113
0886_0331_0283_0101_0101.jpg 1 331 283 101 101
0887_0083_0176_0069_0069.jpg 1 83 176 69 69
0888_0069_0027_0024_0024.jpg 1 69 27 24 24
0889_0100_0109_0043_0043.jpg 1 100 109 43 43
0890_0063_0221_0109_0109.jpg 1 63 221 109 109
0891_0027_0092_0064_0064.jpg 1 27 92 64 64
0892_0311_0318_0057_0057.jpg 1 311 318 57 57
0893_0096_0089_0113_0113.jpg 1 96 89 113 113
0894_0423_0312_0029_0029.jpg 1 423 312 29 29
0895_0012_0076_0107_0107.jpg 1 12 76 107 107
0896_0131_0112_0028_0028.jpg 1 131 112 28 28
0897_0163_0042_0039_0039.jpg 1 163 42 39 39
0898_0432_0388_0039_0039.jpg 1 432 388 39 39
0899_0337_0174_0104_0104.jpg 1 337 174 104 104
0900_0119_0117_0110_0110.jpg 1 119 117 110 110
0901_0144_0167_0024_0024.jpg 1 144 167 24 24
0902_0471_0303_0103_0103.jpg 1 471 303 103 103
0903_0199_0178_0036_0036.jpg 1 199 178 36 36
0904_0065_0187_0084_0084.jpg 1 65 187 84 84
0905_0095_0040_0113_0113.jpg 1 95 40 113 113
0906_0316_0102_0046_0046.jpg 1 316 102 46 46
0907_0166_0087_0039_0039.jpg 1 166 87 39 39
0908_0153_0047_0028_0028.jpg 1 153 47 28 28
0909_0090_0095_0063_0063.jpg 1 90 95 63 63
0910_0141_0100_0068_0068.jpg 1 141 100 68 68
0911_0287_0277_0079_0079.jpg 1 287 277 79 79
0912_0339_0231_0085_0085.jpg 1 339 231 85 85
0913_0053_0119_0026_0026.jpg 1 53 119 26 26
0914_0313_0232_0106_0106.jpg 1 313 232 106 106
0915_0038_0025_0094_0094.jpg 1 38 25 94 94
0916_0200_0189_0059_0059.jpg 1 200 189 59 59
0917_0474_0312_0045_0045.jpg 1 474 312 45 45
0918_0268_0308_0093_0093.jpg 1 268 308 93 93
0919_0121_0057_0036_0036.jpg 1 121 57 36 36
0920_0080_0070_0075_0075.jpg 1 80 70 75 75
0921_0064_0024_0043_0043.jpg 1 64 24 43 43
0922_0027_0048_0077_0077.jpg 1 27 48 77 77
0923_0153_0264_0097_0097.jpg 1 153 264 97 97
0924_0039_0112_0034_0034.jpg 1 39 112 34 34
0925_0089_0106_0050_0050.jpg 1 89 106 50 50
0926_0386_0230_0048_0048.jpg 1 386 230 48 48
0927_0081_0089_0060_0060.jpg 1 81 89 60 60
0928_0064_0140_0050_0050.jpg 1 64 140 50 50
0929_0176_0156_0061_0061.jpg 1 176 156 61 61
0930_0150_0294_0102_0102.jpg 1 150 294 102 102
0931_0095_0185_0030_0030.jpg 1 95 185 30 30
0932_0026_0075_0075_0075.jpg 1 26 75 75 75
0933_0052_0137_0048_0048.jpg 1 52 137 48 48
0934_0465_0106_0072_0072.jpg 1 465 106 72 72
0935_0296_0288_0096_0096.jpg 1 296 288 96 96
0936_0147_0083_0038_0038.jpg 1 147 83 38 38
0937_0238_0033_0054_0054.jpg 1 238 33 54 54
0938_0292_0095_0104_0104.jpg 1 292 95 104 104
0939_0398_0056_0028_0028.jpg 1 398 56 28 28
0940_0434_0070_0034_0034.jpg 1 434 70 34 34
0941_0201_0155_0035_0035.jpg 1 201 155 35 35
0942_0130_0045_0097_0097.jpg 1 130 45 97 97
0943_0051_0032_0104_0104.jpg 1 51 32 104 104
0944_0062_0133_0071_0071.jpg 1 62 133 71 71
0945_0054_0123_0084_0084.jpg 1 54 123 84 84
0946_0206_0276_0042_0042.jpg 1 206 276 42 42
0947_0153_0063_0105_0105.jpg 1 153 63 105 105
0948_0467_0290_0027_0027.jpg 1 467 290 27 27
0949_0408_0306_0034_0034.jpg 1 408 306 34 34
0950_0428_0166_0059_0059.jpg 1 428 166 59 59
0951_0529_0248_0024_0024.jpg 1 529 248 24 24
0952_0090_0064_0029_0029.jpg 1 90 64 29 29
0953_0230_0044_0040_0040.jpg 1 230 44 40 40
0954_0052_0202_0044_0044.jpg 1 52 202 44 44
0955_0341_0387_0068_0068.jpg 1 341 387 68 68
0956_0068_0150_0048_0048.jpg 1 68 150 48 48
0957_0186_0142_0054_0054.jpg 1 186 142 54 54
0958_0162_0055_0114_0114.jpg 1 162 55 114 114
0959_0074_0318_0077_0077.jpg 1 74 318 77 77
0960_0075_0495_0052_0052.jpg 1 75 495 52 52
0961_0170_0168_0113_0113.jpg 1 170 168 113 113
0962_0190_0122_0077_0077.jpg 1 190 122 77 77
0963_0371_0166_0094_0094.jpg 1 371 166 94 94
0964_0112_0041_0105_0105.jpg 1 112 41 105 105
0965_0312_0068_0063_0063.jpg 1 312 68 63 63
0966_0054_0122_0048_0048.jpg 1 54 122 48 48
0967_0335_0273_0115_0115.jpg 1 335 273 115 115
0968_0032_0016_0106_0106.jpg 1 32 16 106 106
0969_0288_0058_0091_0091.jpg 1 288 58 91 91
0970_0118_0055_0037_0037.jpg 1 118 55 37 37
0971_0198_0042_0100_0100.jpg 1 198 42 100 100
0972_0077_0374_0027_0027.jpg 1 77 374 27 27
0973_0044_0088_0071_0071.jpg 1 44 88 71 71
0974_0427_0210_0076_0076.jpg 1 427 210 76 76
0975_0067_0110_0090_0090.jpg 1 67 110 90 90
0976_0189_0086_0079_0079.jpg 1 189 86 79 79
0977_0099_0156_0055_0055.jpg 1 99 156 55 55
0978_0051_0030_0080_0080.jpg 1 51 30 80 80
0979_0018_0133_0026_0026.jpg 1 18 133 26 26
0980_0110_0080_0027_0027.jpg 1 110 80 27 27
0981_0120_0118_0042_0042.jpg 1 120 118 42 42
0982_0181_0456_0028_0028.jpg 1 181 456 28 28
0983_0173_0266_0028_0028.jpg 1 173 266 28 28
0984_0266_0128_0053_0053.jpg 1 266 128 53 53
0985_0449_0113_0062_0062.jpg 1 449 113 62 62
0986_0507_0215_0043_0043.jpg 1 507 215 43 43
0987_0169_0144_0046_0046.jpg 1 169 144 46 46
0988_0206_0240_0075_0075.jpg 1 206 240 75 75
0989_0414_0226_0087_0087.jpg 1 414 226 87 87
0990_0036_0016_0083_0083.jpg 1 36 16 83 83
0991_0322_0245_0110_0110.jpg 1 322 245 110 110
0992_0164_0395_0115_0115.jpg 1 164 395 115 115
0993_0399_0202_0084_0084.jpg 1 399 202 84 84
0994_0103_0041_0071_0071.jpg 1 103 41 71 71
0995_0154_0134_0085_0085.jpg 1 154 134 85 85
0996_0124_0094_0036_0036.jpg 1 124 94 36 36
0997_0019_0043_0107_0107.jpg 1 19 43 107 107
0998_0011_0062_0084_0084.jpg 1 11 62 84 84
0999_0098_0074_0069_0069.jpg 1 98 74 69 69
1000_0056_0116_0040_0040.jpg 1 56 116 40 40
1001_0110_0133_0056_0056.jpg 1 110 133 56 56
1002_0160_0055_0038_0038.jpg 1 160 55 38 38
1003_0175_0103_0085_0085.jpg 1 175 103 85 85
1004_0437_0114_0041_0041.jpg 1 437 114 41 41
1005_0288_0168_0110_0110.jpg 1 288 168 110 110
1006_0044_0030_0104_0104.jpg 1 44 30 104 104
1007_0321_0065_0101_0101.jpg 1 321 65 101 101
1008_0286_0196_0028_0028.jpg 1 286 196 28 28
1009_0290_0141_0096_0096.jpg 1 290 141 96 96
1010_0023_0046_0082_0082.jpg 1 23 46 82 82
1011_0186_0129_0047_0047.jpg 1 186 129 47 47
1012_0008_0052_0111_0111.jpg 1 8 52 111 111
1013_0125_0079_0034_0034.jpg 1 125 79 34 34
1014_0121_0059_0071_0071.jpg 1 121 59 71 71
1015_0071_0301_0047_0047.jpg 1 71 301 47 47
1016_0458_0200_0051_0051.jpg 1 458 200 51 51
1017_0030_0043_0047_0047.jpg 1 30 43 47 47
1018_0106_0092_0079_0079.jpg 1 106 92 79 79
1019_0278_0249_0058_0058.jpg 1 278 249 58 58
1020_0047_0070_0070_0070.jpg 1 47 70 70 70
1021_0277_0108_0065_0065.jpg 1 277 108 65 65
1022_0220_0100_0074_0074.jpg 1 220 100 74 74
1023_0062_0237_0043_0043.jpg 1 62 237 43 43
1024_0314_0446_0073_0073.jpg 1 314 446 73 73
1025_0074_0083_0090_0090.jpg 1 74 83 90 90
1026_0030_0116_0061_0061.jpg 1 30 116 61 61
1027_0141_0135_0029_0029.jpg 1 141 135 29 29
1028_0363_0095_0089_0089.jpg 1 363 95 89 89
1029_0254_0310_0082_0082.jpg 1 254 310 82 82
1030_0469_0117_0047_0047.jpg 1 469 117 47 47
1031_0084_0191_0071_0071.jpg 1 84 191 71 71
1032_0310_0109_0062_0062.jpg 1 310 109 62 62
1033_0037_0109_0033_0033.jpg 1 37 109 33 33
1034_0056_0097_0113_0113.jpg 1 56 97 113 113
1035_0111_0300_0036_0036.jpg 1 111 300 36 36
1036_0437_0359_0072_0072.jpg 1 437 359 72 72
1037_0218_0114_0040_0040.jpg 1 218 114 40 40
1038_0037_0069_0060_0060.jpg 1 37 69 60 60
1039_0187_0141_0052_0052.jpg 1 187 141 52 52
1040_0131_0047_0086_0086.jpg 1 131 47 86 86
1041_0296_0200_0052_0052.jpg 1 296 200 52 52
1042_0071_0132_0034_0034.jpg 1 71 132 34 34
1043_0420_0279_0053_0053.jpg 1 420 279 53 53
1044_0159_0062_0030_0030.jpg 1 159 62 30 30
1045_0099_0030_0052_0052.jpg 1 99 30 52 52
1046_0401_0246_0048_0048.jpg 1 401 246 48 48
1047_0289_0283_0087_0087.jpg 1 289 283 87 87
1048_0092_0201_0108_0108.jpg 1 92 201 108 108
1049_0139_0121_0086_0086.jpg 1 139 121 86 86
1050_0037_0037_0107_0107.jpg 1 37 37 107 107
1051_0164_0110_0076_0076.jpg 1 164 110 76 76
1052_0252_0157_0094_0094.jpg 1 252 157 94 94
1053_0056_0096_0087_0087.jpg 1 56 96 87 87
1054_0446_0148_0104_0104.jpg 1 446 148 104 104
1055_0099_0131_0052_0052.jpg 1 99 131 52 52
1056_0198_0149_0114_0114.jpg 1 198 149 114 114
1057_0076_0055_0081_0081.jpg 1 76 55 81 81
1058_0079_0081_0111_0111.jpg 1 79 81 111 111
1059_0301_0094_0090_0090.jpg 1 301 94 90 90
1060_0056_0015_0111_0111.jpg 1 56 15 111 111
1061_0267_0280_0035_0035.jpg 1 267 280 35 35
1062_0222_0151_0027_0027.jpg 1 222 151 27 27
1063_0061_0055_0114_0114.jpg 1 61 55 114 114
1064_0114_0191_0108_0108.jpg 1 114 191 108 108
1065_0030_0092_0058_0058.jpg 1 30 92 58 58
1066_0241_0029_0026_0026.jpg 1 241 29 26 26
1067_0115_0074_0056_0056.jpg 1 115 74 56 56
1068_0195_0083_0088_0088.jpg 1 195 83 88 88
1069_0150_0078_0102_0102.jpg 1 150 78 102 102
1070_0269_0279_0070_0070.jpg 1 269 279 70 70
1071_0249_0066_0031_0031.jpg 1 249 66 31 31
1072_0112_0072_0080_0080.jpg 1 112 72 80 80
1073_0079_0023_0101_0101.jpg 1 79 23 101 101
1074_0309_0253_0106_0106.jpg 1 309 253 106 106
1075_0533_0060_0037_0037.jpg 1 533 60 37 37
1076_0198_0032_0071_0071.jpg 1 198 32 71 71
1077_0079_0110_0049_0049.jpg 1 79 110 49 49
1078_0246_0406_0064_0064.jpg 1 246 406 64 64
1079_0135_0337_0064_0064.jpg 1 135 337 64 64
1080_0471_0092_0082_0082.jpg 1 471 92 82 82
1081_0026_0060_0097_0097.jpg 1 26 60 97 97
1082_0192_0062_0096_0096.jpg 1 192 62 96 96
1083_0133_0015_0115_0115.jpg 1 133 15 115 115
1084_0062_0122_0101_0101.jpg 1 62 122 101 101
1085_0324_0219_0029_0029.jpg 1 324 219 29 29
1086_0048_0211_0105_0105.jpg 1 48 211 105 105
1087_0132_0035_0051_0051.jpg 1 132 35 51 51
1088_0147_0071_0073_0073.jpg 1 147 71 73 73
1089_0214_0025_0075_0075.jpg 1 214 25 75 75
1090_0042_0085_0097_0097.jpg 1 42 85 97 97
1091_0136_0079_0029_0029.jpg 1 136 79 29 29
1092_0485_0278_0082_0082.jpg 1 485 278 82 82
1093_0021_0014_0111_0111.jpg 1 21 14 111 111
1094_0168_0120_0094_0094.jpg 1 168 120 94 94
1095_0065_0125_0053_0053.jpg 1 65 125 53 53
1096_0063_0142_0030_0030.jpg 1 63 142 30 30
1097_0189_0081_0044_0044.jpg 1 189 81 44 44
1098_0167_0479_0083_0083.jpg 1 167 479 83 83
1099_0127_0113_0033_0033.jpg 1 127 113 33 33
1100_0174_0220_0036_0036.jpg 1 174 220 36 36
1101_0210_0067_0024_0024.jpg 1 210 67 24 24
1102_0012_0044_0109_0109.jpg 1 12 44 109 109
1103_0311_0133_0054_0054.jpg 1 311 133 54 54
1104_0090_0033_0088_0088.jpg 1 90 33 88 88
1105_0082_0019_0107_0107.jpg 1 82 19 107 107
1106_0074_0080_0060_0060.jpg 1 74 80 60 60
1107_0271_0052_0033_0033.jpg 1 271 52 33 33
1108_0145_0496_0048_0048.jpg 1 145 496 48 48
1109_0088_0189_0106_0106.jpg 1 88 189 106 106
1110_0194_0049_0026_0026.jpg 1 194 49 26 26
1111_0061_0114_0059_0059.jpg 1 61 114 59 59
1112_0370_0130_0110_0110.jpg 1 370 130 110 110
1113_0130_0035_0091_0091.jpg 1 130 35 91 91
1114_0141_0047_0045_0045.jpg 1 141 47 45 45
1115_0223_0063_0060_0060.jpg 1 223 63 60 60
1116_0040_0068_0029_0029.jpg 1 40 68 29 29
1117_0159_0066_0065_0065.jpg 1 159 66 65 65
1118_0125_0092_0087_0087.jpg 1 125 92 87 87
1119_0126_0047_0097_0097.jpg 1 126 47 97 97
1120_0101_0056_0083_0083.jpg 1 101 56 83 83
1121_0356_0090_0064_0064.jpg 1 356 90 64 64
1122_0341_0263_0025_0025.jpg 1 341 263 25 25
1123_0312_0260_0085_0085.jpg 1 312 260 85 85
1124_0119_0028_0064_0064.jpg 1 119 28 64 64
1125_0413_0330_0063_0063.jpg 1 413 330 63 63
1126_0173_0272_0094_0094.jpg 1 173 272 94 94
1127_0181_0154_0046_0046.jpg 1 181 154 46 46
1128_0062_0082_0097_0097.jpg 1 62 82 97 97
1129_0074_0059_0027_0027.jpg 1 74 59 27 27
1130_0146_0137_0100_0100.jpg 1 146 137 100 100
1131_0374_0239_0097_0097.jpg 1 374 239 97 97
1132_0181_0082_0035_0035.jpg 1 181 82 35 35
1133_0074_0094_0059_0059.jpg 1 74 94 59 59
1134_0227_0115_0078_0078.jpg 1 227 115 78 78
1135_0443_0247_0024_0024.jpg 1 443 247 24 24
1136_0021_0100_0111_0111.jpg 1 21 100 111 111
1137_0108_0077_0057_0057.jpg 1 108 77 57 57
1138_0076_0335_0053_0053.jpg 1 76 335 53 53
1139_0431_0304_0087_0087.jpg 1 431 304 87 87
1140_0177_0103_0054_0054.jpg 1 177 103 54 54
1141_0022_0068_0074_0074.jpg 1 22 68 74 74
1142_0134_0111_0052_0052.jpg 1 134 111 52 52
1143_0100_0059_0060_0060.jpg 1 100 59 60 60
1144_0048_0021_0092_0092.jpg 1 48 21 92 92
1145_0063_0129_0060_0060.jpg 1 63 129 60 60
1146_0240_0074_0053_0053.jpg 1 240 74 53 53
1147_0292_0253_0093_0093.jpg 1 292 253 93 93
1148_0452_0338_0076_0076.jpg 1 452 338 76 76
1149_0070_0066_0090_0090.jpg 1 70 66 90 90
1150_0117_0058_0111_0111.jpg 1 117 58 111 111
1151_0076_0129_0037_0037.jpg 1 76 129 37 37
1152_0158_0076_0097_0097.jpg 1 158 76 97 97
1153_0186_0026_0035_0035.jpg 1 186 26 35 35
1154_0355_0318_0086_0086.jpg 1 355 318 86 86
1155_0101_0016_0080_0080.jpg 1 101 16 80 80
1156_0037_0131_0066_0066.jpg 1 37 131 66 66
1157_0039_0082_0063_0063.jpg 1 39 82 63 63
1158_0104_0124_0081_0081.jpg 1 104 124 81 81
1159_0188_0110_0055_0055.jpg 1 188 110 55 55
1160_0213_0060_0028_0028.jpg 1 213 60 28 28
1161_0116_0062_0024_0024.jpg 1 116 62 24 24
1162_0252_0125_0042_0042.jpg 1 252 125 42 42
1163_0430_0314_0046_0046.jpg 1 430 314 46 46
1164_0206_0141_0113_0113.jpg 1 206 141 113 113
1165_0117_0103_0085_0085.jpg 1 117 103 85 85
1166_0354_0257_0033_0033.jpg 1 354 257 33 33
1167_0463_0164_0060_0060.jpg 1 463 164 60 60
1168_0314_0266_0077_0077.jpg 1 314 266 77 77
1169_0452_0351_0061_0061.jpg 1 452 351 61 61
1170_0348_0321_0105_0105.jpg 1 348 321 105 105
1171_0091_0028_0062_0062.jpg 1 91 28 62 62
1172_0165_0030_0109_0109.jpg 1 165 30 109 109
1173_0241_0384_0048_0048.jpg 1 241 384 48 48
1174_0026_0060_0064_0064.jpg 1 26 60 64 64
1175_0262_0124_0081_0081.jpg 1 262 124 81 81
1176_0148_0053_0099_0099.jpg 1 148 53 99 99
1177_0358_0096_0084_0084.jpg 1 358 96 84 84
1178_0202_0165_0039_0039.jpg 1 202 165 39 39
1179_0187_0029_0075_0075.jpg 1 187 29 75 75
1180_0343_0148_0096_0096.jpg 1 343 148 96 96
1181_0128_0168_0056_0056.jpg 1 128 168 56 56
1182_0098_0024_0107_0107.jpg 1 98 24 107 107
1183_0116_0196_0044_0044.jpg 1 116 196 44 44
1184_0404_0350_0053_0053.jpg 1 404 350 53 53
1185_0175_0063_0051_0051.jpg 1 175 63 51 51
1186_0149_0069_0073_0073.jpg 1 149 69 73 73
1187_0461_0073_0080_0080.jpg 1 461 73 80 80
1188_0330_0136_0055_0055.jpg 1 330 136 55 55
1189_0195_0383_0036_0036.jpg 1 195 383 36 36
1190_0211_0284_0063_0063.jpg 1 211 284 63 63
1191_0482_0150_0077_0077.jpg 1 482 150 77 77
1192_0053_0129_0064_0064.jpg 1 53 129 64 64
1193_0507_0083_0026_0026.jpg 1 507 83 26 26
1194_0107_0029_0048_0048.jpg 1 107 29 48 48
1195_0037_0065_0081_0081.jpg 1 37 65 81 81
1196_0026_0054_0106_0106.jpg 1 26 54 106 106
1197_0280_0127_0045_0045.jpg 1 280 127 45 45
1198_0439_0195_0086_0086.jpg 1 439 195 86 86
1199_0097_0163_0036_0036.jpg 1 97 163 36 36
1200_0125_0047_0091_0091.jpg 1 125 47 91 91
1201_0206_0432_0097_0097.jpg 1 206 432 97 97
1202_0540_0094_0026_0026.jpg 1 540 94 26 26
1203_0141_0076_0113_0113.jpg 1 141 76 113 113
1204_0372_0150_0042_0042.jpg 1 372 150 42 42
1205_0092_0398_0027_0027.jpg 1 92 398 27 27
1206_0394_0093_0106_0106.jpg 1 394 93 106 106
1207_0079_0065_0096_0096.jpg 1 79 65 96 96
1208_0118_0143_0111_0111.jpg 1 118 143 111 111
1209_0345_0142_0057_0057.jpg 1 345 142 57 57
1210_0146_0063_0059_0059.jpg 1 146 63 59 59
1211_0058_0387_0061_0061.jpg 1 58 387 61 61
1212_0192_0202_0043_0043.jpg 1 192 202 43 43
1213_0047_0075_0090_0090.jpg 1 47 75 90 90
1214_0070_0105_0067_0067.jpg 1 70 105 67 67
1215_0092_0013_0111_0111.jpg 1 92 13 111 111
1216_0255_0222_0042_0042.jpg 1 255 222 42 42
1217_0272_0222_0099_0099.jpg 1 272 222 99 99
1218_0206_0277_0093_0093.jpg 1 206 277 93 93
1219_0036_0113_0091_0091.jpg 1 36 113 91 91
1220_0085_0104_0096_0096.jpg 1 85 104 96 96
1221_0142_0364_0098_0098.jpg 1 142 364 98 98
1222_0130_0344_0085_0085.jpg 1 130 344 85 85
1223_0215_0158_0098_0098.jpg 1 215 158 98 98
1224_0404_0221_0089_0089.jpg 1 404 221 89 89
1225_0309_0201_0077_0077.jpg 1 309 201 77 77
1226_0175_0135_0041_0041.jpg 1 175 135 41 41
1227_0097_0148_0043_0043.jpg 1 97 148 43 43
1228_0485_0264_0076_0076.jpg 1 485 264 76 76
1229_0505_0296_0068_0068.jpg 1 505 296 68 68
1230_0116_0114_0034_0034.jpg 1 116 114 34 34
1231_0128_0277_0101_0101.jpg 1 128 277 101 101
1232_0367_0330_0091_0091.jpg 1 367 330 91 91
1233_0392_0262_0053_0053.jpg 1 392 262 53 53
1234_0339_0336_0063_0063.jpg 1 339 336 63 63
1235_0110_0158_0069_0069.jpg 1 110 158 69 69
1236_0111_0056_0112_0112.jpg 1 111 56 112 112
1237_0158_0068_0063_0063.jpg 1 158 68 63 63
1238_0403_0270_0040_0040.jpg 1 403 270 40 40
1239_0346_0302_0029_0029.jpg 1 346 302 29 29
1240_0143_0317_0108_0108.jpg 1 143 317 108 108
1241_0154_0062_0099_0099.jpg 1 154 62 99 99
1242_0031_0104_0052_0052.jpg 1 31 104 52 52
1243_0108_0035_0030_0030.jpg 1 108 35 30 30
1244_0220_0192_0034_0034.jpg 1 220 192 34 34
1245_0161_0125_0075_0075.jpg 1 161 125 75 75
1246_0354_0144_0050_0050.jpg 1 354 144 50 50
1247_0111_0032_0029_0029.jpg 1 111 32 29 29
1248_0511_0109_0026_0026.jpg 1 511 109 26 26
1249_0156_0341_0099_0099.jpg 1 156 341 99 99
1250_0176_0075_0029_0029.jpg 1 176 75 29 29
1251_0316_0270_0025_0025.jpg 1 316 270 25 25
1252_0060_0126_0082_0082.jpg 1 60 126 82 82
1253_0171_0257_0114_0114.jpg 1 171 257 114 114
1254_0035_0152_0040_0040.jpg 1 35 152 40 40
1255_0266_0192_0073_0073.jpg 1 266 192 73 73
1256_0025_0027_0066_0066.jpg 1 25 27 66 66
1257_0223_0033_0062_0062.jpg 1 223 33 62 62
1258_0443_0174_0075_0075.jpg 1 443 174 75 75
1259_0071_0106_0088_0088.jpg 1 71 106 88 88
1260_0249_0288_0114_0114.jpg 1 249 288 114 114
1261_0089_0325_0113_0113.jpg 1 89 325 113 113
1262_0096_0090_0055_0055.jpg 1 96 90 55 55
1263_0188_0109_0054_0054.jpg 1 188 109 54 54
1264_0402_0159_0042_0042.jpg 1 402 159 42 42
1265_0015_0030_0073_0073.jpg 1 15 30 73 73
1266_0264_0220_0051_0051.jpg 1 264 220 51 51
1267_0165_0047_0097_0097.jpg 1 165 47 97 97
1268_0162_0064_0070_0070.jpg 1 162 64 70 70
1269_0277_0371_0032_0032.jpg 1 277 371 32 32
1270_0080_0053_0047_0047.jpg 1 80 53 47 47
1271_0078_0453_0074_0074.jpg 1 78 453 74 74
1272_0091_0391_0044_0044.jpg 1 91 391 44 44
1273_0268_0299_0046_0046.jpg 1 268 299 46 46
1274_0162_0093_0097_0097.jpg 1 162 93 97 97
1275_0201_0100_0095_0095.jpg 1 201 100 95 95
1276_0428_0226_0060_0060.jpg 1 428 226 60 60
1277_0044_0103_0034_0034.jpg 1 44 103 34 34
1278_0025_0104_0076_0076.jpg 1 25 104 76 76
1279_0030_0149_0035_0035.jpg 1 30 149 35 35
1280_0072_0048_0104_0104.jpg 1 72 48 104 104
1281_0329_0360_0057_0057.jpg 1 329 360 57 57
1282_0345_0310_0063_0063.jpg 1 345 310 63 63
1283_0321_0169_0075_0075.jpg 1 321 169 75 75
1284_0466_0321_0099_0099.jpg 1 466 321 99 99
1285_0104_0109_0047_0047.jpg 1 104 109 47 47
1286_0076_0075_0065_0065.jpg 1 76 75 65 65
1287_0509_0200_0059_0059.jpg 1 509 200 59 59
1288_0240_0112_0036_0036.jpg 1 240 112 36 36
1289_0142_0160_0077_0077.jpg 1 142 160 77 77
1290_0295_0173_0036_0036.jpg 1 295 173 36 36
1291_0135_0124_0069_0069.jpg 1 135 124 69 69
1292_0057_0014_0111_0111.jpg 1 57 14 111 111
1293_0059_0024_0037_0037.jpg 1 59 24 37 37
1294_0049_0045_0033_0033.jpg 1 49 45 33 33
1295_0085_0125_0062_0062.jpg 1 85 125 62 62
1296_0507_0179_0024_0024.jpg 1 507 179 24 24
1297_0368_0324_0086_0086.jpg 1 368 324 86 86
1298_0099_0022_0076_0076.jpg 1 99 22 76 76
1299_0030_0134_0087_0087.jpg 1 30 134 87 87
1300_0199_0281_0024_0024.jpg 1 199 281 24 24
1301_0154_0155_0103_0103.jpg 1 154 155 103 103
1302_0192_0109_0025_0025.jpg 1 192 109 25 25
1303_0308_0387_0026_0026.jpg 1 308 387 26 26
1304_0164_0075_0060_0060.jpg 1 164 75 60 60
1305_0359_0039_0096_0096.jpg 1 359 39 96 96
1306_0108_0071_0093_0093.jpg 1 108 71 93 93
1307_0108_0248_0073_0073.jpg 1 108 248 73 73
1308_0285_0078_0085_0085.jpg 1 285 78 85 85
1309_0068_0229_0090_0090.jpg 1 68 229 90 90
1310_0064_0470_0050_0050.jpg 1 64 470 50 50
1311_0089_0056_0059_0059.jpg 1 89 56 59 59
1312_0299_0086_0046_0046.jpg 1 299 86 46 46
1313_0368_0252_0102_0102.jpg 1 368 252 102 102
1314_0222_0066_0030_0030.jpg 1 222 66 30 30
1315_0046_0317_0038_0038.jpg 1 46 317 38 38
1316_0311_0347_0028_0028.jpg 1 311 347 28 28
1317_0202_0187_0078_0078.jpg 1 202 187 78 78
1318_0207_0079_0057_0057.jpg 1 207 79 57 57
1319_0113_0183_0101_0101.jpg 1 113 183 101 101
1320_0266_0432_0061_0061.jpg 1 266 432 61 61
1321_0071_0099_0100_0100.jpg 1 71 99 100 100
1322_0208_0294_0035_0035.jpg 1 208 294 35 35
1323_0088_0031_0025_0025.jpg 1 88 31 25 25
1324_0336_0238_0078_0078.jpg 1 336 238 78 78
1325_0408_0329_0111_0111.jpg 1 408 329 111 111
1326_0422_0145_0082_0082.jpg 1 422 145 82 82
1327_0213_0041_0048_0048.jpg 1 213 41 48 48
1328_0115_0124_0041_0041.jpg 1 115 124 41 41
1329_0538_0355_0027_0027.jpg 1 538 355 27 27
1330_0420_0315_0031_0031.jpg 1 420 315 31 31
1331_0109_0029_0066_0066.jpg 1 109 29 66 66
1332_0144_0014_0088_0088.jpg 1 144 14 88 88
1333_0448_0332_0041_0041.jpg 1 448 332 41 41
1334_0194_0071_0051_0051.jpg 1 194 71 51 51
1335_0227_0299_0073_0073.jpg 1 227 299 73 73
1336_0069_0171_0026_0026.jpg 1 69 171 26 26
1337_0067_0083_0114_0114.jpg 1 67 83 114 114
1338_0147_0019_0044_0044.jpg 1 147 19 44 44
1339_0057_0034_0100_0100.jpg 1 57 34 100 100
1340_0415_0160_0054_0054.jpg 1 415 160 54 54
1341_0187_0306_0079_0079.jpg 1 187 306 79 79
1342_0272_0172_0091_0091.jpg 1 272 172 91 91
1343_0178_0079_0026_0026.jpg 1 178 79 26 26
1344_0258_0440_0077_0077.jpg 1 258 440 77 77
1345_0057_0053_0057_0057.jpg 1 57 53 57 57
1346_0034_0082_0037_0037.jpg 1 34 82 37 37
1347_0096_0190_0054_0054.jpg 1 96 190 54 54
1348_0113_0139_0082_0082.jpg 1 113 139 82 82
1349_0025_0060_0033_0033.jpg 1 25 60 33 33
1350_0097_0151_0068_0068.jpg 1 97 151 68 68
1351_0157_0023_0113_0113.jpg 1 157 23 113 113
1352_0055_0283_0087_0087.jpg 1 55 283 87 87
1353_0461_0137_0047_0047.jpg 1 461 137 47 47
1354_0311_0183_0024_0024.jpg 1 311 183 24 24
1355_0072_0379_0024_0024.jpg 1 72 379 24 24
1356_0127_0120_0076_0076.jpg 1 127 120 76 76
1357_0143_0112_0054_0054.jpg 1 143 112 54 54
1358_0039_0055_0067_0067.jpg 1 39 55 67 67
1359_0151_0042_0064_0064.jpg 1 151 42 64 64
1360_0528_0270_0035_0035.jpg 1 528 270 35 35
1361_0123_0120_0045_0045.jpg 1 123 120 45 45
1362_0191_0225_0030_0030.jpg 1 191 225 30 30
1363_0394_0043_0096_0096.jpg 1 394 43 96 96
1364_0077_0459_0110_0110.jpg 1 77 459 110 110
1365_0076_0078_0080_0080.jpg 1 76 78 80 80
1366_0135_0114_0052_0052.jpg 1 135 114 52 52
1367_0076_0102_0051_0051.jpg 1 76 102 51 51
1368_0083_0064_0102_0102.jpg 1 83 64 102 102
1369_0285_0104_0090_0090.jpg 1 285 104 90 90
1370_0083_0120_0066_0066.jpg 1 83 120 66 66
1371_0061_0043_0074_0074.jpg 1 61 43 74 74
1372_0174_0017_0077_0077.jpg 1 174 17 77 77
1373_0221_0161_0041_0041.jpg 1 221 161 41 41
1374_0174_0330_0024_0024.jpg 1 174 330 24 24
1375_0313_0421_0095_0095.jpg 1 313 421 95 95
1376_0119_0051_0101_0101.jpg 1 119 51 101 101
1377_0031_0065_0045_0045.jpg 1 31 65 45 45
1378_0104_0161_0041_0041.jpg 1 104 161 41 41
1379_0033_0056_0031_0031.jpg 1 33 56 31 31
1380_0319_0297_0046_0046.jpg 1 319 297 46 46
1381_0097_0023_0054_0054.jpg 1 97 23 54 54
1382_0064_0021_0066_0066.jpg 1 64 21 66 66
1383_0128_0039_0056_0056.jpg 1 128 39 56 56
1384_0027_0062_0078_0078.jpg 1 27 62 78 78
1385_0061_0084_0111_0111.jpg 1 61 84 111 111
1386_0179_0285_0096_0096.jpg 1 179 285 96 96
1387_0272_0177_0107_0107.jpg 1 272 177 107 107
1388_0285_0236_0032_0032.jpg 1 285 236 32 32
1389_0282_0051_0113_0113.jpg 1 282 51 113 113
1390_0093_0072_0082_0082.jpg 1 93 72 82 82
1391_0265_0041_0082_0082.jpg 1 265 41 82 82
1392_0288_0242_0114_0114.jpg 1 288 242 114 114
1393_0230_0506_0060_0060.jpg 1 230 506 60 60
1394_0253_0300_0041_0041.jpg 1 253 300 41 41
1395_0225_0118_0107_0107.jpg 1 225 118 107 107
1396_0200_0295_0101_0101.jpg 1 200 295 101 101
1397_0065_0430_0067_0067.jpg 1 65 430 67 67
1398_0405_0149_0047_0047.jpg 1 405 149 47 47
1399_0308_0080_0113_0113.jpg 1 308 80 113 113
1400_0188_0221_0037_0037.jpg 1 188 221 37 37
1401_0422_0214_0089_0089.jpg 1 422 214 89 89
1402_0190_0058_0071_0071.jpg 1 190 58 71 71
1403_0274_0317_0065_0065.jpg 1 274 317 65 65
1404_0201_0184_0031_0031.jpg 1 201 184 31 31
1405_0168_0233_0035_0035.jpg 1 168 233 35 35
1406_0101_0125_0047_0047.jpg 1 101 125 47 47
1407_0079_0094_0066_0066.jpg 1 79 94 66 66
1408_0196_0213_0085_0085.jpg 1 196 213 85 85
1409_0035_0034_0050_0050.jpg 1 35 34 50 50
1410_0065_0123_0077_0077.jpg 1 65 123 77 77
1411_0108_0076_0094_0094.jpg 1 108 76 94 94
1412_0066_0082_0068_0068.jpg 1 66 82 68 68
1413_0408_0046_0039_0039.jpg 1 408 46 39 39
1414_0287_0083_0034_0034.jpg 1 287 83 34 34
1415_0135_0030_0104_0104.jpg 1 135 30 104 104
1416_0056_0060_0065_0065.jpg 1 56 60 65 65
1417_0160_0251_0073_0073.jpg 1 160 251 73 73
1418_0336_0240_0054_0054.jpg 1 336 240 54 54
1419_0247_0269_0090_0090.jpg 1 247 269 90 90
1420_0064_0087_0079_0079.jpg 1 64 87 79 79
1421_0187_0168_0081_0081.jpg 1 187 168 81 81
1422_0353_0552_0024_0024.jpg 1 353 552 24 24
1423_0015_0054_0100_0100.jpg 1 15 54 100 100
1424_0137_0201_0025_0025.jpg 1 137 201 25 25
1425_0124_0114_0090_0090.jpg 1 124 114 90 90
1426_0286_0059_0106_0106.jpg 1 286 59 106 106
1427_0193_0071_0085_0085.jpg 1 193 71 85 85
1428_0086_0024_0078_0078.jpg 1 86 24 78 78
1429_0293_0474_0029_0029.jpg 1 293 474 29 29
1430_0053_0029_0064_0064.jpg 1 53 29 64 64
1431_0054_0122_0086_0086.jpg 1 54 122 86 86
1432_0181_0093_0036_0036.jpg 1 181 93 36 36
1433_0274_0204_0093_0093.jpg 1 274 204 93 93
1434_0196_0131_0041_0041.jpg 1 196 131 41 41
1435_0124_0059_0027_0027.jpg 1 124 59 27 27
1436_0090_0125_0049_0049.jpg 1 90 125 49 49
1437_0130_0351_0075_0075.jpg 1 130 351 75 75
1438_0525_0139_0031_0031.jpg 1 525 139 31 31
1439_0047_0134_0071_0071.jpg 1 47 134 71 71
1440_0080_0145_0071_0071.jpg 1 80 145 71 71
1441_0209_0091_0077_0077.jpg 1 209 91 77 77
1442_0120_0114_0054_0054.jpg 1 120 114 54 54
1443_0111_0487_0047_0047.jpg 1 111 487 47 47
1444_0018_0122_0098_0098.jpg 1 18 122 98 98
1445_0120_0260_0074_0074.jpg 1 120 260 74 74
1446_0359_0300_0092_0092.jpg 1 359 300 92 92
1447_0060_0068_0091_0091.jpg 1 60 68 91 91
1448_0206_0039_0087_0087.jpg 1 206 39 87 87
1449_0101_0260_0109_0109.jpg 1 101 260 109 109
1450_0292_0268_0074_0074.jpg 1 292 268 74 74
1451_0448_0049_0036_0036.jpg 1 448 49 36 36
1452_0097_0120_0114_0114.jpg 1 97 120 114 114
1453_0123_0282_0110_0110.jpg 1 123 282 110 110
1454_0150_0228_0073_0073.jpg 1 150 228 73 73
1455_0069_0132_0079_0079.jpg 1 69 132 79 79
1456_0120_0505_0068_0068.jpg 1 120 505 68 68
1457_0101_0059_0035_0035.jpg 1 101 59 35 35
1458_0014_0028_0100_0100.jpg 1 14 28 100 100
1459_0052_0049_0064_0064.jpg 1 52 49 64 64
1460_0140_0340_0079_0079.jpg 1 140 340 79 79
1461_0096_0130_0073_0073.jpg 1 96 130 73 73
1462_0420_0338_0104_0104.jpg 1 420 338 104 104
1463_0110_0099_0052_0052.jpg 1 110 99 52 52
1464_0049_0085_0070_0070.jpg 1 49 85 70 70
1465_0443_0121_0077_0077.jpg 1 443 121 77 77
1466_0133_0136_0046_0046.jpg 1 133 136 46 46
1467_0051_0040_0038_0038.jpg 1 51 40 38 38
1468_0150_0525_0033_0033.jpg 1 150 525 33 33
1469_0170_0057_0071_0071.jpg 1 170 57 71 71
1470_0269_0327_0074_0074.jpg 1 269 327 74 74
1471_0091_0116_0100_0100.jpg 1 91 116 100 100
1472_0064_0226_0050_0050.jpg 1 64 226 50 50
1473_0210_0178_0094_0094.jpg 1 210 178 94 94
1474_0101_0091_0076_0076.jpg 1 101 91 76 76
1475_0084_0031_0036_0036.jpg 1 84 31 36 36
1476_0281_0060_0103_0103.jpg 1 281 60 103 103
1477_0511_0222_0070_0070.jpg 1 511 222 70 70
1478_0113_0211_0101_0101.jpg 1 113 211 101 101
1479_0105_0081_0059_0059.jpg 1 105 81 59 59
1480_0076_0101_0067_0067.jpg 1 76 101 67 67
1481_0028_0094_0111_0111.jpg 1 28 94 111 111
1482_0243_0228_0075_0075.jpg 1 243 228 75 75
1483_0164_0435_0033_0033.jpg 1 164 435 33 33
1484_0056_0056_0101_0101.jpg 1 56 56 101 101
1485_0115_0226_0108_0108.jpg 1 115 226 108 108
1486_0166_0121_0109_0109.jpg 1 166 121 109 109
1487_0168_0160_0048_0048.jpg 1 168 160 48 48
1488_0288_0136_0058_0058.jpg 1 288 136 58 58
1489_0150_0090_0104_0104.jpg 1 150 90 104 104
1490_0241_0344_0055_0055.jpg 1 241 344 55 55
1491_0353_0217_0091_0091.jpg 1 353 217 91 91
1492_0085_0067_0064_0064.jpg 1 85 67 64 64
1493_0186_0061_0103_0103.jpg 1 186 61 103 103
1494_0067_0060_0036_0036.jpg 1 67 60 36 36
1495_0237_0500_0037_0037.jpg 1 237 500 37 37
1496_0036_0074_0083_0083.jpg 1 36 74 83 83
1497_0406_0188_0107_0107.jpg 1 406 188 107 107
1498_0172_0098_0028_0028.jpg 1 172 98 28 28
1499_0169_0142_0112_0112.jpg 1 169 142 112 112
1500_0057_0082_0033_0033.jpg 1 57 82 33 33
1501_0374_0238_0099_0099.jpg 1 374 238 99 99
1502_0058_0068_0096_0096.jpg 1 58 68 96 96
1503_0523_0376_0045_0045.jpg 1 523 376 45 45
1504_0048_0057_0050_0050.jpg 1 48 57 50 50
1505_0063_0058_0109_0109.jpg 1 63 58 109 109
1506_0149_0274_0057_0057.jpg 1 149 274 57 57
1507_0124_0351_0055_0055.jpg 1 124 351 55 55
1508_0201_0309_0035_0035.jpg 1 201 309 35 35
1509_0012_0086_0113_0113.jpg 1 12 86 113 113
1510_0204_0206_0102_0102.jpg 1 204 206 102 102
1511_0541_0135_0037_0037.jpg 1 541 135 37 37
1512_0021_0092_0100_0100.jpg 1 21 92 100 100
1513_0020_0056_0066_0066.jpg 1 20 56 66 66
1514_0126_0073_0089_0089.jpg 1 126 73 89 89
1515_0029_0102_0112_0112.jpg 1 29 102 112 112
1516_0449_0096_0109_0109.jpg 1 449 96 109 109
1517_0100_0073_0090_0090.jpg 1 100 73 90 90
1518_0168_0060_0040_0040.jpg 1 168 60 40 40
1519_0165_0017_0089_0089.jpg 1 165 17 89 89
1520_0111_0067_0034_0034.jpg 1 111 67 34 34
1521_0116_0129_0078_0078.jpg 1 116 129 78 78
1522_0120_0178_0093_0093.jpg 1 120 178 93 93
1523_0092_0045_0088_0088.jpg 1 92 45 88 88
1524_0237_0270_0072_0072.jpg 1 237 270 72 72
1525_0353_0312_0049_0049.jpg 1 353 312 49 49
1526_0027_0018_0052_0052.jpg 1 27 18 52 52
1527_0084_0051_0028_0028.jpg 1 84 51 28 28
1528_0095_0068_0094_0094.jpg 1 95 68 94 94
1529_0192_0087_0034_0034.jpg 1 192 87 34 34
1530_0067_0261_0035_0035.jpg 1 67 261 35 35
1531_0170_0109_0042_0042.jpg 1 170 109 42 42
1532_0068_0131_0090_0090.jpg 1 68 131 90 90
1533_0102_0072_0072_0072.jpg 1 102 72 72 72
1534_0020_0090_0089_0089.jpg 1 20 90 89 89
1535_0187_0246_0037_0037.jpg 1 187 246 37 37
1536_0329_0041_0070_0070.jpg 1 329 41 70 70
1537_0240_0138_0033_0033.jpg 1 240 138 33 33
1538_0422_0104_0097_0097.jpg 1 422 104 97 97
1539_0131_0060_0103_0103.jpg 1 131 60 103 103
1540_0487_0383_0034_0034.jpg 1 487 383 34 34
1541_0292_0165_0099_0099.jpg 1 292 165 99 99
1542_0040_0134_0046_0046.jpg 1 40 134 46 46
1543_0460_0244_0037_0037.jpg 1 460 244 37 37
1544_0275_0273_0111_0111.jpg 1 275 273 111 111
1545_0016_0119_0055_0055.jpg 1 16 119 55 55
1546_0045_0054_0111_0111.jpg 1 45 54 111 111
1547_0140_0081_0079_0079.jpg 1 140 81 79 79
1548_0472_0198_0095_0095.jpg 1 472 198 95 95
1549_0094_0161_0030_0030.jpg 1 94 161 30 30
1550_0402_0361_0039_0039.jpg 1 402 361 39 39
1551_0154_0122_0094_0094.jpg 1 154 122 94 94
1552_0219_0077_0066_0066.jpg 1 219 77 66 66
1553_0139_0029_0101_0101.jpg 1 139 29 101 101
1554_0224_0048_0069_0069.jpg 1 224 48 69 69
1555_0301_0134_0056_0056.jpg 1 301 134 56 56
1556_0077_0029_0105_0105.jpg 1 77 29 105 105
1557_0328_0265_0109_0109.jpg 1 328 265 109 109
1558_0087_0072_0103_0103.jpg 1 87 72 103 103
1559_0235_0042_0098_0098.jpg 1 235 42 98 98
1560_0047_0214_0058_0058.jpg 1 47 214 58 58
1561_0165_0149_0024_0024.jpg 1 165 149 24 24
1562_0419_0174_0110_0110.jpg 1 419 174 110 110
1563_0056_0139_0046_0046.jpg 1 56 139 46 46
1564_0438_0132_0025_0025.jpg 1 438 132 25 25
1565_0218_0176_0111_0111.jpg 1 218 176 111 111
1566_0264_0057_0065_0065.jpg 1 264 57 65 65
1567_0295_0449_0064_0064.jpg 1 295 449 64 64
1568_0072_0194_0080_0080.jpg 1 72 194 80 80
1569_0463_0115_0100_0100.jpg 1 463 115 100 100
1570_0178_0048_0110_0110.jpg 1 178 48 110 110
1571_0095_0118_0029_0029.jpg 1 95 118 29 29
1572_0311_0128_0065_0065.jpg 1 311 128 65 65
1573_0140_0046_0034_0034.jpg 1 140 46 34 34
1574_0114_0467_0105_0105.jpg 1 114 467 105 105
1575_0160_0113_0091_0091.jpg 1 160 113 91 91
1576_0436_0039_0108_0108.jpg 1 436 39 108 108
1577_0329_0041_0066_0066.jpg 1 329 41 66 66
1578_0131_0259_0064_0064.jpg 1 131 259 64 64
1579_0141_0054_0112_0112.jpg 1 141 54 112 112
1580_0116_0263_0105_0105.jpg 1 116 263 105 105
1581_0281_0357_0101_0101.jpg 1 281 357 101 101
1582_0128_0170_0035_0035.jpg 1 128 170 35 35
1583_0127_0360_0025_0025.jpg 1 127 360 25 25
1584_0033_0111_0029_0029.jpg 1 33 111 29 29
1585_0139_0093_0067_0067.jpg 1 139 93 67 67
1586_0153_0173_0039_0039.jpg 1 153 173 39 39
1587_0036_0111_0089_0089.jpg 1 36 111 89 89
1588_0067_0119_0107_0107.jpg 1 67 119 107 107
1589_0299_0260_0063_0063.jpg 1 299 260 63 63
1590_0275_0406_0060_0060.jpg 1 275 406 60 60
1591_0347_0076_0108_0108.jpg 1 347 76 108 108
1592_0464_0299_0028_0028.jpg 1 464 299 28 28
1593_0189_0081_0051_0051.jpg 1 189 81 51 51
1594_0200_0072_0049_0049.jpg 1 200 72 49 49
1595_0076_0046_0074_0074.jpg 1 76 46 74 74
1596_0169_0087_0033_0033.jpg 1 169 87 33 33
1597_0054_0287_0082_0082.jpg 1 54 287 82 82
1598_0021_0073_0096_0096.jpg 1 21 73 96 96
1599_0066_0107_0071_0071.jpg 1 66 107 71 71
1600_0185_0191_0066_0066.jpg 1 185 191 66 66
1601_0256_0252_0037_0037.jpg 1 256 252 37 37
1602_0050_0063_0113_0113.jpg 1 50 63 113 113
1603_0070_0086_0095_0095.jpg 1 70 86 95 95
1604_0262_0118_0024_0024.jpg 1 262 118 24 24
1605_0195_0068_0050_0050.jpg 1 195 68 50 50
1606_0189_0314_0026_0026.jpg 1 189 314 26 26
1607_0117_0065_0088_0088.jpg 1 117 65 88 88
1608_0214_0179_0107_0107.jpg 1 214 179 107 107
1609_0229_0267_0070_0070.jpg 1 229 267 70 70
1610_0449_0307_0034_0034.jpg 1 449 307 34 34
1611_0073_0071_0091_0091.jpg 1 73 71 91 91
1612_0207_0113_0074_0074.jpg 1 207 113 74 74
1613_0169_0522_0025_0025.jpg 1 169 522 25 25
1614_0068_0094_0049_0049.jpg 1 68 94 49 49
1615_0086_0058_0036_0036.jpg 1 86 58 36 36
1616_0150_0205_0063_0063.jpg 1 150 205 63 63
1617_0301_0064_0088_0088.jpg 1 301 64 88 88
1618_0279_0086_0090_0090.jpg 1 279 86 90 90
1619_0065_0097_0047_0047.jpg 1 65 97 47 47
1620_0339_0272_0106_0106.jpg 1 339 272 106 106
1621_0027_0085_0074_0074.jpg 1 27 85 74 74
1622_0025_0013_0098_0098.jpg 1 25 13 98 98
1623_0148_0043_0040_0040.jpg 1 148 43 40 40
1624_0045_0156_0051_0051.jpg 1 45 156 51 51
1625_0106_0060_0104_0104.jpg 1 106 60 104 104
1626_0056_0099_0074_0074.jpg 1 56 99 74 74
1627_0185_0237_0046_0046.jpg 1 185 237 46 46
1628_0345_0232_0055_0055.jpg 1 345 232 55 55
1629_0166_0134_0074_0074.jpg 1 166 134 74 74
1630_0061_0080_0107_0107.jpg 1 61 80 107 107
1631_0016_0184_0031_0031.jpg 1 16 184 31 31
1632_0262_0160_0070_0070.jpg 1 262 160 70 70
1633_0078_0128_0054_0054.jpg 1 78 128 54 54
1634_0459_0157_0114_0114.jpg 1 459 157 114 114
1635_0063_0138_0045_0045.jpg 1 63 138 45 45
1636_0228_0197_0104_0104.jpg 1 228 197 104 104
1637_0244_0271_0029_0029.jpg 1 244 271 29 29
1638_0141_0169_0024_0024.jpg 1 141 169 24 24
1639_0180_0029_0076_0076.jpg 1 180 29 76 76
1640_0142_0064_0101_0101.jpg 1 142 64 101 101
1641_0175_0106_0045_0045.jpg 1 175 106 45 45
1642_0019_0064_0105_0105.jpg 1 19 64 105 105
1643_0140_0166_0042_0042.jpg 1 140 166 42 42
1644_0202_0297_0076_0076.jpg 1 202 297 76 76
1645_0383_0230_0029_0029.jpg 1 383 230 29 29
1646_0159_0101_0067_0067.jpg 1 159 101 67 67
1647_0155_0091_0040_0040.jpg 1 155 91 40 40
1648_0359_0257_0115_0115.jpg 1 359 257 115 115
1649_0260_0457_0114_0114.jpg 1 260 457 114 114
1650_0145_0527_0027_0027.jpg 1 145 527 27 27
1651_0294_0122_0044_0044.jpg 1 294 122 44 44
1652_0063_0056_0068_0068.jpg 1 63 56 68 68
1653_0226_0070_0036_0036.jpg 1 226 70 36 36
1654_0029_0052_0103_0103.jpg 1 29 52 103 103
1655_0110_0060_0043_0043.jpg 1 110 60 43 43
1656_0097_0048_0080_0080.jpg 1 97 48 80 80
1657_0331_0325_0063_0063.jpg 1 331 325 63 63
1658_0274_0345_0062_0062.jpg 1 274 345 62 62
1659_0391_0095_0095_0095.jpg 1 391 95 95 95
1660_0054_0076_0083_0083.jpg 1 54 76 83 83
1661_0164_0057_0112_0112.jpg 1 164 57 112 112
1662_0180_0076_0089_0089.jpg 1 180 76 89 89
1663_0423_0107_0083_0083.jpg 1 423 107 83 83
1664_0374_0050_0077_0077.jpg 1 374 50 77 77
1665_0337_0326_0085_0085.jpg 1 337 326 85 85
1666_0089_0080_0108_0108.jpg 1 89 80 108 108
1667_0141_0141_0114_0114.jpg 1 141 141 114 114
1668_0346_0289_0028_0028.jpg 1 346 289 28 28
1669_0243_0295_0056_0056.jpg 1 243 295 56 56
1670_0064_0050_0094_0094.jpg 1 64 50 94 94
1671_0087_0031_0090_0090.jpg 1 87 31 90 90
1672_0201_0179_0032_0032.jpg 1 201 179 32 32
1673_0198_0157_0052_0052.jpg 1 198 157 52 52
1674_0099_0345_0060_0060.jpg 1 99 345 60 60
1675_0073_0018_0079_0079.jpg 1 73 18 79 79
1676_0071_0101_0095_0095.jpg 1 71 101 95 95
1677_0206_0152_0087_0087.jpg 1 206 152 87 87
1678_0111_0384_0024_0024.jpg 1 111 384 24 24
1679_0039_0083_0096_0096.jpg 1 39 83 96 96
1680_0275_0528_0035_0035.jpg 1 275 528 35 35
1681_0057_0119_0055_0055.jpg 1 57 119 55 55
1682_0226_0483_0102_0102.jpg 1 226 483 102 102
1683_0142_0131_0077_0077.jpg 1 142 131 77 77
1684_0096_0174_0077_0077.jpg 1 96 174 77 77
1685_0119_0322_0062_0062.jpg 1 119 322 62 62
1686_0088_0097_0087_0087.jpg 1 88 97 87 87
1687_0149_0016_0089_0089.jpg 1 149 16 89 89
1688_0075_0283_0041_0041.jpg 1 75 283 41 41
1689_0115_0044_0103_0103.jpg 1 115 44 103 103
1690_0118_0064_0089_0089.jpg 1 118 64 89 89
1691_0094_0218_0030_0030.jpg 1 94 218 30 30
1692_0248_0124_0098_0098.jpg 1 248 124 98 98
1693_0199_0476_0047_0047.jpg 1 199 476 47 47
1694_0349_0254_0042_0042.jpg 1 349 254 42 42
1695_0138_0139_0031_0031.jpg 1 138 139 31 31
1696_0037_0109_0062_0062.jpg 1 37 109 62 62
1697_0180_0089_0049_0049.jpg 1 180 89 49 49
1698_0293_0458_0069_0069.jpg 1 293 458 69 69
1699_0236_0050_0099_0099.jpg 1 236 50 99 99
1700_0158_0068_0093_0093.jpg 1 158 68 93 93
1701_0044_0035_0114_0114.jpg 1 44 35 114 114
1702_0060_0152_0025_0025.jpg 1 60 152 25 25
1703_0441_0334_0054_0054.jpg 1 441 334 54 54
1704_0331_0101_0047_0047.jpg 1 331 101 47 47
1705_0058_0063_0087_0087.jpg 1 58 63 87 87
1706_0248_0197_0074_0074.jpg 1 248 197 74 74
1707_0508_0262_0038_0038.jpg 1 508 262 38 38
1708_0155_0096_0051_0051.jpg 1 155 96 51 51
1709_0506_0384_0039_0039.jpg 1 506 384 39 39
1710_0341_0221_0076_0076.jpg 1 341 221 76 76
1711_0027_0029_0095_0095.jpg 1 27 29 95 95
1712_0274_0398_0029_0029.jpg 1 274 398 29 29
1713_0067_0073_0080_0080.jpg 1 67 73 80 80
1714_0395_0065_0043_0043.jpg 1 395 65 43 43
1715_0173_0154_0057_0057.jpg 1 173 154 57 57
1716_0188_0028_0087_0087.jpg 1 188 28 87 87
1717_0079_0097_0031_0031.jpg 1 79 97 31 31
1718_0259_0271_0104_0104.jpg 1 259 271 104 104
1719_0232_0136_0111_0111.jpg 1 232 136 111 111
1720_0055_0098_0105_0105.jpg 1 55 98 105 105
1721_0219_0169_0095_0095.jpg 1 219 169 95 95
1722_0035_0038_0076_0076.jpg 1 35 38 76 76
1723_0208_0396_0101_0101.jpg 1 208 396 101 101
1724_0171_0059_0075_0075.jpg 1 171 59 75 75
1725_0162_0188_0042_0042.jpg 1 162 188 42 42
1726_0111_0161_0043_0043.jpg 1 111 161 43 43
1727_0077_0108_0056_0056.jpg 1 77 108 56 56
1728_0280_0297_0032_0032.jpg 1 280 297 32 32
1729_0404_0333_0064_0064.jpg 1 404 333 64 64
1730_0131_0114_0108_0108.jpg 1 131 114 108 108
1731_0472_0199_0111_0111.jpg 1 472 199 111 111
1732_0401_0216_0024_0024.jpg 1 401 216 24 24
1733_0050_0072_0056_0056.jpg 1 50 72 56 56
1734_0071_0066_0068_0068.jpg 1 71 66 68 68
1735_0367_0204_0088_0088.jpg 1 367 204 88 88
1736_0111_0146_0047_0047.jpg 1 111 146 47 47
1737_0276_0340_0029_0029.jpg 1 276 340 29 29
1738_0088_0142_0051_0051.jpg 1 88 142 51 51
1739_0064_0274_0031_0031.jpg 1 64 274 31 31
1740_0208_0530_0037_0037.jpg 1 208 530 37 37
1741_0355_0049_0039_0039.jpg 1 355 49 39 39
1742_0066_0081_0097_0097.jpg 1 66 81 97 97
1743_0092_0027_0070_0070.jpg 1 92 27 70 70
1744_0468_0181_0093_0093.jpg 1 468 181 93 93
1745_0251_0298_0107_0107.jpg 1 251 298 107 107
1746_0187_0072_0043_0043.jpg 1 187 72 43 43
1747_0195_0054_0058_0058.jpg 1 195 54 58 58
1748_0146_0078_0054_0054.jpg 1 146 78 54 54
1749_0029_0021_0103_0103.jpg 1 29 21 103 103
1750_0181_0138_0080_0080.jpg 1 181 138 80 80
1751_0314_0180_0094_0094.jpg 1 314 180 94 94
1752_0054_0012_0088_0088.jpg 1 54 12 88 88
1753_0076_0089_0097_0097.jpg 1 76 89 97 97
1754_0046_0162_0031_0031.jpg 1 46 162 31 31
1755_0219_0150_0069_0069.jpg 1 219 150 69 69
1756_0190_0300_0067_0067.jpg 1 190 300 67 67
1757_0346_0310_0089_0089.jpg 1 346 310 89 89
1758_0092_0023_0033_0033.jpg 1 92 23 33 33
1759_0095_0291_0070_0070.jpg 1 95 291 70 70
1760_0086_0056_0099_0099.jpg 1 86 56 99 99
1761_0121_0310_0024_0024.jpg 1 121 310 24 24
1762_0089_0095_0090_0090.jpg 1 89 95 90 90
1763_0187_0019_0035_0035.jpg 1 187 19 35 35
1764_0307_0397_0034_0034.jpg 1 307 397 34 34
1765_0326_0321_0043_0043.jpg 1 326 321 43 43
1766_0127_0078_0088_0088.jpg 1 127 78 88 88
1767_0276_0058_0043_0043.jpg 1 276 58 43 43
1768_0173_0020_0106_0106.jpg 1 173 20 106 106
1769_0055_0045_0054_0054.jpg 1 55 45 54 54
1770_0322_0326_0111_0111.jpg 1 322 326 111 111
1771_0107_0475_0070_0070.jpg 1 107 475 70 70
1772_0482_0069_0055_0055.jpg 1 482 69 55 55
1773_0287_0239_0076_0076.jpg 1 287 239 76 76
1774_0083_0034_0050_0050.jpg 1 83 34 50 50
1775_0075_0101_0093_0093.jpg 1 75 101 93 93
1776_0157_0198_0085_0085.jpg 1 157 198 85 85
1777_0054_0143_0069_0069.jpg 1 54 143 69 69
1778_0254_0184_0033_0033.jpg 1 254 184 33 33
1779_0120_0038_0100_0100.jpg 1 120 38 100 100
1780_0171_0195_0055_0055.jpg 1 171 195 55 55
1781_0022_0132_0035_0035.jpg 1 22 132 35 35
1782_0321_0336_0094_0094.jpg 1 321 336 94 94
1783_0044_0093_0115_0115.jpg 1 44 93 115 115
1784_0144_0042_0079_0079.jpg 1 144 42 79 79
1785_0116_0207_0059_0059.jpg 1 116 207 59 59
1786_0018_0099_0083_0083.jpg 1 18 99 83 83
1787_0052_0258_0110_0110.jpg 1 52 258 110 110
1788_0235_0161_0101_0101.jpg 1 235 161 101 101
1789_0418_0304_0087_0087.jpg 1 418 304 87 87
1790_0070_0026_0050_0050.jpg 1 70 26 50 50
1791_0272_0335_0092_0092.jpg 1 272 335 92 92
1792_0212_0026_0066_0066.jpg 1 212 26 66 66
1793_0376_0242_0091_0091.jpg 1 376 242 91 91
1794_0094_0109_0040_0040.jpg 1 94 109 40 40
1795_0372_0317_0079_0079.jpg 1 372 317 79 79
1796_0009_0040_0081_0081.jpg 1 9 40 81 81
1797_0258_0482_0041_0041.jpg 1 258 482 41 41
1798_0066_0229_0085_0085.jpg 1 66 229 85 85
1799_0498_0079_0039_0039.jpg 1 498 79 39 39
1800_0087_0097_0049_0049.jpg 1 87 97 49 49
1801_0178_0166_0043_0043.jpg 1 178 166 43 43
1802_0187_0414_0044_0044.jpg 1 187 414 44 44
1803_0112_0171_0040_0040.jpg 1 112 171 40 40
1804_0128_0068_0103_0103.jpg 1 128 68 103 103
1805_0232_0088_0106_0106.jpg 1 232 88 106 106
1806_0326_0288_0070_0070.jpg 1 326 288 70 70
1807_0045_0038_0073_0073.jpg 1 45 38 73 73
1808_0243_0312_0095_0095.jpg 1 243 312 95 95
1809_0031_0043_0109_0109.jpg 1 31 43 109 109
1810_0226_0101_0067_0067.jpg 1 226 101 67 67
1811_0282_0345_0034_0034.jpg 1 282 345 34 34
1812_0198_0313_0048_0048.jpg 1 198 313 48 48
1813_0086_0058_0073_0073.jpg 1 86 58 73 73
1814_0313_0180_0095_0095.jpg 1 313 180 95 95
1815_0133_0094_0092_0092.jpg 1 133 94 92 92
1816_0062_0035_0096_0096.jpg 1 62 35 96 96
1817_0054_0347_0091_0091.jpg 1 54 347 91 91
1818_0108_0173_0078_0078.jpg 1 108 173 78 78
1819_0519_0322_0050_0050.jpg 1 519 322 50 50
1820_0127_0019_0097_0097.jpg 1 127 19 97 97
1821_0229_0114_0045_0045.jpg 1 229 114 45 45
1822_0120_0180_0102_0102.jpg 1 120 180 102 102
1823_0518_0336_0063_0063.jpg 1 518 336 63 63
1824_0208_0487_0041_0041.jpg 1 208 487 41 41
1825_0076_0095_0082_0082.jpg 1 76 95 82 82
1826_0068_0049_0049_0049.jpg 1 68 49 49 49
1827_0042_0115_0087_0087.jpg 1 42 115 87 87
1828_0125_0020_0058_0058.jpg 1 125 20 58 58
1829_0061_0067_0088_0088.jpg 1 61 67 88 88
1830_0110_0249_0087_0087.jpg 1 110 249 87 87
1831_0207_0214_0079_0079.jpg 1 207 214 79 79
1832_0459_0324_0088_0088.jpg 1 459 324 88 88
1833_0017_0167_0050_0050.jpg 1 17 167 50 50
1834_0058_0068_0101_0101.jpg 1 58 68 101 101
1835_0407_0207_0070_0070.jpg 1 407 207 70 70
1836_0044_0040_0103_0103.jpg 1 44 40 103 103
1837_0109_0336_0073_0073.jpg 1 109 336 73 73
1838_0098_0120_0049_0049.jpg 1 98 120 49 49
1839_0102_0169_0086_0086.jpg 1 102 169 86 86
1840_0343_0073_0055_0055.jpg 1 343 73 55 55
1841_0281_0285_0063_0063.jpg 1 281 285 63 63
1842_0064_0076_0034_0034.jpg 1 64 76 34 34
1843_0510_0046_0068_0068.jpg 1 510 46 68 68
1844_0095_0066_0080_0080.jpg 1 95 66 80 80
1845_0011_0018_0100_0100.jpg 1 11 18 100 100
1846_0162_0066_0085_0085.jpg 1 162 66 85 85
1847_0151_0177_0054_0054.jpg 1 151 177 54 54
1848_0231_0277_0102_0102.jpg 1 231 277 102 102
1849_0096_0069_0057_0057.jpg 1 96 69 57 57
1850_0204_0150_0038_0038.jpg 1 204 150 38 38
1851_0354_0281_0083_0083.jpg 1 354 281 83 83
1852_0305_0035_0088_0088.jpg 1 305 35 88 88
1853_0046_0113_0066_0066.jpg 1 46 113 66 66
1854_0418_0237_0066_0066.jpg 1 418 237 66 66
1855_0387_0231_0030_0030.jpg 1 387 231 30 30
1856_0292_0099_0053_0053.jpg 1 292 99 53 53
1857_0203_0067_0100_0100.jpg 1 203 67 100 100
1858_0049_0055_0087_0087.jpg 1 49 55 87 87
1859_0159_0072_0039_0039.jpg 1 159 72 39 39
1860_0173_0374_0035_0035.jpg 1 173 374 35 35
1861_0117_0056_0062_0062.jpg 1 117 56 62 62
1862_0406_0191_0043_0043.jpg 1 406 191 43 43
1863_0036_0120_0046_0046.jpg 1 36 120 46 46
1864_0110_0066_0093_0093.jpg 1 110 66 93 93
1865_0348_0085_0073_0073.jpg 1 348 85 73 73
1866_0506_0322_0046_0046.jpg 1 506 322 46 46
1867_0402_0189_0113_0113.jpg 1 402 189 113 113
1868_0140_0188_0109_0109.jpg 1 140 188 109 109
1869_0273_0041_0029_0029.jpg 1 273 41 29 29
1870_0124_0104_0089_0089.jpg 1 124 104 89 89
1871_0136_0107_0034_0034.jpg 1 136 107 34 34
1872_0024_0091_0070_0070.jpg 1 24 91 70 70
1873_0188_0310_0046_0046.jpg 1 188 310 46 46
1874_0078_0112_0071_0071.jpg 1 78 112 71 71
1875_0484_0163_0041_0041.jpg 1 484 163 41 41
1876_0180_0018_0054_0054.jpg 1 180 18 54 54
1877_0136_0029_0035_0035.jpg 1 136 29 35 35
1878_0132_0053_0112_0112.jpg 1 132 53 112 112
1879_0084_0319_0103_0103.jpg 1 84 319 103 103
1880_0162_0021_0063_0063.jpg 1 162 21 63 63
1881_0055_0102_0049_0049.jpg 1 55 102 49 49
1882_0522_0153_0025_0025.jpg 1 522 153 25 25
1883_0419_0069_0049_0049.jpg 1 419 69 49 49
1884_0422_0245_0026_0026.jpg 1 422 245 26 26
1885_0078_0068_0063_0063.jpg 1 78 68 63 63
1886_0093_0039_0040_0040.jpg 1 93 39 40 40
1887_0038_0058_0091_0091.jpg 1 38 58 91 91
1888_0041_0070_0107_0107.jpg 1 41 70 107 107
1889_0166_0175_0094_0094.jpg 1 166 175 94 94
1890_0044_0105_0062_0062.jpg 1 44 105 62 62
1891_0063_0024_0075_0075.jpg 1 63 24 75 75
1892_0198_0161_0046_0046.jpg 1 198 161 46 46
1893_0087_0170_0024_0024.jpg 1 87 170 24 24
1894_0239_0282_0075_0075.jpg 1 239 282 75 75
1895_0383_0052_0051_0051.jpg 1 383 52 51 51
1896_0032_0180_0037_0037.jpg 1 32 180 37 37
1897_0105_0025_0095_0095.jpg 1 105 25 95 95
1898_0198_0222_0039_0039.jpg 1 198 222 39 39
1899_0103_0104_0104_0104.jpg 1 103 104 104 104
1900_0247_0303_0099_0099.jpg 1 247 303 99 99
1901_0140_0198_0087_0087.jpg 1 140 198 87 87
1902_0335_0206_0079_0079.jpg 1 335 206 79 79
1903_0325_0176_0108_0108.jpg 1 325 176 108 108
1904_0413_0272_0033_0033.jpg 1 413 272 33 33
1905_0075_0052_0114_0114.jpg 1 75 52 114 114
1906_0438_0202_0110_0110.jpg 1 438 202 110 110
1907_0090_0091_0099_0099.jpg 1 90 91 99 99
1908_0021_0013_0103_0103.jpg 1 21 13 103 103
1909_0286_0340_0072_0072.jpg 1 286 340 72 72
1910_0084_0140_0074_0074.jpg 1 84 140 74 74
1911_0365_0308_0070_0070.jpg 1 365 308 70 70
1912_0018_0020_0082_0082.jpg 1 18 20 82 82
1913_0204_0097_0037_0037.jpg 1 204 97 37 37
1914_0071_0025_0111_0111.jpg 1 71 25 111 111
1915_0079_0161_0051_0051.jpg 1 79 161 51 51
1916_0444_0266_0108_0108.jpg 1 444 266 108 108
1917_0189_0065_0095_0095.jpg 1 189 65 95 95
1918_0151_0194_0069_0069.jpg 1 151 194 69 69
1919_0043_0133_0025_0025.jpg 1 43 133 25 25
1920_0132_0171_0051_0051.jpg 1 132 171 51 51
1921_0376_0370_0066_0066.jpg 1 376 370 66 66
1922_0462_0151_0068_0068.jpg 1 462 151 68 68
1923_0185_0128_0042_0042.jpg 1 185 128 42 42
1924_0228_0136_0041_0041.jpg 1 228 136 41 41
1925_0103_0090_0034_0034.jpg 1 103 90 34 34
1926_0110_0125_0076_0076.jpg 1 110 125 76 76
1927_0197_0033_0086_0086.jpg 1 197 33 86 86
1928_0227_0191_0039_0039.jpg 1 227 191 39 39
1929_0303_0241_0086_0086.jpg 1 303 241 86 86
1930_0124_0523_0051_0051.jpg 1 124 523 51 51
1931_0245_0145_0029_0029.jpg 1 245 145 29 29
1932_0021_0068_0112_0112.jpg 1 21 68 112 112
1933_0169_0125_0038_0038.jpg 1 169 125 38 38
1934_0252_0191_0108_0108.jpg 1 252 191 108 108
1935_0086_0374_0034_0034.jpg 1 86 374 34 34
1936_0276_0255_0074_0074.jpg 1 276 255 74 74
1937_0045_0064_0030_0030.jpg 1 45 64 30 30
1938_0382_0158_0072_0072.jpg 1 382 158 72 72
1939_0265_0103_0090_0090.jpg 1 265 103 90 90
1940_0095_0045_0090_0090.jpg 1 95 45 90 90
1941_0409_0314_0072_0072.jpg 1 409 314 72 72
1942_0046_0083_0093_0093.jpg 1 46 83 93 93
1943_0199_0107_0071_0071.jpg 1 199 107 71 71
1944_0513_0232_0029_0029.jpg 1 513 232 29 29
1945_0105_0121_0099_0099.jpg 1 105 121 99 99
1946_0079_0052_0043_0043.jpg 1 79 52 43 43
1947_0514_0249_0063_0063.jpg 1 514 249 63 63
1948_0028_0088_0103_0103.jpg 1 28 88 103 103
1949_0066_0084_0093_0093.jpg 1 66 84 93 93
1950_0285_0207_0050_0050.jpg 1 285 207 50 50
