0001_0015_0098_0116_0116.jpg 1 15 98 116 116
0002_0151_0159_0033_0033.jpg 1 151 159 33 33
0003_0099_0130_0058_0058.jpg 1 99 130 58 58
0004_0319_0191_0083_0083.jpg 1 319 191 83 83
0005_0201_0032_0077_0077.jpg 1 201 32 77 77
0006_0032_0087_0096_0096.jpg 1 32 87 96 96
0007_0399_0359_0063_0063.jpg 1 399 359 63 63
0008_0098_0045_0084_0084.jpg 1 98 45 84 84
0009_0087_0050_0076_0076.jpg 1 87 50 76 76
0010_0317_0118_0034_0034.jpg 1 317 118 34 34
0011_0334_0052_0088_0088.jpg 1 334 52 88 88
0012_0201_0134_0043_0043.jpg 1 201 134 43 43
0013_0115_0141_0034_0034.jpg 1 115 141 34 34
0014_0021_0024_0092_0092.jpg 1 21 24 92 92
0015_0435_0114_0125_0125.jpg 1 435 114 125 125
0016_0142_0057_0044_0044.jpg 1 142 57 44 44
0017_0507_0185_0055_0055.jpg 1 507 185 55 55
0018_0192_0097_0113_0113.jpg 1 192 97 113 113
0019_0033_0065_0118_0118.jpg 1 33 65 118 118
0020_0028_0154_0041_0041.jpg 1 28 154 41 41
0021_0142_0281_0087_0087.jpg 1 142 281 87 87
0022_0037_0035_0125_0125.jpg 1 37 35 125 125
0023_0396_0160_0088_0088.jpg 1 396 160 88 88
0024_0032_0070_0111_0111.jpg 1 32 70 111 111
0025_0128_0035_0043_0043.jpg 1 128 35 43 43
0026_0062_0072_0081_0081.jpg 1 62 72 81 81
0027_0474_0308_0026_0026.jpg 1 474 308 26 26
0028_0162_0035_0121_0121.jpg 1 162 35 121 121
0029_0184_0415_0096_0096.jpg 1 184 415 96 96
0030_0153_0083_0116_0116.jpg 1 153 83 116 116
0031_0069_0073_0077_0077.jpg 1 69 73 77 77
0032_0377_0048_0034_0034.jpg 1 377 48 34 34
0033_0349_0300_0064_0064.jpg 1 349 300 64 64
0034_0496_0087_0066_0066.jpg 1 496 87 66 66
0035_0208_0327_0064_0064.jpg 1 208 327 64 64
0036_0245_0064_0038_0038.jpg 1 245 64 38 38
0037_0334_0153_0027_0027.jpg 1 334 153 27 27
0038_0100_0076_0097_0097.jpg 1 100 76 97 97
0039_0167_0034_0096_0096.jpg 1 167 34 96 96
0040_0106_0022_0044_0044.jpg 1 106 22 44 44
0041_0158_0164_0051_0051.jpg 1 158 164 51 51
0042_0036_0033_0078_0078.jpg 1 36 33 78 78
0043_0385_0103_0121_0121.jpg 1 385 103 121 121
0044_0184_0285_0067_0067.jpg 1 184 285 67 67
0045_0441_0124_0104_0104.jpg 1 441 124 104 104
0046_0187_0068_0041_0041.jpg 1 187 68 41 41
0047_0404_0249_0033_0033.jpg 1 404 249 33 33
0048_0507_0221_0052_0052.jpg 1 507 221 52 52
0049_0039_0019_0052_0052.jpg 1 39 19 52 52
0050_0237_0286_0089_0089.jpg 1 237 286 89 89
0051_0069_0133_0068_0068.jpg 1 69 133 68 68
0052_0027_0085_0077_0077.jpg 1 27 85 77 77
0053_0403_0230_0041_0041.jpg 1 403 230 41 41
0054_0221_0300_0119_0119.jpg 1 221 300 119 119
0055_0464_0246_0051_0051.jpg 1 464 246 51 51
0056_0206_0509_0052_0052.jpg 1 206 509 52 52
0057_0029_0153_0037_0037.jpg 1 29 153 37 37
0058_0215_0113_0114_0114.jpg 1 215 113 114 114
0059_0194_0383_0025_0025.jpg 1 194 383 25 25
0060_0158_0330_0078_0078.jpg 1 158 330 78 78
0061_0001_0078_0116_0116.jpg 1 1 78 116 116
0062_0214_0111_0031_0031.jpg 1 214 111 31 31
0063_0160_0142_0098_0098.jpg 1 160 142 98 98
0064_0299_0075_0088_0088.jpg 1 299 75 88 88
0065_0211_0253_0081_0081.jpg 1 211 253 81 81
0066_0091_0062_0087_0087.jpg 1 91 62 87 87
0067_0002_0090_0119_0119.jpg 1 2 90 119 119
0068_0281_0188_0038_0038.jpg 1 281 188 38 38
0069_0245_0473_0069_0069.jpg 1 245 473 69 69
0070_0136_0025_0116_0116.jpg 1 136 25 116 116
0071_0092_0076_0051_0051.jpg 1 92 76 51 51
0072_0067_0035_0123_0123.jpg 1 67 35 123 123
0073_0138_0098_0043_0043.jpg 1 138 98 43 43
0074_0104_0154_0048_0048.jpg 1 104 154 48 48
0075_0135_0061_0107_0107.jpg 1 135 61 107 107
0076_0117_0044_0090_0090.jpg 1 117 44 90 90
0077_0187_0087_0106_0106.jpg 1 187 87 106 106
0078_0063_0175_0092_0092.jpg 1 63 175 92 92
0079_0046_0090_0102_0102.jpg 1 46 90 102 102
0080_0184_0021_0055_0055.jpg 1 184 21 55 55
0081_0188_0045_0046_0046.jpg 1 188 45 46 46
0082_0089_0060_0101_0101.jpg 1 89 60 101 101
0083_0261_0390_0041_0041.jpg 1 261 390 41 41
0084_0057_0289_0102_0102.jpg 1 57 289 102 102
0085_0191_0247_0115_0115.jpg 1 191 247 115 115
0086_0160_0127_0062_0062.jpg 1 160 127 62 62
0087_0336_0105_0055_0055.jpg 1 336 105 55 55
0088_0272_0293_0073_0073.jpg 1 272 293 73 73
0089_0304_0165_0124_0124.jpg 1 304 165 124 124
0090_0494_0293_0081_0081.jpg 1 494 293 81 81
0091_0293_0200_0121_0121.jpg 1 293 200 121 121
0092_0320_0536_0031_0031.jpg 1 320 536 31 31
0093_0152_0286_0127_0127.jpg 1 152 286 127 127
0094_0053_0128_0042_0042.jpg 1 53 128 42 42
0095_0053_0062_0086_0086.jpg 1 53 62 86 86
0096_0055_0094_0097_0097.jpg 1 55 94 97 97
0097_0036_0129_0079_0079.jpg 1 36 129 79 79
0098_0084_0062_0069_0069.jpg 1 84 62 69 69
0099_0190_0114_0036_0036.jpg 1 190 114 36 36
0100_0039_0034_0075_0075.jpg 1 39 34 75 75
0101_0030_0058_0114_0114.jpg 1 30 58 114 114
0102_0365_0169_0095_0095.jpg 1 365 169 95 95
0103_0493_0288_0077_0077.jpg 1 493 288 77 77
0104_0516_0200_0032_0032.jpg 1 516 200 32 32
0105_0106_0054_0092_0092.jpg 1 106 54 92 92
0106_0063_0063_0059_0059.jpg 1 63 63 59 59
0107_0472_0097_0050_0050.jpg 1 472 97 50 50
0108_0083_0089_0107_0107.jpg 1 83 89 107 107
0109_0218_0033_0077_0077.jpg 1 218 33 77 77
0110_0159_0236_0096_0096.jpg 1 159 236 96 96
0111_0353_0216_0054_0054.jpg 1 353 216 54 54
0112_0255_0072_0061_0061.jpg 1 255 72 61 61
0113_0485_0136_0084_0084.jpg 1 485 136 84 84
0114_0147_0023_0112_0112.jpg 1 147 23 112 112
0115_0343_0085_0073_0073.jpg 1 343 85 73 73
0116_0357_0210_0091_0091.jpg 1 357 210 91 91
0117_0074_0069_0029_0029.jpg 1 74 69 29 29
0118_0048_0067_0070_0070.jpg 1 48 67 70 70
0119_0121_0066_0029_0029.jpg 1 121 66 29 29
0120_0061_0133_0070_0070.jpg 1 61 133 70 70
0121_0058_0135_0089_0089.jpg 1 58 135 89 89
0122_0358_0208_0105_0105.jpg 1 358 208 105 105
0123_0125_0134_0035_0035.jpg 1 125 134 35 35
0124_0350_0067_0122_0122.jpg 1 350 67 122 122
0125_0414_0072_0062_0062.jpg 1 414 72 62 62
0126_0290_0206_0060_0060.jpg 1 290 206 60 60
0127_0074_0138_0036_0036.jpg 1 74 138 36 36
0128_0153_0068_0056_0056.jpg 1 153 68 56 56
0129_0113_0071_0107_0107.jpg 1 113 71 107 107
0130_0067_0128_0036_0036.jpg 1 67 128 36 36
0131_0074_0117_0072_0072.jpg 1 74 117 72 72
0132_0520_0149_0040_0040.jpg 1 520 149 40 40
0133_0022_0063_0114_0114.jpg 1 22 63 114 114
0134_0468_0177_0068_0068.jpg 1 468 177 68 68
0135_0142_0066_0086_0086.jpg 1 142 66 86 86
0136_0460_0240_0064_0064.jpg 1 460 240 64 64
0137_0086_0362_0043_0043.jpg 1 86 362 43 43
0138_0047_0062_0111_0111.jpg 1 47 62 111 111
0139_0312_0175_0088_0088.jpg 1 312 175 88 88
0140_0067_0086_0112_0112.jpg 1 67 86 112 112
0141_0324_0278_0060_0060.jpg 1 324 278 60 60
0142_0064_0075_0118_0118.jpg 1 64 75 118 118
0143_0102_0235_0052_0052.jpg 1 102 235 52 52
0144_0037_0114_0043_0043.jpg 1 37 114 43 43
0145_0075_0067_0047_0047.jpg 1 75 67 47 47
0146_0227_0181_0114_0114.jpg 1 227 181 114 114
0147_0180_0214_0024_0024.jpg 1 180 214 24 24
0148_0288_0117_0062_0062.jpg 1 288 117 62 62
0149_0110_0221_0112_0112.jpg 1 110 221 112 112
0150_0053_0094_0121_0121.jpg 1 53 94 121 121
0151_0327_0182_0088_0088.jpg 1 327 182 88 88
0152_0160_0270_0043_0043.jpg 1 160 270 43 43
0153_0149_0301_0110_0110.jpg 1 149 301 110 110
0154_0013_0147_0024_0024.jpg 1 13 147 24 24
0155_0279_0136_0053_0053.jpg 1 279 136 53 53
0156_0249_0151_0031_0031.jpg 1 249 151 31 31
0157_0045_0085_0051_0051.jpg 1 45 85 51 51
0158_0100_0067_0100_0100.jpg 1 100 67 100 100
0159_0436_0157_0099_0099.jpg 1 436 157 99 99
0160_0059_0093_0124_0124.jpg 1 59 93 124 124
0161_0410_0125_0100_0100.jpg 1 410 125 100 100
0162_0038_0129_0088_0088.jpg 1 38 129 88 88
0163_0423_0109_0045_0045.jpg 1 423 109 45 45
0164_0238_0085_0068_0068.jpg 1 238 85 68 68
0165_0149_0070_0098_0098.jpg 1 149 70 98 98
0166_0276_0129_0025_0025.jpg 1 276 129 25 25
0167_0202_0273_0080_0080.jpg 1 202 273 80 80
0168_0300_0108_0052_0052.jpg 1 300 108 52 52
0169_0392_0120_0119_0119.jpg 1 392 120 119 119
0170_0073_0386_0024_0024.jpg 1 73 386 24 24
0171_0015_0043_0079_0079.jpg 1 15 43 79 79
0172_0297_0243_0043_0043.jpg 1 297 243 43 43
0173_0057_0090_0040_0040.jpg 1 57 90 40 40
0174_0226_0331_0104_0104.jpg 1 226 331 104 104
0175_0446_0163_0083_0083.jpg 1 446 163 83 83
0176_0094_0161_0053_0053.jpg 1 94 161 53 53
0177_0222_0081_0025_0025.jpg 1 222 81 25 25
0178_0037_0083_0068_0068.jpg 1 37 83 68 68
0179_0193_0110_0095_0095.jpg 1 193 110 95 95
0180_0226_0356_0114_0114.jpg 1 226 356 114 114
0181_0079_0038_0034_0034.jpg 1 79 38 34 34
0182_0177_0058_0119_0119.jpg 1 177 58 119 119
0183_0174_0105_0056_0056.jpg 1 174 105 56 56
0184_0016_0039_0100_0100.jpg 1 16 39 100 100
0185_0500_0221_0081_0081.jpg 1 500 221 81 81
0186_0026_0105_0080_0080.jpg 1 26 105 80 80
0187_0352_0080_0041_0041.jpg 1 352 80 41 41
0188_0191_0035_0080_0080.jpg 1 191 35 80 80
0189_0266_0441_0084_0084.jpg 1 266 441 84 84
0190_0123_0425_0125_0125.jpg 1 123 425 125 125
0191_0061_0241_0035_0035.jpg 1 61 241 35 35
0192_0188_0028_0095_0095.jpg 1 188 28 95 95
0193_0148_0089_0083_0083.jpg 1 148 89 83 83
0194_0142_0093_0030_0030.jpg 1 142 93 30 30
0195_0482_0135_0099_0099.jpg 1 482 135 99 99
0196_0209_0235_0128_0128.jpg 1 209 235 128 128
0197_0128_0084_0041_0041.jpg 1 128 84 41 41
0198_0106_0282_0052_0052.jpg 1 106 282 52 52
0199_0106_0026_0117_0117.jpg 1 106 26 117 117
0200_0131_0024_0057_0057.jpg 1 131 24 57 57
0201_0064_0131_0062_0062.jpg 1 64 131 62 62
0202_0105_0086_0048_0048.jpg 1 105 86 48 48
0203_0085_0081_0120_0120.jpg 1 85 81 120 120
0204_0211_0051_0027_0027.jpg 1 211 51 27 27
0205_0472_0309_0035_0035.jpg 1 472 309 35 35
0206_0028_0160_0038_0038.jpg 1 28 160 38 38
0207_0497_0041_0079_0079.jpg 1 497 41 79 79
0208_0064_0052_0099_0099.jpg 1 64 52 99 99
0209_0058_0109_0065_0065.jpg 1 58 109 65 65
0210_0054_0103_0083_0083.jpg 1 54 103 83 83
0211_0099_0121_0058_0058.jpg 1 99 121 58 58
0212_0086_0218_0112_0112.jpg 1 86 218 112 112
0213_0287_0111_0115_0115.jpg 1 287 111 115 115
0214_0245_0239_0072_0072.jpg 1 245 239 72 72
0215_0141_0122_0057_0057.jpg 1 141 122 57 57
0216_0140_0160_0122_0122.jpg 1 140 160 122 122
0217_0147_0029_0045_0045.jpg 1 147 29 45 45
0218_0037_0063_0077_0077.jpg 1 37 63 77 77
0219_0349_0312_0094_0094.jpg 1 349 312 94 94
0220_0407_0203_0078_0078.jpg 1 407 203 78 78
0221_0072_0208_0114_0114.jpg 1 72 208 114 114
0222_0066_0038_0113_0113.jpg 1 66 38 113 113
0223_0111_0138_0048_0048.jpg 1 111 138 48 48
0224_0203_0111_0028_0028.jpg 1 203 111 28 28
0225_0146_0265_0115_0115.jpg 1 146 265 115 115
0226_0059_0107_0077_0077.jpg 1 59 107 77 77
0227_0076_0085_0062_0062.jpg 1 76 85 62 62
0228_0192_0102_0091_0091.jpg 1 192 102 91 91
0229_0075_0054_0124_0124.jpg 1 75 54 124 124
0230_0078_0137_0089_0089.jpg 1 78 137 89 89
0231_0411_0127_0032_0032.jpg 1 411 127 32 32
0232_0106_0271_0087_0087.jpg 1 106 271 87 87
0233_0279_0294_0112_0112.jpg 1 279 294 112 112
0234_0331_0271_0110_0110.jpg 1 331 271 110 110
0235_0080_0112_0053_0053.jpg 1 80 112 53 53
0236_0093_0141_0072_0072.jpg 1 93 141 72 72
0237_0394_0121_0113_0113.jpg 1 394 121 113 113
0238_0084_0051_0057_0057.jpg 1 84 51 57 57
0239_0204_0241_0080_0080.jpg 1 204 241 80 80
0240_0144_0068_0058_0058.jpg 1 144 68 58 58
0241_0246_0247_0067_0067.jpg 1 246 247 67 67
0242_0127_0060_0071_0071.jpg 1 127 60 71 71
0243_0052_0212_0042_0042.jpg 1 52 212 42 42
0244_0443_0129_0116_0116.jpg 1 443 129 116 116
0245_0464_0076_0050_0050.jpg 1 464 76 50 50
0246_0472_0153_0059_0059.jpg 1 472 153 59 59
0247_0277_0332_0057_0057.jpg 1 277 332 57 57
0248_0047_0180_0026_0026.jpg 1 47 180 26 26
0249_0290_0286_0117_0117.jpg 1 290 286 117 117
0250_0028_0048_0081_0081.jpg 1 28 48 81 81
0251_0283_0061_0090_0090.jpg 1 283 61 90 90
0252_0032_0041_0119_0119.jpg 1 32 41 119 119
0253_0101_0133_0033_0033.jpg 1 101 133 33 33
0254_0348_0290_0038_0038.jpg 1 348 290 38 38
0255_0275_0108_0033_0033.jpg 1 275 108 33 33
0256_0053_0115_0072_0072.jpg 1 53 115 72 72
0257_0133_0020_0116_0116.jpg 1 133 20 116 116
0258_0216_0032_0070_0070.jpg 1 216 32 70 70
0259_0147_0312_0105_0105.jpg 1 147 312 105 105
0260_0238_0290_0096_0096.jpg 1 238 290 96 96
0261_0043_0063_0099_0099.jpg 1 43 63 99 99
0262_0245_0180_0028_0028.jpg 1 245 180 28 28
0263_0081_0080_0111_0111.jpg 1 81 80 111 111
0264_0246_0179_0098_0098.jpg 1 246 179 98 98
0265_0109_0107_0088_0088.jpg 1 109 107 88 88
0266_0100_0089_0086_0086.jpg 1 100 89 86 86
0267_0140_0095_0127_0127.jpg 1 140 95 127 127
0268_0201_0369_0107_0107.jpg 1 201 369 107 107
0269_0261_0263_0109_0109.jpg 1 261 263 109 109
0270_0053_0027_0117_0117.jpg 1 53 27 117 117
0271_0107_0052_0092_0092.jpg 1 107 52 92 92
0272_0430_0062_0095_0095.jpg 1 430 62 95 95
0273_0102_0078_0128_0128.jpg 1 102 78 128 128
0274_0061_0158_0061_0061.jpg 1 61 158 61 61
0275_0265_0137_0078_0078.jpg 1 265 137 78 78
0276_0114_0258_0067_0067.jpg 1 114 258 67 67
0277_0064_0142_0056_0056.jpg 1 64 142 56 56
0278_0029_0025_0121_0121.jpg 1 29 25 121 121
0279_0067_0301_0086_0086.jpg 1 67 301 86 86
0280_0015_0038_0097_0097.jpg 1 15 38 97 97
0281_0247_0267_0034_0034.jpg 1 247 267 34 34
0282_0158_0091_0097_0097.jpg 1 158 91 97 97
0283_0033_0029_0096_0096.jpg 1 33 29 96 96
0284_0495_0323_0044_0044.jpg 1 495 323 44 44
0285_0107_0125_0038_0038.jpg 1 107 125 38 38
0286_0097_0063_0087_0087.jpg 1 97 63 87 87
0287_0025_0054_0129_0129.jpg 1 25 54 129 129
0288_0429_0229_0035_0035.jpg 1 429 229 35 35
0289_0117_0200_0128_0128.jpg 1 117 200 128 128
0290_0213_0128_0129_0129.jpg 1 213 128 129 129
0291_0302_0188_0037_0037.jpg 1 302 188 37 37
0292_0138_0291_0114_0114.jpg 1 138 291 114 114
0293_0057_0103_0069_0069.jpg 1 57 103 69 69
0294_0103_0329_0088_0088.jpg 1 103 329 88 88
0295_0025_0107_0090_0090.jpg 1 25 107 90 90
0296_0066_0054_0120_0120.jpg 1 66 54 120 120
0297_0144_0168_0041_0041.jpg 1 144 168 41 41
0298_0365_0121_0087_0087.jpg 1 365 121 87 87
0299_0288_0142_0042_0042.jpg 1 288 142 42 42
0300_0336_0183_0038_0038.jpg 1 336 183 38 38
0301_0405_0090_0109_0109.jpg 1 405 90 109 109
0302_0066_0059_0029_0029.jpg 1 66 59 29 29
0303_0176_0158_0039_0039.jpg 1 176 158 39 39
0304_0341_0281_0049_0049.jpg 1 341 281 49 49
0305_0438_0107_0061_0061.jpg 1 438 107 61 61
0306_0095_0054_0108_0108.jpg 1 95 54 108 108
0307_0057_0088_0090_0090.jpg 1 57 88 90 90
0308_0292_0212_0066_0066.jpg 1 292 212 66 66
0309_0021_0070_0126_0126.jpg 1 21 70 126 126
0310_0103_0103_0114_0114.jpg 1 103 103 114 114
0311_0099_0028_0120_0120.jpg 1 99 28 120 120
0312_0120_0127_0029_0029.jpg 1 120 127 29 29
0313_0134_0208_0114_0114.jpg 1 134 208 114 114
0314_0271_0084_0077_0077.jpg 1 271 84 77 77
0315_0028_0120_0095_0095.jpg 1 28 120 95 95
0316_0330_0246_0026_0026.jpg 1 330 246 26 26
0317_0120_0067_0097_0097.jpg 1 120 67 97 97
0318_0197_0281_0129_0129.jpg 1 197 281 129 129
0319_0317_0047_0056_0056.jpg 1 317 47 56 56
0320_0177_0195_0081_0081.jpg 1 177 195 81 81
0321_0025_0120_0095_0095.jpg 1 25 120 95 95
0322_0097_0096_0114_0114.jpg 1 97 96 114 114
0323_0195_0222_0071_0071.jpg 1 195 222 71 71
0324_0136_0141_0113_0113.jpg 1 136 141 113 113
0325_0370_0197_0059_0059.jpg 1 370 197 59 59
0326_0082_0332_0071_0071.jpg 1 82 332 71 71
0327_0145_0102_0113_0113.jpg 1 145 102 113 113
0328_0237_0181_0034_0034.jpg 1 237 181 34 34
0329_0512_0154_0063_0063.jpg 1 512 154 63 63
0330_0059_0171_0125_0125.jpg 1 59 171 125 125
0331_0081_0048_0089_0089.jpg 1 81 48 89 89
0332_0086_0123_0037_0037.jpg 1 86 123 37 37
0333_0107_0389_0047_0047.jpg 1 107 389 47 47
0334_0187_0074_0091_0091.jpg 1 187 74 91 91
0335_0146_0115_0026_0026.jpg 1 146 115 26 26
0336_0055_0113_0044_0044.jpg 1 55 113 44 44
0337_0198_0434_0107_0107.jpg 1 198 434 107 107
0338_0150_0082_0076_0076.jpg 1 150 82 76 76
0339_0077_0288_0045_0045.jpg 1 77 288 45 45
0340_0191_0100_0041_0041.jpg 1 191 100 41 41
0341_0349_0425_0042_0042.jpg 1 349 425 42 42
0342_0393_0334_0066_0066.jpg 1 393 334 66 66
0343_0340_0342_0034_0034.jpg 1 340 342 34 34
0344_0024_0128_0076_0076.jpg 1 24 128 76 76
0345_0040_0137_0027_0027.jpg 1 40 137 27 27
0346_0059_0063_0040_0040.jpg 1 59 63 40 40
0347_0147_0211_0080_0080.jpg 1 147 211 80 80
0348_0106_0139_0122_0122.jpg 1 106 139 122 122
0349_0279_0108_0102_0102.jpg 1 279 108 102 102
0350_0400_0061_0043_0043.jpg 1 400 61 43 43
0351_0115_0013_0107_0107.jpg 1 115 13 107 107
0352_0134_0052_0060_0060.jpg 1 134 52 60 60
0353_0168_0049_0049_0049.jpg 1 168 49 49 49
0354_0172_0230_0036_0036.jpg 1 172 230 36 36
0355_0060_0125_0049_0049.jpg 1 60 125 49 49
0356_0362_0184_0060_0060.jpg 1 362 184 60 60
0357_0100_0218_0065_0065.jpg 1 100 218 65 65
0358_0063_0316_0070_0070.jpg 1 63 316 70 70
0359_0191_0111_0095_0095.jpg 1 191 111 95 95
0360_0083_0044_0084_0084.jpg 1 83 44 84 84
0361_0410_0302_0109_0109.jpg 1 410 302 109 109
0362_0235_0165_0040_0040.jpg 1 235 165 40 40
0363_0054_0088_0124_0124.jpg 1 54 88 124 124
0364_0100_0046_0109_0109.jpg 1 100 46 109 109
0365_0129_0021_0103_0103.jpg 1 129 21 103 103
0366_0430_0108_0118_0118.jpg 1 430 108 118 118
0367_0131_0088_0039_0039.jpg 1 131 88 39 39
0368_0057_0128_0086_0086.jpg 1 57 128 86 86
0369_0106_0106_0068_0068.jpg 1 106 106 68 68
0370_0080_0066_0043_0043.jpg 1 80 66 43 43
0371_0080_0220_0100_0100.jpg 1 80 220 100 100
0372_0051_0195_0025_0025.jpg 1 51 195 25 25
0373_0401_0176_0050_0050.jpg 1 401 176 50 50
0374_0066_0059_0099_0099.jpg 1 66 59 99 99
0375_0035_0053_0066_0066.jpg 1 35 53 66 66
0376_0201_0062_0064_0064.jpg 1 201 62 64 64
0377_0213_0304_0048_0048.jpg 1 213 304 48 48
0378_0072_0038_0121_0121.jpg 1 72 38 121 121
0379_0312_0206_0123_0123.jpg 1 312 206 123 123
0380_0284_0225_0104_0104.jpg 1 284 225 104 104
0381_0177_0097_0112_0112.jpg 1 177 97 112 112
0382_0058_0140_0122_0122.jpg 1 58 140 122 122
0383_0173_0049_0040_0040.jpg 1 173 49 40 40
0384_0324_0056_0024_0024.jpg 1 324 56 24 24
0385_0319_0312_0088_0088.jpg 1 319 312 88 88
0386_0062_0126_0076_0076.jpg 1 62 126 76 76
0387_0208_0197_0118_0118.jpg 1 208 197 118 118
0388_0406_0076_0103_0103.jpg 1 406 76 103 103
0389_0082_0056_0091_0091.jpg 1 82 56 91 91
0390_0206_0186_0067_0067.jpg 1 206 186 67 67
0391_0224_0100_0060_0060.jpg 1 224 100 60 60
0392_0164_0075_0115_0115.jpg 1 164 75 115 115
0393_0046_0026_0053_0053.jpg 1 46 26 53 53
0394_0058_0045_0125_0125.jpg 1 58 45 125 125
0395_0422_0165_0125_0125.jpg 1 422 165 125 125
0396_0179_0088_0106_0106.jpg 1 179 88 106 106
0397_0399_0239_0061_0061.jpg 1 399 239 61 61
0398_0153_0085_0059_0059.jpg 1 153 85 59 59
0399_0320_0182_0062_0062.jpg 1 320 182 62 62
0400_0139_0214_0122_0122.jpg 1 139 214 122 122
0401_0172_0095_0069_0069.jpg 1 172 95 69 69
0402_0251_0092_0078_0078.jpg 1 251 92 78 78
0403_0414_0372_0049_0049.jpg 1 414 372 49 49
0404_0111_0038_0125_0125.jpg 1 111 38 125 125
0405_0191_0093_0093_0093.jpg 1 191 93 93 93
0406_0147_0102_0026_0026.jpg 1 147 102 26 26
0407_0172_0381_0046_0046.jpg 1 172 381 46 46
0408_0250_0334_0085_0085.jpg 1 250 334 85 85
0409_0079_0018_0114_0114.jpg 1 79 18 114 114
0410_0162_0264_0050_0050.jpg 1 162 264 50 50
0411_0195_0082_0085_0085.jpg 1 195 82 85 85
0412_0290_0081_0059_0059.jpg 1 290 81 59 59
0413_0047_0072_0123_0123.jpg 1 47 72 123 123
0414_0325_0069_0038_0038.jpg 1 325 69 38 38
0415_0024_0062_0096_0096.jpg 1 24 62 96 96
0416_0224_0047_0028_0028.jpg 1 224 47 28 28
0417_0279_0151_0121_0121.jpg 1 279 151 121 121
0418_0028_0075_0107_0107.jpg 1 28 75 107 107
0419_0394_0043_0099_0099.jpg 1 394 43 99 99
0420_0071_0034_0028_0028.jpg 1 71 34 28 28
0421_0137_0257_0043_0043.jpg 1 137 257 43 43
0422_0054_0038_0026_0026.jpg 1 54 38 26 26
0423_0215_0122_0028_0028.jpg 1 215 122 28 28
0424_0024_0087_0125_0125.jpg 1 24 87 125 125
0425_0145_0164_0044_0044.jpg 1 145 164 44 44
0426_0137_0069_0077_0077.jpg 1 137 69 77 77
0427_0111_0044_0122_0122.jpg 1 111 44 122 122
0428_0185_0065_0047_0047.jpg 1 185 65 47 47
0429_0291_0287_0077_0077.jpg 1 291 287 77 77
0430_0106_0126_0042_0042.jpg 1 106 126 42 42
0431_0092_0329_0079_0079.jpg 1 92 329 79 79
0432_0064_0082_0090_0090.jpg 1 64 82 90 90
0433_0096_0276_0075_0075.jpg 1 96 276 75 75
0434_0038_0065_0079_0079.jpg 1 38 65 79 79
0435_0025_0079_0089_0089.jpg 1 25 79 89 89
0436_0092_0106_0054_0054.jpg 1 92 106 54 54
0437_0130_0365_0062_0062.jpg 1 130 365 62 62
0438_0089_0132_0056_0056.jpg 1 89 132 56 56
0439_0200_0179_0036_0036.jpg 1 200 179 36 36
0440_0038_0058_0101_0101.jpg 1 38 58 101 101
0441_0133_0154_0126_0126.jpg 1 133 154 126 126
0442_0191_0132_0111_0111.jpg 1 191 132 111 111
0443_0036_0181_0031_0031.jpg 1 36 181 31 31
0444_0313_0412_0049_0049.jpg 1 313 412 49 49
0445_0163_0086_0042_0042.jpg 1 163 86 42 42
0446_0260_0225_0120_0120.jpg 1 260 225 120 120
0447_0231_0048_0116_0116.jpg 1 231 48 116 116
0448_0437_0104_0118_0118.jpg 1 437 104 118 118
0449_0342_0150_0055_0055.jpg 1 342 150 55 55
0450_0433_0102_0083_0083.jpg 1 433 102 83 83
0451_0179_0107_0076_0076.jpg 1 179 107 76 76
0452_0054_0255_0109_0109.jpg 1 54 255 109 109
0453_0203_0039_0065_0065.jpg 1 203 39 65 65
0454_0062_0304_0041_0041.jpg 1 62 304 41 41
0455_0183_0158_0092_0092.jpg 1 183 158 92 92
0456_0264_0234_0068_0068.jpg 1 264 234 68 68
0457_0144_0163_0031_0031.jpg 1 144 163 31 31
0458_0125_0103_0048_0048.jpg 1 125 103 48 48
0459_0105_0285_0102_0102.jpg 1 105 285 102 102
0460_0233_0105_0126_0126.jpg 1 233 105 126 126
0461_0400_0147_0053_0053.jpg 1 400 147 53 53
0462_0256_0391_0041_0041.jpg 1 256 391 41 41
0463_0179_0322_0048_0048.jpg 1 179 322 48 48
0464_0370_0377_0055_0055.jpg 1 370 377 55 55
0465_0049_0117_0048_0048.jpg 1 49 117 48 48
0466_0454_0104_0108_0108.jpg 1 454 104 108 108
0467_0453_0255_0077_0077.jpg 1 453 255 77 77
0468_0135_0087_0084_0084.jpg 1 135 87 84 84
0469_0153_0305_0125_0125.jpg 1 153 305 125 125
0470_0360_0248_0050_0050.jpg 1 360 248 50 50
0471_0199_0233_0128_0128.jpg 1 199 233 128 128
0472_0390_0190_0062_0062.jpg 1 390 190 62 62
0473_0041_0043_0127_0127.jpg 1 41 43 127 127
0474_0120_0074_0101_0101.jpg 1 120 74 101 101
0475_0190_0367_0064_0064.jpg 1 190 367 64 64
0476_0509_0126_0042_0042.jpg 1 509 126 42 42
0477_0179_0055_0049_0049.jpg 1 179 55 49 49
0478_0145_0147_0057_0057.jpg 1 145 147 57 57
0479_0201_0444_0093_0093.jpg 1 201 444 93 93
0480_0153_0050_0091_0091.jpg 1 153 50 91 91
0481_0087_0125_0033_0033.jpg 1 87 125 33 33
0482_0506_0072_0026_0026.jpg 1 506 72 26 26
0483_0346_0083_0082_0082.jpg 1 346 83 82 82
0484_0072_0140_0057_0057.jpg 1 72 140 57 57
0485_0533_0120_0026_0026.jpg 1 533 120 26 26
0486_0153_0031_0049_0049.jpg 1 153 31 49 49
0487_0247_0132_0042_0042.jpg 1 247 132 42 42
0488_0452_0090_0097_0097.jpg 1 452 90 97 97
0489_0332_0320_0070_0070.jpg 1 332 320 70 70
0490_0035_0145_0062_0062.jpg 1 35 145 62 62
0491_0036_0038_0087_0087.jpg 1 36 38 87 87
0492_0117_0089_0076_0076.jpg 1 117 89 76 76
0493_0111_0225_0120_0120.jpg 1 111 225 120 120
0494_0043_0074_0045_0045.jpg 1 43 74 45 45
0495_0084_0075_0075_0075.jpg 1 84 75 75 75
0496_0066_0047_0123_0123.jpg 1 66 47 123 123
0497_0073_0015_0127_0127.jpg 1 73 15 127 127
0498_0129_0073_0028_0028.jpg 1 129 73 28 28
0499_0508_0163_0064_0064.jpg 1 508 163 64 64
0500_0083_0075_0111_0111.jpg 1 83 75 111 111
0501_0176_0039_0040_0040.jpg 1 176 39 40 40
0502_0074_0287_0109_0109.jpg 1 74 287 109 109
0503_0172_0540_0034_0034.jpg 1 172 540 34 34
0504_0438_0358_0032_0032.jpg 1 438 358 32 32
0505_0235_0325_0111_0111.jpg 1 235 325 111 111
0506_0096_0041_0116_0116.jpg 1 96 41 116 116
0507_0186_0297_0064_0064.jpg 1 186 297 64 64
0508_0255_0209_0025_0025.jpg 1 255 209 25 25
0509_0181_0250_0035_0035.jpg 1 181 250 35 35
0510_0468_0305_0069_0069.jpg 1 468 305 69 69
0511_0479_0094_0088_0088.jpg 1 479 94 88 88
0512_0073_0157_0026_0026.jpg 1 73 157 26 26
0513_0323_0426_0118_0118.jpg 1 323 426 118 118
0514_0262_0046_0085_0085.jpg 1 262 46 85 85
0515_0333_0300_0093_0093.jpg 1 333 300 93 93
0516_0169_0168_0083_0083.jpg 1 169 168 83 83
0517_0133_0066_0128_0128.jpg 1 133 66 128 128
0518_0030_0097_0047_0047.jpg 1 30 97 47 47
0519_0305_0374_0060_0060.jpg 1 305 374 60 60
0520_0125_0397_0122_0122.jpg 1 125 397 122 122
0521_0059_0127_0031_0031.jpg 1 59 127 31 31
0522_0342_0277_0047_0047.jpg 1 342 277 47 47
0523_0223_0162_0082_0082.jpg 1 223 162 82 82
0524_0413_0260_0101_0101.jpg 1 413 260 101 101
0525_0264_0089_0117_0117.jpg 1 264 89 117 117
0526_0176_0010_0121_0121.jpg 1 176 10 121 121
0527_0147_0112_0054_0054.jpg 1 147 112 54 54
0528_0283_0083_0117_0117.jpg 1 283 83 117 117
0529_0112_0149_0059_0059.jpg 1 112 149 59 59
0530_0351_0139_0046_0046.jpg 1 351 139 46 46
0531_0130_0079_0034_0034.jpg 1 130 79 34 34
0532_0277_0294_0102_0102.jpg 1 277 294 102 102
0533_0072_0024_0060_0060.jpg 1 72 24 60 60
0534_0170_0117_0061_0061.jpg 1 170 117 61 61
0535_0263_0459_0108_0108.jpg 1 263 459 108 108
0536_0277_0356_0024_0024.jpg 1 277 356 24 24
0537_0109_0131_0113_0113.jpg 1 109 131 113 113
0538_0089_0105_0057_0057.jpg 1 89 105 57 57
0539_0540_0227_0039_0039.jpg 1 540 227 39 39
0540_0093_0092_0060_0060.jpg 1 93 92 60 60
0541_0203_0076_0077_0077.jpg 1 203 76 77 77
0542_0097_0156_0060_0060.jpg 1 97 156 60 60
0543_0480_0212_0034_0034.jpg 1 480 212 34 34
0544_0514_0052_0044_0044.jpg 1 514 52 44 44
0545_0027_0066_0119_0119.jpg 1 27 66 119 119
0546_0331_0234_0120_0120.jpg 1 331 234 120 120
0547_0144_0066_0091_0091.jpg 1 144 66 91 91
0548_0396_0132_0075_0075.jpg 1 396 132 75 75
0549_0057_0014_0102_0102.jpg 1 57 14 102 102
0550_0254_0173_0070_0070.jpg 1 254 173 70 70
0551_0080_0039_0091_0091.jpg 1 80 39 91 91
0552_0420_0144_0064_0064.jpg 1 420 144 64 64
0553_0178_0117_0062_0062.jpg 1 178 117 62 62
0554_0146_0061_0086_0086.jpg 1 146 61 86 86
0555_0049_0104_0123_0123.jpg 1 49 104 123 123
0556_0174_0049_0110_0110.jpg 1 174 49 110 110
0557_0039_0424_0071_0071.jpg 1 39 424 71 71
0558_0088_0120_0069_0069.jpg 1 88 120 69 69
0559_0078_0080_0113_0113.jpg 1 78 80 113 113
0560_0095_0275_0032_0032.jpg 1 95 275 32 32
0561_0377_0320_0048_0048.jpg 1 377 320 48 48
0562_0035_0092_0115_0115.jpg 1 35 92 115 115
0563_0162_0275_0103_0103.jpg 1 162 275 103 103
0564_0421_0069_0041_0041.jpg 1 421 69 41 41
0565_0089_0117_0098_0098.jpg 1 89 117 98 98
0566_0301_0074_0109_0109.jpg 1 301 74 109 109
0567_0026_0033_0123_0123.jpg 1 26 33 123 123
0568_0093_0118_0058_0058.jpg 1 93 118 58 58
0569_0049_0093_0054_0054.jpg 1 49 93 54 54
0570_0385_0117_0119_0119.jpg 1 385 117 119 119
0571_0055_0045_0113_0113.jpg 1 55 45 113 113
0572_0422_0145_0128_0128.jpg 1 422 145 128 128
0573_0063_0080_0075_0075.jpg 1 63 80 75 75
0574_0134_0061_0040_0040.jpg 1 134 61 40 40
0575_0473_0075_0041_0041.jpg 1 473 75 41 41
0576_0096_0025_0037_0037.jpg 1 96 25 37 37
0577_0059_0172_0028_0028.jpg 1 59 172 28 28
0578_0420_0080_0048_0048.jpg 1 420 80 48 48
0579_0276_0196_0066_0066.jpg 1 276 196 66 66
0580_0147_0123_0072_0072.jpg 1 147 123 72 72
0581_0117_0249_0056_0056.jpg 1 117 249 56 56
0582_0026_0082_0093_0093.jpg 1 26 82 93 93
0583_0126_0043_0061_0061.jpg 1 126 43 61 61
0584_0153_0189_0024_0024.jpg 1 153 189 24 24
0585_0181_0075_0109_0109.jpg 1 181 75 109 109
0586_0251_0109_0030_0030.jpg 1 251 109 30 30
0587_0129_0043_0095_0095.jpg 1 129 43 95 95
0588_0053_0105_0035_0035.jpg 1 53 105 35 35
0589_0452_0049_0033_0033.jpg 1 452 49 33 33
0590_0113_0082_0075_0075.jpg 1 113 82 75 75
0591_0007_0134_0065_0065.jpg 1 7 134 65 65
0592_0227_0120_0055_0055.jpg 1 227 120 55 55
0593_0523_0232_0033_0033.jpg 1 523 232 33 33
0594_0431_0294_0126_0126.jpg 1 431 294 126 126
0595_0052_0150_0036_0036.jpg 1 52 150 36 36
0596_0042_0036_0128_0128.jpg 1 42 36 128 128
0597_0289_0070_0105_0105.jpg 1 289 70 105 105
0598_0049_0272_0107_0107.jpg 1 49 272 107 107
0599_0117_0052_0037_0037.jpg 1 117 52 37 37
0600_0219_0071_0037_0037.jpg 1 219 71 37 37
0601_0245_0239_0078_0078.jpg 1 245 239 78 78
0602_0258_0236_0061_0061.jpg 1 258 236 61 61
0603_0373_0275_0118_0118.jpg 1 373 275 118 118
0604_0050_0066_0112_0112.jpg 1 50 66 112 112
0605_0038_0098_0086_0086.jpg 1 38 98 86 86
0606_0424_0208_0038_0038.jpg 1 424 208 38 38
0607_0247_0293_0108_0108.jpg 1 247 293 108 108
0608_0221_0143_0104_0104.jpg 1 221 143 104 104
0609_0066_0025_0048_0048.jpg 1 66 25 48 48
0610_0357_0236_0116_0116.jpg 1 357 236 116 116
0611_0200_0166_0042_0042.jpg 1 200 166 42 42
0612_0200_0109_0080_0080.jpg 1 200 109 80 80
0613_0411_0213_0116_0116.jpg 1 411 213 116 116
0614_0011_0071_0118_0118.jpg 1 11 71 118 118
0615_0405_0341_0026_0026.jpg 1 405 341 26 26
0616_0271_0324_0064_0064.jpg 1 271 324 64 64
0617_0077_0244_0046_0046.jpg 1 77 244 46 46
0618_0168_0281_0122_0122.jpg 1 168 281 122 122
0619_0449_0057_0059_0059.jpg 1 449 57 59 59
0620_0060_0082_0038_0038.jpg 1 60 82 38 38
0621_0200_0219_0037_0037.jpg 1 200 219 37 37
0622_0329_0154_0056_0056.jpg 1 329 154 56 56
0623_0111_0144_0024_0024.jpg 1 111 144 24 24
0624_0035_0065_0038_0038.jpg 1 35 65 38 38
0625_0220_0258_0087_0087.jpg 1 220 258 87 87
0626_0016_0078_0128_0128.jpg 1 16 78 128 128
0627_0104_0082_0076_0076.jpg 1 104 82 76 76
0628_0129_0098_0083_0083.jpg 1 129 98 83 83
0629_0056_0078_0104_0104.jpg 1 56 78 104 104
0630_0446_0223_0110_0110.jpg 1 446 223 110 110
0631_0064_0162_0113_0113.jpg 1 64 162 113 113
0632_0014_0090_0054_0054.jpg 1 14 90 54 54
0633_0109_0101_0071_0071.jpg 1 109 101 71 71
0634_0011_0021_0047_0047.jpg 1 11 21 47 47
0635_0126_0200_0088_0088.jpg 1 126 200 88 88
0636_0051_0055_0097_0097.jpg 1 51 55 97 97
0637_0486_0275_0042_0042.jpg 1 486 275 42 42
0638_0015_0034_0095_0095.jpg 1 15 34 95 95
0639_0071_0392_0042_0042.jpg 1 71 392 42 42
0640_0053_0042_0095_0095.jpg 1 53 42 95 95
0641_0058_0065_0064_0064.jpg 1 58 65 64 64
0642_0121_0035_0109_0109.jpg 1 121 35 109 109
0643_0221_0159_0114_0114.jpg 1 221 159 114 114
0644_0082_0059_0085_0085.jpg 1 82 59 85 85
0645_0158_0070_0034_0034.jpg 1 158 70 34 34
0646_0021_0024_0035_0035.jpg 1 21 24 35 35
0647_0277_0144_0095_0095.jpg 1 277 144 95 95
0648_0090_0031_0050_0050.jpg 1 90 31 50 50
0649_0066_0048_0046_0046.jpg 1 66 48 46 46
0650_0162_0191_0105_0105.jpg 1 162 191 105 105
0651_0251_0046_0024_0024.jpg 1 251 46 24 24
0652_0056_0507_0074_0074.jpg 1 56 507 74 74
0653_0054_0076_0127_0127.jpg 1 54 76 127 127
0654_0226_0091_0032_0032.jpg 1 226 91 32 32
0655_0048_0075_0107_0107.jpg 1 48 75 107 107
0656_0264_0286_0095_0095.jpg 1 264 286 95 95
0657_0465_0168_0070_0070.jpg 1 465 168 70 70
0658_0193_0050_0119_0119.jpg 1 193 50 119 119
0659_0400_0053_0127_0127.jpg 1 400 53 127 127
0660_0057_0045_0106_0106.jpg 1 57 45 106 106
0661_0290_0254_0033_0033.jpg 1 290 254 33 33
0662_0083_0193_0114_0114.jpg 1 83 193 114 114
0663_0030_0065_0099_0099.jpg 1 30 65 99 99
0664_0074_0256_0113_0113.jpg 1 74 256 113 113
0665_0037_0047_0126_0126.jpg 1 37 47 126 126
0666_0237_0306_0033_0033.jpg 1 237 306 33 33
0667_0160_0076_0039_0039.jpg 1 160 76 39 39
0668_0248_0282_0087_0087.jpg 1 248 282 87 87
0669_0130_0107_0075_0075.jpg 1 130 107 75 75
0670_0106_0144_0070_0070.jpg 1 106 144 70 70
0671_0131_0099_0095_0095.jpg 1 131 99 95 95
0672_0203_0068_0048_0048.jpg 1 203 68 48 48
0673_0165_0126_0085_0085.jpg 1 165 126 85 85
0674_0227_0063_0040_0040.jpg 1 227 63 40 40
0675_0220_0133_0067_0067.jpg 1 220 133 67 67
0676_0297_0363_0048_0048.jpg 1 297 363 48 48
0677_0225_0262_0104_0104.jpg 1 225 262 104 104
0678_0102_0109_0101_0101.jpg 1 102 109 101 101
0679_0337_0513_0040_0040.jpg 1 337 513 40 40
0680_0220_0185_0115_0115.jpg 1 220 185 115 115
0681_0040_0121_0046_0046.jpg 1 40 121 46 46
0682_0342_0280_0116_0116.jpg 1 342 280 116 116
0683_0136_0099_0066_0066.jpg 1 136 99 66 66
0684_0139_0080_0120_0120.jpg 1 139 80 120 120
0685_0095_0060_0112_0112.jpg 1 95 60 112 112
0686_0042_0028_0092_0092.jpg 1 42 28 92 92
0687_0258_0354_0069_0069.jpg 1 258 354 69 69
0688_0172_0189_0123_0123.jpg 1 172 189 123 123
0689_0134_0166_0083_0083.jpg 1 134 166 83 83
0690_0456_0312_0098_0098.jpg 1 456 312 98 98
0691_0192_0106_0035_0035.jpg 1 192 106 35 35
0692_0039_0097_0070_0070.jpg 1 39 97 70 70
0693_0012_0145_0071_0071.jpg 1 12 145 71 71
0694_0088_0102_0124_0124.jpg 1 88 102 124 124
0695_0042_0107_0106_0106.jpg 1 42 107 106 106
0696_0255_0326_0084_0084.jpg 1 255 326 84 84
0697_0476_0151_0065_0065.jpg 1 476 151 65 65
0698_0278_0293_0069_0069.jpg 1 278 293 69 69
0699_0163_0112_0085_0085.jpg 1 163 112 85 85
0700_0121_0145_0070_0070.jpg 1 121 145 70 70
0701_0403_0224_0128_0128.jpg 1 403 224 128 128
0702_0344_0324_0050_0050.jpg 1 344 324 50 50
0703_0283_0251_0112_0112.jpg 1 283 251 112 112
0704_0374_0212_0029_0029.jpg 1 374 212 29 29
0705_0230_0189_0027_0027.jpg 1 230 189 27 27
0706_0039_0084_0055_0055.jpg 1 39 84 55 55
0707_0073_0023_0116_0116.jpg 1 73 23 116 116
0708_0118_0166_0053_0053.jpg 1 118 166 53 53
0709_0131_0139_0032_0032.jpg 1 131 139 32 32
0710_0250_0371_0053_0053.jpg 1 250 371 53 53
0711_0029_0023_0099_0099.jpg 1 29 23 99 99
0712_0343_0178_0099_0099.jpg 1 343 178 99 99
0713_0072_0078_0069_0069.jpg 1 72 78 69 69
0714_0211_0387_0120_0120.jpg 1 211 387 120 120
0715_0018_0059_0113_0113.jpg 1 18 59 113 113
0716_0115_0072_0090_0090.jpg 1 115 72 90 90
0717_0041_0085_0100_0100.jpg 1 41 85 100 100
0718_0047_0351_0032_0032.jpg 1 47 351 32 32
0719_0213_0057_0047_0047.jpg 1 213 57 47 47
0720_0069_0172_0046_0046.jpg 1 69 172 46 46
0721_0085_0177_0029_0029.jpg 1 85 177 29 29
0722_0009_0068_0123_0123.jpg 1 9 68 123 123
0723_0175_0320_0124_0124.jpg 1 175 320 124 124
0724_0231_0164_0042_0042.jpg 1 231 164 42 42
0725_0224_0049_0032_0032.jpg 1 224 49 32 32
0726_0075_0430_0026_0026.jpg 1 75 430 26 26
0727_0352_0366_0070_0070.jpg 1 352 366 70 70
0728_0272_0114_0059_0059.jpg 1 272 114 59 59
0729_0127_0029_0053_0053.jpg 1 127 29 53 53
0730_0419_0075_0111_0111.jpg 1 419 75 111 111
0731_0413_0205_0092_0092.jpg 1 413 205 92 92
0732_0203_0341_0108_0108.jpg 1 203 341 108 108
0733_0214_0227_0108_0108.jpg 1 214 227 108 108
0734_0317_0124_0095_0095.jpg 1 317 124 95 95
0735_0167_0151_0105_0105.jpg 1 167 151 105 105
0736_0094_0089_0053_0053.jpg 1 94 89 53 53
0737_0105_0040_0024_0024.jpg 1 105 40 24 24
0738_0045_0142_0037_0037.jpg 1 45 142 37 37
0739_0104_0031_0117_0117.jpg 1 104 31 117 117
0740_0319_0056_0065_0065.jpg 1 319 56 65 65
0741_0403_0314_0117_0117.jpg 1 403 314 117 117
0742_0464_0208_0039_0039.jpg 1 464 208 39 39
0743_0280_0062_0107_0107.jpg 1 280 62 107 107
0744_0041_0158_0028_0028.jpg 1 41 158 28 28
0745_0055_0213_0042_0042.jpg 1 55 213 42 42
0746_0461_0058_0068_0068.jpg 1 461 58 68 68
0747_0364_0077_0080_0080.jpg 1 364 77 80 80
0748_0055_0086_0082_0082.jpg 1 55 86 82 82
0749_0295_0160_0096_0096.jpg 1 295 160 96 96
0750_0041_0067_0087_0087.jpg 1 41 67 87 87
0751_0136_0198_0062_0062.jpg 1 136 198 62 62
0752_0082_0232_0111_0111.jpg 1 82 232 111 111
0753_0084_0179_0026_0026.jpg 1 84 179 26 26
0754_0013_0084_0128_0128.jpg 1 13 84 128 128
0755_0385_0280_0025_0025.jpg 1 385 280 25 25
0756_0039_0042_0103_0103.jpg 1 39 42 103 103
0757_0490_0318_0040_0040.jpg 1 490 318 40 40
0758_0341_0238_0103_0103.jpg 1 341 238 103 103
0759_0040_0129_0030_0030.jpg 1 40 129 30 30
0760_0082_0041_0106_0106.jpg 1 82 41 106 106
0761_0146_0259_0063_0063.jpg 1 146 259 63 63
0762_0060_0086_0104_0104.jpg 1 60 86 104 104
0763_0041_0104_0086_0086.jpg 1 41 104 86 86
0764_0144_0051_0094_0094.jpg 1 144 51 94 94
0765_0505_0056_0037_0037.jpg 1 505 56 37 37
0766_0361_0388_0029_0029.jpg 1 361 388 29 29
0767_0208_0032_0058_0058.jpg 1 208 32 58 58
0768_0021_0044_0118_0118.jpg 1 21 44 118 118
0769_0116_0076_0070_0070.jpg 1 116 76 70 70
0770_0490_0057_0062_0062.jpg 1 490 57 62 62
0771_0221_0338_0037_0037.jpg 1 221 338 37 37
0772_0205_0354_0081_0081.jpg 1 205 354 81 81
0773_0307_0282_0080_0080.jpg 1 307 282 80 80
0774_0518_0044_0057_0057.jpg 1 518 44 57 57
0775_0152_0465_0030_0030.jpg 1 152 465 30 30
0776_0437_0307_0128_0128.jpg 1 437 307 128 128
0777_0143_0065_0071_0071.jpg 1 143 65 71 71
0778_0076_0301_0047_0047.jpg 1 76 301 47 47
0779_0182_0104_0095_0095.jpg 1 182 104 95 95
0780_0380_0067_0120_0120.jpg 1 380 67 120 120
0781_0165_0209_0052_0052.jpg 1 165 209 52 52
0782_0079_0018_0128_0128.jpg 1 79 18 128 128
0783_0218_0057_0078_0078.jpg 1 218 57 78 78
0784_0313_0304_0051_0051.jpg 1 313 304 51 51
0785_0165_0167_0042_0042.jpg 1 165 167 42 42
0786_0071_0015_0057_0057.jpg 1 71 15 57 57
0787_0017_0041_0034_0034.jpg 1 17 41 34 34
0788_0302_0224_0041_0041.jpg 1 302 224 41 41
0789_0062_0223_0113_0113.jpg 1 62 223 113 113
0790_0301_0098_0115_0115.jpg 1 301 98 115 115
0791_0048_0154_0041_0041.jpg 1 48 154 41 41
0792_0148_0319_0038_0038.jpg 1 148 319 38 38
0793_0100_0113_0046_0046.jpg 1 100 113 46 46
0794_0282_0239_0070_0070.jpg 1 282 239 70 70
0795_0420_0101_0053_0053.jpg 1 420 101 53 53
0796_0460_0295_0115_0115.jpg 1 460 295 115 115
0797_0376_0414_0059_0059.jpg 1 376 414 59 59
0798_0264_0522_0033_0033.jpg 1 264 522 33 33
0799_0063_0015_0111_0111.jpg 1 63 15 111 111
0800_0112_0294_0069_0069.jpg 1 112 294 69 69
0801_0279_0291_0066_0066.jpg 1 279 291 66 66
0802_0139_0106_0056_0056.jpg 1 139 106 56 56
0803_0193_0288_0078_0078.jpg 1 193 288 78 78
0804_0055_0073_0074_0074.jpg 1 55 73 74 74
0805_0161_0125_0028_0028.jpg 1 161 125 28 28
0806_0102_0248_0112_0112.jpg 1 102 248 112 112
0807_0061_0098_0089_0089.jpg 1 61 98 89 89
0808_0136_0324_0119_0119.jpg 1 136 324 119 119
0809_0111_0042_0124_0124.jpg 1 111 42 124 124
0810_0323_0064_0086_0086.jpg 1 323 64 86 86
0811_0321_0043_0126_0126.jpg 1 321 43 126 126
0812_0158_0113_0053_0053.jpg 1 158 113 53 53
0813_0024_0049_0086_0086.jpg 1 24 49 86 86
0814_0076_0068_0055_0055.jpg 1 76 68 55 55
0815_0190_0270_0028_0028.jpg 1 190 270 28 28
0816_0018_0058_0075_0075.jpg 1 18 58 75 75
0817_0183_0060_0091_0091.jpg 1 183 60 91 91
0818_0516_0180_0031_0031.jpg 1 516 180 31 31
0819_0027_0116_0053_0053.jpg 1 27 116 53 53
0820_0053_0075_0082_0082.jpg 1 53 75 82 82
0821_0062_0290_0038_0038.jpg 1 62 290 38 38
0822_0085_0167_0095_0095.jpg 1 85 167 95 95
0823_0086_0138_0039_0039.jpg 1 86 138 39 39
0824_0058_0071_0068_0068.jpg 1 58 71 68 68
0825_0161_0230_0084_0084.jpg 1 161 230 84 84
0826_0062_0080_0129_0129.jpg 1 62 80 129 129
0827_0203_0062_0094_0094.jpg 1 203 62 94 94
0828_0117_0239_0117_0117.jpg 1 117 239 117 117
0829_0239_0446_0038_0038.jpg 1 239 446 38 38
0830_0103_0291_0037_0037.jpg 1 103 291 37 37
0831_0305_0369_0101_0101.jpg 1 305 369 101 101
0832_0229_0109_0051_0051.jpg 1 229 109 51 51
0833_0122_0029_0128_0128.jpg 1 122 29 128 128
0834_0045_0052_0085_0085.jpg 1 45 52 85 85
0835_0164_0021_0093_0093.jpg 1 164 21 93 93
0836_0466_0318_0055_0055.jpg 1 466 318 55 55
0837_0331_0156_0120_0120.jpg 1 331 156 120 120
0838_0336_0150_0078_0078.jpg 1 336 150 78 78
0839_0258_0298_0062_0062.jpg 1 258 298 62 62
0840_0169_0021_0108_0108.jpg 1 169 21 108 108
0841_0211_0106_0108_0108.jpg 1 211 106 108 108
0842_0063_0273_0099_0099.jpg 1 63 273 99 99
0843_0090_0020_0087_0087.jpg 1 90 20 87 87
0844_0174_0427_0045_0045.jpg 1 174 427 45 45
0845_0394_0150_0093_0093.jpg 1 394 150 93 93
0846_0151_0109_0029_0029.jpg 1 151 109 29 29
0847_0333_0136_0116_0116.jpg 1 333 136 116 116
0848_0219_0349_0059_0059.jpg 1 219 349 59 59
0849_0134_0017_0035_0035.jpg 1 134 17 35 35
0850_0237_0211_0041_0041.jpg 1 237 211 41 41
0851_0064_0446_0059_0059.jpg 1 64 446 59 59
0852_0097_0289_0052_0052.jpg 1 97 289 52 52
0853_0357_0191_0080_0080.jpg 1 357 191 80 80
0854_0507_0246_0025_0025.jpg 1 507 246 25 25
0855_0024_0013_0114_0114.jpg 1 24 13 114 114
0856_0455_0100_0057_0057.jpg 1 455 100 57 57
0857_0157_0133_0027_0027.jpg 1 157 133 27 27
0858_0165_0014_0129_0129.jpg 1 165 14 129 129
0859_0020_0099_0078_0078.jpg 1 20 99 78 78
0860_0465_0139_0095_0095.jpg 1 465 139 95 95
0861_0316_0057_0073_0073.jpg 1 316 57 73 73
0862_0043_0086_0121_0121.jpg 1 43 86 121 121
0863_0105_0100_0089_0089.jpg 1 105 100 89 89
0864_0364_0149_0052_0052.jpg 1 364 149 52 52
0865_0257_0109_0052_0052.jpg 1 257 109 52 52
0866_0016_0034_0121_0121.jpg 1 16 34 121 121
0867_0410_0146_0028_0028.jpg 1 410 146 28 28
0868_0112_0119_0040_0040.jpg 1 112 119 40 40
0869_0047_0158_0050_0050.jpg 1 47 158 50 50
0870_0227_0317_0126_0126.jpg 1 227 317 126 126
0871_0078_0122_0063_0063.jpg 1 78 122 63 63
0872_0081_0118_0126_0126.jpg 1 81 118 126 126
0873_0108_0381_0046_0046.jpg 1 108 381 46 46
0874_0103_0115_0082_0082.jpg 1 103 115 82 82
0875_0164_0061_0099_0099.jpg 1 164 61 99 99
0876_0133_0132_0121_0121.jpg 1 133 132 121 121
0877_0232_0259_0048_0048.jpg 1 232 259 48 48
0878_0161_0088_0124_0124.jpg 1 161 88 124 124
0879_0183_0014_0103_0103.jpg 1 183 14 103 103
0880_0040_0100_0122_0122.jpg 1 40 100 122 122
0881_0276_0216_0122_0122.jpg 1 276 216 122 122
0882_0046_0061_0121_0121.jpg 1 46 61 121 121
0883_0153_0267_0060_0060.jpg 1 153 267 60 60
0884_0126_0052_0095_0095.jpg 1 126 52 95 95
0885_0128_0091_0069_0069.jpg 1 128 91 69 69
0886_0196_0229_0099_0099.jpg 1 196 229 99 99
0887_0000_0098_0128_0128.jpg 1 0 98 128 128
0888_0068_0326_0104_0104.jpg 1 68 326 104 104
0889_0248_0136_0054_0054.jpg 1 248 136 54 54
0890_0271_0285_0047_0047.jpg 1 271 285 47 47
0891_0037_0150_0057_0057.jpg 1 37 150 57 57
0892_0073_0120_0076_0076.jpg 1 73 120 76 76
0893_0236_0219_0057_0057.jpg 1 236 219 57 57
0894_0079_0094_0104_0104.jpg 1 79 94 104 104
0895_0062_0440_0105_0105.jpg 1 62 440 105 105
0896_0497_0122_0086_0086.jpg 1 497 122 86 86
0897_0487_0099_0087_0087.jpg 1 487 99 87 87
0898_0196_0296_0116_0116.jpg 1 196 296 116 116
0899_0132_0166_0068_0068.jpg 1 132 166 68 68
0900_0096_0059_0063_0063.jpg 1 96 59 63 63
0901_0216_0505_0032_0032.jpg 1 216 505 32 32
0902_0358_0218_0055_0055.jpg 1 358 218 55 55
0903_0071_0249_0128_0128.jpg 1 71 249 128 128
0904_0023_0110_0064_0064.jpg 1 23 110 64 64
0905_0061_0102_0045_0045.jpg 1 61 102 45 45
0906_0056_0087_0096_0096.jpg 1 56 87 96 96
0907_0267_0117_0068_0068.jpg 1 267 117 68 68
0908_0158_0071_0074_0074.jpg 1 158 71 74 74
0909_0418_0141_0063_0063.jpg 1 418 141 63 63
0910_0117_0199_0092_0092.jpg 1 117 199 92 92
0911_0110_0075_0046_0046.jpg 1 110 75 46 46
0912_0360_0322_0039_0039.jpg 1 360 322 39 39
0913_0068_0016_0119_0119.jpg 1 68 16 119 119
0914_0053_0047_0096_0096.jpg 1 53 47 96 96
0915_0243_0086_0110_0110.jpg 1 243 86 110 110
0916_0272_0266_0099_0099.jpg 1 272 266 99 99
0917_0279_0177_0040_0040.jpg 1 279 177 40 40
0918_0190_0114_0056_0056.jpg 1 190 114 56 56
0919_0057_0116_0091_0091.jpg 1 57 116 91 91
0920_0255_0262_0114_0114.jpg 1 255 262 114 114
0921_0123_0055_0088_0088.jpg 1 123 55 88 88
0922_0200_0094_0109_0109.jpg 1 200 94 109 109
0923_0044_0057_0115_0115.jpg 1 44 57 115 115
0924_0149_0189_0099_0099.jpg 1 149 189 99 99
0925_0178_0095_0078_0078.jpg 1 178 95 78 78
0926_0100_0223_0119_0119.jpg 1 100 223 119 119
0927_0023_0101_0119_0119.jpg 1 23 101 119 119
0928_0100_0051_0090_0090.jpg 1 100 51 90 90
0929_0411_0291_0058_0058.jpg 1 411 291 58 58
0930_0357_0097_0053_0053.jpg 1 357 97 53 53
0931_0327_0349_0100_0100.jpg 1 327 349 100 100
0932_0070_0071_0089_0089.jpg 1 70 71 89 89
0933_0040_0363_0072_0072.jpg 1 40 363 72 72
0934_0274_0271_0035_0035.jpg 1 274 271 35 35
0935_0107_0291_0128_0128.jpg 1 107 291 128 128
0936_0196_0359_0123_0123.jpg 1 196 359 123 123
0937_0154_0075_0127_0127.jpg 1 154 75 127 127
0938_0249_0261_0030_0030.jpg 1 249 261 30 30
0939_0417_0385_0034_0034.jpg 1 417 385 34 34
0940_0055_0095_0075_0075.jpg 1 55 95 75 75
0941_0073_0065_0067_0067.jpg 1 73 65 67 67
0942_0126_0039_0029_0029.jpg 1 126 39 29 29
0943_0434_0223_0049_0049.jpg 1 434 223 49 49
0944_0020_0059_0128_0128.jpg 1 20 59 128 128
0945_0155_0086_0086_0086.jpg 1 155 86 86 86
0946_0081_0112_0065_0065.jpg 1 81 112 65 65
0947_0100_0219_0066_0066.jpg 1 100 219 66 66
0948_0032_0065_0040_0040.jpg 1 32 65 40 40
0949_0027_0133_0090_0090.jpg 1 27 133 90 90
0950_0223_0229_0040_0040.jpg 1 223 229 40 40
0951_0081_0142_0059_0059.jpg 1 81 142 59 59
0952_0097_0234_0096_0096.jpg 1 97 234 96 96
0953_0121_0238_0049_0049.jpg 1 121 238 49 49
0954_0123_0137_0045_0045.jpg 1 123 137 45 45
0955_0048_0034_0084_0084.jpg 1 48 34 84 84
0956_0026_0122_0025_0025.jpg 1 26 122 25 25
0957_0105_0087_0052_0052.jpg 1 105 87 52 52
0958_0170_0130_0037_0037.jpg 1 170 130 37 37
0959_0315_0276_0029_0029.jpg 1 315 276 29 29
0960_0169_0033_0111_0111.jpg 1 169 33 111 111
0961_0106_0359_0045_0045.jpg 1 106 359 45 45
0962_0187_0040_0104_0104.jpg 1 187 40 104 104
0963_0193_0061_0086_0086.jpg 1 193 61 86 86
0964_0329_0089_0067_0067.jpg 1 329 89 67 67
0965_0379_0288_0087_0087.jpg 1 379 288 87 87
0966_0160_0517_0043_0043.jpg 1 160 517 43 43
0967_0051_0039_0090_0090.jpg 1 51 39 90 90
0968_0420_0048_0033_0033.jpg 1 420 48 33 33
0969_0075_0022_0076_0076.jpg 1 75 22 76 76
0970_0037_0089_0024_0024.jpg 1 37 89 24 24
0971_0123_0164_0070_0070.jpg 1 123 164 70 70
0972_0209_0124_0027_0027.jpg 1 209 124 27 27
0973_0171_0216_0103_0103.jpg 1 171 216 103 103
0974_0101_0106_0034_0034.jpg 1 101 106 34 34
0975_0445_0199_0073_0073.jpg 1 445 199 73 73
0976_0151_0043_0097_0097.jpg 1 151 43 97 97
0977_0411_0177_0119_0119.jpg 1 411 177 119 119
0978_0127_0077_0103_0103.jpg 1 127 77 103 103
0979_0289_0111_0059_0059.jpg 1 289 111 59 59
0980_0055_0023_0128_0128.jpg 1 55 23 128 128
0981_0357_0271_0092_0092.jpg 1 357 271 92 92
0982_0260_0143_0092_0092.jpg 1 260 143 92 92
0983_0467_0279_0088_0088.jpg 1 467 279 88 88
0984_0305_0125_0085_0085.jpg 1 305 125 85 85
0985_0233_0118_0091_0091.jpg 1 233 118 91 91
0986_0093_0196_0090_0090.jpg 1 93 196 90 90
0987_0153_0069_0106_0106.jpg 1 153 69 106 106
0988_0159_0108_0118_0118.jpg 1 159 108 118 118
0989_0400_0282_0104_0104.jpg 1 400 282 104 104
0990_0307_0283_0103_0103.jpg 1 307 283 103 103
0991_0134_0183_0121_0121.jpg 1 134 183 121 121
0992_0013_0104_0105_0105.jpg 1 13 104 105 105
0993_0134_0297_0028_0028.jpg 1 134 297 28 28
0994_0104_0082_0117_0117.jpg 1 104 82 117 117
0995_0044_0062_0044_0044.jpg 1 44 62 44 44
0996_0300_0420_0107_0107.jpg 1 300 420 107 107
0997_0161_0078_0069_0069.jpg 1 161 78 69 69
0998_0301_0222_0105_0105.jpg 1 301 222 105 105
0999_0077_0023_0095_0095.jpg 1 77 23 95 95
1000_0111_0085_0061_0061.jpg 1 111 85 61 61
1001_0213_0091_0037_0037.jpg 1 213 91 37 37
1002_0456_0159_0042_0042.jpg 1 456 159 42 42
1003_0247_0315_0060_0060.jpg 1 247 315 60 60
1004_0151_0296_0068_0068.jpg 1 151 296 68 68
1005_0305_0358_0060_0060.jpg 1 305 358 60 60
1006_0247_0163_0058_0058.jpg 1 247 163 58 58
1007_0068_0262_0077_0077.jpg 1 68 262 77 77
1008_0189_0083_0053_0053.jpg 1 189 83 53 53
1009_0127_0131_0106_0106.jpg 1 127 131 106 106
1010_0245_0057_0028_0028.jpg 1 245 57 28 28
1011_0117_0023_0106_0106.jpg 1 117 23 106 106
1012_0216_0076_0034_0034.jpg 1 216 76 34 34
1013_0212_0105_0053_0053.jpg 1 212 105 53 53
1014_0325_0444_0066_0066.jpg 1 325 444 66 66
1015_0149_0037_0051_0051.jpg 1 149 37 51 51
1016_0400_0038_0103_0103.jpg 1 400 38 103 103
1017_0102_0159_0112_0112.jpg 1 102 159 112 112
1018_0082_0301_0073_0073.jpg 1 82 301 73 73
1019_0182_0114_0073_0073.jpg 1 182 114 73 73
1020_0420_0095_0117_0117.jpg 1 420 95 117 117
1021_0071_0102_0098_0098.jpg 1 71 102 98 98
1022_0091_0149_0129_0129.jpg 1 91 149 129 129
1023_0128_0056_0104_0104.jpg 1 128 56 104 104
1024_0510_0232_0061_0061.jpg 1 510 232 61 61
1025_0316_0174_0108_0108.jpg 1 316 174 108 108
1026_0464_0101_0059_0059.jpg 1 464 101 59 59
1027_0328_0321_0080_0080.jpg 1 328 321 80 80
1028_0195_0065_0041_0041.jpg 1 195 65 41 41
1029_0266_0148_0059_0059.jpg 1 266 148 59 59
1030_0426_0120_0109_0109.jpg 1 426 120 109 109
1031_0264_0344_0069_0069.jpg 1 264 344 69 69
1032_0048_0102_0056_0056.jpg 1 48 102 56 56
1033_0434_0078_0035_0035.jpg 1 434 78 35 35
1034_0189_0142_0044_0044.jpg 1 189 142 44 44
1035_0161_0011_0128_0128.jpg 1 161 11 128 128
1036_0049_0016_0096_0096.jpg 1 49 16 96 96
1037_0215_0324_0052_0052.jpg 1 215 324 52 52
1038_0086_0122_0082_0082.jpg 1 86 122 82 82
1039_0086_0194_0046_0046.jpg 1 86 194 46 46
1040_0190_0232_0068_0068.jpg 1 190 232 68 68
1041_0492_0064_0081_0081.jpg 1 492 64 81 81
1042_0429_0168_0096_0096.jpg 1 429 168 96 96
1043_0221_0123_0072_0072.jpg 1 221 123 72 72
1044_0416_0261_0062_0062.jpg 1 416 261 62 62
1045_0179_0231_0115_0115.jpg 1 179 231 115 115
1046_0233_0266_0068_0068.jpg 1 233 266 68 68
1047_0088_0078_0050_0050.jpg 1 88 78 50 50
1048_0043_0072_0084_0084.jpg 1 43 72 84 84
1049_0138_0267_0049_0049.jpg 1 138 267 49 49
1050_0457_0089_0122_0122.jpg 1 457 89 122 122
1051_0217_0319_0031_0031.jpg 1 217 319 31 31
1052_0213_0306_0096_0096.jpg 1 213 306 96 96
1053_0304_0220_0100_0100.jpg 1 304 220 100 100
1054_0029_0138_0041_0041.jpg 1 29 138 41 41
1055_0071_0107_0082_0082.jpg 1 71 107 82 82
1056_0062_0355_0060_0060.jpg 1 62 355 60 60
1057_0020_0097_0117_0117.jpg 1 20 97 117 117
1058_0540_0366_0034_0034.jpg 1 540 366 34 34
1059_0246_0092_0028_0028.jpg 1 246 92 28 28
1060_0038_0022_0122_0122.jpg 1 38 22 122 122
1061_0012_0086_0108_0108.jpg 1 12 86 108 108
1062_0108_0070_0066_0066.jpg 1 108 70 66 66
1063_0173_0170_0050_0050.jpg 1 173 170 50 50
1064_0007_0050_0097_0097.jpg 1 7 50 97 97
1065_0124_0075_0111_0111.jpg 1 124 75 111 111
1066_0192_0155_0095_0095.jpg 1 192 155 95 95
1067_0082_0099_0043_0043.jpg 1 82 99 43 43
1068_0089_0095_0087_0087.jpg 1 89 95 87 87
1069_0137_0336_0092_0092.jpg 1 137 336 92 92
1070_0118_0075_0074_0074.jpg 1 118 75 74 74
1071_0194_0142_0068_0068.jpg 1 194 142 68 68
1072_0155_0145_0056_0056.jpg 1 155 145 56 56
1073_0239_0053_0092_0092.jpg 1 239 53 92 92
1074_0082_0058_0076_0076.jpg 1 82 58 76 76
1075_0120_0346_0092_0092.jpg 1 120 346 92 92
1076_0361_0081_0104_0104.jpg 1 361 81 104 104
1077_0347_0247_0034_0034.jpg 1 347 247 34 34
1078_0052_0091_0102_0102.jpg 1 52 91 102 102
1079_0299_0318_0028_0028.jpg 1 299 318 28 28
1080_0302_0296_0032_0032.jpg 1 302 296 32 32
1081_0162_0043_0124_0124.jpg 1 162 43 124 124
1082_0117_0078_0120_0120.jpg 1 117 78 120 120
1083_0356_0196_0082_0082.jpg 1 356 196 82 82
1084_0160_0102_0107_0107.jpg 1 160 102 107 107
1085_0143_0088_0085_0085.jpg 1 143 88 85 85
1086_0177_0143_0077_0077.jpg 1 177 143 77 77
1087_0164_0061_0125_0125.jpg 1 164 61 125 125
1088_0288_0136_0105_0105.jpg 1 288 136 105 105
1089_0188_0386_0048_0048.jpg 1 188 386 48 48
1090_0071_0052_0025_0025.jpg 1 71 52 25 25
1091_0192_0040_0079_0079.jpg 1 192 40 79 79
1092_0049_0107_0086_0086.jpg 1 49 107 86 86
1093_0153_0085_0032_0032.jpg 1 153 85 32 32
1094_0247_0098_0104_0104.jpg 1 247 98 104 104
1095_0476_0170_0080_0080.jpg 1 476 170 80 80
1096_0067_0079_0121_0121.jpg 1 67 79 121 121
1097_0308_0540_0031_0031.jpg 1 308 540 31 31
1098_0299_0236_0125_0125.jpg 1 299 236 125 125
1099_0181_0165_0087_0087.jpg 1 181 165 87 87
1100_0081_0150_0064_0064.jpg 1 81 150 64 64
1101_0183_0204_0111_0111.jpg 1 183 204 111 111
1102_0389_0076_0119_0119.jpg 1 389 76 119 119
1103_0324_0213_0072_0072.jpg 1 324 213 72 72
1104_0106_0044_0101_0101.jpg 1 106 44 101 101
1105_0368_0376_0035_0035.jpg 1 368 376 35 35
1106_0161_0040_0084_0084.jpg 1 161 40 84 84
1107_0082_0055_0037_0037.jpg 1 82 55 37 37
1108_0016_0104_0085_0085.jpg 1 16 104 85 85
1109_0332_0235_0129_0129.jpg 1 332 235 129 129
1110_0117_0048_0064_0064.jpg 1 117 48 64 64
1111_0272_0290_0066_0066.jpg 1 272 290 66 66
1112_0230_0185_0027_0027.jpg 1 230 185 27 27
1113_0025_0035_0029_0029.jpg 1 25 35 29 29
1114_0017_0107_0099_0099.jpg 1 17 107 99 99
1115_0277_0044_0040_0040.jpg 1 277 44 40 40
1116_0144_0012_0126_0126.jpg 1 144 12 126 126
1117_0173_0027_0120_0120.jpg 1 173 27 120 120
1118_0440_0271_0111_0111.jpg 1 440 271 111 111
1119_0326_0227_0085_0085.jpg 1 326 227 85 85
1120_0110_0019_0047_0047.jpg 1 110 19 47 47
1121_0095_0247_0032_0032.jpg 1 95 247 32 32
1122_0407_0332_0071_0071.jpg 1 407 332 71 71
1123_0111_0062_0072_0072.jpg 1 111 62 72 72
1124_0031_0104_0112_0112.jpg 1 31 104 112 112
1125_0259_0258_0081_0081.jpg 1 259 258 81 81
1126_0218_0221_0101_0101.jpg 1 218 221 101 101
1127_0089_0126_0080_0080.jpg 1 89 126 80 80
1128_0129_0329_0046_0046.jpg 1 129 329 46 46
1129_0082_0085_0091_0091.jpg 1 82 85 91 91
1130_0111_0279_0091_0091.jpg 1 111 279 91 91
1131_0364_0116_0038_0038.jpg 1 364 116 38 38
1132_0249_0228_0112_0112.jpg 1 249 228 112 112
1133_0301_0199_0124_0124.jpg 1 301 199 124 124
1134_0122_0111_0080_0080.jpg 1 122 111 80 80
1135_0467_0320_0065_0065.jpg 1 467 320 65 65
1136_0368_0197_0127_0127.jpg 1 368 197 127 127
1137_0068_0435_0035_0035.jpg 1 68 435 35 35
1138_0410_0083_0050_0050.jpg 1 410 83 50 50
1139_0109_0103_0111_0111.jpg 1 109 103 111 111
1140_0127_0044_0083_0083.jpg 1 127 44 83 83
1141_0239_0338_0093_0093.jpg 1 239 338 93 93
1142_0087_0044_0078_0078.jpg 1 87 44 78 78
1143_0220_0328_0099_0099.jpg 1 220 328 99 99
1144_0019_0112_0103_0103.jpg 1 19 112 103 103
1145_0046_0076_0083_0083.jpg 1 46 76 83 83
1146_0417_0175_0096_0096.jpg 1 417 175 96 96
1147_0108_0200_0127_0127.jpg 1 108 200 127 127
1148_0057_0055_0122_0122.jpg 1 57 55 122 122
1149_0376_0270_0081_0081.jpg 1 376 270 81 81
1150_0071_0070_0049_0049.jpg 1 71 70 49 49
1151_0367_0109_0109_0109.jpg 1 367 109 109 109
1152_0170_0115_0100_0100.jpg 1 170 115 100 100
1153_0295_0351_0075_0075.jpg 1 295 351 75 75
1154_0189_0465_0062_0062.jpg 1 189 465 62 62
1155_0097_0170_0036_0036.jpg 1 97 170 36 36
1156_0202_0053_0092_0092.jpg 1 202 53 92 92
1157_0091_0098_0080_0080.jpg 1 91 98 80 80
1158_0200_0291_0123_0123.jpg 1 200 291 123 123
1159_0111_0172_0077_0077.jpg 1 111 172 77 77
1160_0266_0143_0120_0120.jpg 1 266 143 120 120
1161_0256_0291_0118_0118.jpg 1 256 291 118 118
1162_0214_0132_0035_0035.jpg 1 214 132 35 35
1163_0051_0170_0038_0038.jpg 1 51 170 38 38
1164_0452_0066_0121_0121.jpg 1 452 66 121 121
1165_0186_0182_0092_0092.jpg 1 186 182 92 92
1166_0058_0016_0080_0080.jpg 1 58 16 80 80
1167_0128_0079_0120_0120.jpg 1 128 79 120 120
1168_0168_0063_0125_0125.jpg 1 168 63 125 125
1169_0074_0026_0105_0105.jpg 1 74 26 105 105
1170_0481_0227_0034_0034.jpg 1 481 227 34 34
1171_0276_0208_0082_0082.jpg 1 276 208 82 82
1172_0053_0026_0121_0121.jpg 1 53 26 121 121
1173_0125_0040_0085_0085.jpg 1 125 40 85 85
1174_0017_0018_0088_0088.jpg 1 17 18 88 88
1175_0042_0046_0102_0102.jpg 1 42 46 102 102
1176_0265_0342_0088_0088.jpg 1 265 342 88 88
1177_0053_0040_0096_0096.jpg 1 53 40 96 96
1178_0110_0118_0100_0100.jpg 1 110 118 100 100
1179_0027_0071_0051_0051.jpg 1 27 71 51 51
1180_0483_0084_0052_0052.jpg 1 483 84 52 52
1181_0220_0337_0086_0086.jpg 1 220 337 86 86
1182_0047_0060_0111_0111.jpg 1 47 60 111 111
1183_0097_0076_0126_0126.jpg 1 97 76 126 126
1184_0174_0079_0049_0049.jpg 1 174 79 49 49
1185_0162_0032_0102_0102.jpg 1 162 32 102 102
1186_0204_0040_0109_0109.jpg 1 204 40 109 109
1187_0065_0112_0085_0085.jpg 1 65 112 85 85
1188_0179_0021_0104_0104.jpg 1 179 21 104 104
1189_0320_0179_0128_0128.jpg 1 320 179 128 128
1190_0106_0031_0092_0092.jpg 1 106 31 92 92
1191_0385_0094_0086_0086.jpg 1 385 94 86 86
1192_0149_0037_0079_0079.jpg 1 149 37 79 79
1193_0189_0134_0057_0057.jpg 1 189 134 57 57
1194_0440_0292_0025_0025.jpg 1 440 292 25 25
1195_0036_0077_0127_0127.jpg 1 36 77 127 127
1196_0460_0093_0061_0061.jpg 1 460 93 61 61
1197_0026_0105_0109_0109.jpg 1 26 105 109 109
1198_0215_0257_0107_0107.jpg 1 215 257 107 107
1199_0030_0073_0038_0038.jpg 1 30 73 38 38
1200_0170_0123_0110_0110.jpg 1 170 123 110 110
1201_0224_0239_0057_0057.jpg 1 224 239 57 57
1202_0211_0398_0108_0108.jpg 1 211 398 108 108
1203_0064_0074_0094_0094.jpg 1 64 74 94 94
1204_0222_0267_0102_0102.jpg 1 222 267 102 102
1205_0129_0307_0103_0103.jpg 1 129 307 103 103
1206_0371_0297_0046_0046.jpg 1 371 297 46 46
1207_0147_0052_0109_0109.jpg 1 147 52 109 109
1208_0083_0071_0072_0072.jpg 1 83 71 72 72
1209_0422_0208_0047_0047.jpg 1 422 208 47 47
1210_0081_0272_0123_0123.jpg 1 81 272 123 123
1211_0502_0287_0055_0055.jpg 1 502 287 55 55
1212_0497_0286_0068_0068.jpg 1 497 286 68 68
1213_0213_0038_0058_0058.jpg 1 213 38 58 58
1214_0431_0229_0044_0044.jpg 1 431 229 44 44
1215_0180_0066_0070_0070.jpg 1 180 66 70 70
1216_0097_0026_0060_0060.jpg 1 97 26 60 60
1217_0170_0044_0082_0082.jpg 1 170 44 82 82
1218_0399_0236_0070_0070.jpg 1 399 236 70 70
1219_0029_0135_0039_0039.jpg 1 29 135 39 39
1220_0261_0370_0029_0029.jpg 1 261 370 29 29
1221_0210_0014_0065_0065.jpg 1 210 14 65 65
1222_0047_0023_0095_0095.jpg 1 47 23 95 95
1223_0378_0210_0128_0128.jpg 1 378 210 128 128
1224_0481_0301_0025_0025.jpg 1 481 301 25 25
1225_0241_0301_0056_0056.jpg 1 241 301 56 56
1226_0296_0194_0053_0053.jpg 1 296 194 53 53
1227_0082_0128_0085_0085.jpg 1 82 128 85 85
1228_0427_0176_0076_0076.jpg 1 427 176 76 76
1229_0177_0392_0060_0060.jpg 1 177 392 60 60
1230_0089_0134_0043_0043.jpg 1 89 134 43 43
1231_0460_0312_0122_0122.jpg 1 460 312 122 122
1232_0176_0108_0061_0061.jpg 1 176 108 61 61
1233_0334_0231_0102_0102.jpg 1 334 231 102 102
1234_0054_0182_0025_0025.jpg 1 54 182 25 25
1235_0121_0218_0034_0034.jpg 1 121 218 34 34
1236_0402_0306_0033_0033.jpg 1 402 306 33 33
1237_0102_0065_0105_0105.jpg 1 102 65 105 105
1238_0336_0241_0109_0109.jpg 1 336 241 109 109
1239_0227_0139_0052_0052.jpg 1 227 139 52 52
1240_0192_0132_0050_0050.jpg 1 192 132 50 50
1241_0375_0203_0073_0073.jpg 1 375 203 73 73
1242_0029_0012_0119_0119.jpg 1 29 12 119 119
1243_0161_0305_0097_0097.jpg 1 161 305 97 97
1244_0120_0098_0113_0113.jpg 1 120 98 113 113
1245_0089_0149_0092_0092.jpg 1 89 149 92 92
1246_0286_0059_0124_0124.jpg 1 286 59 124 124
1247_0126_0075_0049_0049.jpg 1 126 75 49 49
1248_0424_0364_0062_0062.jpg 1 424 364 62 62
1249_0173_0063_0088_0088.jpg 1 173 63 88 88
1250_0475_0090_0073_0073.jpg 1 475 90 73 73
1251_0231_0158_0026_0026.jpg 1 231 158 26 26
1252_0084_0323_0103_0103.jpg 1 84 323 103 103
1253_0437_0049_0067_0067.jpg 1 437 49 67 67
1254_0125_0137_0054_0054.jpg 1 125 137 54 54
1255_0378_0188_0114_0114.jpg 1 378 188 114 114
1256_0064_0055_0101_0101.jpg 1 64 55 101 101
1257_0367_0065_0066_0066.jpg 1 367 65 66 66
1258_0133_0086_0082_0082.jpg 1 133 86 82 82
1259_0186_0142_0026_0026.jpg 1 186 142 26 26
1260_0291_0380_0071_0071.jpg 1 291 380 71 71
1261_0392_0138_0116_0116.jpg 1 392 138 116 116
1262_0159_0203_0065_0065.jpg 1 159 203 65 65
1263_0034_0081_0105_0105.jpg 1 34 81 105 105
1264_0150_0146_0097_0097.jpg 1 150 146 97 97
1265_0027_0033_0068_0068.jpg 1 27 33 68 68
1266_0062_0130_0034_0034.jpg 1 62 130 34 34
1267_0157_0205_0120_0120.jpg 1 157 205 120 120
1268_0072_0149_0061_0061.jpg 1 72 149 61 61
1269_0009_0047_0036_0036.jpg 1 9 47 36 36
1270_0387_0063_0085_0085.jpg 1 387 63 85 85
1271_0179_0055_0078_0078.jpg 1 179 55 78 78
1272_0077_0031_0127_0127.jpg 1 77 31 127 127
1273_0168_0250_0038_0038.jpg 1 168 250 38 38
1274_0074_0024_0084_0084.jpg 1 74 24 84 84
1275_0063_0173_0046_0046.jpg 1 63 173 46 46
1276_0246_0441_0027_0027.jpg 1 246 441 27 27
1277_0017_0122_0054_0054.jpg 1 17 122 54 54
1278_0129_0132_0121_0121.jpg 1 129 132 121 121
1279_0295_0364_0106_0106.jpg 1 295 364 106 106
1280_0371_0169_0053_0053.jpg 1 371 169 53 53
1281_0060_0089_0108_0108.jpg 1 60 89 108 108
1282_0022_0110_0081_0081.jpg 1 22 110 81 81
1283_0040_0067_0117_0117.jpg 1 40 67 117 117
1284_0322_0283_0094_0094.jpg 1 322 283 94 94
1285_0019_0037_0065_0065.jpg 1 19 37 65 65
1286_0165_0154_0105_0105.jpg 1 165 154 105 105
1287_0141_0102_0078_0078.jpg 1 141 102 78 78
1288_0261_0072_0059_0059.jpg 1 261 72 59 59
1289_0257_0230_0061_0061.jpg 1 257 230 61 61
1290_0472_0080_0104_0104.jpg 1 472 80 104 104
1291_0118_0066_0119_0119.jpg 1 118 66 119 119
1292_0225_0083_0125_0125.jpg 1 225 83 125 125
1293_0121_0046_0101_0101.jpg 1 121 46 101 101
1294_0357_0294_0041_0041.jpg 1 357 294 41 41
1295_0095_0225_0099_0099.jpg 1 95 225 99 99
1296_0074_0155_0036_0036.jpg 1 74 155 36 36
1297_0156_0029_0046_0046.jpg 1 156 29 46 46
1298_0089_0066_0049_0049.jpg 1 89 66 49 49
1299_0367_0075_0103_0103.jpg 1 367 75 103 103
1300_0104_0240_0034_0034.jpg 1 104 240 34 34
1301_0195_0021_0095_0095.jpg 1 195 21 95 95
1302_0167_0034_0050_0050.jpg 1 167 34 50 50
1303_0491_0126_0085_0085.jpg 1 491 126 85 85
1304_0192_0032_0059_0059.jpg 1 192 32 59 59
1305_0506_0297_0076_0076.jpg 1 506 297 76 76
1306_0205_0059_0076_0076.jpg 1 205 59 76 76
1307_0023_0122_0042_0042.jpg 1 23 122 42 42
1308_0147_0067_0082_0082.jpg 1 147 67 82 82
1309_0151_0029_0111_0111.jpg 1 151 29 111 111
1310_0472_0309_0042_0042.jpg 1 472 309 42 42
1311_0118_0098_0071_0071.jpg 1 118 98 71 71
1312_0118_0288_0088_0088.jpg 1 118 288 88 88
1313_0085_0060_0066_0066.jpg 1 85 60 66 66
1314_0332_0287_0095_0095.jpg 1 332 287 95 95
1315_0080_0104_0071_0071.jpg 1 80 104 71 71
1316_0136_0035_0063_0063.jpg 1 136 35 63 63
1317_0076_0037_0107_0107.jpg 1 76 37 107 107
1318_0025_0090_0064_0064.jpg 1 25 90 64 64
1319_0159_0062_0073_0073.jpg 1 159 62 73 73
1320_0319_0296_0095_0095.jpg 1 319 296 95 95
1321_0115_0061_0109_0109.jpg 1 115 61 109 109
1322_0095_0048_0087_0087.jpg 1 95 48 87 87
1323_0188_0114_0082_0082.jpg 1 188 114 82 82
1324_0177_0089_0038_0038.jpg 1 177 89 38 38
1325_0449_0040_0105_0105.jpg 1 449 40 105 105
1326_0113_0092_0112_0112.jpg 1 113 92 112 112
1327_0253_0301_0098_0098.jpg 1 253 301 98 98
1328_0146_0213_0090_0090.jpg 1 146 213 90 90
1329_0282_0262_0110_0110.jpg 1 282 262 110 110
1330_0239_0309_0116_0116.jpg 1 239 309 116 116
1331_0036_0087_0094_0094.jpg 1 36 87 94 94
1332_0345_0345_0056_0056.jpg 1 345 345 56 56
1333_0173_0243_0032_0032.jpg 1 173 243 32 32
1334_0028_0045_0051_0051.jpg 1 28 45 51 51
1335_0074_0047_0048_0048.jpg 1 74 47 48 48
1336_0099_0083_0056_0056.jpg 1 99 83 56 56
1337_0074_0323_0038_0038.jpg 1 74 323 38 38
1338_0356_0382_0032_0032.jpg 1 356 382 32 32
1339_0028_0058_0128_0128.jpg 1 28 58 128 128
1340_0215_0098_0071_0071.jpg 1 215 98 71 71
1341_0121_0067_0082_0082.jpg 1 121 67 82 82
1342_0434_0127_0093_0093.jpg 1 434 127 93 93
1343_0261_0164_0082_0082.jpg 1 261 164 82 82
1344_0235_0053_0111_0111.jpg 1 235 53 111 111
1345_0204_0255_0129_0129.jpg 1 204 255 129 129
1346_0370_0071_0066_0066.jpg 1 370 71 66 66
1347_0183_0302_0072_0072.jpg 1 183 302 72 72
1348_0177_0132_0104_0104.jpg 1 177 132 104 104
1349_0412_0052_0106_0106.jpg 1 412 52 106 106
1350_0418_0294_0089_0089.jpg 1 418 294 89 89
1351_0068_0164_0024_0024.jpg 1 68 164 24 24
1352_0051_0141_0073_0073.jpg 1 51 141 73 73
1353_0105_0142_0078_0078.jpg 1 105 142 78 78
1354_0312_0282_0089_0089.jpg 1 312 282 89 89
1355_0202_0147_0054_0054.jpg 1 202 147 54 54
1356_0496_0218_0080_0080.jpg 1 496 218 80 80
1357_0021_0131_0074_0074.jpg 1 21 131 74 74
1358_0063_0348_0034_0034.jpg 1 63 348 34 34
1359_0231_0085_0032_0032.jpg 1 231 85 32 32
1360_0512_0326_0030_0030.jpg 1 512 326 30 30
1361_0202_0203_0060_0060.jpg 1 202 203 60 60
1362_0054_0092_0116_0116.jpg 1 54 92 116 116
1363_0400_0193_0044_0044.jpg 1 400 193 44 44
1364_0087_0018_0110_0110.jpg 1 87 18 110 110
1365_0080_0055_0052_0052.jpg 1 80 55 52 52
1366_0110_0047_0105_0105.jpg 1 110 47 105 105
1367_0069_0028_0070_0070.jpg 1 69 28 70 70
1368_0108_0094_0107_0107.jpg 1 108 94 107 107
1369_0071_0085_0100_0100.jpg 1 71 85 100 100
1370_0048_0100_0079_0079.jpg 1 48 100 79 79
1371_0283_0484_0057_0057.jpg 1 283 484 57 57
1372_0107_0063_0109_0109.jpg 1 107 63 109 109
1373_0152_0286_0117_0117.jpg 1 152 286 117 117
1374_0187_0050_0088_0088.jpg 1 187 50 88 88
1375_0095_0141_0065_0065.jpg 1 95 141 65 65
1376_0491_0327_0076_0076.jpg 1 491 327 76 76
1377_0165_0070_0043_0043.jpg 1 165 70 43 43
1378_0117_0122_0078_0078.jpg 1 117 122 78 78
1379_0090_0069_0108_0108.jpg 1 90 69 108 108
1380_0186_0186_0087_0087.jpg 1 186 186 87 87
1381_0075_0060_0037_0037.jpg 1 75 60 37 37
1382_0126_0096_0044_0044.jpg 1 126 96 44 44
1383_0420_0157_0079_0079.jpg 1 420 157 79 79
1384_0057_0071_0033_0033.jpg 1 57 71 33 33
1385_0256_0249_0066_0066.jpg 1 256 249 66 66
1386_0047_0121_0029_0029.jpg 1 47 121 29 29
1387_0423_0126_0051_0051.jpg 1 423 126 51 51
1388_0140_0074_0045_0045.jpg 1 140 74 45 45
1389_0163_0094_0036_0036.jpg 1 163 94 36 36
1390_0426_0346_0045_0045.jpg 1 426 346 45 45
1391_0179_0177_0034_0034.jpg 1 179 177 34 34
1392_0103_0112_0025_0025.jpg 1 103 112 25 25
1393_0076_0070_0062_0062.jpg 1 76 70 62 62
1394_0236_0136_0069_0069.jpg 1 236 136 69 69
1395_0306_0151_0082_0082.jpg 1 306 151 82 82
1396_0254_0075_0035_0035.jpg 1 254 75 35 35
1397_0207_0085_0068_0068.jpg 1 207 85 68 68
1398_0220_0137_0060_0060.jpg 1 220 137 60 60
1399_0134_0057_0123_0123.jpg 1 134 57 123 123
1400_0194_0154_0053_0053.jpg 1 194 154 53 53
1401_0074_0120_0100_0100.jpg 1 74 120 100 100
1402_0126_0238_0050_0050.jpg 1 126 238 50 50
1403_0193_0214_0056_0056.jpg 1 193 214 56 56
1404_0093_0202_0072_0072.jpg 1 93 202 72 72
1405_0041_0104_0033_0033.jpg 1 41 104 33 33
1406_0467_0242_0037_0037.jpg 1 467 242 37 37
1407_0149_0225_0040_0040.jpg 1 149 225 40 40
1408_0053_0065_0124_0124.jpg 1 53 65 124 124
1409_0202_0190_0114_0114.jpg 1 202 190 114 114
1410_0241_0345_0031_0031.jpg 1 241 345 31 31
1411_0387_0315_0120_0120.jpg 1 387 315 120 120
1412_0074_0038_0105_0105.jpg 1 74 38 105 105
1413_0220_0099_0103_0103.jpg 1 220 99 103 103
1414_0304_0236_0029_0029.jpg 1 304 236 29 29
1415_0202_0280_0071_0071.jpg 1 202 280 71 71
1416_0064_0046_0048_0048.jpg 1 64 46 48 48
1417_0167_0386_0089_0089.jpg 1 167 386 89 89
1418_0162_0221_0121_0121.jpg 1 162 221 121 121
1419_0158_0134_0067_0067.jpg 1 158 134 67 67
1420_0307_0224_0114_0114.jpg 1 307 224 114 114
1421_0029_0038_0112_0112.jpg 1 29 38 112 112
1422_0081_0092_0047_0047.jpg 1 81 92 47 47
1423_0339_0196_0081_0081.jpg 1 339 196 81 81
1424_0067_0192_0026_0026.jpg 1 67 192 26 26
1425_0205_0120_0063_0063.jpg 1 205 120 63 63
1426_0060_0025_0122_0122.jpg 1 60 25 122 122
1427_0381_0242_0098_0098.jpg 1 381 242 98 98
1428_0124_0023_0123_0123.jpg 1 124 23 123 123
1429_0039_0077_0075_0075.jpg 1 39 77 75 75
1430_0131_0108_0057_0057.jpg 1 131 108 57 57
1431_0253_0188_0115_0115.jpg 1 253 188 115 115
1432_0430_0331_0085_0085.jpg 1 430 331 85 85
1433_0282_0123_0096_0096.jpg 1 282 123 96 96
1434_0155_0092_0119_0119.jpg 1 155 92 119 119
1435_0189_0111_0046_0046.jpg 1 189 111 46 46
1436_0338_0260_0065_0065.jpg 1 338 260 65 65
1437_0084_0093_0072_0072.jpg 1 84 93 72 72
1438_0209_0297_0046_0046.jpg 1 209 297 46 46
1439_0158_0062_0052_0052.jpg 1 158 62 52 52
1440_0046_0029_0117_0117.jpg 1 46 29 117 117
1441_0154_0067_0063_0063.jpg 1 154 67 63 63
1442_0000_0088_0127_0127.jpg 1 0 88 127 127
1443_0148_0118_0029_0029.jpg 1 148 118 29 29
1444_0078_0117_0052_0052.jpg 1 78 117 52 52
1445_0126_0268_0060_0060.jpg 1 126 268 60 60
1446_0043_0041_0124_0124.jpg 1 43 41 124 124
1447_0501_0078_0080_0080.jpg 1 501 78 80 80
1448_0171_0128_0024_0024.jpg 1 171 128 24 24
1449_0387_0260_0104_0104.jpg 1 387 260 104 104
1450_0173_0114_0040_0040.jpg 1 173 114 40 40
1451_0230_0238_0047_0047.jpg 1 230 238 47 47
1452_0196_0187_0082_0082.jpg 1 196 187 82 82
1453_0111_0260_0071_0071.jpg 1 111 260 71 71
1454_0317_0210_0067_0067.jpg 1 317 210 67 67
1455_0181_0167_0109_0109.jpg 1 181 167 109 109
1456_0165_0150_0107_0107.jpg 1 165 150 107 107
1457_0086_0063_0094_0094.jpg 1 86 63 94 94
1458_0206_0065_0027_0027.jpg 1 206 65 27 27
1459_0045_0014_0055_0055.jpg 1 45 14 55 55
1460_0288_0140_0079_0079.jpg 1 288 140 79 79
1461_0016_0166_0024_0024.jpg 1 16 166 24 24
1462_0174_0083_0069_0069.jpg 1 174 83 69 69
1463_0025_0084_0091_0091.jpg 1 25 84 91 91
1464_0359_0293_0028_0028.jpg 1 359 293 28 28
1465_0071_0065_0072_0072.jpg 1 71 65 72 72
1466_0218_0066_0066_0066.jpg 1 218 66 66 66
1467_0068_0036_0104_0104.jpg 1 68 36 104 104
1468_0121_0027_0076_0076.jpg 1 121 27 76 76
1469_0085_0070_0102_0102.jpg 1 85 70 102 102
1470_0404_0078_0084_0084.jpg 1 404 78 84 84
1471_0135_0014_0109_0109.jpg 1 135 14 109 109
1472_0183_0174_0126_0126.jpg 1 183 174 126 126
1473_0513_0314_0042_0042.jpg 1 513 314 42 42
1474_0034_0103_0121_0121.jpg 1 34 103 121 121
1475_0011_0113_0096_0096.jpg 1 11 113 96 96
1476_0166_0114_0033_0033.jpg 1 166 114 33 33
1477_0260_0141_0078_0078.jpg 1 260 141 78 78
1478_0070_0087_0107_0107.jpg 1 70 87 107 107
1479_0215_0256_0084_0084.jpg 1 215 256 84 84
1480_0354_0071_0032_0032.jpg 1 354 71 32 32
1481_0068_0064_0107_0107.jpg 1 68 64 107 107
1482_0051_0477_0037_0037.jpg 1 51 477 37 37
1483_0232_0255_0104_0104.jpg 1 232 255 104 104
1484_0215_0158_0123_0123.jpg 1 215 158 123 123
1485_0316_0126_0124_0124.jpg 1 316 126 124 124
1486_0147_0077_0062_0062.jpg 1 147 77 62 62
1487_0402_0279_0080_0080.jpg 1 402 279 80 80
1488_0148_0071_0104_0104.jpg 1 148 71 104 104
1489_0365_0124_0071_0071.jpg 1 365 124 71 71
1490_0467_0053_0100_0100.jpg 1 467 53 100 100
1491_0018_0094_0066_0066.jpg 1 18 94 66 66
1492_0421_0193_0089_0089.jpg 1 421 193 89 89
1493_0352_0201_0092_0092.jpg 1 352 201 92 92
1494_0362_0195_0094_0094.jpg 1 362 195 94 94
1495_0163_0083_0031_0031.jpg 1 163 83 31 31
1496_0161_0051_0080_0080.jpg 1 161 51 80 80
1497_0139_0245_0041_0041.jpg 1 139 245 41 41
1498_0442_0239_0110_0110.jpg 1 442 239 110 110
1499_0441_0038_0115_0115.jpg 1 441 38 115 115
1500_0090_0081_0081_0081.jpg 1 90 81 81 81
1501_0182_0145_0109_0109.jpg 1 182 145 109 109
1502_0135_0116_0029_0029.jpg 1 135 116 29 29
1503_0043_0132_0027_0027.jpg 1 43 132 27 27
1504_0385_0155_0122_0122.jpg 1 385 155 122 122
1505_0394_0262_0115_0115.jpg 1 394 262 115 115
1506_0266_0274_0033_0033.jpg 1 266 274 33 33
1507_0337_0228_0070_0070.jpg 1 337 228 70 70
1508_0124_0329_0048_0048.jpg 1 124 329 48 48
1509_0392_0188_0111_0111.jpg 1 392 188 111 111
1510_0404_0144_0113_0113.jpg 1 404 144 113 113
1511_0305_0080_0116_0116.jpg 1 305 80 116 116
1512_0206_0092_0032_0032.jpg 1 206 92 32 32
1513_0030_0070_0101_0101.jpg 1 30 70 101 101
1514_0037_0124_0025_0025.jpg 1 37 124 25 25
1515_0140_0209_0073_0073.jpg 1 140 209 73 73
1516_0159_0098_0079_0079.jpg 1 159 98 79 79
1517_0107_0273_0114_0114.jpg 1 107 273 114 114
1518_0297_0257_0091_0091.jpg 1 297 257 91 91
1519_0159_0149_0126_0126.jpg 1 159 149 126 126
1520_0031_0038_0081_0081.jpg 1 31 38 81 81
1521_0049_0115_0108_0108.jpg 1 49 115 108 108
1522_0067_0071_0104_0104.jpg 1 67 71 104 104
1523_0066_0179_0035_0035.jpg 1 66 179 35 35
1524_0047_0180_0041_0041.jpg 1 47 180 41 41
1525_0463_0345_0028_0028.jpg 1 463 345 28 28
1526_0447_0182_0079_0079.jpg 1 447 182 79 79
1527_0477_0209_0094_0094.jpg 1 477 209 94 94
1528_0198_0140_0026_0026.jpg 1 198 140 26 26
1529_0302_0104_0038_0038.jpg 1 302 104 38 38
1530_0079_0227_0031_0031.jpg 1 79 227 31 31
1531_0041_0071_0071_0071.jpg 1 41 71 71 71
1532_0079_0102_0049_0049.jpg 1 79 102 49 49
1533_0049_0091_0107_0107.jpg 1 49 91 107 107
1534_0362_0287_0079_0079.jpg 1 362 287 79 79
1535_0173_0062_0124_0124.jpg 1 173 62 124 124
1536_0491_0117_0031_0031.jpg 1 491 117 31 31
1537_0264_0298_0094_0094.jpg 1 264 298 94 94
1538_0254_0134_0114_0114.jpg 1 254 134 114 114
1539_0101_0130_0077_0077.jpg 1 101 130 77 77
1540_0135_0243_0062_0062.jpg 1 135 243 62 62
1541_0091_0153_0058_0058.jpg 1 91 153 58 58
1542_0060_0157_0071_0071.jpg 1 60 157 71 71
1543_0176_0078_0113_0113.jpg 1 176 78 113 113
1544_0112_0061_0049_0049.jpg 1 112 61 49 49
1545_0035_0075_0121_0121.jpg 1 35 75 121 121
1546_0125_0059_0116_0116.jpg 1 125 59 116 116
1547_0131_0079_0088_0088.jpg 1 131 79 88 88
1548_0094_0033_0040_0040.jpg 1 94 33 40 40
1549_0136_0406_0063_0063.jpg 1 136 406 63 63
1550_0417_0204_0120_0120.jpg 1 417 204 120 120
1551_0152_0071_0119_0119.jpg 1 152 71 119 119
1552_0410_0133_0062_0062.jpg 1 410 133 62 62
1553_0037_0014_0117_0117.jpg 1 37 14 117 117
1554_0048_0060_0040_0040.jpg 1 48 60 40 40
1555_0071_0285_0068_0068.jpg 1 71 285 68 68
1556_0189_0237_0089_0089.jpg 1 189 237 89 89
1557_0097_0032_0052_0052.jpg 1 97 32 52 52
1558_0194_0492_0032_0032.jpg 1 194 492 32 32
1559_0226_0105_0068_0068.jpg 1 226 105 68 68
1560_0238_0353_0047_0047.jpg 1 238 353 47 47
1561_0135_0188_0108_0108.jpg 1 135 188 108 108
1562_0174_0055_0050_0050.jpg 1 174 55 50 50
1563_0296_0215_0031_0031.jpg 1 296 215 31 31
1564_0188_0013_0109_0109.jpg 1 188 13 109 109
1565_0305_0143_0094_0094.jpg 1 305 143 94 94
1566_0055_0045_0089_0089.jpg 1 55 45 89 89
1567_0337_0164_0080_0080.jpg 1 337 164 80 80
1568_0436_0248_0127_0127.jpg 1 436 248 127 127
1569_0108_0041_0028_0028.jpg 1 108 41 28 28
1570_0483_0047_0102_0102.jpg 1 483 47 102 102
1571_0348_0208_0031_0031.jpg 1 348 208 31 31
1572_0390_0323_0107_0107.jpg 1 390 323 107 107
1573_0118_0132_0089_0089.jpg 1 118 132 89 89
1574_0070_0015_0120_0120.jpg 1 70 15 120 120
1575_0035_0153_0064_0064.jpg 1 35 153 64 64
1576_0508_0133_0049_0049.jpg 1 508 133 49 49
1577_0055_0075_0024_0024.jpg 1 55 75 24 24
1578_0206_0091_0049_0049.jpg 1 206 91 49 49
1579_0338_0430_0043_0043.jpg 1 338 430 43 43
1580_0081_0181_0080_0080.jpg 1 81 181 80 80
1581_0086_0230_0089_0089.jpg 1 86 230 89 89
1582_0283_0155_0117_0117.jpg 1 283 155 117 117
1583_0183_0047_0048_0048.jpg 1 183 47 48 48
1584_0126_0096_0115_0115.jpg 1 126 96 115 115
1585_0283_0193_0110_0110.jpg 1 283 193 110 110
1586_0096_0077_0062_0062.jpg 1 96 77 62 62
1587_0107_0311_0100_0100.jpg 1 107 311 100 100
1588_0104_0066_0081_0081.jpg 1 104 66 81 81
1589_0024_0068_0116_0116.jpg 1 24 68 116 116
1590_0476_0050_0096_0096.jpg 1 476 50 96 96
1591_0073_0100_0072_0072.jpg 1 73 100 72 72
1592_0433_0156_0043_0043.jpg 1 433 156 43 43
1593_0029_0124_0097_0097.jpg 1 29 124 97 97
1594_0076_0117_0116_0116.jpg 1 76 117 116 116
1595_0424_0044_0060_0060.jpg 1 424 44 60 60
1596_0029_0139_0069_0069.jpg 1 29 139 69 69
1597_0120_0024_0045_0045.jpg 1 120 24 45 45
1598_0441_0347_0074_0074.jpg 1 441 347 74 74
1599_0421_0231_0037_0037.jpg 1 421 231 37 37
1600_0153_0041_0103_0103.jpg 1 153 41 103 103
1601_0071_0110_0095_0095.jpg 1 71 110 95 95
1602_0056_0146_0048_0048.jpg 1 56 146 48 48
1603_0121_0043_0091_0091.jpg 1 121 43 91 91
1604_0018_0162_0025_0025.jpg 1 18 162 25 25
1605_0049_0051_0055_0055.jpg 1 49 51 55 55
1606_0182_0094_0077_0077.jpg 1 182 94 77 77
1607_0075_0305_0066_0066.jpg 1 75 305 66 66
1608_0173_0206_0101_0101.jpg 1 173 206 101 101
1609_0093_0203_0032_0032.jpg 1 93 203 32 32
1610_0306_0132_0048_0048.jpg 1 306 132 48 48
1611_0173_0260_0057_0057.jpg 1 173 260 57 57
1612_0186_0363_0052_0052.jpg 1 186 363 52 52
1613_0211_0261_0115_0115.jpg 1 211 261 115 115
1614_0171_0056_0082_0082.jpg 1 171 56 82 82
1615_0162_0061_0114_0114.jpg 1 162 61 114 114
1616_0449_0190_0109_0109.jpg 1 449 190 109 109
1617_0365_0099_0076_0076.jpg 1 365 99 76 76
1618_0172_0027_0082_0082.jpg 1 172 27 82 82
1619_0209_0149_0034_0034.jpg 1 209 149 34 34
1620_0415_0159_0094_0094.jpg 1 415 159 94 94
1621_0392_0304_0096_0096.jpg 1 392 304 96 96
1622_0108_0081_0083_0083.jpg 1 108 81 83 83
1623_0213_0114_0051_0051.jpg 1 213 114 51 51
1624_0034_0054_0117_0117.jpg 1 34 54 117 117
1625_0142_0060_0039_0039.jpg 1 142 60 39 39
1626_0102_0080_0095_0095.jpg 1 102 80 95 95
1627_0232_0140_0129_0129.jpg 1 232 140 129 129
1628_0106_0386_0122_0122.jpg 1 106 386 122 122
1629_0277_0333_0076_0076.jpg 1 277 333 76 76
1630_0124_0090_0031_0031.jpg 1 124 90 31 31
1631_0311_0308_0098_0098.jpg 1 311 308 98 98
1632_0068_0281_0066_0066.jpg 1 68 281 66 66
1633_0044_0031_0123_0123.jpg 1 44 31 123 123
1634_0025_0068_0121_0121.jpg 1 25 68 121 121
1635_0101_0152_0038_0038.jpg 1 101 152 38 38
1636_0032_0035_0053_0053.jpg 1 32 35 53 53
1637_0080_0104_0046_0046.jpg 1 80 104 46 46
1638_0316_0289_0042_0042.jpg 1 316 289 42 42
1639_0404_0190_0103_0103.jpg 1 404 190 103 103
1640_0094_0034_0067_0067.jpg 1 94 34 67 67
1641_0059_0078_0106_0106.jpg 1 59 78 106 106
1642_0378_0090_0036_0036.jpg 1 378 90 36 36
1643_0070_0035_0032_0032.jpg 1 70 35 32 32
1644_0005_0036_0105_0105.jpg 1 5 36 105 105
1645_0064_0139_0081_0081.jpg 1 64 139 81 81
1646_0427_0066_0090_0090.jpg 1 427 66 90 90
1647_0191_0057_0063_0063.jpg 1 191 57 63 63
1648_0304_0138_0109_0109.jpg 1 304 138 109 109
1649_0129_0186_0037_0037.jpg 1 129 186 37 37
1650_0442_0123_0062_0062.jpg 1 442 123 62 62
1651_0326_0062_0084_0084.jpg 1 326 62 84 84
1652_0155_0109_0072_0072.jpg 1 155 109 72 72
1653_0122_0028_0027_0027.jpg 1 122 28 27 27
1654_0146_0143_0080_0080.jpg 1 146 143 80 80
1655_0274_0259_0035_0035.jpg 1 274 259 35 35
1656_0086_0076_0047_0047.jpg 1 86 76 47 47
1657_0393_0226_0076_0076.jpg 1 393 226 76 76
1658_0278_0197_0070_0070.jpg 1 278 197 70 70
1659_0128_0111_0102_0102.jpg 1 128 111 102 102
1660_0078_0072_0111_0111.jpg 1 78 72 111 111
1661_0317_0184_0120_0120.jpg 1 317 184 120 120
1662_0148_0096_0100_0100.jpg 1 148 96 100 100
1663_0036_0081_0056_0056.jpg 1 36 81 56 56
1664_0175_0219_0045_0045.jpg 1 175 219 45 45
1665_0052_0088_0121_0121.jpg 1 52 88 121 121
1666_0174_0406_0028_0028.jpg 1 174 406 28 28
1667_0190_0104_0037_0037.jpg 1 190 104 37 37
1668_0485_0048_0085_0085.jpg 1 485 48 85 85
1669_0206_0236_0066_0066.jpg 1 206 236 66 66
1670_0426_0144_0025_0025.jpg 1 426 144 25 25
1671_0097_0091_0086_0086.jpg 1 97 91 86 86
1672_0128_0117_0036_0036.jpg 1 128 117 36 36
1673_0195_0049_0093_0093.jpg 1 195 49 93 93
1674_0073_0056_0065_0065.jpg 1 73 56 65 65
1675_0125_0083_0101_0101.jpg 1 125 83 101 101
1676_0438_0143_0093_0093.jpg 1 438 143 93 93
1677_0330_0201_0110_0110.jpg 1 330 201 110 110
1678_0331_0189_0036_0036.jpg 1 331 189 36 36
1679_0085_0151_0070_0070.jpg 1 85 151 70 70
1680_0082_0043_0074_0074.jpg 1 82 43 74 74
1681_0082_0445_0119_0119.jpg 1 82 445 119 119
1682_0421_0191_0057_0057.jpg 1 421 191 57 57
1683_0107_0057_0037_0037.jpg 1 107 57 37 37
1684_0457_0191_0080_0080.jpg 1 457 191 80 80
1685_0049_0155_0082_0082.jpg 1 49 155 82 82
1686_0063_0124_0088_0088.jpg 1 63 124 88 88
1687_0126_0108_0082_0082.jpg 1 126 108 82 82
1688_0395_0227_0040_0040.jpg 1 395 227 40 40
1689_0106_0101_0123_0123.jpg 1 106 101 123 123
1690_0495_0311_0050_0050.jpg 1 495 311 50 50
1691_0497_0064_0064_0064.jpg 1 497 64 64 64
1692_0238_0120_0047_0047.jpg 1 238 120 47 47
1693_0049_0105_0039_0039.jpg 1 49 105 39 39
1694_0086_0068_0128_0128.jpg 1 86 68 128 128
1695_0104_0180_0108_0108.jpg 1 104 180 108 108
1696_0177_0343_0081_0081.jpg 1 177 343 81 81
1697_0099_0068_0100_0100.jpg 1 99 68 100 100
1698_0380_0283_0128_0128.jpg 1 380 283 128 128
1699_0132_0322_0036_0036.jpg 1 132 322 36 36
1700_0051_0039_0114_0114.jpg 1 51 39 114 114
1701_0133_0458_0029_0029.jpg 1 133 458 29 29
1702_0018_0035_0091_0091.jpg 1 18 35 91 91
1703_0222_0147_0037_0037.jpg 1 222 147 37 37
1704_0191_0280_0079_0079.jpg 1 191 280 79 79
1705_0084_0027_0068_0068.jpg 1 84 27 68 68
1706_0155_0167_0038_0038.jpg 1 155 167 38 38
1707_0039_0119_0092_0092.jpg 1 39 119 92 92
1708_0063_0067_0057_0057.jpg 1 63 67 57 57
1709_0114_0281_0102_0102.jpg 1 114 281 102 102
1710_0311_0101_0069_0069.jpg 1 311 101 69 69
1711_0501_0302_0071_0071.jpg 1 501 302 71 71
1712_0184_0250_0125_0125.jpg 1 184 250 125 125
1713_0242_0207_0072_0072.jpg 1 242 207 72 72
1714_0080_0047_0122_0122.jpg 1 80 47 122 122
1715_0304_0273_0044_0044.jpg 1 304 273 44 44
1716_0341_0271_0030_0030.jpg 1 341 271 30 30
1717_0130_0044_0040_0040.jpg 1 130 44 40 40
1718_0201_0224_0071_0071.jpg 1 201 224 71 71
1719_0095_0307_0077_0077.jpg 1 95 307 77 77
1720_0299_0419_0061_0061.jpg 1 299 419 61 61
1721_0429_0310_0067_0067.jpg 1 429 310 67 67
1722_0391_0129_0093_0093.jpg 1 391 129 93 93
1723_0182_0391_0028_0028.jpg 1 182 391 28 28
1724_0045_0060_0038_0038.jpg 1 45 60 38 38
1725_0088_0029_0039_0039.jpg 1 88 29 39 39
1726_0168_0093_0045_0045.jpg 1 168 93 45 45
1727_0298_0333_0101_0101.jpg 1 298 333 101 101
1728_0174_0092_0093_0093.jpg 1 174 92 93 93
1729_0394_0090_0097_0097.jpg 1 394 90 97 97
1730_0206_0113_0077_0077.jpg 1 206 113 77 77
1731_0323_0509_0058_0058.jpg 1 323 509 58 58
1732_0049_0088_0128_0128.jpg 1 49 88 128 128
1733_0132_0098_0035_0035.jpg 1 132 98 35 35
1734_0311_0122_0043_0043.jpg 1 311 122 43 43
1735_0222_0042_0051_0051.jpg 1 222 42 51 51
1736_0013_0091_0114_0114.jpg 1 13 91 114 114
1737_0132_0176_0067_0067.jpg 1 132 176 67 67
1738_0037_0029_0118_0118.jpg 1 37 29 118 118
1739_0315_0312_0056_0056.jpg 1 315 312 56 56
1740_0095_0125_0095_0095.jpg 1 95 125 95 95
1741_0097_0176_0094_0094.jpg 1 97 176 94 94
1742_0055_0047_0108_0108.jpg 1 55 47 108 108
1743_0231_0115_0086_0086.jpg 1 231 115 86 86
1744_0205_0099_0036_0036.jpg 1 205 99 36 36
1745_0137_0141_0054_0054.jpg 1 137 141 54 54
1746_0101_0080_0104_0104.jpg 1 101 80 104 104
1747_0170_0192_0077_0077.jpg 1 170 192 77 77
1748_0060_0095_0038_0038.jpg 1 60 95 38 38
1749_0246_0200_0065_0065.jpg 1 246 200 65 65
1750_0308_0178_0035_0035.jpg 1 308 178 35 35
1751_0150_0354_0063_0063.jpg 1 150 354 63 63
1752_0224_0120_0060_0060.jpg 1 224 120 60 60
1753_0179_0389_0115_0115.jpg 1 179 389 115 115
1754_0151_0376_0029_0029.jpg 1 151 376 29 29
1755_0084_0239_0070_0070.jpg 1 84 239 70 70
1756_0077_0127_0089_0089.jpg 1 77 127 89 89
1757_0366_0054_0099_0099.jpg 1 366 54 99 99
1758_0155_0104_0094_0094.jpg 1 155 104 94 94
1759_0011_0123_0062_0062.jpg 1 11 123 62 62
1760_0109_0090_0093_0093.jpg 1 109 90 93 93
1761_0176_0428_0048_0048.jpg 1 176 428 48 48
1762_0166_0036_0058_0058.jpg 1 166 36 58 58
1763_0276_0201_0085_0085.jpg 1 276 201 85 85
1764_0189_0056_0053_0053.jpg 1 189 56 53 53
1765_0266_0198_0074_0074.jpg 1 266 198 74 74
1766_0075_0030_0086_0086.jpg 1 75 30 86 86
1767_0189_0109_0072_0072.jpg 1 189 109 72 72
1768_0133_0092_0113_0113.jpg 1 133 92 113 113
1769_0145_0295_0098_0098.jpg 1 145 295 98 98
1770_0035_0101_0126_0126.jpg 1 35 101 126 126
1771_0043_0146_0056_0056.jpg 1 43 146 56 56
1772_0332_0480_0088_0088.jpg 1 332 480 88 88
1773_0188_0103_0108_0108.jpg 1 188 103 108 108
1774_0199_0127_0048_0048.jpg 1 199 127 48 48
1775_0039_0056_0080_0080.jpg 1 39 56 80 80
1776_0446_0195_0041_0041.jpg 1 446 195 41 41
1777_0093_0368_0049_0049.jpg 1 93 368 49 49
1778_0089_0169_0129_0129.jpg 1 89 169 129 129
1779_0058_0228_0124_0124.jpg 1 58 228 124 124
1780_0324_0327_0028_0028.jpg 1 324 327 28 28
1781_0145_0038_0092_0092.jpg 1 145 38 92 92
1782_0052_0116_0085_0085.jpg 1 52 116 85 85
1783_0117_0363_0062_0062.jpg 1 117 363 62 62
1784_0055_0132_0059_0059.jpg 1 55 132 59 59
1785_0117_0181_0058_0058.jpg 1 117 181 58 58
1786_0233_0181_0051_0051.jpg 1 233 181 51 51
1787_0213_0091_0024_0024.jpg 1 213 91 24 24
1788_0087_0411_0055_0055.jpg 1 87 411 55 55
1789_0301_0073_0028_0028.jpg 1 301 73 28 28
1790_0080_0026_0126_0126.jpg 1 80 26 126 126
1791_0042_0134_0037_0037.jpg 1 42 134 37 37
1792_0344_0098_0045_0045.jpg 1 344 98 45 45
1793_0197_0064_0090_0090.jpg 1 197 64 90 90
1794_0147_0178_0104_0104.jpg 1 147 178 104 104
1795_0399_0180_0063_0063.jpg 1 399 180 63 63
1796_0290_0088_0075_0075.jpg 1 290 88 75 75
1797_0069_0099_0076_0076.jpg 1 69 99 76 76
1798_0117_0116_0025_0025.jpg 1 117 116 25 25
1799_0176_0247_0029_0029.jpg 1 176 247 29 29
1800_0128_0016_0088_0088.jpg 1 128 16 88 88
1801_0321_0365_0092_0092.jpg 1 321 365 92 92
1802_0043_0484_0098_0098.jpg 1 43 484 98 98
1803_0111_0128_0047_0047.jpg 1 111 128 47 47
1804_0053_0140_0060_0060.jpg 1 53 140 60 60
1805_0237_0239_0055_0055.jpg 1 237 239 55 55
1806_0111_0041_0121_0121.jpg 1 111 41 121 121
1807_0084_0034_0056_0056.jpg 1 84 34 56 56
1808_0034_0037_0077_0077.jpg 1 34 37 77 77
1809_0450_0094_0100_0100.jpg 1 450 94 100 100
1810_0111_0098_0114_0114.jpg 1 111 98 114 114
1811_0183_0025_0064_0064.jpg 1 183 25 64 64
1812_0384_0325_0085_0085.jpg 1 384 325 85 85
1813_0199_0117_0078_0078.jpg 1 199 117 78 78
1814_0162_0183_0095_0095.jpg 1 162 183 95 95
1815_0037_0118_0097_0097.jpg 1 37 118 97 97
1816_0178_0060_0028_0028.jpg 1 178 60 28 28
1817_0366_0133_0031_0031.jpg 1 366 133 31 31
1818_0215_0191_0088_0088.jpg 1 215 191 88 88
1819_0351_0259_0074_0074.jpg 1 351 259 74 74
1820_0125_0111_0075_0075.jpg 1 125 111 75 75
1821_0111_0061_0067_0067.jpg 1 111 61 67 67
1822_0115_0459_0101_0101.jpg 1 115 459 101 101
1823_0072_0073_0048_0048.jpg 1 72 73 48 48
1824_0039_0174_0037_0037.jpg 1 39 174 37 37
1825_0126_0342_0084_0084.jpg 1 126 342 84 84
1826_0186_0114_0068_0068.jpg 1 186 114 68 68
1827_0215_0267_0128_0128.jpg 1 215 267 128 128
1828_0279_0253_0050_0050.jpg 1 279 253 50 50
1829_0057_0066_0097_0097.jpg 1 57 66 97 97
1830_0471_0254_0044_0044.jpg 1 471 254 44 44
1831_0015_0075_0093_0093.jpg 1 15 75 93 93
1832_0261_0075_0068_0068.jpg 1 261 75 68 68
1833_0447_0084_0028_0028.jpg 1 447 84 28 28
1834_0047_0035_0068_0068.jpg 1 47 35 68 68
1835_0096_0122_0055_0055.jpg 1 96 122 55 55
1836_0148_0062_0112_0112.jpg 1 148 62 112 112
1837_0026_0177_0038_0038.jpg 1 26 177 38 38
1838_0055_0138_0039_0039.jpg 1 55 138 39 39
1839_0067_0127_0063_0063.jpg 1 67 127 63 63
1840_0029_0126_0092_0092.jpg 1 29 126 92 92
1841_0028_0114_0107_0107.jpg 1 28 114 107 107
1842_0209_0295_0041_0041.jpg 1 209 295 41 41
1843_0113_0017_0114_0114.jpg 1 113 17 114 114
1844_0193_0143_0100_0100.jpg 1 193 143 100 100
1845_0068_0039_0098_0098.jpg 1 68 39 98 98
1846_0458_0310_0079_0079.jpg 1 458 310 79 79
1847_0272_0070_0095_0095.jpg 1 272 70 95 95
1848_0432_0099_0073_0073.jpg 1 432 99 73 73
1849_0029_0093_0073_0073.jpg 1 29 93 73 73
1850_0287_0358_0058_0058.jpg 1 287 358 58 58
1851_0237_0176_0079_0079.jpg 1 237 176 79 79
1852_0236_0187_0084_0084.jpg 1 236 187 84 84
1853_0168_0013_0105_0105.jpg 1 168 13 105 105
1854_0105_0059_0102_0102.jpg 1 105 59 102 102
1855_0270_0386_0032_0032.jpg 1 270 386 32 32
1856_0103_0133_0037_0037.jpg 1 103 133 37 37
1857_0181_0082_0073_0073.jpg 1 181 82 73 73
1858_0190_0082_0093_0093.jpg 1 190 82 93 93
1859_0015_0101_0056_0056.jpg 1 15 101 56 56
1860_0031_0103_0047_0047.jpg 1 31 103 47 47
1861_0350_0316_0056_0056.jpg 1 350 316 56 56
1862_0284_0296_0104_0104.jpg 1 284 296 104 104
1863_0063_0118_0047_0047.jpg 1 63 118 47 47
1864_0059_0052_0120_0120.jpg 1 59 52 120 120
1865_0122_0136_0086_0086.jpg 1 122 136 86 86
1866_0203_0092_0062_0062.jpg 1 203 92 62 62
1867_0012_0084_0103_0103.jpg 1 12 84 103 103
1868_0075_0121_0077_0077.jpg 1 75 121 77 77
1869_0397_0210_0071_0071.jpg 1 397 210 71 71
1870_0447_0141_0038_0038.jpg 1 447 141 38 38
1871_0184_0103_0041_0041.jpg 1 184 103 41 41
1872_0130_0017_0068_0068.jpg 1 130 17 68 68
1873_0290_0230_0082_0082.jpg 1 290 230 82 82
1874_0150_0067_0059_0059.jpg 1 150 67 59 59
1875_0087_0083_0045_0045.jpg 1 87 83 45 45
1876_0100_0086_0024_0024.jpg 1 100 86 24 24
1877_0302_0116_0032_0032.jpg 1 302 116 32 32
1878_0141_0222_0086_0086.jpg 1 141 222 86 86
1879_0334_0264_0088_0088.jpg 1 334 264 88 88
1880_0028_0095_0069_0069.jpg 1 28 95 69 69
1881_0271_0326_0052_0052.jpg 1 271 326 52 52
1882_0519_0379_0045_0045.jpg 1 519 379 45 45
1883_0134_0031_0079_0079.jpg 1 134 31 79 79
1884_0086_0121_0079_0079.jpg 1 86 121 79 79
1885_0469_0221_0093_0093.jpg 1 469 221 93 93
1886_0145_0093_0095_0095.jpg 1 145 93 95 95
1887_0182_0108_0104_0104.jpg 1 182 108 104 104
1888_0065_0246_0092_0092.jpg 1 65 246 92 92
1889_0362_0239_0111_0111.jpg 1 362 239 111 111
1890_0211_0049_0057_0057.jpg 1 211 49 57 57
1891_0170_0030_0045_0045.jpg 1 170 30 45 45
1892_0151_0092_0063_0063.jpg 1 151 92 63 63
1893_0239_0078_0062_0062.jpg 1 239 78 62 62
1894_0315_0484_0050_0050.jpg 1 315 484 50 50
1895_0038_0062_0113_0113.jpg 1 38 62 113 113
1896_0492_0318_0026_0026.jpg 1 492 318 26 26
1897_0476_0265_0105_0105.jpg 1 476 265 105 105
1898_0402_0084_0117_0117.jpg 1 402 84 117 117
1899_0019_0057_0123_0123.jpg 1 19 57 123 123
1900_0045_0068_0061_0061.jpg 1 45 68 61 61
1901_0037_0177_0024_0024.jpg 1 37 177 24 24
1902_0251_0441_0117_0117.jpg 1 251 441 117 117
1903_0149_0266_0101_0101.jpg 1 149 266 101 101
1904_0129_0044_0036_0036.jpg 1 129 44 36 36
1905_0133_0533_0041_0041.jpg 1 133 533 41 41
1906_0083_0113_0032_0032.jpg 1 83 113 32 32
1907_0397_0157_0098_0098.jpg 1 397 157 98 98
1908_0203_0038_0067_0067.jpg 1 203 38 67 67
1909_0057_0120_0091_0091.jpg 1 57 120 91 91
1910_0151_0057_0086_0086.jpg 1 151 57 86 86
1911_0206_0224_0040_0040.jpg 1 206 224 40 40
1912_0219_0221_0099_0099.jpg 1 219 221 99 99
1913_0131_0148_0074_0074.jpg 1 131 148 74 74
1914_0068_0076_0072_0072.jpg 1 68 76 72 72
1915_0177_0068_0039_0039.jpg 1 177 68 39 39
1916_0206_0056_0024_0024.jpg 1 206 56 24 24
1917_0139_0175_0095_0095.jpg 1 139 175 95 95
1918_0322_0304_0099_0099.jpg 1 322 304 99 99
1919_0036_0018_0087_0087.jpg 1 36 18 87 87
1920_0062_0155_0059_0059.jpg 1 62 155 59 59
1921_0181_0110_0113_0113.jpg 1 181 110 113 113
1922_0321_0071_0103_0103.jpg 1 321 71 103 103
1923_0538_0296_0024_0024.jpg 1 538 296 24 24
1924_0110_0025_0037_0037.jpg 1 110 25 37 37
1925_0121_0088_0106_0106.jpg 1 121 88 106 106
1926_0113_0214_0086_0086.jpg 1 113 214 86 86
1927_0277_0081_0026_0026.jpg 1 277 81 26 26
1928_0051_0022_0097_0097.jpg 1 51 22 97 97
1929_0016_0121_0092_0092.jpg 1 16 121 92 92
1930_0417_0213_0072_0072.jpg 1 417 213 72 72
1931_0061_0059_0025_0025.jpg 1 61 59 25 25
1932_0069_0035_0069_0069.jpg 1 69 35 69 69
1933_0160_0133_0040_0040.jpg 1 160 133 40 40
1934_0030_0042_0112_0112.jpg 1 30 42 112 112
1935_0189_0229_0034_0034.jpg 1 189 229 34 34
1936_0049_0471_0073_0073.jpg 1 49 471 73 73
1937_0174_0076_0116_0116.jpg 1 174 76 116 116
1938_0172_0189_0034_0034.jpg 1 172 189 34 34
1939_0238_0134_0071_0071.jpg 1 238 134 71 71
1940_0197_0105_0079_0079.jpg 1 197 105 79 79
1941_0018_0042_0076_0076.jpg 1 18 42 76 76
1942_0151_0085_0093_0093.jpg 1 151 85 93 93
1943_0022_0044_0127_0127.jpg 1 22 44 127 127
1944_0440_0268_0048_0048.jpg 1 440 268 48 48
1945_0188_0309_0040_0040.jpg 1 188 309 40 40
1946_0097_0031_0129_0129.jpg 1 97 31 129 129
1947_0448_0345_0095_0095.jpg 1 448 345 95 95
1948_0355_0039_0106_0106.jpg 1 355 39 106 106
1949_0155_0082_0124_0124.jpg 1 155 82 124 124
1950_0070_0060_0106_0106.jpg 1 70 60 106 106
