0001_0070_0067_0118_0118.jpg 1 70 67 118 118
0002_0266_0368_0047_0047.jpg 1 266 368 47 47
0003_0116_0056_0156_0156.jpg 1 116 56 156 156
0004_0060_0064_0163_0163.jpg 1 60 64 163 163
0005_0059_0064_0117_0117.jpg 1 59 64 117 117
0006_0115_0062_0127_0127.jpg 1 115 62 127 127
0007_0362_0052_0162_0162.jpg 1 362 52 162 162
0008_0313_0192_0086_0086.jpg 1 313 192 86 86
0009_0361_0050_0154_0154.jpg 1 361 50 154 154
0010_0033_0127_0053_0053.jpg 1 33 127 53 53
0011_0129_0004_0146_0146.jpg 1 129 4 146 146
0012_0118_0014_0127_0127.jpg 1 118 14 127 127
0013_0551_0138_0027_0027.jpg 1 551 138 27 27
0014_0179_0084_0116_0116.jpg 1 179 84 116 116
0015_0200_0289_0114_0114.jpg 1 200 289 114 114
0016_0013_0023_0137_0137.jpg 1 13 23 137 137
0017_0037_0157_0034_0034.jpg 1 37 157 34 34
0018_0071_0115_0081_0081.jpg 1 71 115 81 81
0019_0122_0122_0086_0086.jpg 1 122 122 86 86
0020_0031_0098_0120_0120.jpg 1 31 98 120 120
0021_0160_0041_0071_0071.jpg 1 160 41 71 71
0022_0010_0085_0081_0081.jpg 1 10 85 81 81
0023_0076_0491_0044_0044.jpg 1 76 491 44 44
0024_0282_0307_0066_0066.jpg 1 282 307 66 66
0025_0466_0303_0112_0112.jpg 1 466 303 112 112
0026_0065_0090_0030_0030.jpg 1 65 90 30 30
0027_0190_0072_0152_0152.jpg 1 190 72 152 152
0028_0085_0011_0147_0147.jpg 1 85 11 147 147
0029_0131_0250_0111_0111.jpg 1 131 250 111 111
0030_0102_0069_0162_0162.jpg 1 102 69 162 162
0031_0132_0101_0100_0100.jpg 1 132 101 100 100
0032_0034_0266_0157_0157.jpg 1 34 266 157 157
0033_0320_0232_0094_0094.jpg 1 320 232 94 94
0034_0075_0148_0126_0126.jpg 1 75 148 126 126
0035_0018_0058_0141_0141.jpg 1 18 58 141 141
0036_0176_0195_0056_0056.jpg 1 176 195 56 56
0037_0078_0042_0128_0128.jpg 1 78 42 128 128
0038_0032_0034_0156_0156.jpg 1 32 34 156 156
0039_0148_0249_0121_0121.jpg 1 148 249 121 121
0040_0018_0097_0122_0122.jpg 1 18 97 122 122
0041_0113_0203_0063_0063.jpg 1 113 203 63 63
0042_0346_0252_0157_0157.jpg 1 346 252 157 157
0043_0428_0272_0107_0107.jpg 1 428 272 107 107
0044_0140_0052_0099_0099.jpg 1 140 52 99 99
0045_0085_0150_0101_0101.jpg 1 85 150 101 101
0046_0491_0045_0084_0084.jpg 1 491 45 84 84
0047_0101_0422_0094_0094.jpg 1 101 422 94 94
0048_0170_0234_0151_0151.jpg 1 170 234 151 151
0049_0173_0126_0028_0028.jpg 1 173 126 28 28
0050_0036_0052_0162_0162.jpg 1 36 52 162 162
0051_0364_0151_0045_0045.jpg 1 364 151 45 45
0052_0116_0334_0060_0060.jpg 1 116 334 60 60
0053_0144_0083_0118_0118.jpg 1 144 83 118 118
0054_0064_0095_0061_0061.jpg 1 64 95 61 61
0055_0017_0020_0144_0144.jpg 1 17 20 144 144
0056_0436_0242_0045_0045.jpg 1 436 242 45 45
0057_0070_0006_0164_0164.jpg 1 70 6 164 164
0058_0085_0272_0089_0089.jpg 1 85 272 89 89
0059_0293_0219_0166_0166.jpg 1 293 219 166 166
0060_0360_0213_0153_0153.jpg 1 360 213 153 153
0061_0215_0217_0104_0104.jpg 1 215 217 104 104
0062_0013_0050_0071_0071.jpg 1 13 50 71 71
0063_0308_0103_0155_0155.jpg 1 308 103 155 155
0064_0013_0045_0138_0138.jpg 1 13 45 138 138
0065_0305_0416_0073_0073.jpg 1 305 416 73 73
0066_0153_0307_0077_0077.jpg 1 153 307 77 77
0067_0221_0177_0086_0086.jpg 1 221 177 86 86
0068_0016_0029_0136_0136.jpg 1 16 29 136 136
0069_0345_0134_0038_0038.jpg 1 345 134 38 38
0070_0069_0212_0167_0167.jpg 1 69 212 167 167
0071_0095_0316_0092_0092.jpg 1 95 316 92 92
0072_0097_0140_0106_0106.jpg 1 97 140 106 106
0073_0170_0298_0127_0127.jpg 1 170 298 127 127
0074_0370_0148_0107_0107.jpg 1 370 148 107 107
0075_0044_0029_0129_0129.jpg 1 44 29 129 129
0076_0022_0097_0092_0092.jpg 1 22 97 92 92
0077_0198_0333_0031_0031.jpg 1 198 333 31 31
0078_0061_0054_0096_0096.jpg 1 61 54 96 96
0079_0030_0049_0099_0099.jpg 1 30 49 99 99
0080_0252_0040_0027_0027.jpg 1 252 40 27 27
0081_0490_0087_0067_0067.jpg 1 490 87 67 67
0082_0067_0045_0140_0140.jpg 1 67 45 140 140
0083_0336_0213_0089_0089.jpg 1 336 213 89 89
0084_0214_0162_0133_0133.jpg 1 214 162 133 133
0085_0155_0062_0048_0048.jpg 1 155 62 48 48
0086_0318_0069_0039_0039.jpg 1 318 69 39 39
0087_0218_0281_0115_0115.jpg 1 218 281 115 115
0088_0109_0344_0051_0051.jpg 1 109 344 51 51
0089_0056_0116_0085_0085.jpg 1 56 116 85 85
0090_0214_0176_0041_0041.jpg 1 214 176 41 41
0091_0307_0274_0142_0142.jpg 1 307 274 142 142
0092_0273_0094_0108_0108.jpg 1 273 94 108 108
0093_0022_0075_0107_0107.jpg 1 22 75 107 107
0094_0059_0142_0102_0102.jpg 1 59 142 102 102
0095_0136_0023_0157_0157.jpg 1 136 23 157 157
0096_0110_0205_0167_0167.jpg 1 110 205 167 167
0097_0016_0050_0154_0154.jpg 1 16 50 154 154
0098_0250_0209_0128_0128.jpg 1 250 209 128 128
0099_0049_0012_0120_0120.jpg 1 49 12 120 120
0100_0058_0129_0123_0123.jpg 1 58 129 123 123
0101_0266_0056_0136_0136.jpg 1 266 56 136 136
0102_0483_0244_0026_0026.jpg 1 483 244 26 26
0103_0146_0048_0075_0075.jpg 1 146 48 75 75
0104_0290_0163_0061_0061.jpg 1 290 163 61 61
0105_0487_0041_0054_0054.jpg 1 487 41 54 54
0106_0079_0054_0075_0075.jpg 1 79 54 75 75
0107_0040_0045_0108_0108.jpg 1 40 45 108 108
0108_0016_0038_0140_0140.jpg 1 16 38 140 140
0109_0200_0075_0096_0096.jpg 1 200 75 96 96
0110_0219_0137_0063_0063.jpg 1 219 137 63 63
0111_0063_0100_0071_0071.jpg 1 63 100 71 71
0112_0221_0139_0115_0115.jpg 1 221 139 115 115
0113_0318_0081_0037_0037.jpg 1 318 81 37 37
0114_0183_0137_0138_0138.jpg 1 183 137 138 138
0115_0091_0143_0039_0039.jpg 1 91 143 39 39
0116_0311_0132_0033_0033.jpg 1 311 132 33 33
0117_0423_0188_0164_0164.jpg 1 423 188 164 164
0118_0036_0021_0127_0127.jpg 1 36 21 127 127
