0001_0039_0041_0128_0128.jpg 1 39 41 128 128
0002_0032_0023_0121_0121.jpg 1 32 23 121 121
0003_0070_0116_0127_0127.jpg 1 70 116 127 127
0004_0078_0047_0035_0035.jpg 1 78 47 35 35
0005_0317_0294_0111_0111.jpg 1 317 294 111 111
0006_0031_0017_0124_0124.jpg 1 31 17 124 124
0007_0081_0081_0118_0118.jpg 1 81 81 118 118
0008_0299_0179_0077_0077.jpg 1 299 179 77 77
0009_0048_0084_0097_0097.jpg 1 48 84 97 97
0010_0151_0058_0102_0102.jpg 1 151 58 102 102
0011_0403_0051_0102_0102.jpg 1 403 51 102 102
0012_0187_0276_0074_0074.jpg 1 187 276 74 74
0013_0227_0087_0110_0110.jpg 1 227 87 110 110
0014_0064_0054_0051_0051.jpg 1 64 54 51 51
0015_0246_0066_0116_0116.jpg 1 246 66 116 116
0016_0072_0226_0092_0092.jpg 1 72 226 92 92
0017_0325_0173_0116_0116.jpg 1 325 173 116 116
0018_0055_0142_0120_0120.jpg 1 55 142 120 120
0019_0165_0138_0036_0036.jpg 1 165 138 36 36
0020_0026_0163_0036_0036.jpg 1 26 163 36 36
0021_0359_0323_0082_0082.jpg 1 359 323 82 82
0022_0044_0058_0119_0119.jpg 1 44 58 119 119
0023_0287_0110_0070_0070.jpg 1 287 110 70 70
0024_0252_0165_0124_0124.jpg 1 252 165 124 124
0025_0272_0337_0101_0101.jpg 1 272 337 101 101
0026_0166_0233_0054_0054.jpg 1 166 233 54 54
0027_0164_0077_0045_0045.jpg 1 164 77 45 45
0028_0390_0128_0051_0051.jpg 1 390 128 51 51
0029_0208_0144_0061_0061.jpg 1 208 144 61 61
0030_0243_0118_0054_0054.jpg 1 243 118 54 54
0031_0278_0195_0033_0033.jpg 1 278 195 33 33
0032_0162_0124_0076_0076.jpg 1 162 124 76 76
0033_0417_0290_0111_0111.jpg 1 417 290 111 111
0034_0055_0030_0068_0068.jpg 1 55 30 68 68
0035_0024_0114_0060_0060.jpg 1 24 114 60 60
0036_0274_0278_0065_0065.jpg 1 274 278 65 65
0037_0299_0087_0070_0070.jpg 1 299 87 70 70
0038_0504_0213_0051_0051.jpg 1 504 213 51 51
0039_0045_0115_0098_0098.jpg 1 45 115 98 98
0040_0324_0170_0108_0108.jpg 1 324 170 108 108
0041_0066_0070_0048_0048.jpg 1 66 70 48 48
0042_0012_0050_0119_0119.jpg 1 12 50 119 119
0043_0093_0045_0113_0113.jpg 1 93 45 113 113
0044_0252_0483_0084_0084.jpg 1 252 483 84 84
0045_0440_0264_0098_0098.jpg 1 440 264 98 98
0046_0266_0323_0082_0082.jpg 1 266 323 82 82
0047_0181_0271_0114_0114.jpg 1 181 271 114 114
0048_0150_0033_0057_0057.jpg 1 150 33 57 57
0049_0031_0075_0095_0095.jpg 1 31 75 95 95
0050_0187_0141_0107_0107.jpg 1 187 141 107 107
0051_0192_0198_0117_0117.jpg 1 192 198 117 117
0052_0026_0096_0120_0120.jpg 1 26 96 120 120
0053_0435_0103_0081_0081.jpg 1 435 103 81 81
0054_0472_0060_0028_0028.jpg 1 472 60 28 28
0055_0071_0119_0105_0105.jpg 1 71 119 105 105
0056_0273_0383_0096_0096.jpg 1 273 383 96 96
0057_0100_0086_0112_0112.jpg 1 100 86 112 112
0058_0352_0153_0080_0080.jpg 1 352 153 80 80
0059_0418_0110_0052_0052.jpg 1 418 110 52 52
0060_0342_0254_0040_0040.jpg 1 342 254 40 40
0061_0009_0091_0128_0128.jpg 1 9 91 128 128
0062_0100_0223_0097_0097.jpg 1 100 223 97 97
0063_0323_0179_0098_0098.jpg 1 323 179 98 98
0064_0014_0040_0092_0092.jpg 1 14 40 92 92
0065_0170_0069_0063_0063.jpg 1 170 69 63 63
0066_0188_0106_0073_0073.jpg 1 188 106 73 73
0067_0113_0253_0053_0053.jpg 1 113 253 53 53
0068_0201_0332_0075_0075.jpg 1 201 332 75 75
0069_0195_0076_0082_0082.jpg 1 195 76 82 82
0070_0186_0021_0101_0101.jpg 1 186 21 101 101
0071_0108_0063_0042_0042.jpg 1 108 63 42 42
0072_0077_0035_0097_0097.jpg 1 77 35 97 97
0073_0073_0390_0055_0055.jpg 1 73 390 55 55
0074_0220_0137_0122_0122.jpg 1 220 137 122 122
0075_0032_0020_0113_0113.jpg 1 32 20 113 113
0076_0048_0149_0059_0059.jpg 1 48 149 59 59
0077_0274_0207_0065_0065.jpg 1 274 207 65 65
0078_0037_0104_0046_0046.jpg 1 37 104 46 46
0079_0106_0185_0106_0106.jpg 1 106 185 106 106
0080_0460_0116_0088_0088.jpg 1 460 116 88 88
0081_0152_0084_0031_0031.jpg 1 152 84 31 31
0082_0185_0281_0081_0081.jpg 1 185 281 81 81
0083_0116_0030_0072_0072.jpg 1 116 30 72 72
0084_0413_0390_0028_0028.jpg 1 413 390 28 28
0085_0408_0152_0116_0116.jpg 1 408 152 116 116
0086_0136_0406_0090_0090.jpg 1 136 406 90 90
0087_0196_0281_0050_0050.jpg 1 196 281 50 50
0088_0339_0353_0026_0026.jpg 1 339 353 26 26
0089_0435_0174_0057_0057.jpg 1 435 174 57 57
0090_0376_0272_0054_0054.jpg 1 376 272 54 54
0091_0467_0189_0059_0059.jpg 1 467 189 59 59
0092_0080_0017_0130_0130.jpg 1 80 17 130 130
0093_0044_0101_0068_0068.jpg 1 44 101 68 68
0094_0252_0139_0091_0091.jpg 1 252 139 91 91
0095_0500_0184_0079_0079.jpg 1 500 184 79 79
0096_0122_0101_0086_0086.jpg 1 122 101 86 86
0097_0453_0305_0125_0125.jpg 1 453 305 125 125
0098_0164_0140_0072_0072.jpg 1 164 140 72 72
0099_0103_0100_0060_0060.jpg 1 103 100 60 60
0100_0107_0229_0062_0062.jpg 1 107 229 62 62
0101_0048_0023_0054_0054.jpg 1 48 23 54 54
0102_0068_0173_0033_0033.jpg 1 68 173 33 33
0103_0068_0098_0048_0048.jpg 1 68 98 48 48
0104_0097_0143_0126_0126.jpg 1 97 143 126 126
0105_0038_0130_0024_0024.jpg 1 38 130 24 24
0106_0064_0078_0092_0092.jpg 1 64 78 92 92
0107_0370_0263_0081_0081.jpg 1 370 263 81 81
0108_0056_0036_0027_0027.jpg 1 56 36 27 27
0109_0166_0069_0078_0078.jpg 1 166 69 78 78
0110_0283_0154_0024_0024.jpg 1 283 154 24 24
0111_0087_0082_0070_0070.jpg 1 87 82 70 70
0112_0185_0301_0080_0080.jpg 1 185 301 80 80
0113_0184_0092_0038_0038.jpg 1 184 92 38 38
0114_0160_0143_0104_0104.jpg 1 160 143 104 104
0115_0121_0131_0080_0080.jpg 1 121 131 80 80
0116_0246_0054_0087_0087.jpg 1 246 54 87 87
0117_0048_0103_0115_0115.jpg 1 48 103 115 115
0118_0147_0068_0039_0039.jpg 1 147 68 39 39
0119_0396_0145_0116_0116.jpg 1 396 145 116 116
0120_0072_0365_0089_0089.jpg 1 72 365 89 89
0121_0097_0167_0119_0119.jpg 1 97 167 119 119
0122_0055_0074_0069_0069.jpg 1 55 74 69 69
0123_0156_0119_0062_0062.jpg 1 156 119 62 62
0124_0132_0142_0060_0060.jpg 1 132 142 60 60
0125_0411_0258_0037_0037.jpg 1 411 258 37 37
0126_0016_0021_0104_0104.jpg 1 16 21 104 104
0127_0298_0051_0074_0074.jpg 1 298 51 74 74
0128_0171_0164_0105_0105.jpg 1 171 164 105 105
0129_0100_0100_0041_0041.jpg 1 100 100 41 41
0130_0186_0100_0104_0104.jpg 1 186 100 104 104
0131_0199_0061_0072_0072.jpg 1 199 61 72 72
0132_0010_0075_0127_0127.jpg 1 10 75 127 127
0133_0304_0075_0124_0124.jpg 1 304 75 124 124
0134_0018_0069_0128_0128.jpg 1 18 69 128 128
0135_0547_0061_0028_0028.jpg 1 547 61 28 28
0136_0084_0018_0124_0124.jpg 1 84 18 124 124
0137_0096_0062_0054_0054.jpg 1 96 62 54 54
0138_0046_0045_0053_0053.jpg 1 46 45 53 53
0139_0523_0384_0052_0052.jpg 1 523 384 52 52
0140_0023_0054_0081_0081.jpg 1 23 54 81 81
0141_0049_0090_0091_0091.jpg 1 49 90 91 91
0142_0358_0204_0105_0105.jpg 1 358 204 105 105
0143_0069_0028_0127_0127.jpg 1 69 28 127 127
0144_0115_0023_0124_0124.jpg 1 115 23 124 124
0145_0430_0228_0079_0079.jpg 1 430 228 79 79
0146_0106_0343_0061_0061.jpg 1 106 343 61 61
0147_0147_0054_0111_0111.jpg 1 147 54 111 111
0148_0324_0323_0061_0061.jpg 1 324 323 61 61
0149_0256_0151_0110_0110.jpg 1 256 151 110 110
0150_0307_0203_0031_0031.jpg 1 307 203 31 31
0151_0182_0045_0037_0037.jpg 1 182 45 37 37
0152_0037_0107_0124_0124.jpg 1 37 107 124 124
0153_0041_0062_0122_0122.jpg 1 41 62 122 122
0154_0147_0060_0124_0124.jpg 1 147 60 124 124
0155_0130_0222_0074_0074.jpg 1 130 222 74 74
0156_0035_0050_0129_0129.jpg 1 35 50 129 129
0157_0050_0170_0049_0049.jpg 1 50 170 49 49
0158_0026_0055_0128_0128.jpg 1 26 55 128 128
0159_0119_0050_0113_0113.jpg 1 119 50 113 113
0160_0390_0304_0051_0051.jpg 1 390 304 51 51
0161_0045_0022_0066_0066.jpg 1 45 22 66 66
0162_0148_0158_0036_0036.jpg 1 148 158 36 36
0163_0027_0065_0119_0119.jpg 1 27 65 119 119
0164_0495_0354_0081_0081.jpg 1 495 354 81 81
0165_0404_0307_0093_0093.jpg 1 404 307 93 93
0166_0164_0035_0079_0079.jpg 1 164 35 79 79
0167_0289_0285_0101_0101.jpg 1 289 285 101 101
0168_0229_0107_0027_0027.jpg 1 229 107 27 27
0169_0177_0083_0072_0072.jpg 1 177 83 72 72
0170_0040_0027_0071_0071.jpg 1 40 27 71 71
0171_0028_0098_0088_0088.jpg 1 28 98 88 88
0172_0189_0099_0041_0041.jpg 1 189 99 41 41
0173_0156_0257_0030_0030.jpg 1 156 257 30 30
0174_0143_0142_0068_0068.jpg 1 143 142 68 68
0175_0011_0033_0130_0130.jpg 1 11 33 130 130
0176_0140_0049_0121_0121.jpg 1 140 49 121 121
0177_0072_0078_0101_0101.jpg 1 72 78 101 101
0178_0199_0322_0025_0025.jpg 1 199 322 25 25
0179_0340_0068_0062_0062.jpg 1 340 68 62 62
0180_0027_0093_0099_0099.jpg 1 27 93 99 99
0181_0149_0086_0100_0100.jpg 1 149 86 100 100
0182_0101_0113_0067_0067.jpg 1 101 113 67 67
0183_0092_0207_0101_0101.jpg 1 92 207 101 101
0184_0159_0161_0098_0098.jpg 1 159 161 98 98
0185_0345_0131_0062_0062.jpg 1 345 131 62 62
0186_0151_0343_0125_0125.jpg 1 151 343 125 125
0187_0233_0203_0058_0058.jpg 1 233 203 58 58
0188_0046_0104_0056_0056.jpg 1 46 104 56 56
0189_0010_0081_0091_0091.jpg 1 10 81 91 91
0190_0261_0047_0062_0062.jpg 1 261 47 62 62
0191_0353_0289_0064_0064.jpg 1 353 289 64 64
0192_0260_0080_0094_0094.jpg 1 260 80 94 94
0193_0026_0033_0103_0103.jpg 1 26 33 103 103
0194_0143_0020_0051_0051.jpg 1 143 20 51 51
0195_0467_0228_0106_0106.jpg 1 467 228 106 106
0196_0442_0217_0092_0092.jpg 1 442 217 92 92
0197_0281_0327_0097_0097.jpg 1 281 327 97 97
0198_0114_0190_0082_0082.jpg 1 114 190 82 82
0199_0090_0065_0061_0061.jpg 1 90 65 61 61
0200_0028_0026_0060_0060.jpg 1 28 26 60 60
0201_0217_0179_0075_0075.jpg 1 217 179 75 75
0202_0195_0234_0075_0075.jpg 1 195 234 75 75
0203_0099_0090_0077_0077.jpg 1 99 90 77 77
0204_0476_0242_0042_0042.jpg 1 476 242 42 42
0205_0172_0026_0120_0120.jpg 1 172 26 120 120
0206_0055_0023_0096_0096.jpg 1 55 23 96 96
0207_0350_0312_0043_0043.jpg 1 350 312 43 43
0208_0157_0054_0076_0076.jpg 1 157 54 76 76
0209_0150_0276_0039_0039.jpg 1 150 276 39 39
0210_0281_0232_0067_0067.jpg 1 281 232 67 67
0211_0099_0064_0111_0111.jpg 1 99 64 111 111
0212_0458_0215_0087_0087.jpg 1 458 215 87 87
0213_0365_0129_0115_0115.jpg 1 365 129 115 115
0214_0336_0080_0025_0025.jpg 1 336 80 25 25
0215_0074_0245_0109_0109.jpg 1 74 245 109 109
0216_0153_0271_0093_0093.jpg 1 153 271 93 93
0217_0209_0022_0055_0055.jpg 1 209 22 55 55
0218_0195_0235_0053_0053.jpg 1 195 235 53 53
0219_0065_0148_0124_0124.jpg 1 65 148 124 124
0220_0046_0055_0111_0111.jpg 1 46 55 111 111
0221_0053_0080_0046_0046.jpg 1 53 80 46 46
0222_0105_0045_0053_0053.jpg 1 105 45 53 53
0223_0369_0107_0049_0049.jpg 1 369 107 49 49
0224_0075_0071_0122_0122.jpg 1 75 71 122 122
0225_0501_0325_0028_0028.jpg 1 501 325 28 28
0226_0164_0231_0032_0032.jpg 1 164 231 32 32
0227_0427_0342_0051_0051.jpg 1 427 342 51 51
0228_0053_0144_0034_0034.jpg 1 53 144 34 34
0229_0477_0059_0053_0053.jpg 1 477 59 53 53
0230_0376_0177_0074_0074.jpg 1 376 177 74 74
0231_0222_0186_0102_0102.jpg 1 222 186 102 102
0232_0178_0358_0061_0061.jpg 1 178 358 61 61
0233_0106_0078_0043_0043.jpg 1 106 78 43 43
0234_0416_0281_0059_0059.jpg 1 416 281 59 59
0235_0222_0138_0125_0125.jpg 1 222 138 125 125
0236_0438_0187_0060_0060.jpg 1 438 187 60 60
0237_0396_0104_0078_0078.jpg 1 396 104 78 78
0238_0324_0395_0039_0039.jpg 1 324 395 39 39
0239_0079_0031_0089_0089.jpg 1 79 31 89 89
0240_0529_0057_0040_0040.jpg 1 529 57 40 40
0241_0047_0044_0088_0088.jpg 1 47 44 88 88
0242_0266_0225_0104_0104.jpg 1 266 225 104 104
0243_0261_0164_0037_0037.jpg 1 261 164 37 37
0244_0020_0112_0079_0079.jpg 1 20 112 79 79
0245_0167_0067_0095_0095.jpg 1 167 67 95 95
0246_0414_0085_0083_0083.jpg 1 414 85 83 83
0247_0058_0050_0087_0087.jpg 1 58 50 87 87
0248_0318_0093_0121_0121.jpg 1 318 93 121 121
0249_0378_0105_0120_0120.jpg 1 378 105 120 120
0250_0353_0120_0112_0112.jpg 1 353 120 112 112
0251_0243_0185_0089_0089.jpg 1 243 185 89 89
0252_0419_0173_0116_0116.jpg 1 419 173 116 116
0253_0100_0073_0077_0077.jpg 1 100 73 77 77
0254_0099_0016_0112_0112.jpg 1 99 16 112 112
0255_0031_0021_0099_0099.jpg 1 31 21 99 99
0256_0027_0124_0092_0092.jpg 1 27 124 92 92
0257_0075_0314_0064_0064.jpg 1 75 314 64 64
0258_0458_0046_0089_0089.jpg 1 458 46 89 89
0259_0093_0102_0098_0098.jpg 1 93 102 98 98
0260_0309_0183_0096_0096.jpg 1 309 183 96 96
0261_0257_0227_0046_0046.jpg 1 257 227 46 46
0262_0123_0176_0085_0085.jpg 1 123 176 85 85
0263_0115_0484_0061_0061.jpg 1 115 484 61 61
0264_0132_0274_0087_0087.jpg 1 132 274 87 87
0265_0266_0221_0095_0095.jpg 1 266 221 95 95
0266_0095_0276_0051_0051.jpg 1 95 276 51 51
0267_0304_0107_0028_0028.jpg 1 304 107 28 28
0268_0056_0126_0094_0094.jpg 1 56 126 94 94
0269_0246_0103_0055_0055.jpg 1 246 103 55 55
0270_0457_0064_0082_0082.jpg 1 457 64 82 82
0271_0078_0346_0092_0092.jpg 1 78 346 92 92
0272_0170_0110_0058_0058.jpg 1 170 110 58 58
0273_0417_0270_0108_0108.jpg 1 417 270 108 108
0274_0323_0367_0059_0059.jpg 1 323 367 59 59
0275_0315_0384_0026_0026.jpg 1 315 384 26 26
0276_0278_0088_0110_0110.jpg 1 278 88 110 110
0277_0072_0287_0110_0110.jpg 1 72 287 110 110
0278_0055_0062_0064_0064.jpg 1 55 62 64 64
0279_0104_0022_0071_0071.jpg 1 104 22 71 71
0280_0053_0048_0116_0116.jpg 1 53 48 116 116
0281_0119_0114_0047_0047.jpg 1 119 114 47 47
0282_0181_0396_0085_0085.jpg 1 181 396 85 85
0283_0105_0124_0059_0059.jpg 1 105 124 59 59
0284_0078_0195_0046_0046.jpg 1 78 195 46 46
0285_0065_0113_0106_0106.jpg 1 65 113 106 106
0286_0065_0150_0024_0024.jpg 1 65 150 24 24
0287_0337_0346_0102_0102.jpg 1 337 346 102 102
0288_0487_0310_0027_0027.jpg 1 487 310 27 27
0289_0433_0185_0085_0085.jpg 1 433 185 85 85
0290_0051_0129_0045_0045.jpg 1 51 129 45 45
0291_0052_0036_0119_0119.jpg 1 52 36 119 119
0292_0208_0114_0032_0032.jpg 1 208 114 32 32
0293_0089_0067_0100_0100.jpg 1 89 67 100 100
0294_0301_0058_0045_0045.jpg 1 301 58 45 45
0295_0079_0145_0024_0024.jpg 1 79 145 24 24
0296_0241_0111_0082_0082.jpg 1 241 111 82 82
0297_0074_0074_0049_0049.jpg 1 74 74 49 49
0298_0086_0051_0083_0083.jpg 1 86 51 83 83
0299_0217_0056_0075_0075.jpg 1 217 56 75 75
0300_0402_0187_0060_0060.jpg 1 402 187 60 60
0301_0091_0041_0108_0108.jpg 1 91 41 108 108
0302_0117_0059_0094_0094.jpg 1 117 59 94 94
0303_0168_0045_0056_0056.jpg 1 168 45 56 56
0304_0104_0276_0110_0110.jpg 1 104 276 110 110
0305_0110_0133_0070_0070.jpg 1 110 133 70 70
0306_0206_0104_0064_0064.jpg 1 206 104 64 64
0307_0131_0088_0077_0077.jpg 1 131 88 77 77
0308_0114_0070_0035_0035.jpg 1 114 70 35 35
0309_0249_0083_0089_0089.jpg 1 249 83 89 89
0310_0432_0166_0057_0057.jpg 1 432 166 57 57
0311_0149_0075_0100_0100.jpg 1 149 75 100 100
0312_0305_0221_0106_0106.jpg 1 305 221 106 106
0313_0106_0119_0105_0105.jpg 1 106 119 105 105
0314_0138_0119_0048_0048.jpg 1 138 119 48 48
0315_0029_0033_0117_0117.jpg 1 29 33 117 117
0316_0063_0088_0070_0070.jpg 1 63 88 70 70
0317_0434_0107_0102_0102.jpg 1 434 107 102 102
0318_0520_0173_0051_0051.jpg 1 520 173 51 51
0319_0139_0098_0122_0122.jpg 1 139 98 122 122
0320_0180_0319_0035_0035.jpg 1 180 319 35 35
0321_0190_0133_0052_0052.jpg 1 190 133 52 52
0322_0087_0101_0058_0058.jpg 1 87 101 58 58
0323_0088_0018_0127_0127.jpg 1 88 18 127 127
0324_0311_0051_0055_0055.jpg 1 311 51 55 55
0325_0061_0141_0051_0051.jpg 1 61 141 51 51
0326_0028_0071_0070_0070.jpg 1 28 71 70 70
0327_0089_0073_0075_0075.jpg 1 89 73 75 75
0328_0347_0092_0077_0077.jpg 1 347 92 77 77
0329_0113_0054_0090_0090.jpg 1 113 54 90 90
0330_0164_0061_0107_0107.jpg 1 164 61 107 107
0331_0157_0022_0100_0100.jpg 1 157 22 100 100
0332_0323_0195_0053_0053.jpg 1 323 195 53 53
0333_0187_0120_0047_0047.jpg 1 187 120 47 47
0334_0290_0228_0086_0086.jpg 1 290 228 86 86
0335_0082_0016_0107_0107.jpg 1 82 16 107 107
0336_0059_0108_0080_0080.jpg 1 59 108 80 80
0337_0098_0238_0070_0070.jpg 1 98 238 70 70
0338_0209_0028_0029_0029.jpg 1 209 28 29 29
0339_0148_0140_0078_0078.jpg 1 148 140 78 78
0340_0381_0266_0027_0027.jpg 1 381 266 27 27
0341_0066_0106_0121_0121.jpg 1 66 106 121 121
0342_0432_0192_0047_0047.jpg 1 432 192 47 47
0343_0145_0259_0129_0129.jpg 1 145 259 129 129
0344_0442_0166_0116_0116.jpg 1 442 166 116 116
0345_0125_0348_0079_0079.jpg 1 125 348 79 79
0346_0376_0059_0033_0033.jpg 1 376 59 33 33
0347_0185_0062_0080_0080.jpg 1 185 62 80 80
0348_0101_0138_0025_0025.jpg 1 101 138 25 25
0349_0045_0132_0074_0074.jpg 1 45 132 74 74
0350_0106_0081_0041_0041.jpg 1 106 81 41 41
0351_0244_0126_0032_0032.jpg 1 244 126 32 32
0352_0091_0096_0040_0040.jpg 1 91 96 40 40
0353_0305_0271_0056_0056.jpg 1 305 271 56 56
0354_0225_0111_0077_0077.jpg 1 225 111 77 77
0355_0013_0030_0098_0098.jpg 1 13 30 98 98
0356_0314_0295_0063_0063.jpg 1 314 295 63 63
0357_0251_0282_0127_0127.jpg 1 251 282 127 127
0358_0223_0365_0063_0063.jpg 1 223 365 63 63
0359_0039_0082_0091_0091.jpg 1 39 82 91 91
0360_0171_0041_0126_0126.jpg 1 171 41 126 126
0361_0096_0096_0111_0111.jpg 1 96 96 111 111
0362_0298_0040_0101_0101.jpg 1 298 40 101 101
0363_0059_0493_0059_0059.jpg 1 59 493 59 59
0364_0053_0171_0044_0044.jpg 1 53 171 44 44
0365_0367_0173_0093_0093.jpg 1 367 173 93 93
0366_0059_0057_0113_0113.jpg 1 59 57 113 113
0367_0292_0133_0030_0030.jpg 1 292 133 30 30
0368_0389_0263_0100_0100.jpg 1 389 263 100 100
0369_0028_0096_0085_0085.jpg 1 28 96 85 85
0370_0108_0116_0079_0079.jpg 1 108 116 79 79
0371_0350_0158_0114_0114.jpg 1 350 158 114 114
0372_0378_0310_0123_0123.jpg 1 378 310 123 123
0373_0153_0173_0077_0077.jpg 1 153 173 77 77
0374_0144_0406_0064_0064.jpg 1 144 406 64 64
0375_0020_0124_0087_0087.jpg 1 20 124 87 87
0376_0171_0165_0040_0040.jpg 1 171 165 40 40
0377_0011_0117_0029_0029.jpg 1 11 117 29 29
0378_0065_0125_0093_0093.jpg 1 65 125 93 93
0379_0076_0251_0089_0089.jpg 1 76 251 89 89
0380_0218_0098_0044_0044.jpg 1 218 98 44 44
0381_0056_0111_0078_0078.jpg 1 56 111 78 78
0382_0270_0203_0057_0057.jpg 1 270 203 57 57
0383_0095_0121_0124_0124.jpg 1 95 121 124 124
0384_0481_0215_0085_0085.jpg 1 481 215 85 85
0385_0194_0122_0100_0100.jpg 1 194 122 100 100
0386_0040_0070_0086_0086.jpg 1 40 70 86 86
0387_0337_0065_0104_0104.jpg 1 337 65 104 104
0388_0255_0242_0054_0054.jpg 1 255 242 54 54
0389_0396_0189_0094_0094.jpg 1 396 189 94 94
0390_0492_0173_0087_0087.jpg 1 492 173 87 87
0391_0087_0095_0030_0030.jpg 1 87 95 30 30
0392_0383_0073_0052_0052.jpg 1 383 73 52 52
0393_0402_0180_0026_0026.jpg 1 402 180 26 26
0394_0098_0036_0032_0032.jpg 1 98 36 32 32
0395_0090_0108_0109_0109.jpg 1 90 108 109 109
0396_0158_0103_0089_0089.jpg 1 158 103 89 89
0397_0200_0102_0046_0046.jpg 1 200 102 46 46
0398_0077_0142_0027_0027.jpg 1 77 142 27 27
0399_0216_0070_0122_0122.jpg 1 216 70 122 122
0400_0399_0194_0119_0119.jpg 1 399 194 119 119
0401_0056_0141_0028_0028.jpg 1 56 141 28 28
0402_0166_0066_0103_0103.jpg 1 166 66 103 103
0403_0079_0084_0113_0113.jpg 1 79 84 113 113
0404_0086_0011_0124_0124.jpg 1 86 11 124 124
0405_0155_0033_0079_0079.jpg 1 155 33 79 79
0406_0034_0142_0074_0074.jpg 1 34 142 74 74
0407_0087_0183_0025_0025.jpg 1 87 183 25 25
0408_0494_0316_0047_0047.jpg 1 494 316 47 47
0409_0088_0325_0115_0115.jpg 1 88 325 115 115
0410_0097_0135_0059_0059.jpg 1 97 135 59 59
0411_0062_0145_0047_0047.jpg 1 62 145 47 47
0412_0066_0059_0060_0060.jpg 1 66 59 60 60
0413_0064_0041_0125_0125.jpg 1 64 41 125 125
0414_0232_0088_0080_0080.jpg 1 232 88 80 80
0415_0075_0022_0089_0089.jpg 1 75 22 89 89
0416_0268_0139_0118_0118.jpg 1 268 139 118 118
0417_0082_0122_0058_0058.jpg 1 82 122 58 58
0418_0139_0099_0028_0028.jpg 1 139 99 28 28
0419_0140_0103_0027_0027.jpg 1 140 103 27 27
0420_0065_0147_0035_0035.jpg 1 65 147 35 35
0421_0144_0128_0050_0050.jpg 1 144 128 50 50
0422_0095_0097_0115_0115.jpg 1 95 97 115 115
0423_0188_0066_0045_0045.jpg 1 188 66 45 45
0424_0392_0335_0096_0096.jpg 1 392 335 96 96
0425_0058_0103_0049_0049.jpg 1 58 103 49 49
0426_0426_0046_0049_0049.jpg 1 426 46 49 49
0427_0149_0210_0096_0096.jpg 1 149 210 96 96
0428_0116_0022_0093_0093.jpg 1 116 22 93 93
0429_0373_0113_0029_0029.jpg 1 373 113 29 29
0430_0345_0142_0035_0035.jpg 1 345 142 35 35
0431_0196_0276_0036_0036.jpg 1 196 276 36 36
0432_0026_0063_0064_0064.jpg 1 26 63 64 64
0433_0236_0293_0058_0058.jpg 1 236 293 58 58
0434_0074_0109_0045_0045.jpg 1 74 109 45 45
0435_0204_0130_0128_0128.jpg 1 204 130 128 128
0436_0416_0132_0052_0052.jpg 1 416 132 52 52
0437_0134_0320_0065_0065.jpg 1 134 320 65 65
0438_0084_0036_0116_0116.jpg 1 84 36 116 116
0439_0121_0015_0070_0070.jpg 1 121 15 70 70
0440_0422_0239_0024_0024.jpg 1 422 239 24 24
0441_0014_0098_0109_0109.jpg 1 14 98 109 109
0442_0250_0126_0040_0040.jpg 1 250 126 40 40
0443_0093_0299_0026_0026.jpg 1 93 299 26 26
0444_0139_0312_0058_0058.jpg 1 139 312 58 58
0445_0144_0133_0056_0056.jpg 1 144 133 56 56
0446_0491_0103_0030_0030.jpg 1 491 103 30 30
0447_0055_0076_0119_0119.jpg 1 55 76 119 119
0448_0421_0229_0103_0103.jpg 1 421 229 103 103
0449_0081_0172_0116_0116.jpg 1 81 172 116 116
0450_0243_0123_0128_0128.jpg 1 243 123 128 128
0451_0022_0034_0095_0095.jpg 1 22 34 95 95
0452_0348_0171_0074_0074.jpg 1 348 171 74 74
0453_0164_0324_0115_0115.jpg 1 164 324 115 115
0454_0107_0090_0053_0053.jpg 1 107 90 53 53
0455_0162_0069_0093_0093.jpg 1 162 69 93 93
0456_0094_0122_0085_0085.jpg 1 94 122 85 85
0457_0222_0132_0065_0065.jpg 1 222 132 65 65
0458_0022_0122_0072_0072.jpg 1 22 122 72 72
0459_0291_0288_0040_0040.jpg 1 291 288 40 40
0460_0438_0296_0036_0036.jpg 1 438 296 36 36
0461_0336_0325_0111_0111.jpg 1 336 325 111 111
0462_0310_0294_0073_0073.jpg 1 310 294 73 73
0463_0076_0026_0048_0048.jpg 1 76 26 48 48
0464_0214_0288_0113_0113.jpg 1 214 288 113 113
0465_0065_0058_0025_0025.jpg 1 65 58 25 25
0466_0494_0070_0088_0088.jpg 1 494 70 88 88
0467_0083_0185_0118_0118.jpg 1 83 185 118 118
0468_0048_0454_0129_0129.jpg 1 48 454 129 129
0469_0032_0129_0044_0044.jpg 1 32 129 44 44
0470_0148_0024_0094_0094.jpg 1 148 24 94 94
0471_0184_0044_0067_0067.jpg 1 184 44 67 67
0472_0039_0041_0110_0110.jpg 1 39 41 110 110
0473_0316_0158_0111_0111.jpg 1 316 158 111 111
0474_0178_0304_0057_0057.jpg 1 178 304 57 57
0475_0310_0310_0056_0056.jpg 1 310 310 56 56
0476_0247_0052_0089_0089.jpg 1 247 52 89 89
0477_0375_0293_0038_0038.jpg 1 375 293 38 38
0478_0137_0106_0035_0035.jpg 1 137 106 35 35
0479_0491_0152_0061_0061.jpg 1 491 152 61 61
0480_0400_0072_0057_0057.jpg 1 400 72 57 57
0481_0030_0073_0128_0128.jpg 1 30 73 128 128
0482_0123_0146_0058_0058.jpg 1 123 146 58 58
0483_0433_0318_0041_0041.jpg 1 433 318 41 41
0484_0154_0058_0100_0100.jpg 1 154 58 100 100
0485_0058_0135_0028_0028.jpg 1 58 135 28 28
0486_0338_0240_0047_0047.jpg 1 338 240 47 47
0487_0063_0102_0077_0077.jpg 1 63 102 77 77
0488_0075_0053_0122_0122.jpg 1 75 53 122 122
0489_0019_0034_0063_0063.jpg 1 19 34 63 63
0490_0116_0140_0059_0059.jpg 1 116 140 59 59
0491_0038_0011_0127_0127.jpg 1 38 11 127 127
0492_0339_0272_0068_0068.jpg 1 339 272 68 68
0493_0339_0197_0067_0067.jpg 1 339 197 67 67
0494_0124_0043_0112_0112.jpg 1 124 43 112 112
0495_0348_0266_0129_0129.jpg 1 348 266 129 129
0496_0515_0273_0053_0053.jpg 1 515 273 53 53
0497_0204_0074_0052_0052.jpg 1 204 74 52 52
0498_0292_0265_0104_0104.jpg 1 292 265 104 104
0499_0149_0109_0043_0043.jpg 1 149 109 43 43
0500_0326_0169_0104_0104.jpg 1 326 169 104 104
0501_0211_0114_0083_0083.jpg 1 211 114 83 83
0502_0145_0144_0043_0043.jpg 1 145 144 43 43
0503_0249_0279_0086_0086.jpg 1 249 279 86 86
0504_0111_0138_0036_0036.jpg 1 111 138 36 36
0505_0537_0350_0037_0037.jpg 1 537 350 37 37
0506_0460_0169_0103_0103.jpg 1 460 169 103 103
0507_0164_0375_0096_0096.jpg 1 164 375 96 96
0508_0112_0148_0068_0068.jpg 1 112 148 68 68
0509_0189_0149_0057_0057.jpg 1 189 149 57 57
0510_0390_0086_0040_0040.jpg 1 390 86 40 40
0511_0363_0214_0116_0116.jpg 1 363 214 116 116
0512_0541_0237_0025_0025.jpg 1 541 237 25 25
0513_0158_0185_0071_0071.jpg 1 158 185 71 71
0514_0321_0345_0024_0024.jpg 1 321 345 24 24
0515_0195_0084_0026_0026.jpg 1 195 84 26 26
0516_0129_0102_0094_0094.jpg 1 129 102 94 94
0517_0080_0077_0055_0055.jpg 1 80 77 55 55
0518_0392_0398_0040_0040.jpg 1 392 398 40 40
0519_0032_0145_0025_0025.jpg 1 32 145 25 25
0520_0456_0177_0034_0034.jpg 1 456 177 34 34
0521_0165_0127_0071_0071.jpg 1 165 127 71 71
0522_0128_0093_0024_0024.jpg 1 128 93 24 24
0523_0105_0056_0062_0062.jpg 1 105 56 62 62
0524_0162_0071_0088_0088.jpg 1 162 71 88 88
0525_0098_0049_0064_0064.jpg 1 98 49 64 64
0526_0367_0486_0057_0057.jpg 1 367 486 57 57
0527_0027_0023_0112_0112.jpg 1 27 23 112 112
0528_0180_0341_0036_0036.jpg 1 180 341 36 36
0529_0063_0049_0040_0040.jpg 1 63 49 40 40
0530_0378_0085_0062_0062.jpg 1 378 85 62 62
0531_0239_0121_0110_0110.jpg 1 239 121 110 110
0532_0037_0047_0087_0087.jpg 1 37 47 87 87
0533_0091_0023_0071_0071.jpg 1 91 23 71 71
0534_0044_0068_0030_0030.jpg 1 44 68 30 30
0535_0053_0495_0062_0062.jpg 1 53 495 62 62
0536_0374_0103_0064_0064.jpg 1 374 103 64 64
0537_0082_0326_0104_0104.jpg 1 82 326 104 104
0538_0443_0063_0108_0108.jpg 1 443 63 108 108
0539_0419_0187_0116_0116.jpg 1 419 187 116 116
0540_0088_0062_0072_0072.jpg 1 88 62 72 72
0541_0182_0090_0082_0082.jpg 1 182 90 82 82
0542_0014_0107_0113_0113.jpg 1 14 107 113 113
0543_0206_0358_0060_0060.jpg 1 206 358 60 60
0544_0017_0049_0093_0093.jpg 1 17 49 93 93
0545_0183_0444_0087_0087.jpg 1 183 444 87 87
0546_0045_0126_0026_0026.jpg 1 45 126 26 26
0547_0192_0078_0091_0091.jpg 1 192 78 91 91
0548_0194_0398_0098_0098.jpg 1 194 398 98 98
0549_0194_0157_0055_0055.jpg 1 194 157 55 55
0550_0052_0017_0112_0112.jpg 1 52 17 112 112
0551_0018_0018_0119_0119.jpg 1 18 18 119 119
0552_0058_0124_0106_0106.jpg 1 58 124 106 106
0553_0469_0132_0053_0053.jpg 1 469 132 53 53
0554_0150_0132_0056_0056.jpg 1 150 132 56 56
0555_0025_0152_0041_0041.jpg 1 25 152 41 41
0556_0112_0244_0125_0125.jpg 1 112 244 125 125
0557_0360_0393_0027_0027.jpg 1 360 393 27 27
0558_0076_0157_0075_0075.jpg 1 76 157 75 75
0559_0292_0048_0081_0081.jpg 1 292 48 81 81
0560_0286_0328_0069_0069.jpg 1 286 328 69 69
0561_0155_0199_0092_0092.jpg 1 155 199 92 92
0562_0127_0121_0036_0036.jpg 1 127 121 36 36
0563_0108_0130_0025_0025.jpg 1 108 130 25 25
0564_0049_0186_0028_0028.jpg 1 49 186 28 28
0565_0294_0249_0129_0129.jpg 1 294 249 129 129
0566_0180_0114_0110_0110.jpg 1 180 114 110 110
0567_0077_0124_0027_0027.jpg 1 77 124 27 27
0568_0469_0344_0069_0069.jpg 1 469 344 69 69
0569_0052_0125_0041_0041.jpg 1 52 125 41 41
0570_0220_0247_0101_0101.jpg 1 220 247 101 101
0571_0182_0030_0075_0075.jpg 1 182 30 75 75
0572_0299_0248_0093_0093.jpg 1 299 248 93 93
0573_0024_0090_0116_0116.jpg 1 24 90 116 116
0574_0077_0081_0029_0029.jpg 1 77 81 29 29
0575_0213_0068_0091_0091.jpg 1 213 68 91 91
0576_0172_0024_0096_0096.jpg 1 172 24 96 96
0577_0500_0199_0035_0035.jpg 1 500 199 35 35
0578_0081_0078_0067_0067.jpg 1 81 78 67 67
0579_0318_0109_0110_0110.jpg 1 318 109 110 110
0580_0165_0048_0072_0072.jpg 1 165 48 72 72
0581_0214_0078_0097_0097.jpg 1 214 78 97 97
0582_0252_0251_0112_0112.jpg 1 252 251 112 112
0583_0241_0142_0062_0062.jpg 1 241 142 62 62
0584_0051_0061_0110_0110.jpg 1 51 61 110 110
0585_0124_0016_0056_0056.jpg 1 124 16 56 56
0586_0175_0058_0075_0075.jpg 1 175 58 75 75
0587_0436_0061_0109_0109.jpg 1 436 61 109 109
0588_0154_0098_0030_0030.jpg 1 154 98 30 30
0589_0150_0206_0028_0028.jpg 1 150 206 28 28
0590_0226_0099_0049_0049.jpg 1 226 99 49 49
0591_0015_0016_0082_0082.jpg 1 15 16 82 82
0592_0134_0141_0065_0065.jpg 1 134 141 65 65
0593_0059_0041_0082_0082.jpg 1 59 41 82 82
0594_0196_0128_0041_0041.jpg 1 196 128 41 41
0595_0150_0172_0050_0050.jpg 1 150 172 50 50
0596_0050_0060_0124_0124.jpg 1 50 60 124 124
0597_0233_0036_0048_0048.jpg 1 233 36 48 48
0598_0155_0031_0087_0087.jpg 1 155 31 87 87
0599_0176_0066_0084_0084.jpg 1 176 66 84 84
0600_0133_0283_0037_0037.jpg 1 133 283 37 37
0601_0286_0329_0086_0086.jpg 1 286 329 86 86
0602_0085_0064_0071_0071.jpg 1 85 64 71 71
0603_0091_0321_0051_0051.jpg 1 91 321 51 51
0604_0098_0094_0106_0106.jpg 1 98 94 106 106
0605_0040_0159_0048_0048.jpg 1 40 159 48 48
0606_0458_0212_0091_0091.jpg 1 458 212 91 91
0607_0437_0322_0041_0041.jpg 1 437 322 41 41
0608_0243_0088_0025_0025.jpg 1 243 88 25 25
0609_0380_0431_0032_0032.jpg 1 380 431 32 32
0610_0010_0018_0068_0068.jpg 1 10 18 68 68
0611_0028_0053_0129_0129.jpg 1 28 53 129 129
0612_0464_0064_0032_0032.jpg 1 464 64 32 32
0613_0072_0089_0082_0082.jpg 1 72 89 82 82
0614_0385_0066_0051_0051.jpg 1 385 66 51 51
0615_0118_0082_0036_0036.jpg 1 118 82 36 36
0616_0046_0023_0034_0034.jpg 1 46 23 34 34
0617_0227_0329_0070_0070.jpg 1 227 329 70 70
0618_0300_0271_0089_0089.jpg 1 300 271 89 89
0619_0211_0386_0050_0050.jpg 1 211 386 50 50
0620_0097_0103_0076_0076.jpg 1 97 103 76 76
0621_0180_0210_0075_0075.jpg 1 180 210 75 75
0622_0387_0303_0072_0072.jpg 1 387 303 72 72
0623_0146_0107_0036_0036.jpg 1 146 107 36 36
0624_0110_0108_0044_0044.jpg 1 110 108 44 44
0625_0196_0098_0094_0094.jpg 1 196 98 94 94
0626_0082_0332_0034_0034.jpg 1 82 332 34 34
0627_0042_0056_0095_0095.jpg 1 42 56 95 95
0628_0103_0248_0087_0087.jpg 1 103 248 87 87
0629_0277_0120_0101_0101.jpg 1 277 120 101 101
0630_0094_0056_0071_0071.jpg 1 94 56 71 71
0631_0451_0254_0084_0084.jpg 1 451 254 84 84
0632_0077_0147_0124_0124.jpg 1 77 147 124 124
0633_0272_0091_0089_0089.jpg 1 272 91 89 89
0634_0347_0205_0076_0076.jpg 1 347 205 76 76
0635_0413_0169_0048_0048.jpg 1 413 169 48 48
0636_0098_0365_0027_0027.jpg 1 98 365 27 27
0637_0211_0173_0047_0047.jpg 1 211 173 47 47
0638_0240_0185_0029_0029.jpg 1 240 185 29 29
0639_0018_0126_0079_0079.jpg 1 18 126 79 79
0640_0112_0063_0069_0069.jpg 1 112 63 69 69
0641_0231_0197_0073_0073.jpg 1 231 197 73 73
0642_0176_0224_0049_0049.jpg 1 176 224 49 49
0643_0107_0065_0027_0027.jpg 1 107 65 27 27
0644_0011_0028_0115_0115.jpg 1 11 28 115 115
0645_0153_0076_0119_0119.jpg 1 153 76 119 119
0646_0179_0028_0084_0084.jpg 1 179 28 84 84
0647_0114_0075_0094_0094.jpg 1 114 75 94 94
0648_0145_0057_0117_0117.jpg 1 145 57 117 117
0649_0098_0105_0026_0026.jpg 1 98 105 26 26
0650_0408_0247_0078_0078.jpg 1 408 247 78 78
0651_0109_0058_0055_0055.jpg 1 109 58 55 55
0652_0333_0325_0062_0062.jpg 1 333 325 62 62
0653_0085_0068_0094_0094.jpg 1 85 68 94 94
0654_0013_0080_0066_0066.jpg 1 13 80 66 66
0655_0099_0269_0061_0061.jpg 1 99 269 61 61
0656_0407_0211_0112_0112.jpg 1 407 211 112 112
0657_0113_0016_0077_0077.jpg 1 113 16 77 77
0658_0153_0101_0076_0076.jpg 1 153 101 76 76
0659_0224_0087_0123_0123.jpg 1 224 87 123 123
0660_0155_0026_0091_0091.jpg 1 155 26 91 91
0661_0055_0111_0099_0099.jpg 1 55 111 99 99
0662_0042_0019_0053_0053.jpg 1 42 19 53 53
0663_0075_0100_0124_0124.jpg 1 75 100 124 124
0664_0039_0045_0110_0110.jpg 1 39 45 110 110
0665_0231_0101_0027_0027.jpg 1 231 101 27 27
0666_0497_0219_0043_0043.jpg 1 497 219 43 43
0667_0152_0092_0081_0081.jpg 1 152 92 81 81
0668_0343_0124_0035_0035.jpg 1 343 124 35 35
0669_0364_0335_0104_0104.jpg 1 364 335 104 104
0670_0262_0086_0059_0059.jpg 1 262 86 59 59
0671_0090_0034_0071_0071.jpg 1 90 34 71 71
0672_0031_0017_0110_0110.jpg 1 31 17 110 110
0673_0067_0388_0025_0025.jpg 1 67 388 25 25
0674_0040_0065_0048_0048.jpg 1 40 65 48 48
0675_0033_0081_0110_0110.jpg 1 33 81 110 110
0676_0147_0035_0087_0087.jpg 1 147 35 87 87
0677_0027_0018_0111_0111.jpg 1 27 18 111 111
0678_0332_0446_0055_0055.jpg 1 332 446 55 55
0679_0248_0165_0128_0128.jpg 1 248 165 128 128
0680_0075_0137_0102_0102.jpg 1 75 137 102 102
0681_0176_0284_0044_0044.jpg 1 176 284 44 44
0682_0045_0055_0121_0121.jpg 1 45 55 121 121
0683_0181_0309_0091_0091.jpg 1 181 309 91 91
0684_0024_0075_0101_0101.jpg 1 24 75 101 101
0685_0099_0381_0039_0039.jpg 1 99 381 39 39
0686_0119_0092_0033_0033.jpg 1 119 92 33 33
0687_0069_0041_0062_0062.jpg 1 69 41 62 62
0688_0047_0100_0040_0040.jpg 1 47 100 40 40
0689_0338_0361_0052_0052.jpg 1 338 361 52 52
0690_0162_0186_0120_0120.jpg 1 162 186 120 120
0691_0078_0052_0038_0038.jpg 1 78 52 38 38
0692_0058_0022_0053_0053.jpg 1 58 22 53 53
0693_0153_0213_0120_0120.jpg 1 153 213 120 120
0694_0185_0147_0033_0033.jpg 1 185 147 33 33
0695_0208_0099_0127_0127.jpg 1 208 99 127 127
0696_0142_0259_0044_0044.jpg 1 142 259 44 44
0697_0136_0120_0103_0103.jpg 1 136 120 103 103
0698_0214_0317_0047_0047.jpg 1 214 317 47 47
0699_0027_0082_0106_0106.jpg 1 27 82 106 106
0700_0063_0062_0121_0121.jpg 1 63 62 121 121
0701_0210_0159_0036_0036.jpg 1 210 159 36 36
0702_0021_0085_0125_0125.jpg 1 21 85 125 125
0703_0072_0021_0095_0095.jpg 1 72 21 95 95
0704_0131_0023_0051_0051.jpg 1 131 23 51 51
0705_0140_0091_0123_0123.jpg 1 140 91 123 123
0706_0117_0120_0093_0093.jpg 1 117 120 93 93
0707_0163_0109_0113_0113.jpg 1 163 109 113 113
0708_0061_0119_0103_0103.jpg 1 61 119 103 103
0709_0089_0047_0078_0078.jpg 1 89 47 78 78
0710_0443_0334_0030_0030.jpg 1 443 334 30 30
0711_0238_0113_0037_0037.jpg 1 238 113 37 37
0712_0063_0094_0089_0089.jpg 1 63 94 89 89
0713_0032_0074_0079_0079.jpg 1 32 74 79 79
0714_0154_0029_0026_0026.jpg 1 154 29 26 26
0715_0209_0135_0028_0028.jpg 1 209 135 28 28
0716_0066_0017_0115_0115.jpg 1 66 17 115 115
0717_0334_0110_0088_0088.jpg 1 334 110 88 88
0718_0466_0109_0086_0086.jpg 1 466 109 86 86
0719_0180_0054_0109_0109.jpg 1 180 54 109 109
0720_0487_0098_0081_0081.jpg 1 487 98 81 81
0721_0084_0052_0060_0060.jpg 1 84 52 60 60
0722_0356_0280_0109_0109.jpg 1 356 280 109 109
0723_0217_0329_0078_0078.jpg 1 217 329 78 78
0724_0374_0264_0026_0026.jpg 1 374 264 26 26
0725_0079_0051_0090_0090.jpg 1 79 51 90 90
0726_0279_0312_0046_0046.jpg 1 279 312 46 46
0727_0359_0306_0085_0085.jpg 1 359 306 85 85
0728_0137_0275_0073_0073.jpg 1 137 275 73 73
0729_0173_0259_0056_0056.jpg 1 173 259 56 56
0730_0061_0133_0086_0086.jpg 1 61 133 86 86
0731_0046_0188_0122_0122.jpg 1 46 188 122 122
0732_0135_0095_0047_0047.jpg 1 135 95 47 47
0733_0062_0052_0047_0047.jpg 1 62 52 47 47
0734_0047_0021_0097_0097.jpg 1 47 21 97 97
0735_0440_0204_0086_0086.jpg 1 440 204 86 86
0736_0064_0283_0048_0048.jpg 1 64 283 48 48
0737_0066_0253_0077_0077.jpg 1 66 253 77 77
0738_0114_0017_0110_0110.jpg 1 114 17 110 110
0739_0217_0301_0042_0042.jpg 1 217 301 42 42
0740_0142_0050_0050_0050.jpg 1 142 50 50 50
0741_0277_0273_0121_0121.jpg 1 277 273 121 121
0742_0320_0198_0120_0120.jpg 1 320 198 120 120
0743_0084_0136_0048_0048.jpg 1 84 136 48 48
0744_0058_0099_0102_0102.jpg 1 58 99 102 102
0745_0232_0263_0107_0107.jpg 1 232 263 107 107
0746_0109_0060_0099_0099.jpg 1 109 60 99 99
0747_0212_0307_0104_0104.jpg 1 212 307 104 104
0748_0026_0150_0040_0040.jpg 1 26 150 40 40
0749_0070_0077_0077_0077.jpg 1 70 77 77 77
0750_0119_0097_0026_0026.jpg 1 119 97 26 26
0751_0474_0137_0063_0063.jpg 1 474 137 63 63
0752_0110_0157_0053_0053.jpg 1 110 157 53 53
0753_0137_0064_0024_0024.jpg 1 137 64 24 24
0754_0137_0110_0026_0026.jpg 1 137 110 26 26
0755_0318_0074_0043_0043.jpg 1 318 74 43 43
0756_0196_0199_0077_0077.jpg 1 196 199 77 77
0757_0054_0121_0100_0100.jpg 1 54 121 100 100
0758_0170_0139_0066_0066.jpg 1 170 139 66 66
0759_0104_0072_0034_0034.jpg 1 104 72 34 34
0760_0172_0284_0041_0041.jpg 1 172 284 41 41
0761_0175_0006_0114_0114.jpg 1 175 6 114 114
0762_0090_0043_0036_0036.jpg 1 90 43 36 36
0763_0098_0106_0029_0029.jpg 1 98 106 29 29
0764_0102_0064_0086_0086.jpg 1 102 64 86 86
0765_0036_0076_0074_0074.jpg 1 36 76 74 74
0766_0017_0037_0103_0103.jpg 1 17 37 103 103
0767_0182_0188_0104_0104.jpg 1 182 188 104 104
0768_0054_0056_0044_0044.jpg 1 54 56 44 44
0769_0503_0313_0029_0029.jpg 1 503 313 29 29
0770_0106_0076_0092_0092.jpg 1 106 76 92 92
0771_0287_0478_0073_0073.jpg 1 287 478 73 73
0772_0083_0036_0117_0117.jpg 1 83 36 117 117
0773_0020_0058_0045_0045.jpg 1 20 58 45 45
0774_0189_0133_0063_0063.jpg 1 189 133 63 63
0775_0515_0072_0028_0028.jpg 1 515 72 28 28
0776_0424_0096_0098_0098.jpg 1 424 96 98 98
0777_0310_0376_0040_0040.jpg 1 310 376 40 40
0778_0403_0278_0109_0109.jpg 1 403 278 109 109
0779_0337_0362_0065_0065.jpg 1 337 362 65 65
0780_0464_0136_0093_0093.jpg 1 464 136 93 93
0781_0063_0066_0047_0047.jpg 1 63 66 47 47
0782_0038_0165_0028_0028.jpg 1 38 165 28 28
0783_0201_0100_0088_0088.jpg 1 201 100 88 88
0784_0063_0136_0070_0070.jpg 1 63 136 70 70
0785_0125_0133_0086_0086.jpg 1 125 133 86 86
0786_0127_0045_0105_0105.jpg 1 127 45 105 105
0787_0219_0032_0066_0066.jpg 1 219 32 66 66
0788_0059_0057_0109_0109.jpg 1 59 57 109 109
0789_0140_0028_0035_0035.jpg 1 140 28 35 35
0790_0170_0062_0057_0057.jpg 1 170 62 57 57
0791_0172_0259_0119_0119.jpg 1 172 259 119 119
0792_0436_0240_0122_0122.jpg 1 436 240 122 122
0793_0074_0018_0108_0108.jpg 1 74 18 108 108
0794_0344_0275_0052_0052.jpg 1 344 275 52 52
0795_0437_0283_0102_0102.jpg 1 437 283 102 102
0796_0343_0143_0115_0115.jpg 1 343 143 115 115
0797_0299_0347_0027_0027.jpg 1 299 347 27 27
0798_0081_0137_0103_0103.jpg 1 81 137 103 103
0799_0127_0061_0038_0038.jpg 1 127 61 38 38
0800_0024_0169_0024_0024.jpg 1 24 169 24 24
0801_0260_0299_0060_0060.jpg 1 260 299 60 60
0802_0253_0148_0085_0085.jpg 1 253 148 85 85
0803_0147_0159_0111_0111.jpg 1 147 159 111 111
0804_0065_0233_0117_0117.jpg 1 65 233 117 117
0805_0524_0115_0049_0049.jpg 1 524 115 49 49
0806_0421_0049_0047_0047.jpg 1 421 49 47 47
0807_0440_0129_0121_0121.jpg 1 440 129 121 121
0808_0117_0086_0076_0076.jpg 1 117 86 76 76
0809_0092_0043_0088_0088.jpg 1 92 43 88 88
0810_0031_0086_0120_0120.jpg 1 31 86 120 120
0811_0137_0080_0045_0045.jpg 1 137 80 45 45
0812_0229_0143_0042_0042.jpg 1 229 143 42 42
0813_0389_0337_0035_0035.jpg 1 389 337 35 35
0814_0381_0066_0051_0051.jpg 1 381 66 51 51
0815_0498_0061_0061_0061.jpg 1 498 61 61 61
0816_0078_0118_0051_0051.jpg 1 78 118 51 51
0817_0183_0109_0059_0059.jpg 1 183 109 59 59
0818_0249_0464_0103_0103.jpg 1 249 464 103 103
0819_0422_0316_0084_0084.jpg 1 422 316 84 84
0820_0286_0069_0066_0066.jpg 1 286 69 66 66
0821_0476_0169_0037_0037.jpg 1 476 169 37 37
0822_0057_0016_0091_0091.jpg 1 57 16 91 91
0823_0121_0076_0071_0071.jpg 1 121 76 71 71
0824_0244_0453_0125_0125.jpg 1 244 453 125 125
0825_0477_0165_0068_0068.jpg 1 477 165 68 68
0826_0110_0043_0053_0053.jpg 1 110 43 53 53
0827_0231_0049_0039_0039.jpg 1 231 49 39 39
0828_0132_0080_0115_0115.jpg 1 132 80 115 115
0829_0186_0063_0097_0097.jpg 1 186 63 97 97
0830_0357_0201_0097_0097.jpg 1 357 201 97 97
0831_0089_0081_0100_0100.jpg 1 89 81 100 100
0832_0120_0086_0029_0029.jpg 1 120 86 29 29
0833_0093_0197_0119_0119.jpg 1 93 197 119 119
0834_0220_0222_0102_0102.jpg 1 220 222 102 102
0835_0063_0125_0054_0054.jpg 1 63 125 54 54
0836_0202_0090_0057_0057.jpg 1 202 90 57 57
0837_0521_0202_0031_0031.jpg 1 521 202 31 31
0838_0076_0153_0025_0025.jpg 1 76 153 25 25
0839_0094_0031_0123_0123.jpg 1 94 31 123 123
0840_0025_0099_0079_0079.jpg 1 25 99 79 79
0841_0448_0313_0042_0042.jpg 1 448 313 42 42
0842_0137_0270_0104_0104.jpg 1 137 270 104 104
0843_0042_0130_0078_0078.jpg 1 42 130 78 78
0844_0203_0329_0087_0087.jpg 1 203 329 87 87
0845_0032_0057_0062_0062.jpg 1 32 57 62 62
0846_0477_0366_0031_0031.jpg 1 477 366 31 31
0847_0250_0169_0082_0082.jpg 1 250 169 82 82
0848_0117_0067_0060_0060.jpg 1 117 67 60 60
0849_0395_0045_0129_0129.jpg 1 395 45 129 129
0850_0109_0020_0033_0033.jpg 1 109 20 33 33
0851_0056_0032_0115_0115.jpg 1 56 32 115 115
0852_0150_0234_0115_0115.jpg 1 150 234 115 115
0853_0035_0105_0068_0068.jpg 1 35 105 68 68
0854_0052_0031_0080_0080.jpg 1 52 31 80 80
0855_0400_0257_0075_0075.jpg 1 400 257 75 75
0856_0080_0081_0120_0120.jpg 1 80 81 120 120
0857_0508_0174_0036_0036.jpg 1 508 174 36 36
0858_0127_0078_0061_0061.jpg 1 127 78 61 61
0859_0128_0322_0086_0086.jpg 1 128 322 86 86
0860_0063_0289_0125_0125.jpg 1 63 289 125 125
0861_0180_0068_0118_0118.jpg 1 180 68 118 118
0862_0526_0320_0032_0032.jpg 1 526 320 32 32
0863_0135_0035_0031_0031.jpg 1 135 35 31 31
0864_0354_0292_0054_0054.jpg 1 354 292 54 54
0865_0476_0130_0101_0101.jpg 1 476 130 101 101
0866_0099_0133_0087_0087.jpg 1 99 133 87 87
0867_0022_0035_0077_0077.jpg 1 22 35 77 77
0868_0080_0089_0052_0052.jpg 1 80 89 52 52
0869_0152_0113_0032_0032.jpg 1 152 113 32 32
0870_0035_0125_0075_0075.jpg 1 35 125 75 75
0871_0086_0058_0043_0043.jpg 1 86 58 43 43
0872_0317_0215_0048_0048.jpg 1 317 215 48 48
0873_0032_0075_0117_0117.jpg 1 32 75 117 117
0874_0101_0402_0061_0061.jpg 1 101 402 61 61
0875_0211_0030_0038_0038.jpg 1 211 30 38 38
0876_0027_0096_0075_0075.jpg 1 27 96 75 75
0877_0188_0354_0024_0024.jpg 1 188 354 24 24
0878_0274_0247_0040_0040.jpg 1 274 247 40 40
0879_0211_0449_0088_0088.jpg 1 211 449 88 88
0880_0018_0042_0082_0082.jpg 1 18 42 82 82
0881_0150_0077_0106_0106.jpg 1 150 77 106 106
0882_0239_0273_0038_0038.jpg 1 239 273 38 38
0883_0227_0135_0102_0102.jpg 1 227 135 102 102
0884_0100_0049_0107_0107.jpg 1 100 49 107 107
0885_0163_0114_0078_0078.jpg 1 163 114 78 78
0886_0052_0017_0119_0119.jpg 1 52 17 119 119
0887_0409_0084_0067_0067.jpg 1 409 84 67 67
0888_0486_0311_0026_0026.jpg 1 486 311 26 26
0889_0140_0146_0052_0052.jpg 1 140 146 52 52
0890_0142_0088_0112_0112.jpg 1 142 88 112 112
0891_0356_0315_0043_0043.jpg 1 356 315 43 43
0892_0078_0063_0102_0102.jpg 1 78 63 102 102
0893_0476_0059_0052_0052.jpg 1 476 59 52 52
0894_0174_0103_0106_0106.jpg 1 174 103 106 106
0895_0199_0220_0127_0127.jpg 1 199 220 127 127
0896_0495_0106_0068_0068.jpg 1 495 106 68 68
0897_0380_0207_0059_0059.jpg 1 380 207 59 59
0898_0283_0095_0046_0046.jpg 1 283 95 46 46
0899_0092_0099_0124_0124.jpg 1 92 99 124 124
0900_0425_0062_0060_0060.jpg 1 425 62 60 60
0901_0167_0022_0060_0060.jpg 1 167 22 60 60
0902_0180_0055_0058_0058.jpg 1 180 55 58 58
0903_0115_0154_0031_0031.jpg 1 115 154 31 31
0904_0233_0274_0078_0078.jpg 1 233 274 78 78
0905_0059_0093_0050_0050.jpg 1 59 93 50 50
0906_0395_0169_0124_0124.jpg 1 395 169 124 124
0907_0104_0040_0096_0096.jpg 1 104 40 96 96
0908_0073_0048_0045_0045.jpg 1 73 48 45 45
0909_0167_0051_0039_0039.jpg 1 167 51 39 39
0910_0119_0057_0100_0100.jpg 1 119 57 100 100
0911_0144_0139_0042_0042.jpg 1 144 139 42 42
0912_0152_0294_0097_0097.jpg 1 152 294 97 97
0913_0306_0171_0028_0028.jpg 1 306 171 28 28
0914_0379_0134_0039_0039.jpg 1 379 134 39 39
0915_0223_0327_0026_0026.jpg 1 223 327 26 26
0916_0133_0016_0112_0112.jpg 1 133 16 112 112
0917_0085_0087_0090_0090.jpg 1 85 87 90 90
0918_0068_0189_0121_0121.jpg 1 68 189 121 121
0919_0087_0075_0095_0095.jpg 1 87 75 95 95
0920_0209_0333_0043_0043.jpg 1 209 333 43 43
0921_0191_0282_0115_0115.jpg 1 191 282 115 115
0922_0267_0304_0058_0058.jpg 1 267 304 58 58
0923_0266_0195_0094_0094.jpg 1 266 195 94 94
0924_0117_0042_0036_0036.jpg 1 117 42 36 36
0925_0108_0141_0042_0042.jpg 1 108 141 42 42
0926_0321_0185_0106_0106.jpg 1 321 185 106 106
0927_0114_0048_0091_0091.jpg 1 114 48 91 91
0928_0099_0150_0058_0058.jpg 1 99 150 58 58
0929_0453_0294_0089_0089.jpg 1 453 294 89 89
0930_0344_0098_0031_0031.jpg 1 344 98 31 31
0931_0099_0124_0041_0041.jpg 1 99 124 41 41
0932_0084_0064_0120_0120.jpg 1 84 64 120 120
0933_0156_0017_0116_0116.jpg 1 156 17 116 116
0934_0139_0501_0048_0048.jpg 1 139 501 48 48
0935_0439_0249_0045_0045.jpg 1 439 249 45 45
0936_0387_0125_0032_0032.jpg 1 387 125 32 32
0937_0040_0065_0106_0106.jpg 1 40 65 106 106
0938_0487_0063_0092_0092.jpg 1 487 63 92 92
0939_0041_0072_0129_0129.jpg 1 41 72 129 129
0940_0286_0145_0035_0035.jpg 1 286 145 35 35
0941_0434_0068_0070_0070.jpg 1 434 68 70 70
0942_0354_0174_0117_0117.jpg 1 354 174 117 117
0943_0191_0021_0067_0067.jpg 1 191 21 67 67
0944_0033_0062_0087_0087.jpg 1 33 62 87 87
0945_0033_0154_0068_0068.jpg 1 33 154 68 68
0946_0291_0422_0113_0113.jpg 1 291 422 113 113
0947_0214_0205_0125_0125.jpg 1 214 205 125 125
0948_0087_0094_0050_0050.jpg 1 87 94 50 50
0949_0296_0078_0027_0027.jpg 1 296 78 27 27
0950_0157_0129_0080_0080.jpg 1 157 129 80 80
0951_0360_0093_0107_0107.jpg 1 360 93 107 107
0952_0100_0078_0069_0069.jpg 1 100 78 69 69
0953_0016_0026_0126_0126.jpg 1 16 26 126 126
0954_0118_0070_0031_0031.jpg 1 118 70 31 31
0955_0097_0024_0048_0048.jpg 1 97 24 48 48
0956_0331_0115_0061_0061.jpg 1 331 115 61 61
0957_0530_0179_0042_0042.jpg 1 530 179 42 42
0958_0118_0278_0035_0035.jpg 1 118 278 35 35
0959_0343_0153_0065_0065.jpg 1 343 153 65 65
0960_0159_0181_0081_0081.jpg 1 159 181 81 81
0961_0063_0081_0032_0032.jpg 1 63 81 32 32
0962_0283_0135_0111_0111.jpg 1 283 135 111 111
0963_0115_0027_0119_0119.jpg 1 115 27 119 119
0964_0096_0132_0069_0069.jpg 1 96 132 69 69
0965_0149_0111_0026_0026.jpg 1 149 111 26 26
0966_0169_0137_0087_0087.jpg 1 169 137 87 87
0967_0150_0104_0031_0031.jpg 1 150 104 31 31
0968_0240_0084_0048_0048.jpg 1 240 84 48 48
0969_0101_0106_0085_0085.jpg 1 101 106 85 85
0970_0295_0180_0047_0047.jpg 1 295 180 47 47
0971_0510_0186_0044_0044.jpg 1 510 186 44 44
0972_0116_0034_0039_0039.jpg 1 116 34 39 39
0973_0076_0019_0064_0064.jpg 1 76 19 64 64
0974_0301_0187_0126_0126.jpg 1 301 187 126 126
0975_0052_0077_0038_0038.jpg 1 52 77 38 38
0976_0317_0250_0072_0072.jpg 1 317 250 72 72
0977_0330_0264_0121_0121.jpg 1 330 264 121 121
0978_0164_0089_0047_0047.jpg 1 164 89 47 47
0979_0090_0071_0029_0029.jpg 1 90 71 29 29
0980_0023_0016_0081_0081.jpg 1 23 16 81 81
0981_0082_0034_0050_0050.jpg 1 82 34 50 50
0982_0506_0245_0042_0042.jpg 1 506 245 42 42
0983_0250_0284_0039_0039.jpg 1 250 284 39 39
0984_0241_0160_0080_0080.jpg 1 241 160 80 80
0985_0029_0085_0047_0047.jpg 1 29 85 47 47
0986_0245_0096_0111_0111.jpg 1 245 96 111 111
0987_0469_0149_0065_0065.jpg 1 469 149 65 65
0988_0053_0028_0060_0060.jpg 1 53 28 60 60
0989_0061_0081_0055_0055.jpg 1 61 81 55 55
0990_0097_0091_0089_0089.jpg 1 97 91 89 89
0991_0158_0435_0115_0115.jpg 1 158 435 115 115
0992_0045_0018_0040_0040.jpg 1 45 18 40 40
0993_0465_0062_0092_0092.jpg 1 465 62 92 92
0994_0318_0180_0121_0121.jpg 1 318 180 121 121
0995_0458_0242_0035_0035.jpg 1 458 242 35 35
0996_0115_0082_0025_0025.jpg 1 115 82 25 25
0997_0180_0246_0047_0047.jpg 1 180 246 47 47
0998_0042_0300_0113_0113.jpg 1 42 300 113 113
0999_0290_0180_0070_0070.jpg 1 290 180 70 70
1000_0137_0497_0057_0057.jpg 1 137 497 57 57
1001_0282_0305_0073_0073.jpg 1 282 305 73 73
1002_0166_0091_0027_0027.jpg 1 166 91 27 27
1003_0266_0251_0101_0101.jpg 1 266 251 101 101
1004_0248_0160_0054_0054.jpg 1 248 160 54 54
1005_0144_0130_0098_0098.jpg 1 144 130 98 98
1006_0315_0149_0099_0099.jpg 1 315 149 99 99
1007_0057_0037_0117_0117.jpg 1 57 37 117 117
1008_0128_0026_0119_0119.jpg 1 128 26 119 119
1009_0062_0224_0118_0118.jpg 1 62 224 118 118
1010_0028_0097_0076_0076.jpg 1 28 97 76 76
1011_0101_0330_0051_0051.jpg 1 101 330 51 51
1012_0055_0056_0100_0100.jpg 1 55 56 100 100
1013_0313_0229_0104_0104.jpg 1 313 229 104 104
1014_0114_0087_0027_0027.jpg 1 114 87 27 27
1015_0110_0074_0100_0100.jpg 1 110 74 100 100
1016_0105_0180_0103_0103.jpg 1 105 180 103 103
1017_0086_0124_0093_0093.jpg 1 86 124 93 93
1018_0077_0042_0052_0052.jpg 1 77 42 52 52
1019_0263_0156_0027_0027.jpg 1 263 156 27 27
1020_0047_0207_0044_0044.jpg 1 47 207 44 44
1021_0043_0037_0103_0103.jpg 1 43 37 103 103
1022_0030_0070_0064_0064.jpg 1 30 70 64 64
1023_0092_0148_0034_0034.jpg 1 92 148 34 34
1024_0008_0061_0118_0118.jpg 1 8 61 118 118
1025_0117_0026_0030_0030.jpg 1 117 26 30 30
1026_0205_0038_0043_0043.jpg 1 205 38 43 43
1027_0265_0092_0067_0067.jpg 1 265 92 67 67
1028_0308_0135_0127_0127.jpg 1 308 135 127 127
1029_0058_0103_0106_0106.jpg 1 58 103 106 106
1030_0182_0161_0127_0127.jpg 1 182 161 127 127
1031_0083_0474_0054_0054.jpg 1 83 474 54 54
1032_0182_0081_0101_0101.jpg 1 182 81 101 101
1033_0146_0072_0091_0091.jpg 1 146 72 91 91
1034_0295_0476_0069_0069.jpg 1 295 476 69 69
1035_0308_0087_0129_0129.jpg 1 308 87 129 129
1036_0315_0305_0040_0040.jpg 1 315 305 40 40
1037_0065_0042_0029_0029.jpg 1 65 42 29 29
1038_0084_0038_0118_0118.jpg 1 84 38 118 118
1039_0102_0076_0128_0128.jpg 1 102 76 128 128
1040_0279_0189_0091_0091.jpg 1 279 189 91 91
1041_0064_0181_0035_0035.jpg 1 64 181 35 35
1042_0057_0152_0069_0069.jpg 1 57 152 69 69
1043_0109_0247_0059_0059.jpg 1 109 247 59 59
1044_0007_0027_0094_0094.jpg 1 7 27 94 94
1045_0083_0071_0101_0101.jpg 1 83 71 101 101
1046_0118_0019_0049_0049.jpg 1 118 19 49 49
1047_0091_0315_0053_0053.jpg 1 91 315 53 53
1048_0019_0033_0064_0064.jpg 1 19 33 64 64
1049_0244_0136_0030_0030.jpg 1 244 136 30 30
1050_0343_0304_0036_0036.jpg 1 343 304 36 36
1051_0175_0080_0048_0048.jpg 1 175 80 48 48
1052_0227_0172_0032_0032.jpg 1 227 172 32 32
1053_0301_0407_0062_0062.jpg 1 301 407 62 62
1054_0163_0058_0060_0060.jpg 1 163 58 60 60
1055_0034_0050_0113_0113.jpg 1 34 50 113 113
1056_0018_0096_0100_0100.jpg 1 18 96 100 100
1057_0362_0341_0075_0075.jpg 1 362 341 75 75
1058_0065_0036_0028_0028.jpg 1 65 36 28 28
1059_0046_0091_0093_0093.jpg 1 46 91 93 93
1060_0365_0073_0079_0079.jpg 1 365 73 79 79
1061_0386_0127_0119_0119.jpg 1 386 127 119 119
1062_0032_0048_0082_0082.jpg 1 32 48 82 82
1063_0060_0061_0066_0066.jpg 1 60 61 66 66
1064_0055_0149_0068_0068.jpg 1 55 149 68 68
1065_0315_0116_0082_0082.jpg 1 315 116 82 82
1066_0034_0071_0028_0028.jpg 1 34 71 28 28
1067_0045_0089_0102_0102.jpg 1 45 89 102 102
1068_0138_0045_0040_0040.jpg 1 138 45 40 40
1069_0072_0074_0052_0052.jpg 1 72 74 52 52
1070_0188_0293_0098_0098.jpg 1 188 293 98 98
1071_0017_0121_0093_0093.jpg 1 17 121 93 93
1072_0161_0015_0117_0117.jpg 1 161 15 117 117
1073_0036_0073_0123_0123.jpg 1 36 73 123 123
1074_0286_0044_0112_0112.jpg 1 286 44 112 112
1075_0244_0252_0110_0110.jpg 1 244 252 110 110
1076_0124_0047_0110_0110.jpg 1 124 47 110 110
1077_0229_0174_0035_0035.jpg 1 229 174 35 35
1078_0452_0294_0043_0043.jpg 1 452 294 43 43
1079_0073_0058_0079_0079.jpg 1 73 58 79 79
1080_0166_0080_0115_0115.jpg 1 166 80 115 115
1081_0078_0072_0079_0079.jpg 1 78 72 79 79
1082_0181_0102_0088_0088.jpg 1 181 102 88 88
1083_0139_0018_0079_0079.jpg 1 139 18 79 79
1084_0368_0115_0108_0108.jpg 1 368 115 108 108
1085_0129_0031_0108_0108.jpg 1 129 31 108 108
1086_0247_0131_0089_0089.jpg 1 247 131 89 89
1087_0061_0059_0071_0071.jpg 1 61 59 71 71
1088_0032_0095_0031_0031.jpg 1 32 95 31 31
1089_0155_0077_0078_0078.jpg 1 155 77 78 78
1090_0196_0169_0029_0029.jpg 1 196 169 29 29
1091_0149_0081_0126_0126.jpg 1 149 81 126 126
1092_0174_0109_0049_0049.jpg 1 174 109 49 49
1093_0128_0380_0041_0041.jpg 1 128 380 41 41
1094_0142_0017_0127_0127.jpg 1 142 17 127 127
1095_0380_0383_0026_0026.jpg 1 380 383 26 26
1096_0063_0022_0055_0055.jpg 1 63 22 55 55
1097_0394_0225_0072_0072.jpg 1 394 225 72 72
1098_0373_0217_0128_0128.jpg 1 373 217 128 128
1099_0366_0104_0066_0066.jpg 1 366 104 66 66
1100_0075_0031_0128_0128.jpg 1 75 31 128 128
1101_0205_0123_0043_0043.jpg 1 205 123 43 43
1102_0083_0269_0080_0080.jpg 1 83 269 80 80
1103_0234_0364_0040_0040.jpg 1 234 364 40 40
1104_0274_0122_0058_0058.jpg 1 274 122 58 58
1105_0255_0264_0025_0025.jpg 1 255 264 25 25
1106_0133_0049_0104_0104.jpg 1 133 49 104 104
1107_0316_0129_0057_0057.jpg 1 316 129 57 57
1108_0158_0025_0077_0077.jpg 1 158 25 77 77
1109_0384_0371_0055_0055.jpg 1 384 371 55 55
1110_0257_0185_0090_0090.jpg 1 257 185 90 90
1111_0068_0152_0064_0064.jpg 1 68 152 64 64
1112_0319_0068_0040_0040.jpg 1 319 68 40 40
1113_0232_0108_0064_0064.jpg 1 232 108 64 64
1114_0103_0160_0042_0042.jpg 1 103 160 42 42
1115_0226_0142_0052_0052.jpg 1 226 142 52 52
1116_0189_0079_0054_0054.jpg 1 189 79 54 54
1117_0097_0043_0091_0091.jpg 1 97 43 91 91
1118_0170_0135_0082_0082.jpg 1 170 135 82 82
1119_0158_0045_0091_0091.jpg 1 158 45 91 91
1120_0061_0029_0075_0075.jpg 1 61 29 75 75
1121_0045_0023_0127_0127.jpg 1 45 23 127 127
1122_0256_0152_0084_0084.jpg 1 256 152 84 84
1123_0188_0215_0084_0084.jpg 1 188 215 84 84
1124_0096_0097_0128_0128.jpg 1 96 97 128 128
1125_0090_0127_0048_0048.jpg 1 90 127 48 48
1126_0084_0100_0072_0072.jpg 1 84 100 72 72
1127_0491_0274_0094_0094.jpg 1 491 274 94 94
1128_0143_0034_0119_0119.jpg 1 143 34 119 119
1129_0487_0139_0026_0026.jpg 1 487 139 26 26
1130_0414_0187_0125_0125.jpg 1 414 187 125 125
1131_0319_0227_0127_0127.jpg 1 319 227 127 127
1132_0057_0206_0088_0088.jpg 1 57 206 88 88
1133_0099_0012_0098_0098.jpg 1 99 12 98 98
1134_0173_0080_0069_0069.jpg 1 173 80 69 69
1135_0259_0485_0094_0094.jpg 1 259 485 94 94
1136_0035_0085_0100_0100.jpg 1 35 85 100 100
1137_0021_0035_0075_0075.jpg 1 21 35 75 75
1138_0341_0310_0106_0106.jpg 1 341 310 106 106
1139_0176_0505_0047_0047.jpg 1 176 505 47 47
1140_0102_0107_0116_0116.jpg 1 102 107 116 116
1141_0042_0038_0079_0079.jpg 1 42 38 79 79
1142_0098_0087_0071_0071.jpg 1 98 87 71 71
1143_0513_0344_0062_0062.jpg 1 513 344 62 62
1144_0470_0158_0114_0114.jpg 1 470 158 114 114
1145_0032_0075_0123_0123.jpg 1 32 75 123 123
1146_0198_0096_0112_0112.jpg 1 198 96 112 112
1147_0309_0129_0071_0071.jpg 1 309 129 71 71
1148_0357_0294_0048_0048.jpg 1 357 294 48 48
1149_0201_0068_0092_0092.jpg 1 201 68 92 92
1150_0055_0044_0106_0106.jpg 1 55 44 106 106
1151_0146_0086_0059_0059.jpg 1 146 86 59 59
1152_0064_0261_0093_0093.jpg 1 64 261 93 93
1153_0240_0106_0129_0129.jpg 1 240 106 129 129
1154_0179_0033_0103_0103.jpg 1 179 33 103 103
1155_0113_0022_0119_0119.jpg 1 113 22 119 119
1156_0252_0145_0094_0094.jpg 1 252 145 94 94
1157_0030_0127_0066_0066.jpg 1 30 127 66 66
1158_0064_0024_0072_0072.jpg 1 64 24 72 72
1159_0172_0073_0126_0126.jpg 1 172 73 126 126
1160_0409_0317_0073_0073.jpg 1 409 317 73 73
1161_0317_0098_0076_0076.jpg 1 317 98 76 76
1162_0120_0391_0028_0028.jpg 1 120 391 28 28
1163_0117_0355_0122_0122.jpg 1 117 355 122 122
1164_0105_0031_0041_0041.jpg 1 105 31 41 41
1165_0071_0023_0081_0081.jpg 1 71 23 81 81
1166_0026_0114_0092_0092.jpg 1 26 114 92 92
1167_0218_0132_0056_0056.jpg 1 218 132 56 56
1168_0309_0323_0089_0089.jpg 1 309 323 89 89
1169_0136_0266_0048_0048.jpg 1 136 266 48 48
1170_0330_0312_0071_0071.jpg 1 330 312 71 71
1171_0384_0338_0094_0094.jpg 1 384 338 94 94
1172_0079_0087_0086_0086.jpg 1 79 87 86 86
1173_0369_0084_0049_0049.jpg 1 369 84 49 49
1174_0104_0246_0024_0024.jpg 1 104 246 24 24
1175_0106_0209_0099_0099.jpg 1 106 209 99 99
1176_0106_0072_0080_0080.jpg 1 106 72 80 80
1177_0132_0026_0095_0095.jpg 1 132 26 95 95
1178_0430_0258_0123_0123.jpg 1 430 258 123 123
1179_0034_0073_0109_0109.jpg 1 34 73 109 109
1180_0226_0053_0026_0026.jpg 1 226 53 26 26
1181_0063_0041_0094_0094.jpg 1 63 41 94 94
1182_0379_0116_0107_0107.jpg 1 379 116 107 107
1183_0092_0167_0029_0029.jpg 1 92 167 29 29
1184_0428_0270_0064_0064.jpg 1 428 270 64 64
1185_0015_0117_0105_0105.jpg 1 15 117 105 105
1186_0256_0433_0118_0118.jpg 1 256 433 118 118
1187_0199_0200_0033_0033.jpg 1 199 200 33 33
1188_0184_0138_0056_0056.jpg 1 184 138 56 56
1189_0026_0118_0084_0084.jpg 1 26 118 84 84
1190_0105_0146_0053_0053.jpg 1 105 146 53 53
1191_0100_0149_0122_0122.jpg 1 100 149 122 122
1192_0086_0037_0044_0044.jpg 1 86 37 44 44
1193_0184_0079_0030_0030.jpg 1 184 79 30 30
1194_0321_0166_0034_0034.jpg 1 321 166 34 34
1195_0315_0061_0078_0078.jpg 1 315 61 78 78
1196_0152_0175_0026_0026.jpg 1 152 175 26 26
1197_0354_0082_0063_0063.jpg 1 354 82 63 63
1198_0220_0038_0046_0046.jpg 1 220 38 46 46
1199_0202_0305_0124_0124.jpg 1 202 305 124 124
1200_0376_0175_0072_0072.jpg 1 376 175 72 72
1201_0071_0081_0128_0128.jpg 1 71 81 128 128
1202_0036_0078_0126_0126.jpg 1 36 78 126 126
1203_0092_0110_0098_0098.jpg 1 92 110 98 98
1204_0051_0022_0048_0048.jpg 1 51 22 48 48
1205_0059_0330_0079_0079.jpg 1 59 330 79 79
1206_0160_0118_0030_0030.jpg 1 160 118 30 30
1207_0053_0036_0103_0103.jpg 1 53 36 103 103
1208_0047_0166_0038_0038.jpg 1 47 166 38 38
1209_0202_0228_0126_0126.jpg 1 202 228 126 126
1210_0200_0058_0093_0093.jpg 1 200 58 93 93
1211_0013_0072_0077_0077.jpg 1 13 72 77 77
1212_0303_0304_0043_0043.jpg 1 303 304 43 43
1213_0026_0081_0105_0105.jpg 1 26 81 105 105
1214_0211_0096_0026_0026.jpg 1 211 96 26 26
1215_0298_0308_0125_0125.jpg 1 298 308 125 125
1216_0123_0263_0100_0100.jpg 1 123 263 100 100
1217_0187_0173_0105_0105.jpg 1 187 173 105 105
1218_0139_0117_0065_0065.jpg 1 139 117 65 65
1219_0161_0107_0031_0031.jpg 1 161 107 31 31
1220_0027_0014_0105_0105.jpg 1 27 14 105 105
1221_0050_0021_0119_0119.jpg 1 50 21 119 119
1222_0410_0239_0086_0086.jpg 1 410 239 86 86
1223_0049_0022_0087_0087.jpg 1 49 22 87 87
1224_0140_0059_0115_0115.jpg 1 140 59 115 115
1225_0045_0070_0078_0078.jpg 1 45 70 78 78
1226_0286_0197_0054_0054.jpg 1 286 197 54 54
1227_0047_0120_0098_0098.jpg 1 47 120 98 98
1228_0023_0117_0093_0093.jpg 1 23 117 93 93
1229_0347_0101_0044_0044.jpg 1 347 101 44 44
1230_0208_0339_0056_0056.jpg 1 208 339 56 56
1231_0357_0104_0111_0111.jpg 1 357 104 111 111
1232_0332_0057_0107_0107.jpg 1 332 57 107 107
1233_0381_0261_0055_0055.jpg 1 381 261 55 55
1234_0080_0180_0025_0025.jpg 1 80 180 25 25
1235_0404_0130_0086_0086.jpg 1 404 130 86 86
1236_0457_0219_0094_0094.jpg 1 457 219 94 94
1237_0091_0060_0086_0086.jpg 1 91 60 86 86
1238_0115_0019_0080_0080.jpg 1 115 19 80 80
1239_0213_0042_0077_0077.jpg 1 213 42 77 77
1240_0111_0026_0068_0068.jpg 1 111 26 68 68
1241_0243_0104_0050_0050.jpg 1 243 104 50 50
1242_0152_0052_0057_0057.jpg 1 152 52 57 57
1243_0078_0042_0077_0077.jpg 1 78 42 77 77
1244_0433_0079_0099_0099.jpg 1 433 79 99 99
1245_0102_0226_0026_0026.jpg 1 102 226 26 26
1246_0080_0102_0039_0039.jpg 1 80 102 39 39
1247_0301_0074_0036_0036.jpg 1 301 74 36 36
1248_0167_0055_0130_0130.jpg 1 167 55 130 130
1249_0198_0373_0032_0032.jpg 1 198 373 32 32
1250_0106_0077_0074_0074.jpg 1 106 77 74 74
1251_0203_0028_0042_0042.jpg 1 203 28 42 42
1252_0487_0059_0051_0051.jpg 1 487 59 51 51
1253_0391_0315_0107_0107.jpg 1 391 315 107 107
1254_0114_0029_0128_0128.jpg 1 114 29 128 128
1255_0023_0084_0091_0091.jpg 1 23 84 91 91
1256_0459_0311_0119_0119.jpg 1 459 311 119 119
1257_0094_0070_0094_0094.jpg 1 94 70 94 94
1258_0079_0182_0076_0076.jpg 1 79 182 76 76
1259_0352_0201_0080_0080.jpg 1 352 201 80 80
1260_0037_0017_0077_0077.jpg 1 37 17 77 77
1261_0454_0147_0049_0049.jpg 1 454 147 49 49
1262_0196_0227_0047_0047.jpg 1 196 227 47 47
1263_0467_0254_0111_0111.jpg 1 467 254 111 111
1264_0082_0077_0110_0110.jpg 1 82 77 110 110
1265_0331_0299_0040_0040.jpg 1 331 299 40 40
1266_0032_0164_0027_0027.jpg 1 32 164 27 27
1267_0024_0101_0113_0113.jpg 1 24 101 113 113
1268_0437_0072_0029_0029.jpg 1 437 72 29 29
1269_0160_0113_0086_0086.jpg 1 160 113 86 86
1270_0137_0021_0120_0120.jpg 1 137 21 120 120
1271_0207_0099_0041_0041.jpg 1 207 99 41 41
1272_0346_0053_0087_0087.jpg 1 346 53 87 87
1273_0431_0176_0110_0110.jpg 1 431 176 110 110
1274_0034_0054_0075_0075.jpg 1 34 54 75 75
1275_0477_0051_0034_0034.jpg 1 477 51 34 34
1276_0404_0205_0119_0119.jpg 1 404 205 119 119
1277_0168_0088_0122_0122.jpg 1 168 88 122 122
1278_0063_0031_0078_0078.jpg 1 63 31 78 78
1279_0380_0316_0128_0128.jpg 1 380 316 128 128
1280_0200_0118_0030_0030.jpg 1 200 118 30 30
1281_0232_0311_0028_0028.jpg 1 232 311 28 28
1282_0089_0283_0044_0044.jpg 1 89 283 44 44
1283_0240_0212_0074_0074.jpg 1 240 212 74 74
1284_0069_0184_0110_0110.jpg 1 69 184 110 110
1285_0136_0113_0060_0060.jpg 1 136 113 60 60
1286_0171_0074_0024_0024.jpg 1 171 74 24 24
1287_0170_0045_0096_0096.jpg 1 170 45 96 96
1288_0098_0054_0055_0055.jpg 1 98 54 55 55
1289_0374_0234_0096_0096.jpg 1 374 234 96 96
1290_0382_0147_0062_0062.jpg 1 382 147 62 62
1291_0275_0498_0051_0051.jpg 1 275 498 51 51
1292_0201_0280_0118_0118.jpg 1 201 280 118 118
1293_0186_0133_0065_0065.jpg 1 186 133 65 65
1294_0507_0232_0036_0036.jpg 1 507 232 36 36
1295_0095_0122_0035_0035.jpg 1 95 122 35 35
1296_0411_0336_0040_0040.jpg 1 411 336 40 40
1297_0494_0089_0090_0090.jpg 1 494 89 90 90
1298_0284_0155_0104_0104.jpg 1 284 155 104 104
1299_0020_0087_0124_0124.jpg 1 20 87 124 124
1300_0061_0107_0045_0045.jpg 1 61 107 45 45
1301_0504_0275_0045_0045.jpg 1 504 275 45 45
1302_0089_0103_0080_0080.jpg 1 89 103 80 80
1303_0111_0035_0123_0123.jpg 1 111 35 123 123
1304_0522_0201_0058_0058.jpg 1 522 201 58 58
1305_0058_0133_0051_0051.jpg 1 58 133 51 51
1306_0387_0118_0112_0112.jpg 1 387 118 112 112
1307_0095_0280_0090_0090.jpg 1 95 280 90 90
1308_0063_0098_0096_0096.jpg 1 63 98 96 96
1309_0128_0019_0108_0108.jpg 1 128 19 108 108
1310_0017_0055_0099_0099.jpg 1 17 55 99 99
1311_0082_0071_0074_0074.jpg 1 82 71 74 74
1312_0422_0383_0035_0035.jpg 1 422 383 35 35
1313_0124_0164_0042_0042.jpg 1 124 164 42 42
1314_0021_0038_0076_0076.jpg 1 21 38 76 76
1315_0067_0316_0066_0066.jpg 1 67 316 66 66
1316_0408_0288_0100_0100.jpg 1 408 288 100 100
1317_0162_0020_0112_0112.jpg 1 162 20 112 112
1318_0273_0223_0056_0056.jpg 1 273 223 56 56
1319_0421_0095_0033_0033.jpg 1 421 95 33 33
1320_0204_0301_0060_0060.jpg 1 204 301 60 60
1321_0091_0091_0059_0059.jpg 1 91 91 59 59
1322_0014_0020_0082_0082.jpg 1 14 20 82 82
1323_0364_0367_0030_0030.jpg 1 364 367 30 30
1324_0145_0064_0051_0051.jpg 1 145 64 51 51
1325_0226_0288_0077_0077.jpg 1 226 288 77 77
1326_0148_0077_0127_0127.jpg 1 148 77 127 127
1327_0137_0139_0105_0105.jpg 1 137 139 105 105
1328_0152_0070_0119_0119.jpg 1 152 70 119 119
1329_0154_0048_0058_0058.jpg 1 154 48 58 58
1330_0049_0019_0067_0067.jpg 1 49 19 67 67
1331_0095_0490_0038_0038.jpg 1 95 490 38 38
1332_0036_0066_0093_0093.jpg 1 36 66 93 93
1333_0081_0019_0098_0098.jpg 1 81 19 98 98
1334_0375_0257_0092_0092.jpg 1 375 257 92 92
1335_0273_0074_0128_0128.jpg 1 273 74 128 128
1336_0262_0300_0046_0046.jpg 1 262 300 46 46
1337_0100_0123_0040_0040.jpg 1 100 123 40 40
1338_0083_0080_0127_0127.jpg 1 83 80 127 127
1339_0091_0425_0106_0106.jpg 1 91 425 106 106
1340_0356_0083_0127_0127.jpg 1 356 83 127 127
1341_0084_0053_0079_0079.jpg 1 84 53 79 79
1342_0020_0058_0114_0114.jpg 1 20 58 114 114
1343_0168_0065_0125_0125.jpg 1 168 65 125 125
1344_0051_0045_0033_0033.jpg 1 51 45 33 33
1345_0027_0040_0087_0087.jpg 1 27 40 87 87
1346_0333_0205_0119_0119.jpg 1 333 205 119 119
1347_0167_0064_0128_0128.jpg 1 167 64 128 128
1348_0470_0301_0106_0106.jpg 1 470 301 106 106
1349_0024_0031_0105_0105.jpg 1 24 31 105 105
1350_0041_0041_0111_0111.jpg 1 41 41 111 111
1351_0197_0116_0060_0060.jpg 1 197 116 60 60
1352_0363_0228_0061_0061.jpg 1 363 228 61 61
1353_0066_0087_0067_0067.jpg 1 66 87 67 67
1354_0079_0013_0111_0111.jpg 1 79 13 111 111
1355_0332_0327_0032_0032.jpg 1 332 327 32 32
1356_0032_0065_0115_0115.jpg 1 32 65 115 115
1357_0082_0084_0113_0113.jpg 1 82 84 113 113
1358_0051_0025_0117_0117.jpg 1 51 25 117 117
1359_0132_0235_0125_0125.jpg 1 132 235 125 125
1360_0198_0039_0086_0086.jpg 1 198 39 86 86
1361_0059_0059_0103_0103.jpg 1 59 59 103 103
1362_0197_0122_0045_0045.jpg 1 197 122 45 45
1363_0327_0325_0095_0095.jpg 1 327 325 95 95
1364_0434_0089_0113_0113.jpg 1 434 89 113 113
1365_0073_0266_0106_0106.jpg 1 73 266 106 106
1366_0070_0135_0048_0048.jpg 1 70 135 48 48
1367_0241_0230_0122_0122.jpg 1 241 230 122 122
1368_0292_0147_0050_0050.jpg 1 292 147 50 50
1369_0077_0023_0070_0070.jpg 1 77 23 70 70
1370_0154_0061_0041_0041.jpg 1 154 61 41 41
1371_0248_0338_0070_0070.jpg 1 248 338 70 70
1372_0159_0064_0117_0117.jpg 1 159 64 117 117
1373_0010_0069_0096_0096.jpg 1 10 69 96 96
1374_0267_0376_0045_0045.jpg 1 267 376 45 45
1375_0086_0178_0034_0034.jpg 1 86 178 34 34
1376_0081_0158_0030_0030.jpg 1 81 158 30 30
1377_0105_0117_0082_0082.jpg 1 105 117 82 82
1378_0207_0151_0043_0043.jpg 1 207 151 43 43
1379_0035_0019_0112_0112.jpg 1 35 19 112 112
1380_0102_0028_0103_0103.jpg 1 102 28 103 103
1381_0178_0250_0042_0042.jpg 1 178 250 42 42
1382_0098_0082_0045_0045.jpg 1 98 82 45 45
1383_0064_0091_0027_0027.jpg 1 64 91 27 27
1384_0357_0256_0115_0115.jpg 1 357 256 115 115
1385_0065_0080_0122_0122.jpg 1 65 80 122 122
1386_0055_0035_0086_0086.jpg 1 55 35 86 86
1387_0430_0122_0070_0070.jpg 1 430 122 70 70
1388_0185_0240_0101_0101.jpg 1 185 240 101 101
1389_0027_0034_0108_0108.jpg 1 27 34 108 108
1390_0371_0387_0048_0048.jpg 1 371 387 48 48
1391_0397_0043_0064_0064.jpg 1 397 43 64 64
1392_0197_0135_0060_0060.jpg 1 197 135 60 60
1393_0019_0145_0067_0067.jpg 1 19 145 67 67
1394_0184_0227_0079_0079.jpg 1 184 227 79 79
1395_0110_0247_0046_0046.jpg 1 110 247 46 46
1396_0465_0120_0048_0048.jpg 1 465 120 48 48
1397_0066_0109_0064_0064.jpg 1 66 109 64 64
1398_0231_0152_0045_0045.jpg 1 231 152 45 45
1399_0166_0019_0075_0075.jpg 1 166 19 75 75
1400_0357_0174_0096_0096.jpg 1 357 174 96 96
1401_0072_0105_0087_0087.jpg 1 72 105 87 87
1402_0232_0236_0120_0120.jpg 1 232 236 120 120
1403_0410_0321_0104_0104.jpg 1 410 321 104 104
1404_0160_0153_0050_0050.jpg 1 160 153 50 50
1405_0476_0320_0063_0063.jpg 1 476 320 63 63
1406_0131_0117_0065_0065.jpg 1 131 117 65 65
1407_0057_0216_0092_0092.jpg 1 57 216 92 92
1408_0030_0158_0051_0051.jpg 1 30 158 51 51
1409_0206_0072_0087_0087.jpg 1 206 72 87 87
1410_0412_0087_0025_0025.jpg 1 412 87 25 25
1411_0124_0128_0033_0033.jpg 1 124 128 33 33
1412_0185_0035_0050_0050.jpg 1 185 35 50 50
1413_0170_0135_0073_0073.jpg 1 170 135 73 73
1414_0122_0084_0076_0076.jpg 1 122 84 76 76
1415_0350_0234_0092_0092.jpg 1 350 234 92 92
1416_0242_0389_0061_0061.jpg 1 242 389 61 61
1417_0125_0091_0026_0026.jpg 1 125 91 26 26
1418_0027_0131_0088_0088.jpg 1 27 131 88 88
1419_0158_0244_0094_0094.jpg 1 158 244 94 94
1420_0067_0127_0060_0060.jpg 1 67 127 60 60
1421_0369_0121_0101_0101.jpg 1 369 121 101 101
1422_0216_0085_0077_0077.jpg 1 216 85 77 77
1423_0123_0126_0042_0042.jpg 1 123 126 42 42
1424_0245_0133_0036_0036.jpg 1 245 133 36 36
1425_0113_0023_0082_0082.jpg 1 113 23 82 82
1426_0291_0084_0059_0059.jpg 1 291 84 59 59
1427_0241_0219_0083_0083.jpg 1 241 219 83 83
1428_0498_0054_0036_0036.jpg 1 498 54 36 36
1429_0147_0050_0038_0038.jpg 1 147 50 38 38
1430_0295_0301_0116_0116.jpg 1 295 301 116 116
1431_0504_0104_0057_0057.jpg 1 504 104 57 57
1432_0131_0093_0041_0041.jpg 1 131 93 41 41
1433_0428_0153_0051_0051.jpg 1 428 153 51 51
1434_0493_0103_0048_0048.jpg 1 493 103 48 48
1435_0384_0097_0081_0081.jpg 1 384 97 81 81
1436_0365_0390_0037_0037.jpg 1 365 390 37 37
1437_0021_0098_0116_0116.jpg 1 21 98 116 116
1438_0352_0336_0028_0028.jpg 1 352 336 28 28
1439_0089_0077_0068_0068.jpg 1 89 77 68 68
1440_0110_0540_0027_0027.jpg 1 110 540 27 27
1441_0146_0177_0076_0076.jpg 1 146 177 76 76
1442_0352_0497_0073_0073.jpg 1 352 497 73 73
1443_0170_0113_0086_0086.jpg 1 170 113 86 86
1444_0366_0094_0044_0044.jpg 1 366 94 44 44
1445_0281_0118_0051_0051.jpg 1 281 118 51 51
1446_0085_0095_0115_0115.jpg 1 85 95 115 115
1447_0093_0051_0077_0077.jpg 1 93 51 77 77
1448_0076_0022_0048_0048.jpg 1 76 22 48 48
1449_0069_0078_0064_0064.jpg 1 69 78 64 64
1450_0170_0062_0056_0056.jpg 1 170 62 56 56
1451_0240_0071_0044_0044.jpg 1 240 71 44 44
1452_0434_0246_0110_0110.jpg 1 434 246 110 110
1453_0334_0070_0089_0089.jpg 1 334 70 89 89
1454_0153_0149_0066_0066.jpg 1 153 149 66 66
1455_0034_0043_0093_0093.jpg 1 34 43 93 93
1456_0162_0149_0082_0082.jpg 1 162 149 82 82
1457_0142_0245_0075_0075.jpg 1 142 245 75 75
1458_0173_0414_0098_0098.jpg 1 173 414 98 98
1459_0163_0071_0075_0075.jpg 1 163 71 75 75
1460_0072_0071_0089_0089.jpg 1 72 71 89 89
1461_0181_0067_0045_0045.jpg 1 181 67 45 45
1462_0058_0024_0128_0128.jpg 1 58 24 128 128
1463_0080_0061_0028_0028.jpg 1 80 61 28 28
1464_0154_0219_0060_0060.jpg 1 154 219 60 60
1465_0305_0256_0126_0126.jpg 1 305 256 126 126
1466_0056_0033_0027_0027.jpg 1 56 33 27 27
1467_0146_0047_0041_0041.jpg 1 146 47 41 41
1468_0067_0182_0027_0027.jpg 1 67 182 27 27
1469_0396_0305_0045_0045.jpg 1 396 305 45 45
1470_0084_0066_0036_0036.jpg 1 84 66 36 36
1471_0159_0129_0026_0026.jpg 1 159 129 26 26
1472_0137_0036_0028_0028.jpg 1 137 36 28 28
1473_0081_0080_0065_0065.jpg 1 81 80 65 65
1474_0151_0020_0038_0038.jpg 1 151 20 38 38
1475_0015_0112_0058_0058.jpg 1 15 112 58 58
1476_0065_0071_0044_0044.jpg 1 65 71 44 44
1477_0036_0031_0057_0057.jpg 1 36 31 57 57
1478_0076_0338_0088_0088.jpg 1 76 338 88 88
1479_0108_0266_0128_0128.jpg 1 108 266 128 128
1480_0199_0239_0039_0039.jpg 1 199 239 39 39
1481_0062_0077_0041_0041.jpg 1 62 77 41 41
1482_0248_0118_0064_0064.jpg 1 248 118 64 64
1483_0372_0195_0122_0122.jpg 1 372 195 122 122
1484_0119_0044_0090_0090.jpg 1 119 44 90 90
1485_0498_0359_0068_0068.jpg 1 498 359 68 68
1486_0163_0075_0122_0122.jpg 1 163 75 122 122
1487_0318_0299_0121_0121.jpg 1 318 299 121 121
1488_0098_0042_0092_0092.jpg 1 98 42 92 92
1489_0075_0137_0037_0037.jpg 1 75 137 37 37
1490_0084_0446_0027_0027.jpg 1 84 446 27 27
1491_0050_0084_0090_0090.jpg 1 50 84 90 90
1492_0382_0073_0026_0026.jpg 1 382 73 26 26
1493_0464_0297_0079_0079.jpg 1 464 297 79 79
1494_0135_0155_0042_0042.jpg 1 135 155 42 42
1495_0163_0062_0097_0097.jpg 1 163 62 97 97
1496_0273_0225_0046_0046.jpg 1 273 225 46 46
1497_0042_0021_0068_0068.jpg 1 42 21 68 68
1498_0075_0321_0106_0106.jpg 1 75 321 106 106
1499_0113_0235_0085_0085.jpg 1 113 235 85 85
1500_0083_0060_0048_0048.jpg 1 83 60 48 48
1501_0428_0074_0043_0043.jpg 1 428 74 43 43
1502_0469_0301_0107_0107.jpg 1 469 301 107 107
1503_0173_0086_0117_0117.jpg 1 173 86 117 117
1504_0165_0300_0053_0053.jpg 1 165 300 53 53
1505_0157_0126_0089_0089.jpg 1 157 126 89 89
1506_0276_0161_0116_0116.jpg 1 276 161 116 116
1507_0064_0088_0127_0127.jpg 1 64 88 127 127
1508_0173_0327_0108_0108.jpg 1 173 327 108 108
1509_0101_0201_0114_0114.jpg 1 101 201 114 114
1510_0238_0046_0127_0127.jpg 1 238 46 127 127
1511_0455_0192_0040_0040.jpg 1 455 192 40 40
1512_0199_0088_0088_0088.jpg 1 199 88 88 88
1513_0022_0078_0129_0129.jpg 1 22 78 129 129
1514_0111_0265_0115_0115.jpg 1 111 265 115 115
1515_0107_0109_0051_0051.jpg 1 107 109 51 51
1516_0249_0047_0027_0027.jpg 1 249 47 27 27
1517_0166_0066_0051_0051.jpg 1 166 66 51 51
1518_0211_0316_0117_0117.jpg 1 211 316 117 117
1519_0322_0210_0089_0089.jpg 1 322 210 89 89
1520_0122_0084_0043_0043.jpg 1 122 84 43 43
1521_0172_0071_0033_0033.jpg 1 172 71 33 33
1522_0499_0271_0038_0038.jpg 1 499 271 38 38
1523_0218_0186_0120_0120.jpg 1 218 186 120 120
1524_0025_0139_0065_0065.jpg 1 25 139 65 65
1525_0129_0108_0063_0063.jpg 1 129 108 63 63
1526_0082_0052_0109_0109.jpg 1 82 52 109 109
1527_0486_0256_0044_0044.jpg 1 486 256 44 44
1528_0114_0139_0028_0028.jpg 1 114 139 28 28
1529_0306_0154_0122_0122.jpg 1 306 154 122 122
1530_0337_0164_0087_0087.jpg 1 337 164 87 87
1531_0197_0212_0046_0046.jpg 1 197 212 46 46
1532_0172_0386_0073_0073.jpg 1 172 386 73 73
1533_0342_0073_0119_0119.jpg 1 342 73 119 119
1534_0028_0034_0059_0059.jpg 1 28 34 59 59
1535_0024_0088_0129_0129.jpg 1 24 88 129 129
1536_0145_0333_0044_0044.jpg 1 145 333 44 44
1537_0158_0189_0076_0076.jpg 1 158 189 76 76
1538_0306_0169_0107_0107.jpg 1 306 169 107 107
1539_0234_0084_0091_0091.jpg 1 234 84 91 91
1540_0291_0286_0107_0107.jpg 1 291 286 107 107
1541_0088_0063_0094_0094.jpg 1 88 63 94 94
1542_0021_0141_0055_0055.jpg 1 21 141 55 55
1543_0432_0256_0064_0064.jpg 1 432 256 64 64
1544_0084_0068_0095_0095.jpg 1 84 68 95 95
1545_0080_0046_0107_0107.jpg 1 80 46 107 107
1546_0053_0038_0127_0127.jpg 1 53 38 127 127
1547_0160_0060_0086_0086.jpg 1 160 60 86 86
1548_0344_0254_0130_0130.jpg 1 344 254 130 130
1549_0344_0217_0082_0082.jpg 1 344 217 82 82
1550_0059_0115_0024_0024.jpg 1 59 115 24 24
1551_0079_0302_0054_0054.jpg 1 79 302 54 54
1552_0124_0123_0074_0074.jpg 1 124 123 74 74
1553_0367_0146_0047_0047.jpg 1 367 146 47 47
1554_0054_0107_0053_0053.jpg 1 54 107 53 53
1555_0446_0257_0085_0085.jpg 1 446 257 85 85
1556_0360_0268_0113_0113.jpg 1 360 268 113 113
1557_0359_0210_0050_0050.jpg 1 359 210 50 50
1558_0386_0270_0117_0117.jpg 1 386 270 117 117
1559_0251_0389_0047_0047.jpg 1 251 389 47 47
1560_0179_0090_0085_0085.jpg 1 179 90 85 85
1561_0152_0315_0117_0117.jpg 1 152 315 117 117
1562_0084_0014_0092_0092.jpg 1 84 14 92 92
1563_0158_0163_0042_0042.jpg 1 158 163 42 42
1564_0143_0041_0124_0124.jpg 1 143 41 124 124
1565_0325_0198_0057_0057.jpg 1 325 198 57 57
1566_0311_0330_0063_0063.jpg 1 311 330 63 63
1567_0183_0076_0054_0054.jpg 1 183 76 54 54
1568_0245_0059_0107_0107.jpg 1 245 59 107 107
1569_0087_0125_0073_0073.jpg 1 87 125 73 73
1570_0252_0289_0052_0052.jpg 1 252 289 52 52
1571_0122_0264_0067_0067.jpg 1 122 264 67 67
1572_0062_0249_0036_0036.jpg 1 62 249 36 36
1573_0375_0246_0084_0084.jpg 1 375 246 84 84
1574_0100_0432_0061_0061.jpg 1 100 432 61 61
1575_0259_0103_0064_0064.jpg 1 259 103 64 64
1576_0149_0086_0114_0114.jpg 1 149 86 114 114
1577_0029_0034_0055_0055.jpg 1 29 34 55 55
1578_0239_0295_0062_0062.jpg 1 239 295 62 62
1579_0329_0209_0085_0085.jpg 1 329 209 85 85
1580_0034_0109_0082_0082.jpg 1 34 109 82 82
1581_0087_0054_0093_0093.jpg 1 87 54 93 93
1582_0306_0308_0054_0054.jpg 1 306 308 54 54
1583_0273_0331_0038_0038.jpg 1 273 331 38 38
1584_0243_0194_0112_0112.jpg 1 243 194 112 112
1585_0061_0129_0089_0089.jpg 1 61 129 89 89
1586_0438_0123_0074_0074.jpg 1 438 123 74 74
1587_0170_0256_0114_0114.jpg 1 170 256 114 114
1588_0428_0193_0092_0092.jpg 1 428 193 92 92
1589_0059_0062_0039_0039.jpg 1 59 62 39 39
1590_0081_0065_0118_0118.jpg 1 81 65 118 118
1591_0054_0052_0032_0032.jpg 1 54 52 32 32
1592_0059_0082_0065_0065.jpg 1 59 82 65 65
1593_0032_0105_0069_0069.jpg 1 32 105 69 69
1594_0047_0083_0032_0032.jpg 1 47 83 32 32
1595_0057_0102_0029_0029.jpg 1 57 102 29 29
1596_0147_0024_0121_0121.jpg 1 147 24 121 121
1597_0032_0146_0033_0033.jpg 1 32 146 33 33
1598_0068_0045_0107_0107.jpg 1 68 45 107 107
1599_0293_0185_0049_0049.jpg 1 293 185 49 49
1600_0307_0207_0049_0049.jpg 1 307 207 49 49
1601_0052_0070_0111_0111.jpg 1 52 70 111 111
1602_0137_0070_0073_0073.jpg 1 137 70 73 73
1603_0046_0084_0124_0124.jpg 1 46 84 124 124
1604_0432_0320_0109_0109.jpg 1 432 320 109 109
1605_0218_0503_0030_0030.jpg 1 218 503 30 30
1606_0099_0265_0112_0112.jpg 1 99 265 112 112
1607_0093_0036_0045_0045.jpg 1 93 36 45 45
1608_0089_0115_0050_0050.jpg 1 89 115 50 50
1609_0050_0063_0102_0102.jpg 1 50 63 102 102
1610_0091_0116_0053_0053.jpg 1 91 116 53 53
1611_0004_0028_0089_0089.jpg 1 4 28 89 89
1612_0309_0134_0077_0077.jpg 1 309 134 77 77
1613_0335_0279_0024_0024.jpg 1 335 279 24 24
1614_0265_0238_0045_0045.jpg 1 265 238 45 45
1615_0225_0028_0053_0053.jpg 1 225 28 53 53
1616_0100_0057_0084_0084.jpg 1 100 57 84 84
1617_0068_0049_0109_0109.jpg 1 68 49 109 109
1618_0068_0053_0126_0126.jpg 1 68 53 126 126
1619_0483_0348_0053_0053.jpg 1 483 348 53 53
1620_0133_0025_0088_0088.jpg 1 133 25 88 88
1621_0149_0165_0123_0123.jpg 1 149 165 123 123
1622_0121_0073_0080_0080.jpg 1 121 73 80 80
1623_0179_0104_0092_0092.jpg 1 179 104 92 92
1624_0054_0110_0047_0047.jpg 1 54 110 47 47
1625_0079_0037_0125_0125.jpg 1 79 37 125 125
1626_0203_0037_0073_0073.jpg 1 203 37 73 73
1627_0105_0204_0114_0114.jpg 1 105 204 114 114
1628_0380_0097_0076_0076.jpg 1 380 97 76 76
1629_0103_0169_0034_0034.jpg 1 103 169 34 34
1630_0128_0065_0125_0125.jpg 1 128 65 125 125
1631_0471_0207_0036_0036.jpg 1 471 207 36 36
1632_0190_0265_0106_0106.jpg 1 190 265 106 106
1633_0069_0059_0033_0033.jpg 1 69 59 33 33
1634_0048_0098_0039_0039.jpg 1 48 98 39 39
1635_0124_0105_0049_0049.jpg 1 124 105 49 49
1636_0338_0198_0068_0068.jpg 1 338 198 68 68
1637_0260_0154_0094_0094.jpg 1 260 154 94 94
1638_0044_0396_0111_0111.jpg 1 44 396 111 111
1639_0020_0030_0124_0124.jpg 1 20 30 124 124
1640_0163_0152_0048_0048.jpg 1 163 152 48 48
1641_0234_0208_0120_0120.jpg 1 234 208 120 120
1642_0245_0137_0043_0043.jpg 1 245 137 43 43
1643_0229_0064_0063_0063.jpg 1 229 64 63 63
1644_0304_0046_0042_0042.jpg 1 304 46 42 42
1645_0318_0286_0085_0085.jpg 1 318 286 85 85
1646_0069_0312_0058_0058.jpg 1 69 312 58 58
1647_0042_0080_0068_0068.jpg 1 42 80 68 68
1648_0086_0033_0072_0072.jpg 1 86 33 72 72
1649_0401_0195_0041_0041.jpg 1 401 195 41 41
1650_0083_0077_0063_0063.jpg 1 83 77 63 63
1651_0056_0115_0102_0102.jpg 1 56 115 102 102
1652_0077_0071_0109_0109.jpg 1 77 71 109 109
1653_0380_0276_0119_0119.jpg 1 380 276 119 119
1654_0173_0342_0026_0026.jpg 1 173 342 26 26
1655_0132_0112_0066_0066.jpg 1 132 112 66 66
1656_0094_0013_0099_0099.jpg 1 94 13 99 99
1657_0081_0250_0081_0081.jpg 1 81 250 81 81
1658_0490_0199_0069_0069.jpg 1 490 199 69 69
1659_0261_0022_0026_0026.jpg 1 261 22 26 26
1660_0007_0023_0097_0097.jpg 1 7 23 97 97
1661_0036_0110_0034_0034.jpg 1 36 110 34 34
1662_0452_0242_0046_0046.jpg 1 452 242 46 46
1663_0381_0403_0048_0048.jpg 1 381 403 48 48
1664_0349_0106_0113_0113.jpg 1 349 106 113 113
1665_0155_0037_0114_0114.jpg 1 155 37 114 114
1666_0132_0406_0025_0025.jpg 1 132 406 25 25
1667_0057_0026_0046_0046.jpg 1 57 26 46 46
1668_0136_0035_0034_0034.jpg 1 136 35 34 34
1669_0088_0040_0122_0122.jpg 1 88 40 122 122
1670_0323_0240_0121_0121.jpg 1 323 240 121 121
1671_0136_0193_0075_0075.jpg 1 136 193 75 75
1672_0090_0298_0086_0086.jpg 1 90 298 86 86
1673_0231_0168_0081_0081.jpg 1 231 168 81 81
1674_0210_0136_0048_0048.jpg 1 210 136 48 48
1675_0308_0047_0071_0071.jpg 1 308 47 71 71
1676_0033_0036_0025_0025.jpg 1 33 36 25 25
1677_0018_0121_0091_0091.jpg 1 18 121 91 91
1678_0065_0025_0116_0116.jpg 1 65 25 116 116
1679_0148_0052_0067_0067.jpg 1 148 52 67 67
1680_0088_0122_0069_0069.jpg 1 88 122 69 69
1681_0141_0019_0080_0080.jpg 1 141 19 80 80
1682_0183_0177_0118_0118.jpg 1 183 177 118 118
1683_0113_0019_0084_0084.jpg 1 113 19 84 84
1684_0122_0041_0125_0125.jpg 1 122 41 125 125
1685_0247_0379_0034_0034.jpg 1 247 379 34 34
1686_0381_0221_0037_0037.jpg 1 381 221 37 37
1687_0228_0128_0120_0120.jpg 1 228 128 120 120
1688_0023_0050_0118_0118.jpg 1 23 50 118 118
1689_0025_0052_0113_0113.jpg 1 25 52 113 113
1690_0062_0073_0051_0051.jpg 1 62 73 51 51
1691_0153_0024_0066_0066.jpg 1 153 24 66 66
1692_0028_0044_0074_0074.jpg 1 28 44 74 74
1693_0409_0306_0092_0092.jpg 1 409 306 92 92
1694_0356_0171_0068_0068.jpg 1 356 171 68 68
1695_0160_0058_0125_0125.jpg 1 160 58 125 125
1696_0101_0040_0095_0095.jpg 1 101 40 95 95
1697_0094_0130_0074_0074.jpg 1 94 130 74 74
1698_0183_0204_0034_0034.jpg 1 183 204 34 34
1699_0310_0394_0034_0034.jpg 1 310 394 34 34
1700_0216_0117_0052_0052.jpg 1 216 117 52 52
1701_0117_0151_0046_0046.jpg 1 117 151 46 46
1702_0058_0129_0058_0058.jpg 1 58 129 58 58
1703_0062_0075_0079_0079.jpg 1 62 75 79 79
1704_0297_0235_0092_0092.jpg 1 297 235 92 92
1705_0175_0046_0105_0105.jpg 1 175 46 105 105
1706_0069_0178_0026_0026.jpg 1 69 178 26 26
1707_0199_0216_0050_0050.jpg 1 199 216 50 50
1708_0405_0304_0054_0054.jpg 1 405 304 54 54
1709_0272_0399_0129_0129.jpg 1 272 399 129 129
1710_0032_0082_0124_0124.jpg 1 32 82 124 124
1711_0124_0463_0104_0104.jpg 1 124 463 104 104
1712_0162_0077_0077_0077.jpg 1 162 77 77 77
1713_0103_0087_0064_0064.jpg 1 103 87 64 64
1714_0218_0222_0076_0076.jpg 1 218 222 76 76
1715_0061_0109_0057_0057.jpg 1 61 109 57 57
1716_0240_0068_0089_0089.jpg 1 240 68 89 89
1717_0083_0055_0124_0124.jpg 1 83 55 124 124
1718_0395_0188_0101_0101.jpg 1 395 188 101 101
1719_0201_0081_0080_0080.jpg 1 201 81 80 80
1720_0335_0210_0038_0038.jpg 1 335 210 38 38
1721_0143_0091_0082_0082.jpg 1 143 91 82 82
1722_0060_0122_0118_0118.jpg 1 60 122 118 118
1723_0042_0070_0026_0026.jpg 1 42 70 26 26
1724_0253_0251_0045_0045.jpg 1 253 251 45 45
1725_0107_0185_0113_0113.jpg 1 107 185 113 113
1726_0022_0018_0083_0083.jpg 1 22 18 83 83
1727_0044_0111_0068_0068.jpg 1 44 111 68 68
1728_0070_0094_0112_0112.jpg 1 70 94 112 112
1729_0194_0259_0103_0103.jpg 1 194 259 103 103
1730_0421_0196_0066_0066.jpg 1 421 196 66 66
1731_0167_0026_0111_0111.jpg 1 167 26 111 111
1732_0043_0049_0104_0104.jpg 1 43 49 104 104
1733_0144_0090_0098_0098.jpg 1 144 90 98 98
1734_0242_0267_0093_0093.jpg 1 242 267 93 93
1735_0244_0239_0039_0039.jpg 1 244 239 39 39
1736_0070_0161_0057_0057.jpg 1 70 161 57 57
1737_0280_0185_0117_0117.jpg 1 280 185 117 117
1738_0200_0120_0098_0098.jpg 1 200 120 98 98
1739_0060_0268_0127_0127.jpg 1 60 268 127 127
1740_0482_0204_0077_0077.jpg 1 482 204 77 77
1741_0072_0032_0051_0051.jpg 1 72 32 51 51
1742_0152_0142_0112_0112.jpg 1 152 142 112 112
1743_0081_0021_0121_0121.jpg 1 81 21 121 121
1744_0180_0046_0036_0036.jpg 1 180 46 36 36
1745_0224_0048_0114_0114.jpg 1 224 48 114 114
1746_0151_0241_0091_0091.jpg 1 151 241 91 91
1747_0326_0176_0089_0089.jpg 1 326 176 89 89
1748_0115_0370_0055_0055.jpg 1 115 370 55 55
1749_0085_0130_0058_0058.jpg 1 85 130 58 58
1750_0121_0079_0065_0065.jpg 1 121 79 65 65
1751_0034_0059_0107_0107.jpg 1 34 59 107 107
1752_0194_0139_0074_0074.jpg 1 194 139 74 74
1753_0169_0068_0036_0036.jpg 1 169 68 36 36
1754_0123_0035_0076_0076.jpg 1 123 35 76 76
1755_0289_0103_0060_0060.jpg 1 289 103 60 60
1756_0162_0175_0050_0050.jpg 1 162 175 50 50
1757_0039_0025_0081_0081.jpg 1 39 25 81 81
1758_0019_0125_0078_0078.jpg 1 19 125 78 78
1759_0088_0029_0099_0099.jpg 1 88 29 99 99
1760_0167_0316_0044_0044.jpg 1 167 316 44 44
1761_0352_0276_0081_0081.jpg 1 352 276 81 81
1762_0455_0311_0026_0026.jpg 1 455 311 26 26
1763_0068_0039_0096_0096.jpg 1 68 39 96 96
1764_0225_0092_0066_0066.jpg 1 225 92 66 66
1765_0079_0289_0101_0101.jpg 1 79 289 101 101
1766_0359_0206_0085_0085.jpg 1 359 206 85 85
1767_0058_0028_0124_0124.jpg 1 58 28 124 124
1768_0304_0087_0126_0126.jpg 1 304 87 126 126
1769_0192_0308_0062_0062.jpg 1 192 308 62 62
1770_0111_0153_0096_0096.jpg 1 111 153 96 96
1771_0094_0099_0039_0039.jpg 1 94 99 39 39
1772_0098_0151_0052_0052.jpg 1 98 151 52 52
1773_0049_0036_0116_0116.jpg 1 49 36 116 116
1774_0068_0071_0112_0112.jpg 1 68 71 112 112
1775_0135_0105_0042_0042.jpg 1 135 105 42 42
1776_0225_0214_0076_0076.jpg 1 225 214 76 76
1777_0349_0171_0074_0074.jpg 1 349 171 74 74
1778_0214_0385_0066_0066.jpg 1 214 385 66 66
1779_0450_0212_0090_0090.jpg 1 450 212 90 90
1780_0120_0059_0097_0097.jpg 1 120 59 97 97
1781_0033_0113_0097_0097.jpg 1 33 113 97 97
1782_0094_0121_0051_0051.jpg 1 94 121 51 51
1783_0258_0051_0069_0069.jpg 1 258 51 69 69
1784_0205_0113_0047_0047.jpg 1 205 113 47 47
1785_0192_0200_0093_0093.jpg 1 192 200 93 93
1786_0039_0111_0092_0092.jpg 1 39 111 92 92
1787_0202_0257_0071_0071.jpg 1 202 257 71 71
1788_0167_0262_0110_0110.jpg 1 167 262 110 110
1789_0092_0096_0120_0120.jpg 1 92 96 120 120
1790_0470_0258_0037_0037.jpg 1 470 258 37 37
1791_0105_0250_0097_0097.jpg 1 105 250 97 97
1792_0044_0023_0084_0084.jpg 1 44 23 84 84
1793_0296_0066_0046_0046.jpg 1 296 66 46 46
1794_0392_0166_0128_0128.jpg 1 392 166 128 128
1795_0031_0057_0085_0085.jpg 1 31 57 85 85
1796_0130_0225_0089_0089.jpg 1 130 225 89 89
1797_0340_0146_0070_0070.jpg 1 340 146 70 70
1798_0063_0161_0054_0054.jpg 1 63 161 54 54
1799_0503_0061_0074_0074.jpg 1 503 61 74 74
1800_0172_0319_0029_0029.jpg 1 172 319 29 29
1801_0243_0053_0038_0038.jpg 1 243 53 38 38
1802_0379_0205_0051_0051.jpg 1 379 205 51 51
1803_0069_0109_0097_0097.jpg 1 69 109 97 97
1804_0074_0120_0061_0061.jpg 1 74 120 61 61
1805_0110_0124_0082_0082.jpg 1 110 124 82 82
1806_0440_0064_0052_0052.jpg 1 440 64 52 52
1807_0160_0185_0089_0089.jpg 1 160 185 89 89
1808_0039_0088_0050_0050.jpg 1 39 88 50 50
1809_0213_0045_0035_0035.jpg 1 213 45 35 35
1810_0060_0241_0120_0120.jpg 1 60 241 120 120
1811_0050_0111_0115_0115.jpg 1 50 111 115 115
1812_0332_0126_0083_0083.jpg 1 332 126 83 83
1813_0077_0097_0090_0090.jpg 1 77 97 90 90
1814_0275_0444_0040_0040.jpg 1 275 444 40 40
1815_0373_0050_0037_0037.jpg 1 373 50 37 37
1816_0195_0068_0096_0096.jpg 1 195 68 96 96
1817_0051_0081_0066_0066.jpg 1 51 81 66 66
1818_0090_0052_0038_0038.jpg 1 90 52 38 38
1819_0387_0324_0041_0041.jpg 1 387 324 41 41
1820_0213_0416_0129_0129.jpg 1 213 416 129 129
1821_0057_0078_0110_0110.jpg 1 57 78 110 110
1822_0141_0096_0027_0027.jpg 1 141 96 27 27
1823_0088_0090_0106_0106.jpg 1 88 90 106 106
1824_0024_0018_0086_0086.jpg 1 24 18 86 86
1825_0171_0071_0060_0060.jpg 1 171 71 60 60
1826_0105_0081_0106_0106.jpg 1 105 81 106 106
1827_0095_0025_0057_0057.jpg 1 95 25 57 57
1828_0098_0068_0117_0117.jpg 1 98 68 117 117
1829_0074_0063_0085_0085.jpg 1 74 63 85 85
1830_0063_0042_0054_0054.jpg 1 63 42 54 54
1831_0118_0053_0115_0115.jpg 1 118 53 115 115
1832_0083_0129_0034_0034.jpg 1 83 129 34 34
1833_0073_0037_0026_0026.jpg 1 73 37 26 26
1834_0237_0151_0051_0051.jpg 1 237 151 51 51
1835_0157_0304_0081_0081.jpg 1 157 304 81 81
1836_0107_0024_0079_0079.jpg 1 107 24 79 79
1837_0427_0049_0025_0025.jpg 1 427 49 25 25
1838_0105_0105_0122_0122.jpg 1 105 105 122 122
1839_0074_0119_0090_0090.jpg 1 74 119 90 90
1840_0209_0291_0125_0125.jpg 1 209 291 125 125
1841_0232_0064_0058_0058.jpg 1 232 64 58 58
1842_0020_0040_0118_0118.jpg 1 20 40 118 118
1843_0060_0151_0044_0044.jpg 1 60 151 44 44
1844_0317_0083_0086_0086.jpg 1 317 83 86 86
1845_0278_0323_0081_0081.jpg 1 278 323 81 81
1846_0138_0051_0036_0036.jpg 1 138 51 36 36
1847_0079_0125_0026_0026.jpg 1 79 125 26 26
1848_0114_0059_0088_0088.jpg 1 114 59 88 88
1849_0502_0323_0065_0065.jpg 1 502 323 65 65
1850_0314_0144_0129_0129.jpg 1 314 144 129 129
1851_0042_0106_0061_0061.jpg 1 42 106 61 61
1852_0102_0061_0075_0075.jpg 1 102 61 75 75
1853_0180_0065_0100_0100.jpg 1 180 65 100 100
1854_0181_0089_0040_0040.jpg 1 181 89 40 40
1855_0331_0042_0100_0100.jpg 1 331 42 100 100
1856_0058_0038_0057_0057.jpg 1 58 38 57 57
1857_0339_0047_0127_0127.jpg 1 339 47 127 127
1858_0102_0109_0077_0077.jpg 1 102 109 77 77
1859_0177_0105_0035_0035.jpg 1 177 105 35 35
1860_0261_0290_0121_0121.jpg 1 261 290 121 121
1861_0076_0189_0097_0097.jpg 1 76 189 97 97
1862_0411_0118_0026_0026.jpg 1 411 118 26 26
1863_0031_0057_0082_0082.jpg 1 31 57 82 82
1864_0124_0020_0100_0100.jpg 1 124 20 100 100
1865_0342_0222_0082_0082.jpg 1 342 222 82 82
1866_0060_0152_0083_0083.jpg 1 60 152 83 83
1867_0485_0036_0094_0094.jpg 1 485 36 94 94
1868_0070_0131_0128_0128.jpg 1 70 131 128 128
1869_0198_0098_0100_0100.jpg 1 198 98 100 100
1870_0285_0204_0077_0077.jpg 1 285 204 77 77
1871_0230_0052_0070_0070.jpg 1 230 52 70 70
1872_0030_0107_0063_0063.jpg 1 30 107 63 63
1873_0158_0073_0092_0092.jpg 1 158 73 92 92
1874_0085_0453_0044_0044.jpg 1 85 453 44 44
1875_0033_0035_0110_0110.jpg 1 33 35 110 110
1876_0063_0070_0114_0114.jpg 1 63 70 114 114
1877_0148_0135_0089_0089.jpg 1 148 135 89 89
1878_0161_0049_0089_0089.jpg 1 161 49 89 89
1879_0140_0089_0051_0051.jpg 1 140 89 51 51
1880_0505_0209_0068_0068.jpg 1 505 209 68 68
1881_0158_0042_0050_0050.jpg 1 158 42 50 50
1882_0119_0075_0060_0060.jpg 1 119 75 60 60
1883_0123_0116_0112_0112.jpg 1 123 116 112 112
1884_0033_0025_0065_0065.jpg 1 33 25 65 65
1885_0066_0065_0103_0103.jpg 1 66 65 103 103
1886_0339_0046_0066_0066.jpg 1 339 46 66 66
1887_0121_0074_0119_0119.jpg 1 121 74 119 119
1888_0110_0026_0054_0054.jpg 1 110 26 54 54
1889_0129_0116_0059_0059.jpg 1 129 116 59 59
1890_0121_0094_0037_0037.jpg 1 121 94 37 37
1891_0161_0334_0064_0064.jpg 1 161 334 64 64
1892_0154_0098_0036_0036.jpg 1 154 98 36 36
1893_0257_0208_0100_0100.jpg 1 257 208 100 100
1894_0162_0111_0067_0067.jpg 1 162 111 67 67
1895_0053_0080_0088_0088.jpg 1 53 80 88 88
1896_0156_0489_0091_0091.jpg 1 156 489 91 91
1897_0265_0212_0124_0124.jpg 1 265 212 124 124
1898_0079_0084_0117_0117.jpg 1 79 84 117 117
1899_0444_0299_0099_0099.jpg 1 444 299 99 99
1900_0156_0129_0048_0048.jpg 1 156 129 48 48
1901_0447_0051_0036_0036.jpg 1 447 51 36 36
1902_0458_0334_0100_0100.jpg 1 458 334 100 100
1903_0032_0014_0112_0112.jpg 1 32 14 112 112
1904_0238_0185_0046_0046.jpg 1 238 185 46 46
1905_0448_0368_0053_0053.jpg 1 448 368 53 53
1906_0201_0091_0116_0116.jpg 1 201 91 116 116
1907_0179_0046_0115_0115.jpg 1 179 46 115 115
1908_0441_0180_0085_0085.jpg 1 441 180 85 85
1909_0342_0159_0129_0129.jpg 1 342 159 129 129
1910_0340_0190_0059_0059.jpg 1 340 190 59 59
1911_0146_0131_0126_0126.jpg 1 146 131 126 126
1912_0036_0033_0037_0037.jpg 1 36 33 37 37
1913_0505_0348_0026_0026.jpg 1 505 348 26 26
1914_0102_0066_0036_0036.jpg 1 102 66 36 36
1915_0073_0018_0084_0084.jpg 1 73 18 84 84
1916_0070_0080_0086_0086.jpg 1 70 80 86 86
1917_0434_0322_0036_0036.jpg 1 434 322 36 36
1918_0335_0290_0089_0089.jpg 1 335 290 89 89
1919_0177_0019_0109_0109.jpg 1 177 19 109 109
1920_0016_0039_0032_0032.jpg 1 16 39 32 32
1921_0220_0286_0067_0067.jpg 1 220 286 67 67
1922_0331_0319_0068_0068.jpg 1 331 319 68 68
1923_0167_0128_0042_0042.jpg 1 167 128 42 42
1924_0170_0041_0032_0032.jpg 1 170 41 32 32
1925_0152_0193_0103_0103.jpg 1 152 193 103 103
1926_0104_0048_0029_0029.jpg 1 104 48 29 29
1927_0480_0223_0101_0101.jpg 1 480 223 101 101
1928_0078_0203_0078_0078.jpg 1 78 203 78 78
1929_0437_0325_0050_0050.jpg 1 437 325 50 50
1930_0179_0053_0115_0115.jpg 1 179 53 115 115
1931_0183_0082_0074_0074.jpg 1 183 82 74 74
1932_0142_0363_0042_0042.jpg 1 142 363 42 42
1933_0124_0145_0024_0024.jpg 1 124 145 24 24
1934_0104_0082_0038_0038.jpg 1 104 82 38 38
1935_0468_0089_0067_0067.jpg 1 468 89 67 67
1936_0312_0148_0063_0063.jpg 1 312 148 63 63
1937_0148_0064_0111_0111.jpg 1 148 64 111 111
1938_0021_0141_0062_0062.jpg 1 21 141 62 62
1939_0444_0258_0123_0123.jpg 1 444 258 123 123
1940_0096_0021_0104_0104.jpg 1 96 21 104 104
1941_0117_0139_0027_0027.jpg 1 117 139 27 27
1942_0132_0070_0103_0103.jpg 1 132 70 103 103
1943_0125_0213_0038_0038.jpg 1 125 213 38 38
1944_0070_0091_0029_0029.jpg 1 70 91 29 29
1945_0177_0197_0048_0048.jpg 1 177 197 48 48
1946_0113_0026_0037_0037.jpg 1 113 26 37 37
1947_0049_0034_0124_0124.jpg 1 49 34 124 124
1948_0114_0063_0071_0071.jpg 1 114 63 71 71
1949_0232_0211_0079_0079.jpg 1 232 211 79 79
1950_0224_0114_0108_0108.jpg 1 224 114 108 108
